MPASM  5.51                        CPUSPI.ASM   8-3-2019  14:58:35         PAGE  1


LOC  OBJECT CODE     LINE SOURCE TEXT
  VALUE

                      00001 ;**********************************************************************
                      00002 ;                                                                     *
                      00003 ;    FILENAME:      CPUSPI.ASM                                        *
                      00004 ;    DATE:              2019.08.03                                       *
                      00005 ;    FILE VERSION:                                                    *
                      00006 ;                                                                     *
                      00007 ;    AUTHOR:        KENNYNEUTRON                                      *
                      00008 ;    COMPANY:       GER-PER ENGINEERING                               *
                      00009 ;                                                                     * 
                      00010 ;                                                                     *
                      00011 ;**********************************************************************
                      00012 ;                                                                     *
                      00013 ;    FILES REQUIRED: P16F690.INC                                      *
                      00014 ;                                                                     *
                      00015 ;**********************************************************************
                      00016 ;                                                                     *
                      00017 ;    NOTES:                                                           *
                      00018 ;                                                                     *
                      00019 ;**********************************************************************
                      00020 
                      00021 
                      00022         LIST            P=16F690                ; LIST DIRECTIVE TO DEFINE PROCESSOR
                      00023         #INCLUDE        <P16F690.INC>           ; PROCESSOR SPECIFIC VARIABLE DEFINITIONS
                      00001         LIST
                      00002 
                      00003 ;==========================================================================
                      00004 ;  MPASM PIC16F690 processor include
                      00005 ; 
                      00006 ;  (c) Copyright 1999-2013 Microchip Technology, All rights reserved
                      00007 ;==========================================================================
                      00008 
                      00756         LIST
                      00024         
                      00025 
2007   30C2           00026         __CONFIG    _CP_OFF & _CPD_OFF & _BOR_OFF & _PWRTE_ON & _WDT_OFF & _HS_OSC & _MCLRE_OFF & _FCMEN
                            _OFF & _IESO_OFF
                      00027 
                      00028 ; '__CONFIG' DIRECTIVE IS USED TO EMBED CONFIGURATION DATA WITHIN .ASM FILE.
                      00029 ; THE LABELS FOLLOWING THE DIRECTIVE ARE LOCATED IN THE RESPECTIVE .INC FILE.
                      00030 ; SEE RESPECTIVE DATA SHEET FOR ADDITIONAL INFORMATION ON CONFIGURATION WORD.
                      00031 
                      00032 
                      00033 
                      00034 
                      00035 
                      00036 
                      00037 ;***** VARIABLE DEFINITIONS
  0000007D            00038 W_TEMP          EQU     0X7D                    ; VARIABLE USED FOR CONTEXT SAVING
  0000007E            00039 STATUS_TEMP     EQU     0X7E                    ; VARIABLE USED FOR CONTEXT SAVING
  0000007F            00040 PCLATH_TEMP     EQU     0X7F                    ; VARIABLE USED FOR CONTEXT SAVING
                      00041 
                      00042 ;COL_CNT EQU 0x21
                      00043 
MPASM  5.51                        CPUSPI.ASM   8-3-2019  14:58:35         PAGE  2


LOC  OBJECT CODE     LINE SOURCE TEXT
  VALUE

                      00044 
                      00045         ;#DEFINE C0_ON          BSF PORTC,      0       PORTC0=====>HI
                      00046         ;#DEFINE C0_OFF         BCF PORTC,      0       PORTC0=====>LO
                      00047 
                      00048 
                      00049 
                      00050 
                      00051         #DEFINE BANK0           BANKSEL PORTA
                      00052         #DEFINE BANK1           BANKSEL ADRESL
                      00053         #DEFINE BANK2           BANKSEL ANSELH
                      00054 
                      00055 ;============================   BANK    0       ===========================
Warning[205]: Found directive in column 1. (CBLOCK)
                      00056 CBLOCK 0x20
Warning[210]: Extra ","
  00000020            00057                         DELAYUS, DELAYMS,  MILSEC, ;SEC,DELAYS, ;DELAY VARIABLES                
  00000023            00058                         LOOP
Warning[205]: Found directive in column 1. (ENDC)
                      00059 ENDC
                      00060 ;======================================================================
                      00061 
                      00062 
                      00063 ;============================   BANK    1       ===========================
Warning[205]: Found directive in column 1. (CBLOCK)
                      00064 CBLOCK 0XA0
                      00065                 
                      00066         
Warning[205]: Found directive in column 1. (ENDC)
                      00067 ENDC
                      00068 ;======================================================================
                      00069 
                      00070 
                      00071 
                      00072 ;============================   BANK    2       ===========================
Warning[205]: Found directive in column 1. (CBLOCK)
                      00073 CBLOCK 0X120
                      00074         
                      00075 
Warning[205]: Found directive in column 1. (ENDC)
                      00076 ENDC
                      00077 ;======================================================================
                      00078 
                      00079 ;**********************************************************************
0000                  00080         ORG             0X000                   ; PROCESSOR RESET VECTOR
0000   2810           00081                 GOTO    INIT                    ;GO TO INITIALIZATION
                      00082 
                      00083 
0004                  00084         ORG             0X004                   ; INTERRUPT VECTOR LOCATION
0004   00FD           00085         MOVWF           W_TEMP                  ; SAVE OFF CURRENT W REGISTER CONTENTS
0005   0803           00086         MOVF            STATUS,W                ; MOVE STATUS REGISTER INTO W REGISTER
0006   00FE           00087         MOVWF           STATUS_TEMP             ; SAVE OFF CONTENTS OF STATUS REGISTER
0007   080A           00088         MOVF            PCLATH,W                ; MOVE PCLATH REGISTER INTO W REGISTER
0008   00FF           00089         MOVWF           PCLATH_TEMP             ; SAVE OFF CONTENTS OF PCLATH REGISTER
MPASM  5.51                        CPUSPI.ASM   8-3-2019  14:58:35         PAGE  3


LOC  OBJECT CODE     LINE SOURCE TEXT
  VALUE

                      00090 
                      00091 
                      00092 ; ISR CODE CAN GO HERE OR BE LOCATED AS A CALL SUBROUTINE ELSEWHERE
                      00093 
0009   087F           00094         MOVF            PCLATH_TEMP,W           ; RETRIEVE COPY OF PCLATH REGISTER
000A   008A           00095         MOVWF           PCLATH                  ; RESTORE PRE-ISR PCLATH REGISTER CONTENTS      
000B   087E           00096         MOVF            STATUS_TEMP,W           ; RETRIEVE COPY OF STATUS REGISTER
000C   0083           00097         MOVWF           STATUS                  ; RESTORE PRE-ISR STATUS REGISTER CONTENTS
000D   0EFD           00098         SWAPF           W_TEMP,F
000E   0E7D           00099         SWAPF           W_TEMP,W                ; RESTORE PRE-ISR W REGISTER CONTENTS
000F   0009           00100         RETFIE                                  ; RETURN FROM INTERRUPT
                      00101 
                      00102 
                      00103 
                      00104 ;$$$$$$$$$$$$$$$$$$$$$  INITIALIZE      $$$$$$$$$$$$$$$$$$$$$$$$$$$$$$$$
                      00105 
                      00106 ;DECLARE PORTC AS OUTPUT HERE:
0010                  00107 INIT
Warning[205]: Found directive in column 1. (BANKSEL)
0010   1283 1703      00108 BANKSEL ANSEL
Warning[203]: Found opcode in column 1. (CLRW)
0012   0103           00109 CLRW
Warning[203]: Found opcode in column 1. (MOVWF)
Message[302]: Register in operand not in bank 0.  Ensure that bank bits are correct.
0013   009E           00110 MOVWF   ANSEL
Warning[203]: Found opcode in column 1. (MOVWF)
Message[302]: Register in operand not in bank 0.  Ensure that bank bits are correct.
0014   009F           00111 MOVWF   ANSELH
                      00112 
Warning[205]: Found directive in column 1. (BANKSEL)
0015   1683 1303      00113 BANKSEL TRISB
                      00114 
Warning[203]: Found opcode in column 1. (MOVLW)
0017   3030           00115 MOVLW   B'00110000'
Warning[203]: Found opcode in column 1. (MOVWF)
Message[302]: Register in operand not in bank 0.  Ensure that bank bits are correct.
0018   0086           00116 MOVWF   TRISB
                      00117 
Warning[205]: Found directive in column 1. (BANKSEL)
0019   1683 1303      00118 BANKSEL TRISC
Warning[203]: Found opcode in column 1. (MOVLW)
001B   3048           00119 MOVLW   B'01001000'
Warning[203]: Found opcode in column 1. (MOVWF)
Message[302]: Register in operand not in bank 0.  Ensure that bank bits are correct.
001C   0087           00120 MOVWF   TRISC
                      00121 
Warning[205]: Found directive in column 1. (BANKSEL)
001D   1283 1303      00122 BANKSEL SSPCON
                      00123 
Warning[203]: Found opcode in column 1. (MOVLW)
001F   3030           00124 MOVLW   B'00110000'
Warning[203]: Found opcode in column 1. (MOVWF)
0020   0094           00125 MOVWF   SSPCON
MPASM  5.51                        CPUSPI.ASM   8-3-2019  14:58:35         PAGE  4


LOC  OBJECT CODE     LINE SOURCE TEXT
  VALUE

                      00126 
                      00127 
Warning[205]: Found directive in column 1. (BANKSEL)
0021   1283 1303      00128 BANK0
                      00129 
                      00130 
                      00131 
Warning[203]: Found opcode in column 1. (GOTO)
0023   2824           00132 GOTO    MAIN    ; GO TO BEGINNING OF PROGRAM
                      00133 ;$$$$$$$$$$$$$$$$$$$$$$$$$$$$$$$$$$$$$$$$$$$$$$$$$$$$$$$$$$$$$$$$$$$
                      00134 
                      00135 
                      00136 ;#######################        MAIN PROGRAM  ##########################
0024                  00137 MAIN
                      00138 
                      00139 
Warning[203]: Found opcode in column 1. (BTFSS)
0024   1F07           00140 BTFSS   PORTC,6
Warning[203]: Found opcode in column 1. (GOTO)
0025   2824           00141 GOTO    $-1
Warning[203]: Found opcode in column 1. (MOVLW)
0026   30AA           00142 MOVLW   0XAA
Warning[203]: Found opcode in column 1. (MOVWF)
0027   0093           00143 MOVWF   SSPBUF
                      00144 
Warning[203]: Found opcode in column 1. (NOP)
0028   0000           00145 NOP
Warning[203]: Found opcode in column 1. (NOP)
0029   0000           00146 NOP
Warning[203]: Found opcode in column 1. (NOP)
002A   0000           00147 NOP
Warning[203]: Found opcode in column 1. (NOP)
002B   0000           00148 NOP
Warning[203]: Found opcode in column 1. (NOP)
002C   0000           00149 NOP
Warning[203]: Found opcode in column 1. (NOP)
002D   0000           00150 NOP
Warning[203]: Found opcode in column 1. (NOP)
002E   0000           00151 NOP
                      00152 
                      00153 
Warning[203]: Found opcode in column 1. (MOVLW)
002F   3028           00154 MOVLW   0X28
Warning[203]: Found opcode in column 1. (MOVWF)
0030   0093           00155 MOVWF   SSPBUF
                      00156 
Warning[203]: Found opcode in column 1. (NOP)
0031   0000           00157 NOP
Warning[203]: Found opcode in column 1. (NOP)
0032   0000           00158 NOP
Warning[203]: Found opcode in column 1. (NOP)
0033   0000           00159 NOP
Warning[203]: Found opcode in column 1. (NOP)
MPASM  5.51                        CPUSPI.ASM   8-3-2019  14:58:35         PAGE  5


LOC  OBJECT CODE     LINE SOURCE TEXT
  VALUE

0034   0000           00160 NOP
Warning[203]: Found opcode in column 1. (NOP)
0035   0000           00161 NOP
Warning[203]: Found opcode in column 1. (NOP)
0036   0000           00162 NOP
Warning[203]: Found opcode in column 1. (NOP)
0037   0000           00163 NOP
                      00164 
                      00165 
                      00166 
                      00167 
                      00168 
Warning[203]: Found opcode in column 1. (GOTO)
0038   2824           00169 GOTO    MAIN
                      00170 
                      00171 
                      00172 ;==========     DELAY USEC =========
0039                  00173 DELAY_US
                      00174 
0039   00A0           00175         MOVWF   DELAYUS
                      00176 
003A                  00177 USEC
                      00178 
003A   0000           00179         NOP
003B   0000           00180         NOP
003C   0000           00181         NOP
003D   0000           00182         NOP
Warning[203]: Found opcode in column 1. (DECFSZ)
003E   0BA0           00183 DECFSZ  DELAYUS,F
                      00184 
Warning[203]: Found opcode in column 1. (GOTO)
003F   283A           00185 GOTO    USEC
                      00186 
Warning[203]: Found opcode in column 1. (RETURN)
0040   0008           00187 RETURN
                      00188 ;=================================
                      00189 
                      00190 
                      00191 
                      00192 ;=========== DELAY ONE MS ========
0041                  00193 DELAY_ONEMS
                      00194 
0041   3005           00195         MOVLW   .5
0042   00A3           00196         MOVWF   LOOP
                      00197 
0043                  00198 MSEC
0043   30C8           00199         MOVLW   .200
0044   2039           00200         CALL    DELAY_US
0045   0BA3           00201         DECFSZ  LOOP,F
0046   2843           00202         GOTO    MSEC
                      00203 
Warning[203]: Found opcode in column 1. (RETURN)
0047   0008           00204 RETURN
MPASM  5.51                        CPUSPI.ASM   8-3-2019  14:58:35         PAGE  6


LOC  OBJECT CODE     LINE SOURCE TEXT
  VALUE

                      00205 ;==================================
                      00206 
                      00207 
                      00208 ;=========== DELAY MS   ==========
0048                  00209 DELAY_MS
                      00210         
0048   00A1           00211         MOVWF   DELAYMS
0049                  00212 MSEC0
0049   2041           00213         CALL    DELAY_ONEMS
004A   0BA1           00214         DECFSZ  DELAYMS,F
004B   2849           00215         GOTO    MSEC0
Warning[203]: Found opcode in column 1. (RETURN)
004C   0008           00216 RETURN
                      00217 ;=================================
                      00218 
                      00219 ;=========== DELAY      ONE     SECOND ===
                      00220 ;DELAY_ONESEC
                      00221 ;
                      00222 ;       MOVLW   .5
                      00223 ;       MOVWF   SEC
                      00224 ;SEC0
                      00225 ;       MOVLW   .200
                      00226 ;       CALL    DELAY_MS
                      00227 ;       DECFSZ  SEC,F
                      00228 ;       GOTO    SEC0
                      00229 ;RETURN
                      00230 ;;=================================
                      00231 ;
                      00232 ;;========== DELAY SEC ============
                      00233 ;DELAY_SEC
                      00234 ;
                      00235 ;       MOVWF   DELAYS
                      00236 ;SEC1
                      00237 ;       CALL    DELAY_ONESEC
                      00238 ;       DECFSZ  DELAYS,F
                      00239 ;       GOTO    SEC1
                      00240 ;RETURN
                      00241 ;;=================================
                      00242 
                      00243 
2100                  00244         ORG     0x2100                          ; data EEPROM location
2100   0001 0002 0003 00245         DE      1,2,3,4                         ; define first four EEPROM locations as 1, 2, 3, and 4
       0004 
                      00246 
                      00247 
                      00248 
                      00249 
                      00250         END                       ; directive 'end of program'
MPASM  5.51                        CPUSPI.ASM   8-3-2019  14:58:35         PAGE  7


SYMBOL TABLE
  LABEL                             VALUE 

ABDEN                             00000000
ABDOVF                            00000007
ADCON0                            0000001F
ADCON1                            0000009F
ADCS0                             00000004
ADCS1                             00000005
ADCS2                             00000006
ADDEN                             00000003
ADFM                              00000007
ADIE                              00000006
ADIF                              00000006
ADON                              00000000
ADRESH                            0000001E
ADRESL                            0000009E
ANS0                              00000000
ANS1                              00000001
ANS10                             00000002
ANS11                             00000003
ANS2                              00000002
ANS3                              00000003
ANS4                              00000004
ANS5                              00000005
ANS6                              00000006
ANS7                              00000007
ANS8                              00000000
ANS9                              00000001
ANSEL                             0000011E
ANSELH                            0000011F
BANK0                             BANKSEL PORTA
BANK1                             BANKSEL ADRESL
BANK2                             BANKSEL ANSELH
BAUDCTL                           0000009B
BF                                00000000
BRG0                              00000000
BRG1                              00000001
BRG10                             00000002
BRG11                             00000003
BRG12                             00000004
BRG13                             00000005
BRG14                             00000006
BRG15                             00000007
BRG16                             00000003
BRG2                              00000002
BRG3                              00000003
BRG4                              00000004
BRG5                              00000005
BRG6                              00000006
BRG7                              00000007
BRG8                              00000000
BRG9                              00000001
BRGH                              00000002
C                                 00000000
C1CH0                             00000000
MPASM  5.51                        CPUSPI.ASM   8-3-2019  14:58:35         PAGE  8


SYMBOL TABLE
  LABEL                             VALUE 

C1CH1                             00000001
C1IE                              00000005
C1IF                              00000005
C1OE                              00000005
C1ON                              00000007
C1OUT                             00000006
C1POL                             00000004
C1R                               00000002
C1SEN                             00000005
C1VREN                            00000007
C2CH0                             00000000
C2CH1                             00000001
C2IE                              00000006
C2IF                              00000006
C2OE                              00000005
C2ON                              00000007
C2OUT                             00000006
C2POL                             00000004
C2R                               00000002
C2REN                             00000004
C2SYNC                            00000000
C2VREN                            00000006
CCP1CON                           00000017
CCP1IE                            00000002
CCP1IF                            00000002
CCP1M0                            00000000
CCP1M1                            00000001
CCP1M2                            00000002
CCP1M3                            00000003
CCPR                              00000015
CCPR1H                            00000016
CCPR1L                            00000015
CHS0                              00000002
CHS1                              00000003
CHS2                              00000004
CHS3                              00000005
CKE                               00000006
CKP                               00000004
CM1CON0                           00000119
CM2CON0                           0000011A
CM2CON1                           0000011B
CREN                              00000004
CSRC                              00000007
D                                 00000005
DATA_ADDRESS                      00000005
DC                                00000001
DC1B0                             00000004
DC1B1                             00000005
DELAYMS                           00000021
DELAYUS                           00000020
DELAY_MS                          00000048
DELAY_ONEMS                       00000041
DELAY_US                          00000039
MPASM  5.51                        CPUSPI.ASM   8-3-2019  14:58:35         PAGE  9


SYMBOL TABLE
  LABEL                             VALUE 

D_A                               00000005
D_NOT_A                           00000005
ECCPAS                            0000001D
ECCPAS0                           00000004
ECCPAS1                           00000005
ECCPAS2                           00000006
ECCPASE                           00000007
EEADR                             0000010D
EEADRH                            0000010F
EECON1                            0000018C
EECON2                            0000018D
EEDAT                             0000010C
EEDATA                            0000010C
EEDATH                            0000010E
EEIE                              00000004
EEIF                              00000004
EEPGD                             00000007
F                                 00000001
FERR                              00000002
FSR                               00000004
GIE                               00000007
GO                                00000001
GO_DONE                           00000001
GO_NOT_DONE                       00000001
HTS                               00000002
I2C_DATA                          00000005
I2C_READ                          00000002
I2C_START                         00000003
I2C_STOP                          00000004
INDF                              00000000
INIT                              00000010
INTCON                            0000000B
INTE                              00000004
INTEDG                            00000006
INTF                              00000001
IOC                               00000096
IOC0                              00000000
IOC1                              00000001
IOC2                              00000002
IOC3                              00000003
IOC4                              00000004
IOC5                              00000005
IOCA                              00000096
IOCA0                             00000000
IOCA1                             00000001
IOCA2                             00000002
IOCA3                             00000003
IOCA4                             00000004
IOCA5                             00000005
IOCB                              00000116
IOCB4                             00000004
IOCB5                             00000005
IOCB6                             00000006
MPASM  5.51                        CPUSPI.ASM   8-3-2019  14:58:35         PAGE 10


SYMBOL TABLE
  LABEL                             VALUE 

IOCB7                             00000007
IRCF0                             00000004
IRCF1                             00000005
IRCF2                             00000006
IRP                               00000007
LOOP                              00000023
LTS                               00000001
MAIN                              00000024
MC1OUT                            00000007
MC2OUT                            00000006
MILSEC                            00000022
MSEC                              00000043
MSEC0                             00000049
MSK                               00000093
MSK0                              00000000
MSK1                              00000001
MSK2                              00000002
MSK3                              00000003
MSK4                              00000004
MSK5                              00000005
MSK6                              00000006
MSK7                              00000007
NOT_A                             00000005
NOT_ADDRESS                       00000005
NOT_BOR                           00000000
NOT_DONE                          00000001
NOT_PD                            00000003
NOT_POR                           00000001
NOT_RABPU                         00000007
NOT_T1SYNC                        00000002
NOT_TO                            00000004
NOT_W                             00000002
NOT_WRITE                         00000002
OERR                              00000001
OPTION_REG                        00000081
OSCCON                            0000008F
OSCTUNE                           00000090
OSFIE                             00000007
OSFIF                             00000007
OSTS                              00000003
P                                 00000004
P1M0                              00000006
P1M1                              00000007
PCL                               00000002
PCLATH                            0000000A
PCLATH_TEMP                       0000007F
PCON                              0000008E
PDC0                              00000000
PDC1                              00000001
PDC2                              00000002
PDC3                              00000003
PDC4                              00000004
PDC5                              00000005
MPASM  5.51                        CPUSPI.ASM   8-3-2019  14:58:35         PAGE 11


SYMBOL TABLE
  LABEL                             VALUE 

PDC6                              00000006
PEIE                              00000006
PIE1                              0000008C
PIE2                              0000008D
PIR1                              0000000C
PIR2                              0000000D
PORTA                             00000005
PORTB                             00000006
PORTC                             00000007
PR2                               00000092
PRSEN                             00000007
PS0                               00000000
PS1                               00000001
PS2                               00000002
PSA                               00000003
PSSAC0                            00000002
PSSAC1                            00000003
PSSBD0                            00000000
PSSBD1                            00000001
PSTRCON                           0000019D
PULSR                             00000002
PULSS                             00000003
PWM1CON                           0000001C
R                                 00000002
RA0                               00000000
RA1                               00000001
RA2                               00000002
RA3                               00000003
RA4                               00000004
RA5                               00000005
RABIE                             00000003
RABIF                             00000000
RB4                               00000004
RB5                               00000005
RB6                               00000006
RB7                               00000007
RC0                               00000000
RC1                               00000001
RC2                               00000002
RC3                               00000003
RC4                               00000004
RC5                               00000005
RC6                               00000006
RC7                               00000007
RCIDL                             00000006
RCIE                              00000005
RCIF                              00000005
RCREG                             0000001A
RCSTA                             00000018
RD                                00000000
READ_WRITE                        00000002
RP0                               00000005
RP1                               00000006
MPASM  5.51                        CPUSPI.ASM   8-3-2019  14:58:35         PAGE 12


SYMBOL TABLE
  LABEL                             VALUE 

RX9                               00000006
RX9D                              00000000
R_NOT_W                           00000002
R_W                               00000002
S                                 00000003
SBOREN                            00000004
SCKP                              00000004
SCS                               00000000
SENB                              00000003
SENDB                             00000003
SMP                               00000007
SPBRG                             00000099
SPBRGH                            0000009A
SPEN                              00000007
SR0                               00000006
SR1                               00000007
SRCON                             0000019E
SREN                              00000005
SSPADD                            00000093
SSPBUF                            00000013
SSPCON                            00000014
SSPEN                             00000005
SSPIE                             00000003
SSPIF                             00000003
SSPM0                             00000000
SSPM1                             00000001
SSPM2                             00000002
SSPM3                             00000003
SSPMSK                            00000093
SSPOV                             00000006
SSPSTAT                           00000094
STATUS                            00000003
STATUS_TEMP                       0000007E
STRA                              00000000
STRB                              00000001
STRC                              00000002
STRD                              00000003
STRSYNC                           00000004
SWDTEN                            00000000
SYNC                              00000004
T0CS                              00000005
T0IE                              00000005
T0IF                              00000002
T0SE                              00000004
T1CKPS0                           00000004
T1CKPS1                           00000005
T1CON                             00000010
T1GINV                            00000007
T1GSS                             00000001
T1IE                              00000000
T1IF                              00000000
T1OSCEN                           00000003
T2CKPS0                           00000000
MPASM  5.51                        CPUSPI.ASM   8-3-2019  14:58:35         PAGE 13


SYMBOL TABLE
  LABEL                             VALUE 

T2CKPS1                           00000001
T2CON                             00000012
T2IE                              00000001
T2IF                              00000001
TMR0                              00000001
TMR1                              0000000E
TMR1CS                            00000001
TMR1GE                            00000006
TMR1H                             0000000F
TMR1IE                            00000000
TMR1IF                            00000000
TMR1L                             0000000E
TMR1ON                            00000000
TMR2                              00000011
TMR2IE                            00000001
TMR2IF                            00000001
TMR2ON                            00000002
TOUTPS0                           00000003
TOUTPS1                           00000004
TOUTPS2                           00000005
TOUTPS3                           00000006
TRISA                             00000085
TRISA0                            00000000
TRISA1                            00000001
TRISA2                            00000002
TRISA3                            00000003
TRISA4                            00000004
TRISA5                            00000005
TRISB                             00000086
TRISB4                            00000004
TRISB5                            00000005
TRISB6                            00000006
TRISB7                            00000007
TRISC                             00000087
TRISC0                            00000000
TRISC1                            00000001
TRISC2                            00000002
TRISC3                            00000003
TRISC4                            00000004
TRISC5                            00000005
TRISC6                            00000006
TRISC7                            00000007
TRMT                              00000001
TUN0                              00000000
TUN1                              00000001
TUN2                              00000002
TUN3                              00000003
TUN4                              00000004
TX9                               00000006
TX9D                              00000000
TXEN                              00000005
TXIE                              00000004
TXIF                              00000004
MPASM  5.51                        CPUSPI.ASM   8-3-2019  14:58:35         PAGE 14


SYMBOL TABLE
  LABEL                             VALUE 

TXREG                             00000019
TXSTA                             00000098
UA                                00000001
ULPWUE                            00000005
USEC                              0000003A
VCFG                              00000006
VP6EN                             00000004
VR0                               00000000
VR1                               00000001
VR2                               00000002
VR3                               00000003
VRCON                             00000118
VRR                               00000005
W                                 00000000
WCOL                              00000007
WDTCON                            00000097
WDTPS0                            00000001
WDTPS1                            00000002
WDTPS2                            00000003
WDTPS3                            00000004
WPU                               00000095
WPU0                              00000000
WPU1                              00000001
WPU2                              00000002
WPU4                              00000004
WPU5                              00000005
WPUA                              00000095
WPUA0                             00000000
WPUA1                             00000001
WPUA2                             00000002
WPUA4                             00000004
WPUA5                             00000005
WPUB                              00000115
WPUB4                             00000004
WPUB5                             00000005
WPUB6                             00000006
WPUB7                             00000007
WR                                00000001
WREN                              00000002
WRERR                             00000003
WUE                               00000001
W_TEMP                            0000007D
Z                                 00000002
_BOD_NSLEEP                       00003EFF
_BOD_OFF                          00003CFF
_BOD_ON                           00003FFF
_BOD_SBODEN                       00003DFF
_BOREN_NSLEEP                     00003EFF
_BOREN_OFF                        00003CFF
_BOREN_ON                         00003FFF
_BOREN_SBODEN                     00003DFF
_BOR_NSLEEP                       00003EFF
_BOR_OFF                          00003CFF
MPASM  5.51                        CPUSPI.ASM   8-3-2019  14:58:35         PAGE 15


SYMBOL TABLE
  LABEL                             VALUE 

_BOR_ON                           00003FFF
_BOR_SBODEN                       00003DFF
_CONFIG                           00002007
_CPD_OFF                          00003FFF
_CPD_ON                           00003F7F
_CP_OFF                           00003FFF
_CP_ON                            00003FBF
_DEVID1                           00002006
_EC_OSC                           00003FFB
_EXTRC                            00003FFF
_EXTRCIO                          00003FFE
_EXTRC_OSC_CLKOUT                 00003FFF
_EXTRC_OSC_NOCLKOUT               00003FFE
_FCMEN_OFF                        000037FF
_FCMEN_ON                         00003FFF
_FOSC_EC                          00003FFB
_FOSC_EXTRCCLK                    00003FFF
_FOSC_EXTRCIO                     00003FFE
_FOSC_HS                          00003FFA
_FOSC_INTRCCLK                    00003FFD
_FOSC_INTRCIO                     00003FFC
_FOSC_LP                          00003FF8
_FOSC_XT                          00003FF9
_HS_OSC                           00003FFA
_IDLOC0                           00002000
_IDLOC1                           00002001
_IDLOC2                           00002002
_IDLOC3                           00002003
_IESO_OFF                         00003BFF
_IESO_ON                          00003FFF
_INTOSC                           00003FFD
_INTOSCIO                         00003FFC
_INTRC_OSC_CLKOUT                 00003FFD
_INTRC_OSC_NOCLKOUT               00003FFC
_LP_OSC                           00003FF8
_MCLRE_OFF                        00003FDF
_MCLRE_ON                         00003FFF
_PWRTE_OFF                        00003FFF
_PWRTE_ON                         00003FEF
_WDTE_OFF                         00003FF7
_WDTE_ON                          00003FFF
_WDT_OFF                          00003FF7
_WDT_ON                           00003FFF
_XT_OSC                           00003FF9
__16F690                          00000001
__DEBUG                           1
MPASM  5.51                        CPUSPI.ASM   8-3-2019  14:58:35         PAGE 16


MEMORY USAGE MAP ('X' = Used,  '-' = Unused)


0000 : X---XXXXXXXXXXXX XXXXXXXXXXXXXXXX XXXXXXXXXXXXXXXX XXXXXXXXXXXXXXXX
0040 : XXXXXXXXXXXXX--- ---------------- ---------------- ----------------
2000 : -------X-------- ---------------- ---------------- ----------------
2100 : XXXX------------ ---------------- ---------------- ----------------

All other memory blocks unused.

Program Memory Words Used:    74
Program Memory Words Free:  4022


Errors   :     0
Warnings :    48 reported,     0 suppressed
Messages :     4 reported,     0 suppressed

