Warning[205] C:\USERS\GERPE\ONEDRIVE\GER-PER 2016\DOCUMENTS\KENNYNEUTRON\HUB12\20190803_CPUSPI\CPUSPI.ASM 56 : Found directive in column 1. (CBLOCK)
Warning[210] C:\USERS\GERPE\ONEDRIVE\GER-PER 2016\DOCUMENTS\KENNYNEUTRON\HUB12\20190803_CPUSPI\CPUSPI.ASM 57 : Extra ","
Warning[205] C:\USERS\GERPE\ONEDRIVE\GER-PER 2016\DOCUMENTS\KENNYNEUTRON\HUB12\20190803_CPUSPI\CPUSPI.ASM 59 : Found directive in column 1. (ENDC)
Warning[205] C:\USERS\GERPE\ONEDRIVE\GER-PER 2016\DOCUMENTS\KENNYNEUTRON\HUB12\20190803_CPUSPI\CPUSPI.ASM 64 : Found directive in column 1. (CBLOCK)
Warning[205] C:\USERS\GERPE\ONEDRIVE\GER-PER 2016\DOCUMENTS\KENNYNEUTRON\HUB12\20190803_CPUSPI\CPUSPI.ASM 67 : Found directive in column 1. (ENDC)
Warning[205] C:\USERS\GERPE\ONEDRIVE\GER-PER 2016\DOCUMENTS\KENNYNEUTRON\HUB12\20190803_CPUSPI\CPUSPI.ASM 73 : Found directive in column 1. (CBLOCK)
Warning[205] C:\USERS\GERPE\ONEDRIVE\GER-PER 2016\DOCUMENTS\KENNYNEUTRON\HUB12\20190803_CPUSPI\CPUSPI.ASM 76 : Found directive in column 1. (ENDC)
Warning[205] C:\USERS\GERPE\ONEDRIVE\GER-PER 2016\DOCUMENTS\KENNYNEUTRON\HUB12\20190803_CPUSPI\CPUSPI.ASM 108 : Found directive in column 1. (BANKSEL)
Warning[203] C:\USERS\GERPE\ONEDRIVE\GER-PER 2016\DOCUMENTS\KENNYNEUTRON\HUB12\20190803_CPUSPI\CPUSPI.ASM 109 : Found opcode in column 1. (CLRW)
Warning[203] C:\USERS\GERPE\ONEDRIVE\GER-PER 2016\DOCUMENTS\KENNYNEUTRON\HUB12\20190803_CPUSPI\CPUSPI.ASM 110 : Found opcode in column 1. (MOVWF)
Message[302] C:\USERS\GERPE\ONEDRIVE\GER-PER 2016\DOCUMENTS\KENNYNEUTRON\HUB12\20190803_CPUSPI\CPUSPI.ASM 110 : Register in operand not in bank 0.  Ensure that bank bits are correct.
Warning[203] C:\USERS\GERPE\ONEDRIVE\GER-PER 2016\DOCUMENTS\KENNYNEUTRON\HUB12\20190803_CPUSPI\CPUSPI.ASM 111 : Found opcode in column 1. (MOVWF)
Message[302] C:\USERS\GERPE\ONEDRIVE\GER-PER 2016\DOCUMENTS\KENNYNEUTRON\HUB12\20190803_CPUSPI\CPUSPI.ASM 111 : Register in operand not in bank 0.  Ensure that bank bits are correct.
Warning[205] C:\USERS\GERPE\ONEDRIVE\GER-PER 2016\DOCUMENTS\KENNYNEUTRON\HUB12\20190803_CPUSPI\CPUSPI.ASM 113 : Found directive in column 1. (BANKSEL)
Warning[203] C:\USERS\GERPE\ONEDRIVE\GER-PER 2016\DOCUMENTS\KENNYNEUTRON\HUB12\20190803_CPUSPI\CPUSPI.ASM 115 : Found opcode in column 1. (MOVLW)
Warning[203] C:\USERS\GERPE\ONEDRIVE\GER-PER 2016\DOCUMENTS\KENNYNEUTRON\HUB12\20190803_CPUSPI\CPUSPI.ASM 116 : Found opcode in column 1. (MOVWF)
Message[302] C:\USERS\GERPE\ONEDRIVE\GER-PER 2016\DOCUMENTS\KENNYNEUTRON\HUB12\20190803_CPUSPI\CPUSPI.ASM 116 : Register in operand not in bank 0.  Ensure that bank bits are correct.
Warning[205] C:\USERS\GERPE\ONEDRIVE\GER-PER 2016\DOCUMENTS\KENNYNEUTRON\HUB12\20190803_CPUSPI\CPUSPI.ASM 118 : Found directive in column 1. (BANKSEL)
Warning[203] C:\USERS\GERPE\ONEDRIVE\GER-PER 2016\DOCUMENTS\KENNYNEUTRON\HUB12\20190803_CPUSPI\CPUSPI.ASM 119 : Found opcode in column 1. (MOVLW)
Warning[203] C:\USERS\GERPE\ONEDRIVE\GER-PER 2016\DOCUMENTS\KENNYNEUTRON\HUB12\20190803_CPUSPI\CPUSPI.ASM 120 : Found opcode in column 1. (MOVWF)
Message[302] C:\USERS\GERPE\ONEDRIVE\GER-PER 2016\DOCUMENTS\KENNYNEUTRON\HUB12\20190803_CPUSPI\CPUSPI.ASM 120 : Register in operand not in bank 0.  Ensure that bank bits are correct.
Warning[205] C:\USERS\GERPE\ONEDRIVE\GER-PER 2016\DOCUMENTS\KENNYNEUTRON\HUB12\20190803_CPUSPI\CPUSPI.ASM 122 : Found directive in column 1. (BANKSEL)
Warning[203] C:\USERS\GERPE\ONEDRIVE\GER-PER 2016\DOCUMENTS\KENNYNEUTRON\HUB12\20190803_CPUSPI\CPUSPI.ASM 124 : Found opcode in column 1. (MOVLW)
Warning[203] C:\USERS\GERPE\ONEDRIVE\GER-PER 2016\DOCUMENTS\KENNYNEUTRON\HUB12\20190803_CPUSPI\CPUSPI.ASM 125 : Found opcode in column 1. (MOVWF)
Warning[205] C:\USERS\GERPE\ONEDRIVE\GER-PER 2016\DOCUMENTS\KENNYNEUTRON\HUB12\20190803_CPUSPI\CPUSPI.ASM 128 : Found directive in column 1. (BANKSEL)
Warning[203] C:\USERS\GERPE\ONEDRIVE\GER-PER 2016\DOCUMENTS\KENNYNEUTRON\HUB12\20190803_CPUSPI\CPUSPI.ASM 132 : Found opcode in column 1. (GOTO)
Warning[203] C:\USERS\GERPE\ONEDRIVE\GER-PER 2016\DOCUMENTS\KENNYNEUTRON\HUB12\20190803_CPUSPI\CPUSPI.ASM 140 : Found opcode in column 1. (BTFSS)
Warning[203] C:\USERS\GERPE\ONEDRIVE\GER-PER 2016\DOCUMENTS\KENNYNEUTRON\HUB12\20190803_CPUSPI\CPUSPI.ASM 141 : Found opcode in column 1. (GOTO)
Warning[203] C:\USERS\GERPE\ONEDRIVE\GER-PER 2016\DOCUMENTS\KENNYNEUTRON\HUB12\20190803_CPUSPI\CPUSPI.ASM 142 : Found opcode in column 1. (MOVLW)
Warning[203] C:\USERS\GERPE\ONEDRIVE\GER-PER 2016\DOCUMENTS\KENNYNEUTRON\HUB12\20190803_CPUSPI\CPUSPI.ASM 143 : Found opcode in column 1. (MOVWF)
Warning[203] C:\USERS\GERPE\ONEDRIVE\GER-PER 2016\DOCUMENTS\KENNYNEUTRON\HUB12\20190803_CPUSPI\CPUSPI.ASM 145 : Found opcode in column 1. (NOP)
Warning[203] C:\USERS\GERPE\ONEDRIVE\GER-PER 2016\DOCUMENTS\KENNYNEUTRON\HUB12\20190803_CPUSPI\CPUSPI.ASM 146 : Found opcode in column 1. (NOP)
Warning[203] C:\USERS\GERPE\ONEDRIVE\GER-PER 2016\DOCUMENTS\KENNYNEUTRON\HUB12\20190803_CPUSPI\CPUSPI.ASM 147 : Found opcode in column 1. (NOP)
Warning[203] C:\USERS\GERPE\ONEDRIVE\GER-PER 2016\DOCUMENTS\KENNYNEUTRON\HUB12\20190803_CPUSPI\CPUSPI.ASM 148 : Found opcode in column 1. (NOP)
Warning[203] C:\USERS\GERPE\ONEDRIVE\GER-PER 2016\DOCUMENTS\KENNYNEUTRON\HUB12\20190803_CPUSPI\CPUSPI.ASM 149 : Found opcode in column 1. (NOP)
Warning[203] C:\USERS\GERPE\ONEDRIVE\GER-PER 2016\DOCUMENTS\KENNYNEUTRON\HUB12\20190803_CPUSPI\CPUSPI.ASM 150 : Found opcode in column 1. (NOP)
Warning[203] C:\USERS\GERPE\ONEDRIVE\GER-PER 2016\DOCUMENTS\KENNYNEUTRON\HUB12\20190803_CPUSPI\CPUSPI.ASM 151 : Found opcode in column 1. (NOP)
Warning[203] C:\USERS\GERPE\ONEDRIVE\GER-PER 2016\DOCUMENTS\KENNYNEUTRON\HUB12\20190803_CPUSPI\CPUSPI.ASM 154 : Found opcode in column 1. (MOVLW)
Warning[203] C:\USERS\GERPE\ONEDRIVE\GER-PER 2016\DOCUMENTS\KENNYNEUTRON\HUB12\20190803_CPUSPI\CPUSPI.ASM 155 : Found opcode in column 1. (MOVWF)
Warning[203] C:\USERS\GERPE\ONEDRIVE\GER-PER 2016\DOCUMENTS\KENNYNEUTRON\HUB12\20190803_CPUSPI\CPUSPI.ASM 157 : Found opcode in column 1. (NOP)
Warning[203] C:\USERS\GERPE\ONEDRIVE\GER-PER 2016\DOCUMENTS\KENNYNEUTRON\HUB12\20190803_CPUSPI\CPUSPI.ASM 158 : Found opcode in column 1. (NOP)
Warning[203] C:\USERS\GERPE\ONEDRIVE\GER-PER 2016\DOCUMENTS\KENNYNEUTRON\HUB12\20190803_CPUSPI\CPUSPI.ASM 159 : Found opcode in column 1. (NOP)
Warning[203] C:\USERS\GERPE\ONEDRIVE\GER-PER 2016\DOCUMENTS\KENNYNEUTRON\HUB12\20190803_CPUSPI\CPUSPI.ASM 160 : Found opcode in column 1. (NOP)
Warning[203] C:\USERS\GERPE\ONEDRIVE\GER-PER 2016\DOCUMENTS\KENNYNEUTRON\HUB12\20190803_CPUSPI\CPUSPI.ASM 161 : Found opcode in column 1. (NOP)
Warning[203] C:\USERS\GERPE\ONEDRIVE\GER-PER 2016\DOCUMENTS\KENNYNEUTRON\HUB12\20190803_CPUSPI\CPUSPI.ASM 162 : Found opcode in column 1. (NOP)
Warning[203] C:\USERS\GERPE\ONEDRIVE\GER-PER 2016\DOCUMENTS\KENNYNEUTRON\HUB12\20190803_CPUSPI\CPUSPI.ASM 163 : Found opcode in column 1. (NOP)
Warning[203] C:\USERS\GERPE\ONEDRIVE\GER-PER 2016\DOCUMENTS\KENNYNEUTRON\HUB12\20190803_CPUSPI\CPUSPI.ASM 169 : Found opcode in column 1. (GOTO)
Warning[203] C:\USERS\GERPE\ONEDRIVE\GER-PER 2016\DOCUMENTS\KENNYNEUTRON\HUB12\20190803_CPUSPI\CPUSPI.ASM 183 : Found opcode in column 1. (DECFSZ)
Warning[203] C:\USERS\GERPE\ONEDRIVE\GER-PER 2016\DOCUMENTS\KENNYNEUTRON\HUB12\20190803_CPUSPI\CPUSPI.ASM 185 : Found opcode in column 1. (GOTO)
Warning[203] C:\USERS\GERPE\ONEDRIVE\GER-PER 2016\DOCUMENTS\KENNYNEUTRON\HUB12\20190803_CPUSPI\CPUSPI.ASM 187 : Found opcode in column 1. (RETURN)
Warning[203] C:\USERS\GERPE\ONEDRIVE\GER-PER 2016\DOCUMENTS\KENNYNEUTRON\HUB12\20190803_CPUSPI\CPUSPI.ASM 204 : Found opcode in column 1. (RETURN)
Warning[203] C:\USERS\GERPE\ONEDRIVE\GER-PER 2016\DOCUMENTS\KENNYNEUTRON\HUB12\20190803_CPUSPI\CPUSPI.ASM 216 : Found opcode in column 1. (RETURN)
