;/////////////////////////////////////////////////////////////////////////////////
;// Code Generator: BoostC Compiler - http://www.sourceboost.com
;// Version       : 7.03
;// License Type  : Pro License
;// Limitations   : PIC12,PIC16 max code size:Unlimited, max RAM banks:Unlimited
;/////////////////////////////////////////////////////////////////////////////////

	ORG 0x00000000
0000  2BB5  	GOTO	_startup
	ORG 0x00000004
0004  00FF  	MOVWF Int1Context
0005  0E03  	SWAPF STATUS, W
0006  1283  	BCF STATUS, RP0
0007  1303  	BCF STATUS, RP1
0008  00B4  	MOVWF Int1BContext
0009  0E0A  	SWAPF PCLATH, W
000A  00B5  	MOVWF Int1BContext+D'1'
000B  0E04  	SWAPF FSR, W
000C  00B6  	MOVWF Int1BContext+D'2'
000D  118A  	BCF PCLATH,3
000E  120A  	BCF PCLATH,4
000F  2BE1  	GOTO	interrupt
	ORG 0x00000010
0010        delay_ms_00000
0010        ; { delay_ms ; function begin
0010  08CF  	MOVF delay_ms_00000_arg_del, F
0011  1D03  	BTFSS STATUS,Z
0012  2814  	GOTO	label1
0013  0008  	RETURN
0014        label1
0014  30F9  	MOVLW 0xF9
0015        label2
0015  0000  	NOP
0016  0000  	NOP
0017  0000  	NOP
0018  0000  	NOP
0019  0000  	NOP
001A  0000  	NOP
001B  0000  	NOP
001C  0000  	NOP
001D  0000  	NOP
001E  0000  	NOP
001F  0000  	NOP
0020  0000  	NOP
0021  0000  	NOP
0022  0000  	NOP
0023  0000  	NOP
0024  0000  	NOP
0025  3EFF  	ADDLW 0xFF
0026  1D03  	BTFSS STATUS,Z
0027  2815  	GOTO	label2
0028  0000  	NOP
0029  0000  	NOP
002A  0000  	NOP
002B  0000  	NOP
002C  0000  	NOP
002D  0000  	NOP
002E  0000  	NOP
002F  0000  	NOP
0030  0000  	NOP
0031  0000  	NOP
0032  0000  	NOP
0033  0000  	NOP
0034  0000  	NOP
0035  0000  	NOP
0036  0000  	NOP
0037  0000  	NOP
0038  0000  	NOP
0039  0BCF  	DECFSZ delay_ms_00000_arg_del, F
003A  2814  	GOTO	label1
003B  0008  	RETURN
003C        ; } delay_ms function end

	ORG 0x0000003C
003C        delay_10us_00000
003C        ; { delay_10us ; function begin
003C  08D5  	MOVF delay_10us_00000_arg_del, F
003D  1D03  	BTFSS STATUS,Z
003E  2840  	GOTO	label3
003F  0008  	RETURN
0040        label3
0040  3009  	MOVLW 0x09
0041        label4
0041  0000  	NOP
0042  3EFF  	ADDLW 0xFF
0043  1D03  	BTFSS STATUS,Z
0044  2841  	GOTO	label4
0045  0000  	NOP
0046  0000  	NOP
0047  0BD5  	DECFSZ delay_10us_00000_arg_del, F
0048  2840  	GOTO	label3
0049  0008  	RETURN
004A        ; } delay_10us function end

	ORG 0x0000004A
004A        Wdt_Delay__0003E
004A        ; { Wdt_Delay_Ms ; function begin
004A  01CE  	CLRF Wdt_Delay__0003E_1_i
004B        label5
004B  084D  	MOVF Wdt_Delay__0003E_arg_delay, W
004C  024E  	SUBWF Wdt_Delay__0003E_1_i, W
004D  1803  	BTFSC STATUS,C
004E  0008  	RETURN
004F  0064  	CLRWDT
0050  3001  	MOVLW 0x01
0051  00CF  	MOVWF delay_ms_00000_arg_del
0052  2010  	CALL delay_ms_00000
0053  0ACE  	INCF Wdt_Delay__0003E_1_i, F
0054  284B  	GOTO	label5
0055        ; } Wdt_Delay_Ms function end

	ORG 0x00000055
0055        FCD_LCDDis_0006E
0055        ; { FCD_LCDDisplay0_RawSend ; function begin
0055  1106  	BCF gbl_portb,2
0056  1186  	BCF gbl_portb,3
0057  1206  	BCF gbl_portb,4
0058  1286  	BCF gbl_portb,5
0059  1006  	BCF gbl_portb,0
005A  1086  	BCF gbl_portb,1
005B  0E52  	SWAPF FCD_LCDDis_0006E_arg_in, W
005C  390F  	ANDLW 0x0F
005D  00D4  	MOVWF FCD_LCDDis_0006E_1_pt
005E  300F  	MOVLW 0x0F
005F  05D4  	ANDWF FCD_LCDDis_0006E_1_pt, F
0060  1854  	BTFSC FCD_LCDDis_0006E_1_pt,0
0061  1506  	BSF gbl_portb,2
0062  18D4  	BTFSC FCD_LCDDis_0006E_1_pt,1
0063  1586  	BSF gbl_portb,3
0064  1954  	BTFSC FCD_LCDDis_0006E_1_pt,2
0065  1606  	BSF gbl_portb,4
0066  19D4  	BTFSC FCD_LCDDis_0006E_1_pt,3
0067  1686  	BSF gbl_portb,5
0068  08D3  	MOVF FCD_LCDDis_0006E_arg_mask, F
0069  1D03  	BTFSS STATUS,Z
006A  1406  	BSF gbl_portb,0
006B  300A  	MOVLW 0x0A
006C  00D5  	MOVWF delay_10us_00000_arg_del
006D  203C  	CALL delay_10us_00000
006E  1486  	BSF gbl_portb,1
006F  300A  	MOVLW 0x0A
0070  00D5  	MOVWF delay_10us_00000_arg_del
0071  203C  	CALL delay_10us_00000
0072  1086  	BCF gbl_portb,1
0073  300F  	MOVLW 0x0F
0074  0552  	ANDWF FCD_LCDDis_0006E_arg_in, W
0075  00D4  	MOVWF FCD_LCDDis_0006E_1_pt
0076  300A  	MOVLW 0x0A
0077  00D5  	MOVWF delay_10us_00000_arg_del
0078  203C  	CALL delay_10us_00000
0079  1106  	BCF gbl_portb,2
007A  1186  	BCF gbl_portb,3
007B  1206  	BCF gbl_portb,4
007C  1286  	BCF gbl_portb,5
007D  1006  	BCF gbl_portb,0
007E  1086  	BCF gbl_portb,1
007F  1854  	BTFSC FCD_LCDDis_0006E_1_pt,0
0080  1506  	BSF gbl_portb,2
0081  18D4  	BTFSC FCD_LCDDis_0006E_1_pt,1
0082  1586  	BSF gbl_portb,3
0083  1954  	BTFSC FCD_LCDDis_0006E_1_pt,2
0084  1606  	BSF gbl_portb,4
0085  19D4  	BTFSC FCD_LCDDis_0006E_1_pt,3
0086  1686  	BSF gbl_portb,5
0087  08D3  	MOVF FCD_LCDDis_0006E_arg_mask, F
0088  1D03  	BTFSS STATUS,Z
0089  1406  	BSF gbl_portb,0
008A  300A  	MOVLW 0x0A
008B  00D5  	MOVWF delay_10us_00000_arg_del
008C  203C  	CALL delay_10us_00000
008D  1486  	BSF gbl_portb,1
008E  300A  	MOVLW 0x0A
008F  00D5  	MOVWF delay_10us_00000_arg_del
0090  203C  	CALL delay_10us_00000
0091  1086  	BCF gbl_portb,1
0092  300A  	MOVLW 0x0A
0093  00D5  	MOVWF delay_10us_00000_arg_del
0094  203C  	CALL delay_10us_00000
0095  0008  	RETURN
0096        ; } FCD_LCDDisplay0_RawSend function end

	ORG 0x00000096
0096        __div_16_1_00003
0096        ; { __div_16_16 ; function begin
0096  01D3  	CLRF __div_16_1_00003_1_r
0097  01D4  	CLRF __div_16_1_00003_1_r+D'1'
0098  01D6  	CLRF CompTempVarRet214
0099  01D7  	CLRF CompTempVarRet214+D'1'
009A  01D5  	CLRF __div_16_1_00003_1_i
009B        label6
009B  1A55  	BTFSC __div_16_1_00003_1_i,4
009C  0008  	RETURN
009D  1003  	BCF STATUS,C
009E  0DD6  	RLF CompTempVarRet214, F
009F  0DD7  	RLF CompTempVarRet214+D'1', F
00A0  0DCD  	RLF __div_16_1_00003_arg_a, F
00A1  0DCE  	RLF __div_16_1_00003_arg_a+D'1', F
00A2  0DD3  	RLF __div_16_1_00003_1_r, F
00A3  0DD4  	RLF __div_16_1_00003_1_r+D'1', F
00A4  0850  	MOVF __div_16_1_00003_arg_b+D'1', W
00A5  0254  	SUBWF __div_16_1_00003_1_r+D'1', W
00A6  1D03  	BTFSS STATUS,Z
00A7  28AA  	GOTO	label7
00A8  084F  	MOVF __div_16_1_00003_arg_b, W
00A9  0253  	SUBWF __div_16_1_00003_1_r, W
00AA        label7
00AA  1C03  	BTFSS STATUS,C
00AB  28B3  	GOTO	label8
00AC  084F  	MOVF __div_16_1_00003_arg_b, W
00AD  02D3  	SUBWF __div_16_1_00003_1_r, F
00AE  0850  	MOVF __div_16_1_00003_arg_b+D'1', W
00AF  1C03  	BTFSS STATUS,C
00B0  03D4  	DECF __div_16_1_00003_1_r+D'1', F
00B1  02D4  	SUBWF __div_16_1_00003_1_r+D'1', F
00B2  1456  	BSF CompTempVarRet214,0
00B3        label8
00B3  0AD5  	INCF __div_16_1_00003_1_i, F
00B4  289B  	GOTO	label6
00B5        ; } __div_16_16 function end

	ORG 0x000000B5
00B5        FC_CAL_SPI_00062
00B5        ; { FC_CAL_SPI_Master_Byte_1 ; function begin
00B5  01CA  	CLRF FC_CAL_SPI_00062_1_retVal
00B6  0849  	MOVF FC_CAL_SPI_00062_arg_DataOut, W
00B7  0093  	MOVWF gbl_sspbuf
00B8        label9
00B8  1683  	BSF STATUS, RP0
00B9  1C14  	BTFSS gbl_sspstat,0
00BA  28B8  	GOTO	label9
00BB  1283  	BCF STATUS, RP0
00BC  0813  	MOVF gbl_sspbuf, W
00BD  00CA  	MOVWF FC_CAL_SPI_00062_1_retVal
00BE  084A  	MOVF FC_CAL_SPI_00062_1_retVal, W
00BF  00CB  	MOVWF CompTempVarRet2229
00C0  0008  	RETURN
00C1        ; } FC_CAL_SPI_Master_Byte_1 function end

	ORG 0x000000C1
00C1        FCD_LCDDis_00056
00C1        ; { FCD_LCDDisplay0_Cursor ; function begin
00C1  08CC  	MOVF FCD_LCDDis_00056_arg_y, F
00C2  1D03  	BTFSS STATUS,Z
00C3  28C7  	GOTO	label10
00C4  3080  	MOVLW 0x80
00C5  00CC  	MOVWF FCD_LCDDis_00056_arg_y
00C6  28D6  	GOTO	label13
00C7        label10
00C7  034C  	DECF FCD_LCDDis_00056_arg_y, W
00C8  1D03  	BTFSS STATUS,Z
00C9  28CD  	GOTO	label11
00CA  30C0  	MOVLW 0xC0
00CB  00CC  	MOVWF FCD_LCDDis_00056_arg_y
00CC  28D6  	GOTO	label13
00CD        label11
00CD  084C  	MOVF FCD_LCDDis_00056_arg_y, W
00CE  3A02  	XORLW 0x02
00CF  1D03  	BTFSS STATUS,Z
00D0  28D4  	GOTO	label12
00D1  3090  	MOVLW 0x90
00D2  00CC  	MOVWF FCD_LCDDis_00056_arg_y
00D3  28D6  	GOTO	label13
00D4        label12
00D4  30D0  	MOVLW 0xD0
00D5  00CC  	MOVWF FCD_LCDDis_00056_arg_y
00D6        label13
00D6  084B  	MOVF FCD_LCDDis_00056_arg_x, W
00D7  074C  	ADDWF FCD_LCDDis_00056_arg_y, W
00D8  00D2  	MOVWF FCD_LCDDis_0006E_arg_in
00D9  01D3  	CLRF FCD_LCDDis_0006E_arg_mask
00DA  2055  	CALL FCD_LCDDis_0006E
00DB  3002  	MOVLW 0x02
00DC  00CD  	MOVWF Wdt_Delay__0003E_arg_delay
00DD  204A  	CALL Wdt_Delay__0003E
00DE  0008  	RETURN
00DF        ; } FCD_LCDDisplay0_Cursor function end

	ORG 0x000000DF
00DF        FC_CAL_SPI_00060
00DF        ; { FC_CAL_SPI_Master_Init_1 ; function begin
00DF  1683  	BSF STATUS, RP0
00E0  1303  	BCF STATUS, RP1
00E1  1287  	BCF gbl_trisc,5
00E2  1283  	BCF STATUS, RP0
00E3  1687  	BSF gbl_portc,5
00E4  1683  	BSF STATUS, RP0
00E5  1607  	BSF gbl_trisc,4
00E6  1187  	BCF gbl_trisc,3
00E7  1283  	BCF STATUS, RP0
00E8  1187  	BCF gbl_portc,3
00E9  3001  	MOVLW 0x01
00EA  0094  	MOVWF gbl_sspcon
00EB  1214  	BCF gbl_sspcon,4
00EC  1683  	BSF STATUS, RP0
00ED  1714  	BSF gbl_sspstat,6
00EE  1794  	BSF gbl_sspstat,7
00EF  1283  	BCF STATUS, RP0
00F0  1694  	BSF gbl_sspcon,5
00F1  0008  	RETURN
00F2        ; } FC_CAL_SPI_Master_Init_1 function end

	ORG 0x000000F2
00F2        FCD_SPI_Le_00054
00F2        ; { FCD_SPI_Legacy0_SPI_Get_Char ; function begin
00F2  1283  	BCF STATUS, RP0
00F3  1303  	BCF STATUS, RP1
00F4  01C8  	CLRF FCD_SPI_Le_00054_1_retVal
00F5  30FF  	MOVLW 0xFF
00F6  00C9  	MOVWF FC_CAL_SPI_00062_arg_DataOut
00F7  20B5  	CALL FC_CAL_SPI_00062
00F8  084B  	MOVF CompTempVarRet2229, W
00F9  00C8  	MOVWF FCD_SPI_Le_00054_1_retVal
00FA  0848  	MOVF FCD_SPI_Le_00054_1_retVal, W
00FB  00C9  	MOVWF CompTempVarRet2197
00FC  0008  	RETURN
00FD        ; } FCD_SPI_Legacy0_SPI_Get_Char function end

	ORG 0x000000FD
00FD        FCD_SPI_Le_00052
00FD        ; { FCD_SPI_Legacy0_SPI_Send_Char ; function begin
00FD  0848  	MOVF FCD_SPI_Le_00052_arg_Char, W
00FE  00C9  	MOVWF FC_CAL_SPI_00062_arg_DataOut
00FF  20B5  	CALL FC_CAL_SPI_00062
0100  0008  	RETURN
0101        ; } FCD_SPI_Legacy0_SPI_Send_Char function end

	ORG 0x00000101
0101        FCD_LCDDis_00058
0101        ; { FCD_LCDDisplay0_PrintNumber ; function begin
0101  1FC9  	BTFSS FCD_LCDDis_00058_arg_Number+D'1',7
0102  2910  	GOTO	label14
0103  302D  	MOVLW 0x2D
0104  00D2  	MOVWF FCD_LCDDis_0006E_arg_in
0105  3010  	MOVLW 0x10
0106  00D3  	MOVWF FCD_LCDDis_0006E_arg_mask
0107  2055  	CALL FCD_LCDDis_0006E
0108  0848  	MOVF FCD_LCDDis_00058_arg_Number, W
0109  3C00  	SUBLW 0x00
010A  00CD  	MOVWF CompTempVar2202
010B  09C9  	COMF FCD_LCDDis_00058_arg_Number+D'1', F
010C  1803  	BTFSC STATUS,C
010D  0AC9  	INCF FCD_LCDDis_00058_arg_Number+D'1', F
010E  084D  	MOVF CompTempVar2202, W
010F  00C8  	MOVWF FCD_LCDDis_00058_arg_Number
0110        label14
0110  0848  	MOVF FCD_LCDDis_00058_arg_Number, W
0111  00CA  	MOVWF FCD_LCDDis_00058_1_tmp_int
0112  0849  	MOVF FCD_LCDDis_00058_arg_Number+D'1', W
0113  00CB  	MOVWF FCD_LCDDis_00058_1_tmp_int+D'1'
0114  3027  	MOVLW 0x27
0115  0249  	SUBWF FCD_LCDDis_00058_arg_Number+D'1', W
0116  1D03  	BTFSS STATUS,Z
0117  291A  	GOTO	label15
0118  3010  	MOVLW 0x10
0119  0248  	SUBWF FCD_LCDDis_00058_arg_Number, W
011A        label15
011A  1C03  	BTFSS STATUS,C
011B  2948  	GOTO	label19
011C  1BC9  	BTFSC FCD_LCDDis_00058_arg_Number+D'1',7
011D  2948  	GOTO	label19
011E  01D1  	CLRF CompTempVar2205
011F  084A  	MOVF FCD_LCDDis_00058_1_tmp_int, W
0120  00CD  	MOVWF __div_16_1_00003_arg_a
0121  084B  	MOVF FCD_LCDDis_00058_1_tmp_int+D'1', W
0122  00CE  	MOVWF __div_16_1_00003_arg_a+D'1'
0123  1FCB  	BTFSS FCD_LCDDis_00058_1_tmp_int+D'1',7
0124  292B  	GOTO	label16
0125  09CD  	COMF __div_16_1_00003_arg_a, F
0126  09CE  	COMF __div_16_1_00003_arg_a+D'1', F
0127  0ACD  	INCF __div_16_1_00003_arg_a, F
0128  1903  	BTFSC STATUS,Z
0129  0ACE  	INCF __div_16_1_00003_arg_a+D'1', F
012A  0AD1  	INCF CompTempVar2205, F
012B        label16
012B  3010  	MOVLW 0x10
012C  00CF  	MOVWF __div_16_1_00003_arg_b
012D  3027  	MOVLW 0x27
012E  00D0  	MOVWF __div_16_1_00003_arg_b+D'1'
012F  2096  	CALL __div_16_1_00003
0130  0856  	MOVF CompTempVarRet214, W
0131  00CC  	MOVWF FCD_LCDDis_00058_1_tmp_byte
0132  1C51  	BTFSS CompTempVar2205,0
0133  2936  	GOTO	label17
0134  09CC  	COMF FCD_LCDDis_00058_1_tmp_byte, F
0135  0ACC  	INCF FCD_LCDDis_00058_1_tmp_byte, F
0136        label17
0136  084C  	MOVF FCD_LCDDis_00058_1_tmp_byte, W
0137  3E30  	ADDLW 0x30
0138  00D2  	MOVWF FCD_LCDDis_0006E_arg_in
0139  3010  	MOVLW 0x10
013A  00D3  	MOVWF FCD_LCDDis_0006E_arg_mask
013B  2055  	CALL FCD_LCDDis_0006E
013C        label18
013C  084C  	MOVF FCD_LCDDis_00058_1_tmp_byte, W
013D  3C00  	SUBLW 0x00
013E  1803  	BTFSC STATUS,C
013F  2948  	GOTO	label19
0140  3010  	MOVLW 0x10
0141  02CA  	SUBWF FCD_LCDDis_00058_1_tmp_int, F
0142  3027  	MOVLW 0x27
0143  1C03  	BTFSS STATUS,C
0144  3028  	MOVLW 0x28
0145  02CB  	SUBWF FCD_LCDDis_00058_1_tmp_int+D'1', F
0146  03CC  	DECF FCD_LCDDis_00058_1_tmp_byte, F
0147  293C  	GOTO	label18
0148        label19
0148  3003  	MOVLW 0x03
0149  0249  	SUBWF FCD_LCDDis_00058_arg_Number+D'1', W
014A  1D03  	BTFSS STATUS,Z
014B  294E  	GOTO	label20
014C  30E8  	MOVLW 0xE8
014D  0248  	SUBWF FCD_LCDDis_00058_arg_Number, W
014E        label20
014E  1C03  	BTFSS STATUS,C
014F  297E  	GOTO	label24
0150  1BC9  	BTFSC FCD_LCDDis_00058_arg_Number+D'1',7
0151  297E  	GOTO	label24
0152  01D2  	CLRF CompTempVar2209
0153  084A  	MOVF FCD_LCDDis_00058_1_tmp_int, W
0154  00CD  	MOVWF __div_16_1_00003_arg_a
0155  084B  	MOVF FCD_LCDDis_00058_1_tmp_int+D'1', W
0156  00CE  	MOVWF __div_16_1_00003_arg_a+D'1'
0157  1FCB  	BTFSS FCD_LCDDis_00058_1_tmp_int+D'1',7
0158  295F  	GOTO	label21
0159  09CD  	COMF __div_16_1_00003_arg_a, F
015A  09CE  	COMF __div_16_1_00003_arg_a+D'1', F
015B  0ACD  	INCF __div_16_1_00003_arg_a, F
015C  1903  	BTFSC STATUS,Z
015D  0ACE  	INCF __div_16_1_00003_arg_a+D'1', F
015E  0AD2  	INCF CompTempVar2209, F
015F        label21
015F  30E8  	MOVLW 0xE8
0160  00CF  	MOVWF __div_16_1_00003_arg_b
0161  3003  	MOVLW 0x03
0162  00D0  	MOVWF __div_16_1_00003_arg_b+D'1'
0163  2096  	CALL __div_16_1_00003
0164  0856  	MOVF CompTempVarRet214, W
0165  00D1  	MOVWF CompTempVar2208
0166  1C52  	BTFSS CompTempVar2209,0
0167  296A  	GOTO	label22
0168  09D1  	COMF CompTempVar2208, F
0169  0AD1  	INCF CompTempVar2208, F
016A        label22
016A  0851  	MOVF CompTempVar2208, W
016B  00CC  	MOVWF FCD_LCDDis_00058_1_tmp_byte
016C  084C  	MOVF FCD_LCDDis_00058_1_tmp_byte, W
016D  3E30  	ADDLW 0x30
016E  00D2  	MOVWF FCD_LCDDis_0006E_arg_in
016F  3010  	MOVLW 0x10
0170  00D3  	MOVWF FCD_LCDDis_0006E_arg_mask
0171  2055  	CALL FCD_LCDDis_0006E
0172        label23
0172  084C  	MOVF FCD_LCDDis_00058_1_tmp_byte, W
0173  3C00  	SUBLW 0x00
0174  1803  	BTFSC STATUS,C
0175  297E  	GOTO	label24
0176  30E8  	MOVLW 0xE8
0177  02CA  	SUBWF FCD_LCDDis_00058_1_tmp_int, F
0178  3003  	MOVLW 0x03
0179  1C03  	BTFSS STATUS,C
017A  3004  	MOVLW 0x04
017B  02CB  	SUBWF FCD_LCDDis_00058_1_tmp_int+D'1', F
017C  03CC  	DECF FCD_LCDDis_00058_1_tmp_byte, F
017D  2972  	GOTO	label23
017E        label24
017E  0849  	MOVF FCD_LCDDis_00058_arg_Number+D'1', W
017F  3A80  	XORLW 0x80
0180  00CD  	MOVWF CompTempVar2212
0181  3080  	MOVLW 0x80
0182  024D  	SUBWF CompTempVar2212, W
0183  1D03  	BTFSS STATUS,Z
0184  2987  	GOTO	label25
0185  3064  	MOVLW 0x64
0186  0248  	SUBWF FCD_LCDDis_00058_arg_Number, W
0187        label25
0187  1C03  	BTFSS STATUS,C
0188  29B3  	GOTO	label29
0189  01D2  	CLRF CompTempVar2214
018A  084A  	MOVF FCD_LCDDis_00058_1_tmp_int, W
018B  00CD  	MOVWF __div_16_1_00003_arg_a
018C  084B  	MOVF FCD_LCDDis_00058_1_tmp_int+D'1', W
018D  00CE  	MOVWF __div_16_1_00003_arg_a+D'1'
018E  1FCB  	BTFSS FCD_LCDDis_00058_1_tmp_int+D'1',7
018F  2996  	GOTO	label26
0190  09CD  	COMF __div_16_1_00003_arg_a, F
0191  09CE  	COMF __div_16_1_00003_arg_a+D'1', F
0192  0ACD  	INCF __div_16_1_00003_arg_a, F
0193  1903  	BTFSC STATUS,Z
0194  0ACE  	INCF __div_16_1_00003_arg_a+D'1', F
0195  0AD2  	INCF CompTempVar2214, F
0196        label26
0196  3064  	MOVLW 0x64
0197  00CF  	MOVWF __div_16_1_00003_arg_b
0198  01D0  	CLRF __div_16_1_00003_arg_b+D'1'
0199  2096  	CALL __div_16_1_00003
019A  0856  	MOVF CompTempVarRet214, W
019B  00D1  	MOVWF CompTempVar2213
019C  1C52  	BTFSS CompTempVar2214,0
019D  29A0  	GOTO	label27
019E  09D1  	COMF CompTempVar2213, F
019F  0AD1  	INCF CompTempVar2213, F
01A0        label27
01A0  0851  	MOVF CompTempVar2213, W
01A1  00CC  	MOVWF FCD_LCDDis_00058_1_tmp_byte
01A2  084C  	MOVF FCD_LCDDis_00058_1_tmp_byte, W
01A3  3E30  	ADDLW 0x30
01A4  00D2  	MOVWF FCD_LCDDis_0006E_arg_in
01A5  3010  	MOVLW 0x10
01A6  00D3  	MOVWF FCD_LCDDis_0006E_arg_mask
01A7  2055  	CALL FCD_LCDDis_0006E
01A8        label28
01A8  084C  	MOVF FCD_LCDDis_00058_1_tmp_byte, W
01A9  3C00  	SUBLW 0x00
01AA  1803  	BTFSC STATUS,C
01AB  29B3  	GOTO	label29
01AC  3064  	MOVLW 0x64
01AD  02CA  	SUBWF FCD_LCDDis_00058_1_tmp_int, F
01AE  08CB  	MOVF FCD_LCDDis_00058_1_tmp_int+D'1', F
01AF  1C03  	BTFSS STATUS,C
01B0  03CB  	DECF FCD_LCDDis_00058_1_tmp_int+D'1', F
01B1  03CC  	DECF FCD_LCDDis_00058_1_tmp_byte, F
01B2  29A8  	GOTO	label28
01B3        label29
01B3  0849  	MOVF FCD_LCDDis_00058_arg_Number+D'1', W
01B4  3A80  	XORLW 0x80
01B5  00CD  	MOVWF CompTempVar2217
01B6  3080  	MOVLW 0x80
01B7  024D  	SUBWF CompTempVar2217, W
01B8  1D03  	BTFSS STATUS,Z
01B9  29BC  	GOTO	label30
01BA  300A  	MOVLW 0x0A
01BB  0248  	SUBWF FCD_LCDDis_00058_arg_Number, W
01BC        label30
01BC  1C03  	BTFSS STATUS,C
01BD  29E8  	GOTO	label34
01BE  01D2  	CLRF CompTempVar2219
01BF  084A  	MOVF FCD_LCDDis_00058_1_tmp_int, W
01C0  00CD  	MOVWF __div_16_1_00003_arg_a
01C1  084B  	MOVF FCD_LCDDis_00058_1_tmp_int+D'1', W
01C2  00CE  	MOVWF __div_16_1_00003_arg_a+D'1'
01C3  1FCB  	BTFSS FCD_LCDDis_00058_1_tmp_int+D'1',7
01C4  29CB  	GOTO	label31
01C5  09CD  	COMF __div_16_1_00003_arg_a, F
01C6  09CE  	COMF __div_16_1_00003_arg_a+D'1', F
01C7  0ACD  	INCF __div_16_1_00003_arg_a, F
01C8  1903  	BTFSC STATUS,Z
01C9  0ACE  	INCF __div_16_1_00003_arg_a+D'1', F
01CA  0AD2  	INCF CompTempVar2219, F
01CB        label31
01CB  300A  	MOVLW 0x0A
01CC  00CF  	MOVWF __div_16_1_00003_arg_b
01CD  01D0  	CLRF __div_16_1_00003_arg_b+D'1'
01CE  2096  	CALL __div_16_1_00003
01CF  0856  	MOVF CompTempVarRet214, W
01D0  00D1  	MOVWF CompTempVar2218
01D1  1C52  	BTFSS CompTempVar2219,0
01D2  29D5  	GOTO	label32
01D3  09D1  	COMF CompTempVar2218, F
01D4  0AD1  	INCF CompTempVar2218, F
01D5        label32
01D5  0851  	MOVF CompTempVar2218, W
01D6  00CC  	MOVWF FCD_LCDDis_00058_1_tmp_byte
01D7  084C  	MOVF FCD_LCDDis_00058_1_tmp_byte, W
01D8  3E30  	ADDLW 0x30
01D9  00D2  	MOVWF FCD_LCDDis_0006E_arg_in
01DA  3010  	MOVLW 0x10
01DB  00D3  	MOVWF FCD_LCDDis_0006E_arg_mask
01DC  2055  	CALL FCD_LCDDis_0006E
01DD        label33
01DD  084C  	MOVF FCD_LCDDis_00058_1_tmp_byte, W
01DE  3C00  	SUBLW 0x00
01DF  1803  	BTFSC STATUS,C
01E0  29E8  	GOTO	label34
01E1  300A  	MOVLW 0x0A
01E2  02CA  	SUBWF FCD_LCDDis_00058_1_tmp_int, F
01E3  08CB  	MOVF FCD_LCDDis_00058_1_tmp_int+D'1', F
01E4  1C03  	BTFSS STATUS,C
01E5  03CB  	DECF FCD_LCDDis_00058_1_tmp_int+D'1', F
01E6  03CC  	DECF FCD_LCDDis_00058_1_tmp_byte, F
01E7  29DD  	GOTO	label33
01E8        label34
01E8  084A  	MOVF FCD_LCDDis_00058_1_tmp_int, W
01E9  3E30  	ADDLW 0x30
01EA  00D2  	MOVWF FCD_LCDDis_0006E_arg_in
01EB  3010  	MOVLW 0x10
01EC  00D3  	MOVWF FCD_LCDDis_0006E_arg_mask
01ED  2055  	CALL FCD_LCDDis_0006E
01EE  0008  	RETURN
01EF        ; } FCD_LCDDisplay0_PrintNumber function end

	ORG 0x000001EF
01EF        FCD_LCDDis_00057
01EF        ; { FCD_LCDDisplay0_PrintString ; function begin
01EF  01D1  	CLRF FCD_LCDDis_00057_1_idx
01F0  01D1  	CLRF FCD_LCDDis_00057_1_idx
01F1        label35
01F1  0850  	MOVF FCD_LCDDis_00057_arg_MSZ_String, W
01F2  0251  	SUBWF FCD_LCDDis_00057_1_idx, W
01F3  1803  	BTFSC STATUS,C
01F4  0008  	RETURN
01F5  1383  	BCF STATUS,IRP
01F6  1849  	BTFSC FCD_LCDDis_00057_arg_String+D'1',0
01F7  1783  	BSF STATUS,IRP
01F8  0848  	MOVF FCD_LCDDis_00057_arg_String, W
01F9  0751  	ADDWF FCD_LCDDis_00057_1_idx, W
01FA  0084  	MOVWF FSR
01FB  0880  	MOVF INDF, F
01FC  1903  	BTFSC STATUS,Z
01FD  0008  	RETURN
01FE  1383  	BCF STATUS,IRP
01FF  1849  	BTFSC FCD_LCDDis_00057_arg_String+D'1',0
0200  1783  	BSF STATUS,IRP
0201  0848  	MOVF FCD_LCDDis_00057_arg_String, W
0202  0751  	ADDWF FCD_LCDDis_00057_1_idx, W
0203  0084  	MOVWF FSR
0204  0800  	MOVF INDF, W
0205  00D2  	MOVWF FCD_LCDDis_0006E_arg_in
0206  3010  	MOVLW 0x10
0207  00D3  	MOVWF FCD_LCDDis_0006E_arg_mask
0208  2055  	CALL FCD_LCDDis_0006E
0209  0AD1  	INCF FCD_LCDDis_00057_1_idx, F
020A  29F1  	GOTO	label35
020B        ; } FCD_LCDDisplay0_PrintString function end

	ORG 0x0000020B
020B        FCD_LCDDis_00055
020B        ; { FCD_LCDDisplay0_ClearLine ; function begin
020B  3010  	MOVLW 0x10
020C  00CA  	MOVWF FCD_LCDDis_00055_1_rowcount
020D  01CB  	CLRF FCD_LCDDis_00056_arg_x
020E  0848  	MOVF FCD_LCDDis_00055_arg_Line, W
020F  00CC  	MOVWF FCD_LCDDis_00056_arg_y
0210  20C1  	CALL FCD_LCDDis_00056
0211  01C9  	CLRF FCD_LCDDis_00055_1_count
0212        label36
0212  084A  	MOVF FCD_LCDDis_00055_1_rowcount, W
0213  0249  	SUBWF FCD_LCDDis_00055_1_count, W
0214  1803  	BTFSC STATUS,C
0215  2A1D  	GOTO	label37
0216  3020  	MOVLW 0x20
0217  00D2  	MOVWF FCD_LCDDis_0006E_arg_in
0218  3010  	MOVLW 0x10
0219  00D3  	MOVWF FCD_LCDDis_0006E_arg_mask
021A  2055  	CALL FCD_LCDDis_0006E
021B  0AC9  	INCF FCD_LCDDis_00055_1_count, F
021C  2A12  	GOTO	label36
021D        label37
021D  01CB  	CLRF FCD_LCDDis_00056_arg_x
021E  0848  	MOVF FCD_LCDDis_00055_arg_Line, W
021F  00CC  	MOVWF FCD_LCDDis_00056_arg_y
0220  20C1  	CALL FCD_LCDDis_00056
0221  0008  	RETURN
0222        ; } FCD_LCDDisplay0_ClearLine function end

	ORG 0x00000222
0222        FCM_radio__0005F
0222        ; { FCM_radio_readdata ; function begin
0222  30FB  	MOVLW 0xFB
0223  1683  	BSF STATUS, RP0
0224  1303  	BCF STATUS, RP1
0225  0507  	ANDWF gbl_trisc, W
0226  0087  	MOVWF gbl_trisc
0227  30FB  	MOVLW 0xFB
0228  1283  	BCF STATUS, RP0
0229  0507  	ANDWF gbl_portc, W
022A  0087  	MOVWF gbl_portc
022B  3061  	MOVLW 0x61
022C  00C5  	MOVWF gbl_FCV_SPI_MOSI
022D  0845  	MOVF gbl_FCV_SPI_MOSI, W
022E  00C8  	MOVWF FCD_SPI_Le_00052_arg_Char
022F  20FD  	CALL FCD_SPI_Le_00052
0230  30FB  	MOVLW 0xFB
0231  1683  	BSF STATUS, RP0
0232  0507  	ANDWF gbl_trisc, W
0233  0087  	MOVWF gbl_trisc
0234  30FB  	MOVLW 0xFB
0235  1283  	BCF STATUS, RP0
0236  0507  	ANDWF gbl_portc, W
0237  00C8  	MOVWF CompTempVar2228
0238  3004  	MOVLW 0x04
0239  0448  	IORWF CompTempVar2228, W
023A  0087  	MOVWF gbl_portc
023B  0008  	RETURN
023C        ; } FCM_radio_readdata function end

	ORG 0x0000023C
023C        FCM_radio__0005E
023C        ; { FCM_radio_setreading_address ; function begin
023C  30FB  	MOVLW 0xFB
023D  1683  	BSF STATUS, RP0
023E  1303  	BCF STATUS, RP1
023F  0507  	ANDWF gbl_trisc, W
0240  0087  	MOVWF gbl_trisc
0241  30FB  	MOVLW 0xFB
0242  1283  	BCF STATUS, RP0
0243  0507  	ANDWF gbl_portc, W
0244  0087  	MOVWF gbl_portc
0245  302A  	MOVLW 0x2A
0246  00C5  	MOVWF gbl_FCV_SPI_MOSI
0247  0845  	MOVF gbl_FCV_SPI_MOSI, W
0248  00C8  	MOVWF FCD_SPI_Le_00052_arg_Char
0249  20FD  	CALL FCD_SPI_Le_00052
024A  30E7  	MOVLW 0xE7
024B  00C5  	MOVWF gbl_FCV_SPI_MOSI
024C  0845  	MOVF gbl_FCV_SPI_MOSI, W
024D  00C8  	MOVWF FCD_SPI_Le_00052_arg_Char
024E  20FD  	CALL FCD_SPI_Le_00052
024F  30E7  	MOVLW 0xE7
0250  00C5  	MOVWF gbl_FCV_SPI_MOSI
0251  0845  	MOVF gbl_FCV_SPI_MOSI, W
0252  00C8  	MOVWF FCD_SPI_Le_00052_arg_Char
0253  20FD  	CALL FCD_SPI_Le_00052
0254  30E7  	MOVLW 0xE7
0255  00C5  	MOVWF gbl_FCV_SPI_MOSI
0256  0845  	MOVF gbl_FCV_SPI_MOSI, W
0257  00C8  	MOVWF FCD_SPI_Le_00052_arg_Char
0258  20FD  	CALL FCD_SPI_Le_00052
0259  30E7  	MOVLW 0xE7
025A  00C5  	MOVWF gbl_FCV_SPI_MOSI
025B  0845  	MOVF gbl_FCV_SPI_MOSI, W
025C  00C8  	MOVWF FCD_SPI_Le_00052_arg_Char
025D  20FD  	CALL FCD_SPI_Le_00052
025E  30E7  	MOVLW 0xE7
025F  00C5  	MOVWF gbl_FCV_SPI_MOSI
0260  0845  	MOVF gbl_FCV_SPI_MOSI, W
0261  00C8  	MOVWF FCD_SPI_Le_00052_arg_Char
0262  20FD  	CALL FCD_SPI_Le_00052
0263  30FB  	MOVLW 0xFB
0264  1683  	BSF STATUS, RP0
0265  0507  	ANDWF gbl_trisc, W
0266  0087  	MOVWF gbl_trisc
0267  30FB  	MOVLW 0xFB
0268  1283  	BCF STATUS, RP0
0269  0507  	ANDWF gbl_portc, W
026A  00C8  	MOVWF CompTempVar2227
026B  3004  	MOVLW 0x04
026C  0448  	IORWF CompTempVar2227, W
026D  0087  	MOVWF gbl_portc
026E  0008  	RETURN
026F        ; } FCM_radio_setreading_address function end

	ORG 0x0000026F
026F        FCM_radio__0005D
026F        ; { FCM_radio_setas_rx ; function begin
026F  30FB  	MOVLW 0xFB
0270  1683  	BSF STATUS, RP0
0271  1303  	BCF STATUS, RP1
0272  0507  	ANDWF gbl_trisc, W
0273  0087  	MOVWF gbl_trisc
0274  30FB  	MOVLW 0xFB
0275  1283  	BCF STATUS, RP0
0276  0507  	ANDWF gbl_portc, W
0277  0087  	MOVWF gbl_portc
0278  3020  	MOVLW 0x20
0279  00C5  	MOVWF gbl_FCV_SPI_MOSI
027A  0845  	MOVF gbl_FCV_SPI_MOSI, W
027B  00C8  	MOVWF FCD_SPI_Le_00052_arg_Char
027C  20FD  	CALL FCD_SPI_Le_00052
027D  300B  	MOVLW 0x0B
027E  00C5  	MOVWF gbl_FCV_SPI_MOSI
027F  0845  	MOVF gbl_FCV_SPI_MOSI, W
0280  00C8  	MOVWF FCD_SPI_Le_00052_arg_Char
0281  20FD  	CALL FCD_SPI_Le_00052
0282  30FB  	MOVLW 0xFB
0283  1683  	BSF STATUS, RP0
0284  0507  	ANDWF gbl_trisc, W
0285  0087  	MOVWF gbl_trisc
0286  30FB  	MOVLW 0xFB
0287  1283  	BCF STATUS, RP0
0288  0507  	ANDWF gbl_portc, W
0289  00C8  	MOVWF CompTempVar2226
028A  3004  	MOVLW 0x04
028B  0448  	IORWF CompTempVar2226, W
028C  0087  	MOVWF gbl_portc
028D  0008  	RETURN
028E        ; } FCM_radio_setas_rx function end

	ORG 0x0000028E
028E        FCM_radio__00059
028E        ; { FCM_radio_set_pa ; function begin
028E  30FB  	MOVLW 0xFB
028F  1683  	BSF STATUS, RP0
0290  1303  	BCF STATUS, RP1
0291  0507  	ANDWF gbl_trisc, W
0292  0087  	MOVWF gbl_trisc
0293  30FB  	MOVLW 0xFB
0294  1283  	BCF STATUS, RP0
0295  0507  	ANDWF gbl_portc, W
0296  0087  	MOVWF gbl_portc
0297  3026  	MOVLW 0x26
0298  00C5  	MOVWF gbl_FCV_SPI_MOSI
0299  0845  	MOVF gbl_FCV_SPI_MOSI, W
029A  00C8  	MOVWF FCD_SPI_Le_00052_arg_Char
029B  20FD  	CALL FCD_SPI_Le_00052
029C  300D  	MOVLW 0x0D
029D  00C5  	MOVWF gbl_FCV_SPI_MOSI
029E  0845  	MOVF gbl_FCV_SPI_MOSI, W
029F  00C8  	MOVWF FCD_SPI_Le_00052_arg_Char
02A0  20FD  	CALL FCD_SPI_Le_00052
02A1  30FB  	MOVLW 0xFB
02A2  1683  	BSF STATUS, RP0
02A3  0507  	ANDWF gbl_trisc, W
02A4  0087  	MOVWF gbl_trisc
02A5  30FB  	MOVLW 0xFB
02A6  1283  	BCF STATUS, RP0
02A7  0507  	ANDWF gbl_portc, W
02A8  00C8  	MOVWF CompTempVar2222
02A9  3004  	MOVLW 0x04
02AA  0448  	IORWF CompTempVar2222, W
02AB  0087  	MOVWF gbl_portc
02AC  0008  	RETURN
02AD        ; } FCM_radio_set_pa function end

	ORG 0x000002AD
02AD        FCM_print__00053
02AD        ; { FCM_print_datain_bin ; function begin
02AD  3007  	MOVLW 0x07
02AE  1283  	BCF STATUS, RP0
02AF  1303  	BCF STATUS, RP1
02B0  00C5  	MOVWF gbl_FCV_SPI_MOSI
02B1  30FB  	MOVLW 0xFB
02B2  1683  	BSF STATUS, RP0
02B3  0507  	ANDWF gbl_trisc, W
02B4  0087  	MOVWF gbl_trisc
02B5  30FB  	MOVLW 0xFB
02B6  1283  	BCF STATUS, RP0
02B7  0507  	ANDWF gbl_portc, W
02B8  0087  	MOVWF gbl_portc
02B9  0845  	MOVF gbl_FCV_SPI_MOSI, W
02BA  00C8  	MOVWF FCD_SPI_Le_00052_arg_Char
02BB  20FD  	CALL FCD_SPI_Le_00052
02BC  20F2  	CALL FCD_SPI_Le_00054
02BD  0849  	MOVF CompTempVarRet2197, W
02BE  00C4  	MOVWF gbl_FCV_SPI_MISO
02BF  30FB  	MOVLW 0xFB
02C0  1683  	BSF STATUS, RP0
02C1  0507  	ANDWF gbl_trisc, W
02C2  0087  	MOVWF gbl_trisc
02C3  30FB  	MOVLW 0xFB
02C4  1283  	BCF STATUS, RP0
02C5  0507  	ANDWF gbl_portc, W
02C6  00C8  	MOVWF CompTempVar2189
02C7  3004  	MOVLW 0x04
02C8  0448  	IORWF CompTempVar2189, W
02C9  0087  	MOVWF gbl_portc
02CA  01C8  	CLRF FCD_LCDDis_00055_arg_Line
02CB  220B  	CALL FCD_LCDDis_00055
02CC  01CB  	CLRF FCD_LCDDis_00056_arg_x
02CD  01CC  	CLRF FCD_LCDDis_00056_arg_y
02CE  20C1  	CALL FCD_LCDDis_00056
02CF  304D  	MOVLW 0x4D
02D0  00CA  	MOVWF CompTempVar2190
02D1  3049  	MOVLW 0x49
02D2  00CB  	MOVWF CompTempVar2190+D'1'
02D3  3053  	MOVLW 0x53
02D4  00CC  	MOVWF CompTempVar2190+D'2'
02D5  304F  	MOVLW 0x4F
02D6  00CD  	MOVWF CompTempVar2190+D'3'
02D7  303A  	MOVLW 0x3A
02D8  00CE  	MOVWF CompTempVar2190+D'4'
02D9  01CF  	CLRF CompTempVar2190+D'5'
02DA  3000  	MOVLW HIGH(CompTempVar2190+D'0')
02DB  00C9  	MOVWF FCD_LCDDis_00057_arg_String+D'1'
02DC  304A  	MOVLW LOW(CompTempVar2190+D'0')
02DD  00C8  	MOVWF FCD_LCDDis_00057_arg_String
02DE  3005  	MOVLW 0x05
02DF  00D0  	MOVWF FCD_LCDDis_00057_arg_MSZ_String
02E0  21EF  	CALL FCD_LCDDis_00057
02E1  300C  	MOVLW 0x0C
02E2  00C3  	MOVWF gbl_FCV_CURSORX
02E3  01C7  	CLRF gbl_FCLV_LOOP2
02E4        label38
02E4  3008  	MOVLW 0x08
02E5  0247  	SUBWF gbl_FCLV_LOOP2, W
02E6  1803  	BTFSC STATUS,C
02E7  0008  	RETURN
02E8  3001  	MOVLW 0x01
02E9  0544  	ANDWF gbl_FCV_SPI_MISO, W
02EA  00C8  	MOVWF CompTempVar2192
02EB  01C9  	CLRF CompTempVar2193
02EC  08C8  	MOVF CompTempVar2192, F
02ED  1D03  	BTFSS STATUS,Z
02EE  1449  	BSF CompTempVar2193,0
02EF  1042  	BCF gbl_FCV_DATAIN_BIT,0
02F0  0849  	MOVF CompTempVar2193, W
02F1  1D03  	BTFSS STATUS,Z
02F2  1442  	BSF gbl_FCV_DATAIN_BIT,0
02F3  0843  	MOVF gbl_FCV_CURSORX, W
02F4  00CB  	MOVWF FCD_LCDDis_00056_arg_x
02F5  01CC  	CLRF FCD_LCDDis_00056_arg_y
02F6  20C1  	CALL FCD_LCDDis_00056
02F7  3001  	MOVLW 0x01
02F8  0544  	ANDWF gbl_FCV_SPI_MISO, W
02F9  00C8  	MOVWF CompTempVar2194
02FA  01C9  	CLRF CompTempVar2195
02FB  08C8  	MOVF CompTempVar2194, F
02FC  1D03  	BTFSS STATUS,Z
02FD  1449  	BSF CompTempVar2195,0
02FE  1042  	BCF gbl_FCV_DATAIN_BIT,0
02FF  0849  	MOVF CompTempVar2195, W
0300  1D03  	BTFSS STATUS,Z
0301  1442  	BSF gbl_FCV_DATAIN_BIT,0
0302  0343  	DECF gbl_FCV_CURSORX, W
0303  00C3  	MOVWF gbl_FCV_CURSORX
0304  01C9  	CLRF FCD_LCDDis_00058_arg_Number+D'1'
0305  01C8  	CLRF FCD_LCDDis_00058_arg_Number
0306  1842  	BTFSC gbl_FCV_DATAIN_BIT,0
0307  0AC8  	INCF FCD_LCDDis_00058_arg_Number, F
0308  2101  	CALL FCD_LCDDis_00058
0309  08C4  	MOVF gbl_FCV_SPI_MISO, F
030A  1003  	BCF STATUS,C
030B  0CC4  	RRF gbl_FCV_SPI_MISO, F
030C  0AC7  	INCF gbl_FCLV_LOOP2, F
030D  2AE4  	GOTO	label38
030E        ; } FCM_print_datain_bin function end

	ORG 0x0000030E
030E        FCD_SPI_Le_00063
030E        ; { FCD_SPI_Legacy0_SPI_Init ; function begin
030E  1683  	BSF STATUS, RP0
030F  1303  	BCF STATUS, RP1
0310  1005  	BCF gbl_trisa,0
0311  1283  	BCF STATUS, RP0
0312  1405  	BSF gbl_porta,0
0313  1683  	BSF STATUS, RP0
0314  1005  	BCF gbl_trisa,0
0315  1283  	BCF STATUS, RP0
0316  1405  	BSF gbl_porta,0
0317  20DF  	CALL FC_CAL_SPI_00060
0318  0008  	RETURN
0319        ; } FCD_SPI_Legacy0_SPI_Init function end

	ORG 0x00000319
0319        FCD_LCDDis_00070
0319        ; { FCD_LCDDisplay0_Clear ; function begin
0319  3001  	MOVLW 0x01
031A  1283  	BCF STATUS, RP0
031B  1303  	BCF STATUS, RP1
031C  00D2  	MOVWF FCD_LCDDis_0006E_arg_in
031D  01D3  	CLRF FCD_LCDDis_0006E_arg_mask
031E  2055  	CALL FCD_LCDDis_0006E
031F  3002  	MOVLW 0x02
0320  00CD  	MOVWF Wdt_Delay__0003E_arg_delay
0321  204A  	CALL Wdt_Delay__0003E
0322  3002  	MOVLW 0x02
0323  00D2  	MOVWF FCD_LCDDis_0006E_arg_in
0324  01D3  	CLRF FCD_LCDDis_0006E_arg_mask
0325  2055  	CALL FCD_LCDDis_0006E
0326  3002  	MOVLW 0x02
0327  00CD  	MOVWF Wdt_Delay__0003E_arg_delay
0328  204A  	CALL Wdt_Delay__0003E
0329  0008  	RETURN
032A        ; } FCD_LCDDisplay0_Clear function end

	ORG 0x0000032A
032A        FCD_LCDDis_0006F
032A        ; { FCD_LCDDisplay0_Start ; function begin
032A  1683  	BSF STATUS, RP0
032B  1303  	BCF STATUS, RP1
032C  1106  	BCF gbl_trisb,2
032D  1283  	BCF STATUS, RP0
032E  1106  	BCF gbl_portb,2
032F  1683  	BSF STATUS, RP0
0330  1186  	BCF gbl_trisb,3
0331  1283  	BCF STATUS, RP0
0332  1186  	BCF gbl_portb,3
0333  1683  	BSF STATUS, RP0
0334  1206  	BCF gbl_trisb,4
0335  1283  	BCF STATUS, RP0
0336  1206  	BCF gbl_portb,4
0337  1683  	BSF STATUS, RP0
0338  1286  	BCF gbl_trisb,5
0339  1283  	BCF STATUS, RP0
033A  1286  	BCF gbl_portb,5
033B  1683  	BSF STATUS, RP0
033C  1006  	BCF gbl_trisb,0
033D  1283  	BCF STATUS, RP0
033E  1006  	BCF gbl_portb,0
033F  1683  	BSF STATUS, RP0
0340  1086  	BCF gbl_trisb,1
0341  1283  	BCF STATUS, RP0
0342  1086  	BCF gbl_portb,1
0343  300C  	MOVLW 0x0C
0344  00CD  	MOVWF Wdt_Delay__0003E_arg_delay
0345  204A  	CALL Wdt_Delay__0003E
0346  3033  	MOVLW 0x33
0347  00D2  	MOVWF FCD_LCDDis_0006E_arg_in
0348  01D3  	CLRF FCD_LCDDis_0006E_arg_mask
0349  2055  	CALL FCD_LCDDis_0006E
034A  3002  	MOVLW 0x02
034B  00CD  	MOVWF Wdt_Delay__0003E_arg_delay
034C  204A  	CALL Wdt_Delay__0003E
034D  3033  	MOVLW 0x33
034E  00D2  	MOVWF FCD_LCDDis_0006E_arg_in
034F  01D3  	CLRF FCD_LCDDis_0006E_arg_mask
0350  2055  	CALL FCD_LCDDis_0006E
0351  3002  	MOVLW 0x02
0352  00CD  	MOVWF Wdt_Delay__0003E_arg_delay
0353  204A  	CALL Wdt_Delay__0003E
0354  3032  	MOVLW 0x32
0355  00D2  	MOVWF FCD_LCDDis_0006E_arg_in
0356  01D3  	CLRF FCD_LCDDis_0006E_arg_mask
0357  2055  	CALL FCD_LCDDis_0006E
0358  3002  	MOVLW 0x02
0359  00CD  	MOVWF Wdt_Delay__0003E_arg_delay
035A  204A  	CALL Wdt_Delay__0003E
035B  302C  	MOVLW 0x2C
035C  00D2  	MOVWF FCD_LCDDis_0006E_arg_in
035D  01D3  	CLRF FCD_LCDDis_0006E_arg_mask
035E  2055  	CALL FCD_LCDDis_0006E
035F  3002  	MOVLW 0x02
0360  00CD  	MOVWF Wdt_Delay__0003E_arg_delay
0361  204A  	CALL Wdt_Delay__0003E
0362  3006  	MOVLW 0x06
0363  00D2  	MOVWF FCD_LCDDis_0006E_arg_in
0364  01D3  	CLRF FCD_LCDDis_0006E_arg_mask
0365  2055  	CALL FCD_LCDDis_0006E
0366  3002  	MOVLW 0x02
0367  00CD  	MOVWF Wdt_Delay__0003E_arg_delay
0368  204A  	CALL Wdt_Delay__0003E
0369  300C  	MOVLW 0x0C
036A  00D2  	MOVWF FCD_LCDDis_0006E_arg_in
036B  01D3  	CLRF FCD_LCDDis_0006E_arg_mask
036C  2055  	CALL FCD_LCDDis_0006E
036D  3002  	MOVLW 0x02
036E  00CD  	MOVWF Wdt_Delay__0003E_arg_delay
036F  204A  	CALL Wdt_Delay__0003E
0370  3001  	MOVLW 0x01
0371  00D2  	MOVWF FCD_LCDDis_0006E_arg_in
0372  01D3  	CLRF FCD_LCDDis_0006E_arg_mask
0373  2055  	CALL FCD_LCDDis_0006E
0374  3002  	MOVLW 0x02
0375  00CD  	MOVWF Wdt_Delay__0003E_arg_delay
0376  204A  	CALL Wdt_Delay__0003E
0377  3002  	MOVLW 0x02
0378  00D2  	MOVWF FCD_LCDDis_0006E_arg_in
0379  01D3  	CLRF FCD_LCDDis_0006E_arg_mask
037A  2055  	CALL FCD_LCDDis_0006E
037B  3002  	MOVLW 0x02
037C  00CD  	MOVWF Wdt_Delay__0003E_arg_delay
037D  204A  	CALL Wdt_Delay__0003E
037E  0008  	RETURN
037F        ; } FCD_LCDDisplay0_Start function end

	ORG 0x0000037F
037F        main
037F        ; { main ; function begin
037F  3007  	MOVLW 0x07
0380  1683  	BSF STATUS, RP0
0381  1303  	BCF STATUS, RP1
0382  009F  	MOVWF gbl_adcon1
0383  30C0  	MOVLW 0xC0
0384  0081  	MOVWF gbl_option_reg
0385  30FF  	MOVLW 0xFF
0386  1283  	BCF STATUS, RP0
0387  00C5  	MOVWF gbl_FCV_SPI_MOSI
0388  00C4  	MOVWF gbl_FCV_SPI_MISO
0389  232A  	CALL FCD_LCDDis_0006F
038A  2319  	CALL FCD_LCDDis_00070
038B  30FD  	MOVLW 0xFD
038C  1683  	BSF STATUS, RP0
038D  0507  	ANDWF gbl_trisc, W
038E  0087  	MOVWF gbl_trisc
038F  30FD  	MOVLW 0xFD
0390  1283  	BCF STATUS, RP0
0391  0507  	ANDWF gbl_portc, W
0392  00C8  	MOVWF CompTempVar2246
0393  3002  	MOVLW 0x02
0394  0448  	IORWF CompTempVar2246, W
0395  0087  	MOVWF gbl_portc
0396  30FB  	MOVLW 0xFB
0397  1683  	BSF STATUS, RP0
0398  0507  	ANDWF gbl_trisc, W
0399  0087  	MOVWF gbl_trisc
039A  30FB  	MOVLW 0xFB
039B  1283  	BCF STATUS, RP0
039C  0507  	ANDWF gbl_portc, W
039D  00C8  	MOVWF CompTempVar2247
039E  3004  	MOVLW 0x04
039F  0448  	IORWF CompTempVar2247, W
03A0  0087  	MOVWF gbl_portc
03A1  230E  	CALL FCD_SPI_Le_00063
03A2  01C6  	CLRF gbl_FCLV_LOOP1
03A3        label39
03A3  3001  	MOVLW 0x01
03A4  0246  	SUBWF gbl_FCLV_LOOP1, W
03A5  1803  	BTFSC STATUS,C
03A6  2BAC  	GOTO	label40
03A7  226F  	CALL FCM_radio__0005D
03A8  228E  	CALL FCM_radio__00059
03A9  223C  	CALL FCM_radio__0005E
03AA  0AC6  	INCF gbl_FCLV_LOOP1, F
03AB  2BA3  	GOTO	label39
03AC        label40
03AC  3001  	MOVLW 0x01
03AD  00CF  	MOVWF delay_ms_00000_arg_del
03AE  2010  	CALL delay_ms_00000
03AF        label41
03AF  2222  	CALL FCM_radio__0005F
03B0  3001  	MOVLW 0x01
03B1  00CF  	MOVWF delay_ms_00000_arg_del
03B2  2010  	CALL delay_ms_00000
03B3  22AD  	CALL FCM_print__00053
03B4  2BAF  	GOTO	label41
03B5        ; } main function end

	ORG 0x000003B5
03B5        _startup
03B5  30D5  	MOVLW 0xD5
03B6  1283  	BCF STATUS, RP0
03B7  1303  	BCF STATUS, RP1
03B8  00A0  	MOVWF gbl_14_LSR
03B9  30C4  	MOVLW 0xC4
03BA  00A1  	MOVWF gbl_14_LSR+D'1'
03BB  30BB  	MOVLW 0xBB
03BC  00A2  	MOVWF gbl_14_LSR+D'2'
03BD  30DC  	MOVLW 0xDC
03BE  00A3  	MOVWF gbl_14_LSR+D'3'
03BF  01A4  	CLRF gbl_15_gbl_aSig
03C0  01A5  	CLRF gbl_15_gbl_aSig+D'1'
03C1  01A6  	CLRF gbl_15_gbl_aSig+D'2'
03C2  01A7  	CLRF gbl_15_gbl_aSig+D'3'
03C3  01A8  	CLRF gbl_15_gbl_bSig
03C4  01A9  	CLRF gbl_15_gbl_bSig+D'1'
03C5  01AA  	CLRF gbl_15_gbl_bSig+D'2'
03C6  01AB  	CLRF gbl_15_gbl_bSig+D'3'
03C7  01AC  	CLRF gbl_15_gbl_zSig
03C8  01AD  	CLRF gbl_15_gbl_zSig+D'1'
03C9  01AE  	CLRF gbl_15_gbl_zSig+D'2'
03CA  01AF  	CLRF gbl_15_gbl_zSig+D'3'
03CB  01BC  	CLRF gbl_15_gbl_aExp
03CC  01BD  	CLRF gbl_15_gbl_bExp
03CD  01B7  	CLRF gbl_15_gbl_zExp
03CE  01B8  	CLRF gbl_15_gbl_zExp+D'1'
03CF  01BE  	CLRF gbl_15_gbl_aSign
03D0  01BF  	CLRF gbl_15_gbl_bSign
03D1  01C0  	CLRF gbl_15_gbl_zSign
03D2  01C1  	CLRF gbl_15_gbl_zSigZero
03D3  01B0  	CLRF gbl_15_gbl_ret
03D4  01B1  	CLRF gbl_15_gbl_ret+D'1'
03D5  01B2  	CLRF gbl_15_gbl_ret+D'2'
03D6  01B3  	CLRF gbl_15_gbl_ret+D'3'
03D7  01BA  	CLRF gbl_float_rounding_mode
03D8  01BB  	CLRF gbl_float_exception_flags
03D9  01B9  	CLRF gbl_float_detect_tininess
03DA  1442  	BSF gbl_FCV_DATAIN_BIT,0
03DB  01C3  	CLRF gbl_FCV_CURSORX
03DC  30FF  	MOVLW 0xFF
03DD  00C5  	MOVWF gbl_FCV_SPI_MOSI
03DE  118A  	BCF PCLATH,3
03DF  120A  	BCF PCLATH,4
03E0  2B7F  	GOTO	main
	ORG 0x000003E1
03E1        interrupt
03E1        ; { interrupt ; function begin
03E1  1283  	BCF STATUS, RP0
03E2  1303  	BCF STATUS, RP1
03E3  0E36  	SWAPF Int1BContext+D'2', W
03E4  0084  	MOVWF FSR
03E5  0E35  	SWAPF Int1BContext+D'1', W
03E6  008A  	MOVWF PCLATH
03E7  0E34  	SWAPF Int1BContext, W
03E8  0083  	MOVWF STATUS
03E9  0EFF  	SWAPF Int1Context, F
03EA  0E7F  	SWAPF Int1Context, W
03EB  0009  	RETFIE
03EC        ; } interrupt function end

	ORG 0x00002007
2007  3F3A  	DW 0x3F3A
