;/////////////////////////////////////////////////////////////////////////////////
;// Code Generator: BoostC Compiler - http://www.sourceboost.com
;// Version       : 7.03
;// License Type  : Pro License
;// Limitations   : PIC12,PIC16 max code size:Unlimited, max RAM banks:Unlimited
;/////////////////////////////////////////////////////////////////////////////////

	ORG 0x00000000
0000  2A5B  	GOTO	_startup
	ORG 0x00000004
0004  00FF  	MOVWF Int1Context
0005  0E03  	SWAPF STATUS, W
0006  1283  	BCF STATUS, RP0
0007  1303  	BCF STATUS, RP1
0008  00B4  	MOVWF Int1BContext
0009  0E0A  	SWAPF PCLATH, W
000A  00B5  	MOVWF Int1BContext+D'1'
000B  0E04  	SWAPF FSR, W
000C  00B6  	MOVWF Int1BContext+D'2'
000D  118A  	BCF PCLATH,3
000E  120A  	BCF PCLATH,4
000F  2A87  	GOTO	interrupt
	ORG 0x00000010
0010        delay_us_00000
0010        ; { delay_us ; function begin
0010        label1
0010  0000  	NOP
0011  0000  	NOP
0012  0BC6  	DECFSZ delay_us_00000_arg_del, F
0013  2810  	GOTO	label1
0014  0008  	RETURN
0015        ; } delay_us function end

	ORG 0x00000015
0015        delay_ms_00000
0015        ; { delay_ms ; function begin
0015  08C8  	MOVF delay_ms_00000_arg_del, F
0016  1D03  	BTFSS STATUS,Z
0017  2819  	GOTO	label2
0018  0008  	RETURN
0019        label2
0019  30F9  	MOVLW 0xF9
001A        label3
001A  0000  	NOP
001B  0000  	NOP
001C  0000  	NOP
001D  0000  	NOP
001E  0000  	NOP
001F  0000  	NOP
0020  0000  	NOP
0021  0000  	NOP
0022  0000  	NOP
0023  0000  	NOP
0024  0000  	NOP
0025  0000  	NOP
0026  0000  	NOP
0027  0000  	NOP
0028  0000  	NOP
0029  0000  	NOP
002A  3EFF  	ADDLW 0xFF
002B  1D03  	BTFSS STATUS,Z
002C  281A  	GOTO	label3
002D  0000  	NOP
002E  0000  	NOP
002F  0000  	NOP
0030  0000  	NOP
0031  0000  	NOP
0032  0000  	NOP
0033  0000  	NOP
0034  0000  	NOP
0035  0000  	NOP
0036  0000  	NOP
0037  0000  	NOP
0038  0000  	NOP
0039  0000  	NOP
003A  0000  	NOP
003B  0000  	NOP
003C  0000  	NOP
003D  0000  	NOP
003E  0BC8  	DECFSZ delay_ms_00000_arg_del, F
003F  2819  	GOTO	label2
0040  0008  	RETURN
0041        ; } delay_ms function end

	ORG 0x00000041
0041        delay_10us_00000
0041        ; { delay_10us ; function begin
0041  08C9  	MOVF delay_10us_00000_arg_del, F
0042  1D03  	BTFSS STATUS,Z
0043  2845  	GOTO	label4
0044  0008  	RETURN
0045        label4
0045  3009  	MOVLW 0x09
0046        label5
0046  0000  	NOP
0047  3EFF  	ADDLW 0xFF
0048  1D03  	BTFSS STATUS,Z
0049  2846  	GOTO	label5
004A  0000  	NOP
004B  0000  	NOP
004C  0BC9  	DECFSZ delay_10us_00000_arg_del, F
004D  2845  	GOTO	label4
004E  0008  	RETURN
004F        ; } delay_10us function end

	ORG 0x0000004F
004F        FC_CAL_SPI_00058
004F        ; { FC_CAL_SPI_Master_Byte_1 ; function begin
004F  01C8  	CLRF FC_CAL_SPI_00058_1_retVal
0050  0847  	MOVF FC_CAL_SPI_00058_arg_DataOut, W
0051  0093  	MOVWF gbl_sspbuf
0052        label6
0052  1683  	BSF STATUS, RP0
0053  1C14  	BTFSS gbl_sspstat,0
0054  2852  	GOTO	label6
0055  1283  	BCF STATUS, RP0
0056  0813  	MOVF gbl_sspbuf, W
0057  00C8  	MOVWF FC_CAL_SPI_00058_1_retVal
0058  0848  	MOVF FC_CAL_SPI_00058_1_retVal, W
0059  00C9  	MOVWF CompTempVarRet2194
005A  0008  	RETURN
005B        ; } FC_CAL_SPI_Master_Byte_1 function end

	ORG 0x0000005B
005B        FCD_SPI_Le_00052
005B        ; { FCD_SPI_Legacy0_SPI_Send_Char ; function begin
005B  0846  	MOVF FCD_SPI_Le_00052_arg_Char, W
005C  00C7  	MOVWF FC_CAL_SPI_00058_arg_DataOut
005D  204F  	CALL FC_CAL_SPI_00058
005E  0008  	RETURN
005F        ; } FCD_SPI_Legacy0_SPI_Send_Char function end

	ORG 0x0000005F
005F        Wdt_Delay__0003E
005F        ; { Wdt_Delay_Ms ; function begin
005F  01C7  	CLRF Wdt_Delay__0003E_1_i
0060        label7
0060  0846  	MOVF Wdt_Delay__0003E_arg_delay, W
0061  0247  	SUBWF Wdt_Delay__0003E_1_i, W
0062  1803  	BTFSC STATUS,C
0063  0008  	RETURN
0064  0064  	CLRWDT
0065  3001  	MOVLW 0x01
0066  00C8  	MOVWF delay_ms_00000_arg_del
0067  2015  	CALL delay_ms_00000
0068  0AC7  	INCF Wdt_Delay__0003E_1_i, F
0069  2860  	GOTO	label7
006A        ; } Wdt_Delay_Ms function end

	ORG 0x0000006A
006A        FC_CAL_SPI_00056
006A        ; { FC_CAL_SPI_Master_Init_1 ; function begin
006A  1683  	BSF STATUS, RP0
006B  1303  	BCF STATUS, RP1
006C  1287  	BCF gbl_trisc,5
006D  1283  	BCF STATUS, RP0
006E  1687  	BSF gbl_portc,5
006F  1683  	BSF STATUS, RP0
0070  1607  	BSF gbl_trisc,4
0071  1187  	BCF gbl_trisc,3
0072  1283  	BCF STATUS, RP0
0073  1187  	BCF gbl_portc,3
0074  3001  	MOVLW 0x01
0075  0094  	MOVWF gbl_sspcon
0076  1214  	BCF gbl_sspcon,4
0077  1683  	BSF STATUS, RP0
0078  1714  	BSF gbl_sspstat,6
0079  1794  	BSF gbl_sspstat,7
007A  1283  	BCF STATUS, RP0
007B  1694  	BSF gbl_sspcon,5
007C  0008  	RETURN
007D        ; } FC_CAL_SPI_Master_Init_1 function end

	ORG 0x0000007D
007D        FCM_flush__00053
007D        ; { FCM_flush_tx_rx ; function begin
007D  30FB  	MOVLW 0xFB
007E  1683  	BSF STATUS, RP0
007F  1303  	BCF STATUS, RP1
0080  0507  	ANDWF gbl_trisc, W
0081  0087  	MOVWF gbl_trisc
0082  30FB  	MOVLW 0xFB
0083  1283  	BCF STATUS, RP0
0084  0507  	ANDWF gbl_portc, W
0085  0087  	MOVWF gbl_portc
0086  3008  	MOVLW 0x08
0087  00C6  	MOVWF delay_us_00000_arg_del
0088  2010  	CALL delay_us_00000
0089  30E1  	MOVLW 0xE1
008A  00C3  	MOVWF gbl_FCV_SPI_MOSI
008B  0843  	MOVF gbl_FCV_SPI_MOSI, W
008C  00C6  	MOVWF FCD_SPI_Le_00052_arg_Char
008D  205B  	CALL FCD_SPI_Le_00052
008E  30E2  	MOVLW 0xE2
008F  00C3  	MOVWF gbl_FCV_SPI_MOSI
0090  0843  	MOVF gbl_FCV_SPI_MOSI, W
0091  00C6  	MOVWF FCD_SPI_Le_00052_arg_Char
0092  205B  	CALL FCD_SPI_Le_00052
0093  30FB  	MOVLW 0xFB
0094  1683  	BSF STATUS, RP0
0095  0507  	ANDWF gbl_trisc, W
0096  0087  	MOVWF gbl_trisc
0097  30FB  	MOVLW 0xFB
0098  1283  	BCF STATUS, RP0
0099  0507  	ANDWF gbl_portc, W
009A  00C6  	MOVWF CompTempVar2189
009B  3004  	MOVLW 0x04
009C  0446  	IORWF CompTempVar2189, W
009D  0087  	MOVWF gbl_portc
009E  3008  	MOVLW 0x08
009F  00C6  	MOVWF delay_us_00000_arg_del
00A0  2010  	CALL delay_us_00000
00A1  0008  	RETURN
00A2        ; } FCM_flush_tx_rx function end

	ORG 0x000000A2
00A2        FCD_LCDDis_00065
00A2        ; { FCD_LCDDisplay0_RawSend ; function begin
00A2  1106  	BCF gbl_portb,2
00A3  1186  	BCF gbl_portb,3
00A4  1206  	BCF gbl_portb,4
00A5  1286  	BCF gbl_portb,5
00A6  1006  	BCF gbl_portb,0
00A7  1086  	BCF gbl_portb,1
00A8  0E46  	SWAPF FCD_LCDDis_00065_arg_in, W
00A9  390F  	ANDLW 0x0F
00AA  00C8  	MOVWF FCD_LCDDis_00065_1_pt
00AB  300F  	MOVLW 0x0F
00AC  05C8  	ANDWF FCD_LCDDis_00065_1_pt, F
00AD  1848  	BTFSC FCD_LCDDis_00065_1_pt,0
00AE  1506  	BSF gbl_portb,2
00AF  18C8  	BTFSC FCD_LCDDis_00065_1_pt,1
00B0  1586  	BSF gbl_portb,3
00B1  1948  	BTFSC FCD_LCDDis_00065_1_pt,2
00B2  1606  	BSF gbl_portb,4
00B3  19C8  	BTFSC FCD_LCDDis_00065_1_pt,3
00B4  1686  	BSF gbl_portb,5
00B5  08C7  	MOVF FCD_LCDDis_00065_arg_mask, F
00B6  1D03  	BTFSS STATUS,Z
00B7  1406  	BSF gbl_portb,0
00B8  300A  	MOVLW 0x0A
00B9  00C9  	MOVWF delay_10us_00000_arg_del
00BA  2041  	CALL delay_10us_00000
00BB  1486  	BSF gbl_portb,1
00BC  300A  	MOVLW 0x0A
00BD  00C9  	MOVWF delay_10us_00000_arg_del
00BE  2041  	CALL delay_10us_00000
00BF  1086  	BCF gbl_portb,1
00C0  300F  	MOVLW 0x0F
00C1  0546  	ANDWF FCD_LCDDis_00065_arg_in, W
00C2  00C8  	MOVWF FCD_LCDDis_00065_1_pt
00C3  300A  	MOVLW 0x0A
00C4  00C9  	MOVWF delay_10us_00000_arg_del
00C5  2041  	CALL delay_10us_00000
00C6  1106  	BCF gbl_portb,2
00C7  1186  	BCF gbl_portb,3
00C8  1206  	BCF gbl_portb,4
00C9  1286  	BCF gbl_portb,5
00CA  1006  	BCF gbl_portb,0
00CB  1086  	BCF gbl_portb,1
00CC  1848  	BTFSC FCD_LCDDis_00065_1_pt,0
00CD  1506  	BSF gbl_portb,2
00CE  18C8  	BTFSC FCD_LCDDis_00065_1_pt,1
00CF  1586  	BSF gbl_portb,3
00D0  1948  	BTFSC FCD_LCDDis_00065_1_pt,2
00D1  1606  	BSF gbl_portb,4
00D2  19C8  	BTFSC FCD_LCDDis_00065_1_pt,3
00D3  1686  	BSF gbl_portb,5
00D4  08C7  	MOVF FCD_LCDDis_00065_arg_mask, F
00D5  1D03  	BTFSS STATUS,Z
00D6  1406  	BSF gbl_portb,0
00D7  300A  	MOVLW 0x0A
00D8  00C9  	MOVWF delay_10us_00000_arg_del
00D9  2041  	CALL delay_10us_00000
00DA  1486  	BSF gbl_portb,1
00DB  300A  	MOVLW 0x0A
00DC  00C9  	MOVWF delay_10us_00000_arg_del
00DD  2041  	CALL delay_10us_00000
00DE  1086  	BCF gbl_portb,1
00DF  300A  	MOVLW 0x0A
00E0  00C9  	MOVWF delay_10us_00000_arg_del
00E1  2041  	CALL delay_10us_00000
00E2  0008  	RETURN
00E3        ; } FCD_LCDDisplay0_RawSend function end

	ORG 0x000000E3
00E3        FCM_radio__00054
00E3        ; { FCM_radio_senddata ; function begin
00E3  207D  	CALL FCM_flush__00053
00E4  30FB  	MOVLW 0xFB
00E5  1683  	BSF STATUS, RP0
00E6  0507  	ANDWF gbl_trisc, W
00E7  0087  	MOVWF gbl_trisc
00E8  30FB  	MOVLW 0xFB
00E9  1283  	BCF STATUS, RP0
00EA  0507  	ANDWF gbl_portc, W
00EB  0087  	MOVWF gbl_portc
00EC  3008  	MOVLW 0x08
00ED  00C6  	MOVWF delay_us_00000_arg_del
00EE  2010  	CALL delay_us_00000
00EF  3020  	MOVLW 0x20
00F0  00C3  	MOVWF gbl_FCV_SPI_MOSI
00F1  0843  	MOVF gbl_FCV_SPI_MOSI, W
00F2  00C6  	MOVWF FCD_SPI_Le_00052_arg_Char
00F3  205B  	CALL FCD_SPI_Le_00052
00F4  307A  	MOVLW 0x7A
00F5  00C3  	MOVWF gbl_FCV_SPI_MOSI
00F6  0843  	MOVF gbl_FCV_SPI_MOSI, W
00F7  00C6  	MOVWF FCD_SPI_Le_00052_arg_Char
00F8  205B  	CALL FCD_SPI_Le_00052
00F9  30A0  	MOVLW 0xA0
00FA  00C3  	MOVWF gbl_FCV_SPI_MOSI
00FB  0843  	MOVF gbl_FCV_SPI_MOSI, W
00FC  00C6  	MOVWF FCD_SPI_Le_00052_arg_Char
00FD  205B  	CALL FCD_SPI_Le_00052
00FE  30F0  	MOVLW 0xF0
00FF  00C3  	MOVWF gbl_FCV_SPI_MOSI
0100  0843  	MOVF gbl_FCV_SPI_MOSI, W
0101  00C6  	MOVWF FCD_SPI_Le_00052_arg_Char
0102  205B  	CALL FCD_SPI_Le_00052
0103  30FB  	MOVLW 0xFB
0104  1683  	BSF STATUS, RP0
0105  0507  	ANDWF gbl_trisc, W
0106  0087  	MOVWF gbl_trisc
0107  30FB  	MOVLW 0xFB
0108  1283  	BCF STATUS, RP0
0109  0507  	ANDWF gbl_portc, W
010A  00C6  	MOVWF CompTempVar2190
010B  3004  	MOVLW 0x04
010C  0446  	IORWF CompTempVar2190, W
010D  0087  	MOVWF gbl_portc
010E  3008  	MOVLW 0x08
010F  00C6  	MOVWF delay_us_00000_arg_del
0110  2010  	CALL delay_us_00000
0111  30FD  	MOVLW 0xFD
0112  1683  	BSF STATUS, RP0
0113  0507  	ANDWF gbl_trisc, W
0114  0087  	MOVWF gbl_trisc
0115  30FD  	MOVLW 0xFD
0116  1283  	BCF STATUS, RP0
0117  0507  	ANDWF gbl_portc, W
0118  00C6  	MOVWF CompTempVar2191
0119  3002  	MOVLW 0x02
011A  0446  	IORWF CompTempVar2191, W
011B  0087  	MOVWF gbl_portc
011C  303C  	MOVLW 0x3C
011D  00C6  	MOVWF delay_us_00000_arg_del
011E  2010  	CALL delay_us_00000
011F  30FD  	MOVLW 0xFD
0120  1683  	BSF STATUS, RP0
0121  0507  	ANDWF gbl_trisc, W
0122  0087  	MOVWF gbl_trisc
0123  30FD  	MOVLW 0xFD
0124  1283  	BCF STATUS, RP0
0125  0507  	ANDWF gbl_portc, W
0126  0087  	MOVWF gbl_portc
0127  30FB  	MOVLW 0xFB
0128  1683  	BSF STATUS, RP0
0129  0507  	ANDWF gbl_trisc, W
012A  0087  	MOVWF gbl_trisc
012B  30FB  	MOVLW 0xFB
012C  1283  	BCF STATUS, RP0
012D  0507  	ANDWF gbl_portc, W
012E  0087  	MOVWF gbl_portc
012F  3008  	MOVLW 0x08
0130  00C6  	MOVWF delay_us_00000_arg_del
0131  2010  	CALL delay_us_00000
0132  3020  	MOVLW 0x20
0133  00C3  	MOVWF gbl_FCV_SPI_MOSI
0134  0843  	MOVF gbl_FCV_SPI_MOSI, W
0135  00C6  	MOVWF FCD_SPI_Le_00052_arg_Char
0136  205B  	CALL FCD_SPI_Le_00052
0137  3038  	MOVLW 0x38
0138  00C3  	MOVWF gbl_FCV_SPI_MOSI
0139  0843  	MOVF gbl_FCV_SPI_MOSI, W
013A  00C6  	MOVWF FCD_SPI_Le_00052_arg_Char
013B  205B  	CALL FCD_SPI_Le_00052
013C  30FB  	MOVLW 0xFB
013D  1683  	BSF STATUS, RP0
013E  0507  	ANDWF gbl_trisc, W
013F  0087  	MOVWF gbl_trisc
0140  30FB  	MOVLW 0xFB
0141  1283  	BCF STATUS, RP0
0142  0507  	ANDWF gbl_portc, W
0143  00C6  	MOVWF CompTempVar2192
0144  3004  	MOVLW 0x04
0145  0446  	IORWF CompTempVar2192, W
0146  0087  	MOVWF gbl_portc
0147  3008  	MOVLW 0x08
0148  00C6  	MOVWF delay_us_00000_arg_del
0149  2010  	CALL delay_us_00000
014A  0008  	RETURN
014B        ; } FCM_radio_senddata function end

	ORG 0x0000014B
014B        FCM_radio__00051
014B        ; { FCM_radio_tx_init ; function begin
014B  30FD  	MOVLW 0xFD
014C  1683  	BSF STATUS, RP0
014D  1303  	BCF STATUS, RP1
014E  0507  	ANDWF gbl_trisc, W
014F  0087  	MOVWF gbl_trisc
0150  30FD  	MOVLW 0xFD
0151  1283  	BCF STATUS, RP0
0152  0507  	ANDWF gbl_portc, W
0153  0087  	MOVWF gbl_portc
0154  30FB  	MOVLW 0xFB
0155  1683  	BSF STATUS, RP0
0156  0507  	ANDWF gbl_trisc, W
0157  0087  	MOVWF gbl_trisc
0158  30FB  	MOVLW 0xFB
0159  1283  	BCF STATUS, RP0
015A  0507  	ANDWF gbl_portc, W
015B  0087  	MOVWF gbl_portc
015C  3008  	MOVLW 0x08
015D  00C6  	MOVWF delay_us_00000_arg_del
015E  2010  	CALL delay_us_00000
015F  3024  	MOVLW 0x24
0160  00C3  	MOVWF gbl_FCV_SPI_MOSI
0161  0843  	MOVF gbl_FCV_SPI_MOSI, W
0162  00C6  	MOVWF FCD_SPI_Le_00052_arg_Char
0163  205B  	CALL FCD_SPI_Le_00052
0164  01C3  	CLRF gbl_FCV_SPI_MOSI
0165  0843  	MOVF gbl_FCV_SPI_MOSI, W
0166  00C6  	MOVWF FCD_SPI_Le_00052_arg_Char
0167  205B  	CALL FCD_SPI_Le_00052
0168  3023  	MOVLW 0x23
0169  00C3  	MOVWF gbl_FCV_SPI_MOSI
016A  0843  	MOVF gbl_FCV_SPI_MOSI, W
016B  00C6  	MOVWF FCD_SPI_Le_00052_arg_Char
016C  205B  	CALL FCD_SPI_Le_00052
016D  3003  	MOVLW 0x03
016E  00C3  	MOVWF gbl_FCV_SPI_MOSI
016F  0843  	MOVF gbl_FCV_SPI_MOSI, W
0170  00C6  	MOVWF FCD_SPI_Le_00052_arg_Char
0171  205B  	CALL FCD_SPI_Le_00052
0172  3026  	MOVLW 0x26
0173  00C3  	MOVWF gbl_FCV_SPI_MOSI
0174  0843  	MOVF gbl_FCV_SPI_MOSI, W
0175  00C6  	MOVWF FCD_SPI_Le_00052_arg_Char
0176  205B  	CALL FCD_SPI_Le_00052
0177  300E  	MOVLW 0x0E
0178  00C3  	MOVWF gbl_FCV_SPI_MOSI
0179  0843  	MOVF gbl_FCV_SPI_MOSI, W
017A  00C6  	MOVWF FCD_SPI_Le_00052_arg_Char
017B  205B  	CALL FCD_SPI_Le_00052
017C  3025  	MOVLW 0x25
017D  00C3  	MOVWF gbl_FCV_SPI_MOSI
017E  0843  	MOVF gbl_FCV_SPI_MOSI, W
017F  00C6  	MOVWF FCD_SPI_Le_00052_arg_Char
0180  205B  	CALL FCD_SPI_Le_00052
0181  3009  	MOVLW 0x09
0182  00C3  	MOVWF gbl_FCV_SPI_MOSI
0183  0843  	MOVF gbl_FCV_SPI_MOSI, W
0184  00C6  	MOVWF FCD_SPI_Le_00052_arg_Char
0185  205B  	CALL FCD_SPI_Le_00052
0186  3021  	MOVLW 0x21
0187  00C3  	MOVWF gbl_FCV_SPI_MOSI
0188  0843  	MOVF gbl_FCV_SPI_MOSI, W
0189  00C6  	MOVWF FCD_SPI_Le_00052_arg_Char
018A  205B  	CALL FCD_SPI_Le_00052
018B  01C3  	CLRF gbl_FCV_SPI_MOSI
018C  0843  	MOVF gbl_FCV_SPI_MOSI, W
018D  00C6  	MOVWF FCD_SPI_Le_00052_arg_Char
018E  205B  	CALL FCD_SPI_Le_00052
018F  3020  	MOVLW 0x20
0190  00C3  	MOVWF gbl_FCV_SPI_MOSI
0191  0843  	MOVF gbl_FCV_SPI_MOSI, W
0192  00C6  	MOVWF FCD_SPI_Le_00052_arg_Char
0193  205B  	CALL FCD_SPI_Le_00052
0194  3078  	MOVLW 0x78
0195  00C3  	MOVWF gbl_FCV_SPI_MOSI
0196  0843  	MOVF gbl_FCV_SPI_MOSI, W
0197  00C6  	MOVWF FCD_SPI_Le_00052_arg_Char
0198  205B  	CALL FCD_SPI_Le_00052
0199  3030  	MOVLW 0x30
019A  00C3  	MOVWF gbl_FCV_SPI_MOSI
019B  0843  	MOVF gbl_FCV_SPI_MOSI, W
019C  00C6  	MOVWF FCD_SPI_Le_00052_arg_Char
019D  205B  	CALL FCD_SPI_Le_00052
019E  01C4  	CLRF gbl_FCLV_LOOP1
019F        label8
019F  3005  	MOVLW 0x05
01A0  0244  	SUBWF gbl_FCLV_LOOP1, W
01A1  1803  	BTFSC STATUS,C
01A2  29AA  	GOTO	label9
01A3  3099  	MOVLW 0x99
01A4  00C3  	MOVWF gbl_FCV_SPI_MOSI
01A5  0843  	MOVF gbl_FCV_SPI_MOSI, W
01A6  00C6  	MOVWF FCD_SPI_Le_00052_arg_Char
01A7  205B  	CALL FCD_SPI_Le_00052
01A8  0AC4  	INCF gbl_FCLV_LOOP1, F
01A9  299F  	GOTO	label8
01AA        label9
01AA  302A  	MOVLW 0x2A
01AB  00C3  	MOVWF gbl_FCV_SPI_MOSI
01AC  0843  	MOVF gbl_FCV_SPI_MOSI, W
01AD  00C6  	MOVWF FCD_SPI_Le_00052_arg_Char
01AE  205B  	CALL FCD_SPI_Le_00052
01AF  01C5  	CLRF gbl_FCLV_LOOP2
01B0        label10
01B0  3005  	MOVLW 0x05
01B1  0245  	SUBWF gbl_FCLV_LOOP2, W
01B2  1803  	BTFSC STATUS,C
01B3  29BB  	GOTO	label11
01B4  3099  	MOVLW 0x99
01B5  00C3  	MOVWF gbl_FCV_SPI_MOSI
01B6  0843  	MOVF gbl_FCV_SPI_MOSI, W
01B7  00C6  	MOVWF FCD_SPI_Le_00052_arg_Char
01B8  205B  	CALL FCD_SPI_Le_00052
01B9  0AC5  	INCF gbl_FCLV_LOOP2, F
01BA  29B0  	GOTO	label10
01BB        label11
01BB  30FB  	MOVLW 0xFB
01BC  1683  	BSF STATUS, RP0
01BD  0507  	ANDWF gbl_trisc, W
01BE  0087  	MOVWF gbl_trisc
01BF  30FB  	MOVLW 0xFB
01C0  1283  	BCF STATUS, RP0
01C1  0507  	ANDWF gbl_portc, W
01C2  00C6  	MOVWF CompTempVar2188
01C3  3004  	MOVLW 0x04
01C4  0446  	IORWF CompTempVar2188, W
01C5  0087  	MOVWF gbl_portc
01C6  3008  	MOVLW 0x08
01C7  00C6  	MOVWF delay_us_00000_arg_del
01C8  2010  	CALL delay_us_00000
01C9  207D  	CALL FCM_flush__00053
01CA  0008  	RETURN
01CB        ; } FCM_radio_tx_init function end

	ORG 0x000001CB
01CB        FCD_SPI_Le_00059
01CB        ; { FCD_SPI_Legacy0_SPI_Init ; function begin
01CB  1683  	BSF STATUS, RP0
01CC  1303  	BCF STATUS, RP1
01CD  1005  	BCF gbl_trisa,0
01CE  1283  	BCF STATUS, RP0
01CF  1405  	BSF gbl_porta,0
01D0  1683  	BSF STATUS, RP0
01D1  1005  	BCF gbl_trisa,0
01D2  1283  	BCF STATUS, RP0
01D3  1405  	BSF gbl_porta,0
01D4  206A  	CALL FC_CAL_SPI_00056
01D5  0008  	RETURN
01D6        ; } FCD_SPI_Legacy0_SPI_Init function end

	ORG 0x000001D6
01D6        FCD_LCDDis_00067
01D6        ; { FCD_LCDDisplay0_Clear ; function begin
01D6  3001  	MOVLW 0x01
01D7  1283  	BCF STATUS, RP0
01D8  1303  	BCF STATUS, RP1
01D9  00C6  	MOVWF FCD_LCDDis_00065_arg_in
01DA  01C7  	CLRF FCD_LCDDis_00065_arg_mask
01DB  20A2  	CALL FCD_LCDDis_00065
01DC  3002  	MOVLW 0x02
01DD  00C6  	MOVWF Wdt_Delay__0003E_arg_delay
01DE  205F  	CALL Wdt_Delay__0003E
01DF  3002  	MOVLW 0x02
01E0  00C6  	MOVWF FCD_LCDDis_00065_arg_in
01E1  01C7  	CLRF FCD_LCDDis_00065_arg_mask
01E2  20A2  	CALL FCD_LCDDis_00065
01E3  3002  	MOVLW 0x02
01E4  00C6  	MOVWF Wdt_Delay__0003E_arg_delay
01E5  205F  	CALL Wdt_Delay__0003E
01E6  0008  	RETURN
01E7        ; } FCD_LCDDisplay0_Clear function end

	ORG 0x000001E7
01E7        FCD_LCDDis_00066
01E7        ; { FCD_LCDDisplay0_Start ; function begin
01E7  1683  	BSF STATUS, RP0
01E8  1303  	BCF STATUS, RP1
01E9  1106  	BCF gbl_trisb,2
01EA  1283  	BCF STATUS, RP0
01EB  1106  	BCF gbl_portb,2
01EC  1683  	BSF STATUS, RP0
01ED  1186  	BCF gbl_trisb,3
01EE  1283  	BCF STATUS, RP0
01EF  1186  	BCF gbl_portb,3
01F0  1683  	BSF STATUS, RP0
01F1  1206  	BCF gbl_trisb,4
01F2  1283  	BCF STATUS, RP0
01F3  1206  	BCF gbl_portb,4
01F4  1683  	BSF STATUS, RP0
01F5  1286  	BCF gbl_trisb,5
01F6  1283  	BCF STATUS, RP0
01F7  1286  	BCF gbl_portb,5
01F8  1683  	BSF STATUS, RP0
01F9  1006  	BCF gbl_trisb,0
01FA  1283  	BCF STATUS, RP0
01FB  1006  	BCF gbl_portb,0
01FC  1683  	BSF STATUS, RP0
01FD  1086  	BCF gbl_trisb,1
01FE  1283  	BCF STATUS, RP0
01FF  1086  	BCF gbl_portb,1
0200  300C  	MOVLW 0x0C
0201  00C6  	MOVWF Wdt_Delay__0003E_arg_delay
0202  205F  	CALL Wdt_Delay__0003E
0203  3033  	MOVLW 0x33
0204  00C6  	MOVWF FCD_LCDDis_00065_arg_in
0205  01C7  	CLRF FCD_LCDDis_00065_arg_mask
0206  20A2  	CALL FCD_LCDDis_00065
0207  3002  	MOVLW 0x02
0208  00C6  	MOVWF Wdt_Delay__0003E_arg_delay
0209  205F  	CALL Wdt_Delay__0003E
020A  3033  	MOVLW 0x33
020B  00C6  	MOVWF FCD_LCDDis_00065_arg_in
020C  01C7  	CLRF FCD_LCDDis_00065_arg_mask
020D  20A2  	CALL FCD_LCDDis_00065
020E  3002  	MOVLW 0x02
020F  00C6  	MOVWF Wdt_Delay__0003E_arg_delay
0210  205F  	CALL Wdt_Delay__0003E
0211  3032  	MOVLW 0x32
0212  00C6  	MOVWF FCD_LCDDis_00065_arg_in
0213  01C7  	CLRF FCD_LCDDis_00065_arg_mask
0214  20A2  	CALL FCD_LCDDis_00065
0215  3002  	MOVLW 0x02
0216  00C6  	MOVWF Wdt_Delay__0003E_arg_delay
0217  205F  	CALL Wdt_Delay__0003E
0218  302C  	MOVLW 0x2C
0219  00C6  	MOVWF FCD_LCDDis_00065_arg_in
021A  01C7  	CLRF FCD_LCDDis_00065_arg_mask
021B  20A2  	CALL FCD_LCDDis_00065
021C  3002  	MOVLW 0x02
021D  00C6  	MOVWF Wdt_Delay__0003E_arg_delay
021E  205F  	CALL Wdt_Delay__0003E
021F  3006  	MOVLW 0x06
0220  00C6  	MOVWF FCD_LCDDis_00065_arg_in
0221  01C7  	CLRF FCD_LCDDis_00065_arg_mask
0222  20A2  	CALL FCD_LCDDis_00065
0223  3002  	MOVLW 0x02
0224  00C6  	MOVWF Wdt_Delay__0003E_arg_delay
0225  205F  	CALL Wdt_Delay__0003E
0226  300C  	MOVLW 0x0C
0227  00C6  	MOVWF FCD_LCDDis_00065_arg_in
0228  01C7  	CLRF FCD_LCDDis_00065_arg_mask
0229  20A2  	CALL FCD_LCDDis_00065
022A  3002  	MOVLW 0x02
022B  00C6  	MOVWF Wdt_Delay__0003E_arg_delay
022C  205F  	CALL Wdt_Delay__0003E
022D  3001  	MOVLW 0x01
022E  00C6  	MOVWF FCD_LCDDis_00065_arg_in
022F  01C7  	CLRF FCD_LCDDis_00065_arg_mask
0230  20A2  	CALL FCD_LCDDis_00065
0231  3002  	MOVLW 0x02
0232  00C6  	MOVWF Wdt_Delay__0003E_arg_delay
0233  205F  	CALL Wdt_Delay__0003E
0234  3002  	MOVLW 0x02
0235  00C6  	MOVWF FCD_LCDDis_00065_arg_in
0236  01C7  	CLRF FCD_LCDDis_00065_arg_mask
0237  20A2  	CALL FCD_LCDDis_00065
0238  3002  	MOVLW 0x02
0239  00C6  	MOVWF Wdt_Delay__0003E_arg_delay
023A  205F  	CALL Wdt_Delay__0003E
023B  0008  	RETURN
023C        ; } FCD_LCDDisplay0_Start function end

	ORG 0x0000023C
023C        main
023C        ; { main ; function begin
023C  3007  	MOVLW 0x07
023D  1683  	BSF STATUS, RP0
023E  1303  	BCF STATUS, RP1
023F  009F  	MOVWF gbl_adcon1
0240  30C0  	MOVLW 0xC0
0241  0081  	MOVWF gbl_option_reg
0242  21E7  	CALL FCD_LCDDis_00066
0243  21D6  	CALL FCD_LCDDis_00067
0244  21CB  	CALL FCD_SPI_Le_00059
0245  30FD  	MOVLW 0xFD
0246  1683  	BSF STATUS, RP0
0247  0507  	ANDWF gbl_trisc, W
0248  0087  	MOVWF gbl_trisc
0249  30FD  	MOVLW 0xFD
024A  1283  	BCF STATUS, RP0
024B  0507  	ANDWF gbl_portc, W
024C  0087  	MOVWF gbl_portc
024D  30FB  	MOVLW 0xFB
024E  1683  	BSF STATUS, RP0
024F  0507  	ANDWF gbl_trisc, W
0250  0087  	MOVWF gbl_trisc
0251  30FB  	MOVLW 0xFB
0252  1283  	BCF STATUS, RP0
0253  0507  	ANDWF gbl_portc, W
0254  00C6  	MOVWF CompTempVar2236
0255  3004  	MOVLW 0x04
0256  0446  	IORWF CompTempVar2236, W
0257  0087  	MOVWF gbl_portc
0258  214B  	CALL FCM_radio__00051
0259        label12
0259  20E3  	CALL FCM_radio__00054
025A  2A59  	GOTO	label12
025B        ; } main function end

	ORG 0x0000025B
025B        _startup
025B  30D5  	MOVLW 0xD5
025C  1283  	BCF STATUS, RP0
025D  1303  	BCF STATUS, RP1
025E  00A0  	MOVWF gbl_14_LSR
025F  30C4  	MOVLW 0xC4
0260  00A1  	MOVWF gbl_14_LSR+D'1'
0261  30BB  	MOVLW 0xBB
0262  00A2  	MOVWF gbl_14_LSR+D'2'
0263  30DC  	MOVLW 0xDC
0264  00A3  	MOVWF gbl_14_LSR+D'3'
0265  01A4  	CLRF gbl_15_gbl_aSig
0266  01A5  	CLRF gbl_15_gbl_aSig+D'1'
0267  01A6  	CLRF gbl_15_gbl_aSig+D'2'
0268  01A7  	CLRF gbl_15_gbl_aSig+D'3'
0269  01A8  	CLRF gbl_15_gbl_bSig
026A  01A9  	CLRF gbl_15_gbl_bSig+D'1'
026B  01AA  	CLRF gbl_15_gbl_bSig+D'2'
026C  01AB  	CLRF gbl_15_gbl_bSig+D'3'
026D  01AC  	CLRF gbl_15_gbl_zSig
026E  01AD  	CLRF gbl_15_gbl_zSig+D'1'
026F  01AE  	CLRF gbl_15_gbl_zSig+D'2'
0270  01AF  	CLRF gbl_15_gbl_zSig+D'3'
0271  01BC  	CLRF gbl_15_gbl_aExp
0272  01BD  	CLRF gbl_15_gbl_bExp
0273  01B7  	CLRF gbl_15_gbl_zExp
0274  01B8  	CLRF gbl_15_gbl_zExp+D'1'
0275  01BE  	CLRF gbl_15_gbl_aSign
0276  01BF  	CLRF gbl_15_gbl_bSign
0277  01C0  	CLRF gbl_15_gbl_zSign
0278  01C1  	CLRF gbl_15_gbl_zSigZero
0279  01B0  	CLRF gbl_15_gbl_ret
027A  01B1  	CLRF gbl_15_gbl_ret+D'1'
027B  01B2  	CLRF gbl_15_gbl_ret+D'2'
027C  01B3  	CLRF gbl_15_gbl_ret+D'3'
027D  01BA  	CLRF gbl_float_rounding_mode
027E  01BB  	CLRF gbl_float_exception_flags
027F  01B9  	CLRF gbl_float_detect_tininess
0280  30FF  	MOVLW 0xFF
0281  00C2  	MOVWF gbl_FCV_SPI_MISO
0282  30FF  	MOVLW 0xFF
0283  00C3  	MOVWF gbl_FCV_SPI_MOSI
0284  118A  	BCF PCLATH,3
0285  120A  	BCF PCLATH,4
0286  2A3C  	GOTO	main
	ORG 0x00000287
0287        interrupt
0287        ; { interrupt ; function begin
0287  1283  	BCF STATUS, RP0
0288  1303  	BCF STATUS, RP1
0289  0E36  	SWAPF Int1BContext+D'2', W
028A  0084  	MOVWF FSR
028B  0E35  	SWAPF Int1BContext+D'1', W
028C  008A  	MOVWF PCLATH
028D  0E34  	SWAPF Int1BContext, W
028E  0083  	MOVWF STATUS
028F  0EFF  	SWAPF Int1Context, F
0290  0E7F  	SWAPF Int1Context, W
0291  0009  	RETFIE
0292        ; } interrupt function end

	ORG 0x00002007
2007  3F3A  	DW 0x3F3A
