Warning[205] C:\USERS\GERPE\ONEDRIVE\GER-PER 2016\DOCUMENTS\KENNYNEUTRON\HUB6\RGMODULE_RTCPROJ\20191122_RGMODULE_RTCV1.ASM 30 : Found directive in column 1. (CONFIG)
Warning[205] C:\USERS\GERPE\ONEDRIVE\GER-PER 2016\DOCUMENTS\KENNYNEUTRON\HUB6\RGMODULE_RTCPROJ\20191122_RGMODULE_RTCV1.ASM 31 : Found directive in column 1. (CONFIG)
Warning[205] C:\USERS\GERPE\ONEDRIVE\GER-PER 2016\DOCUMENTS\KENNYNEUTRON\HUB6\RGMODULE_RTCPROJ\20191122_RGMODULE_RTCV1.ASM 32 : Found directive in column 1. (CONFIG)
Warning[205] C:\USERS\GERPE\ONEDRIVE\GER-PER 2016\DOCUMENTS\KENNYNEUTRON\HUB6\RGMODULE_RTCPROJ\20191122_RGMODULE_RTCV1.ASM 33 : Found directive in column 1. (CONFIG)
Warning[205] C:\USERS\GERPE\ONEDRIVE\GER-PER 2016\DOCUMENTS\KENNYNEUTRON\HUB6\RGMODULE_RTCPROJ\20191122_RGMODULE_RTCV1.ASM 34 : Found directive in column 1. (CONFIG)
Warning[205] C:\USERS\GERPE\ONEDRIVE\GER-PER 2016\DOCUMENTS\KENNYNEUTRON\HUB6\RGMODULE_RTCPROJ\20191122_RGMODULE_RTCV1.ASM 35 : Found directive in column 1. (CONFIG)
Warning[205] C:\USERS\GERPE\ONEDRIVE\GER-PER 2016\DOCUMENTS\KENNYNEUTRON\HUB6\RGMODULE_RTCPROJ\20191122_RGMODULE_RTCV1.ASM 36 : Found directive in column 1. (CONFIG)
Warning[205] C:\USERS\GERPE\ONEDRIVE\GER-PER 2016\DOCUMENTS\KENNYNEUTRON\HUB6\RGMODULE_RTCPROJ\20191122_RGMODULE_RTCV1.ASM 37 : Found directive in column 1. (CONFIG)
Warning[205] C:\USERS\GERPE\ONEDRIVE\GER-PER 2016\DOCUMENTS\KENNYNEUTRON\HUB6\RGMODULE_RTCPROJ\20191122_RGMODULE_RTCV1.ASM 38 : Found directive in column 1. (CONFIG)
Warning[205] C:\USERS\GERPE\ONEDRIVE\GER-PER 2016\DOCUMENTS\KENNYNEUTRON\HUB6\RGMODULE_RTCPROJ\20191122_RGMODULE_RTCV1.ASM 39 : Found directive in column 1. (CONFIG)
Warning[205] C:\USERS\GERPE\ONEDRIVE\GER-PER 2016\DOCUMENTS\KENNYNEUTRON\HUB6\RGMODULE_RTCPROJ\20191122_RGMODULE_RTCV1.ASM 40 : Found directive in column 1. (CONFIG)
Warning[205] C:\USERS\GERPE\ONEDRIVE\GER-PER 2016\DOCUMENTS\KENNYNEUTRON\HUB6\RGMODULE_RTCPROJ\20191122_RGMODULE_RTCV1.ASM 41 : Found directive in column 1. (CONFIG)
Warning[205] C:\USERS\GERPE\ONEDRIVE\GER-PER 2016\DOCUMENTS\KENNYNEUTRON\HUB6\RGMODULE_RTCPROJ\20191122_RGMODULE_RTCV1.ASM 42 : Found directive in column 1. (CONFIG)
Warning[205] C:\USERS\GERPE\ONEDRIVE\GER-PER 2016\DOCUMENTS\KENNYNEUTRON\HUB6\RGMODULE_RTCPROJ\20191122_RGMODULE_RTCV1.ASM 45 : Found directive in column 1. (CONFIG)
Warning[203] C:\USERS\GERPE\ONEDRIVE\GER-PER 2016\DOCUMENTS\KENNYNEUTRON\HUB6\RGMODULE_RTCPROJ\20191122_RGMODULE_RTCV1.ASM 204 : Found opcode in column 1. (CLRF)
Warning[203] C:\USERS\GERPE\ONEDRIVE\GER-PER 2016\DOCUMENTS\KENNYNEUTRON\HUB6\RGMODULE_RTCPROJ\20191122_RGMODULE_RTCV1.ASM 207 : Found opcode in column 1. (CLRF)
Warning[203] C:\USERS\GERPE\ONEDRIVE\GER-PER 2016\DOCUMENTS\KENNYNEUTRON\HUB6\RGMODULE_RTCPROJ\20191122_RGMODULE_RTCV1.ASM 210 : Found opcode in column 1. (MOVLW)
Warning[203] C:\USERS\GERPE\ONEDRIVE\GER-PER 2016\DOCUMENTS\KENNYNEUTRON\HUB6\RGMODULE_RTCPROJ\20191122_RGMODULE_RTCV1.ASM 211 : Found opcode in column 1. (MOVWF)
Warning[203] C:\USERS\GERPE\ONEDRIVE\GER-PER 2016\DOCUMENTS\KENNYNEUTRON\HUB6\RGMODULE_RTCPROJ\20191122_RGMODULE_RTCV1.ASM 212 : Found opcode in column 1. (MOVWF)
Warning[203] C:\USERS\GERPE\ONEDRIVE\GER-PER 2016\DOCUMENTS\KENNYNEUTRON\HUB6\RGMODULE_RTCPROJ\20191122_RGMODULE_RTCV1.ASM 213 : Found opcode in column 1. (MOVWF)
Warning[203] C:\USERS\GERPE\ONEDRIVE\GER-PER 2016\DOCUMENTS\KENNYNEUTRON\HUB6\RGMODULE_RTCPROJ\20191122_RGMODULE_RTCV1.ASM 214 : Found opcode in column 1. (MOVLW)
Warning[203] C:\USERS\GERPE\ONEDRIVE\GER-PER 2016\DOCUMENTS\KENNYNEUTRON\HUB6\RGMODULE_RTCPROJ\20191122_RGMODULE_RTCV1.ASM 217 : Found opcode in column 1. (MOVWF)
Warning[203] C:\USERS\GERPE\ONEDRIVE\GER-PER 2016\DOCUMENTS\KENNYNEUTRON\HUB6\RGMODULE_RTCPROJ\20191122_RGMODULE_RTCV1.ASM 223 : Found opcode in column 1. (CLRF)
Warning[203] C:\USERS\GERPE\ONEDRIVE\GER-PER 2016\DOCUMENTS\KENNYNEUTRON\HUB6\RGMODULE_RTCPROJ\20191122_RGMODULE_RTCV1.ASM 226 : Found opcode in column 1. (CLRF)
Warning[203] C:\USERS\GERPE\ONEDRIVE\GER-PER 2016\DOCUMENTS\KENNYNEUTRON\HUB6\RGMODULE_RTCPROJ\20191122_RGMODULE_RTCV1.ASM 229 : Found opcode in column 1. (MOVLW)
Warning[203] C:\USERS\GERPE\ONEDRIVE\GER-PER 2016\DOCUMENTS\KENNYNEUTRON\HUB6\RGMODULE_RTCPROJ\20191122_RGMODULE_RTCV1.ASM 230 : Found opcode in column 1. (MOVWF)
Warning[203] C:\USERS\GERPE\ONEDRIVE\GER-PER 2016\DOCUMENTS\KENNYNEUTRON\HUB6\RGMODULE_RTCPROJ\20191122_RGMODULE_RTCV1.ASM 233 : Found opcode in column 1. (MOVLW)
Warning[203] C:\USERS\GERPE\ONEDRIVE\GER-PER 2016\DOCUMENTS\KENNYNEUTRON\HUB6\RGMODULE_RTCPROJ\20191122_RGMODULE_RTCV1.ASM 236 : Found opcode in column 1. (MOVWF)
Warning[203] C:\USERS\GERPE\ONEDRIVE\GER-PER 2016\DOCUMENTS\KENNYNEUTRON\HUB6\RGMODULE_RTCPROJ\20191122_RGMODULE_RTCV1.ASM 242 : Found opcode in column 1. (CLRF)
Warning[203] C:\USERS\GERPE\ONEDRIVE\GER-PER 2016\DOCUMENTS\KENNYNEUTRON\HUB6\RGMODULE_RTCPROJ\20191122_RGMODULE_RTCV1.ASM 243 : Found opcode in column 1. (CLRF)
Warning[203] C:\USERS\GERPE\ONEDRIVE\GER-PER 2016\DOCUMENTS\KENNYNEUTRON\HUB6\RGMODULE_RTCPROJ\20191122_RGMODULE_RTCV1.ASM 244 : Found opcode in column 1. (MOVLW)
Warning[203] C:\USERS\GERPE\ONEDRIVE\GER-PER 2016\DOCUMENTS\KENNYNEUTRON\HUB6\RGMODULE_RTCPROJ\20191122_RGMODULE_RTCV1.ASM 245 : Found opcode in column 1. (MOVWF)
Warning[203] C:\USERS\GERPE\ONEDRIVE\GER-PER 2016\DOCUMENTS\KENNYNEUTRON\HUB6\RGMODULE_RTCPROJ\20191122_RGMODULE_RTCV1.ASM 260 : Found opcode in column 1. (CLRF)
Warning[203] C:\USERS\GERPE\ONEDRIVE\GER-PER 2016\DOCUMENTS\KENNYNEUTRON\HUB6\RGMODULE_RTCPROJ\20191122_RGMODULE_RTCV1.ASM 263 : Found opcode in column 1. (CLRF)
Warning[203] C:\USERS\GERPE\ONEDRIVE\GER-PER 2016\DOCUMENTS\KENNYNEUTRON\HUB6\RGMODULE_RTCPROJ\20191122_RGMODULE_RTCV1.ASM 266 : Found opcode in column 1. (MOVLW)
Warning[203] C:\USERS\GERPE\ONEDRIVE\GER-PER 2016\DOCUMENTS\KENNYNEUTRON\HUB6\RGMODULE_RTCPROJ\20191122_RGMODULE_RTCV1.ASM 269 : Found opcode in column 1. (MOVWF)
Warning[203] C:\USERS\GERPE\ONEDRIVE\GER-PER 2016\DOCUMENTS\KENNYNEUTRON\HUB6\RGMODULE_RTCPROJ\20191122_RGMODULE_RTCV1.ASM 275 : Found opcode in column 1. (CLRF)
Warning[203] C:\USERS\GERPE\ONEDRIVE\GER-PER 2016\DOCUMENTS\KENNYNEUTRON\HUB6\RGMODULE_RTCPROJ\20191122_RGMODULE_RTCV1.ASM 278 : Found opcode in column 1. (CLRF)
Warning[203] C:\USERS\GERPE\ONEDRIVE\GER-PER 2016\DOCUMENTS\KENNYNEUTRON\HUB6\RGMODULE_RTCPROJ\20191122_RGMODULE_RTCV1.ASM 281 : Found opcode in column 1. (MOVLW)
Warning[203] C:\USERS\GERPE\ONEDRIVE\GER-PER 2016\DOCUMENTS\KENNYNEUTRON\HUB6\RGMODULE_RTCPROJ\20191122_RGMODULE_RTCV1.ASM 282 : Found opcode in column 1. (MOVWF)
Warning[203] C:\USERS\GERPE\ONEDRIVE\GER-PER 2016\DOCUMENTS\KENNYNEUTRON\HUB6\RGMODULE_RTCPROJ\20191122_RGMODULE_RTCV1.ASM 283 : Found opcode in column 1. (MOVLW)
Warning[203] C:\USERS\GERPE\ONEDRIVE\GER-PER 2016\DOCUMENTS\KENNYNEUTRON\HUB6\RGMODULE_RTCPROJ\20191122_RGMODULE_RTCV1.ASM 286 : Found opcode in column 1. (MOVWF)
Warning[203] C:\USERS\GERPE\ONEDRIVE\GER-PER 2016\DOCUMENTS\KENNYNEUTRON\HUB6\RGMODULE_RTCPROJ\20191122_RGMODULE_RTCV1.ASM 299 : Found opcode in column 1. (MOVLB)
Warning[203] C:\USERS\GERPE\ONEDRIVE\GER-PER 2016\DOCUMENTS\KENNYNEUTRON\HUB6\RGMODULE_RTCPROJ\20191122_RGMODULE_RTCV1.ASM 300 : Found opcode in column 1. (BCF)
Warning[203] C:\USERS\GERPE\ONEDRIVE\GER-PER 2016\DOCUMENTS\KENNYNEUTRON\HUB6\RGMODULE_RTCPROJ\20191122_RGMODULE_RTCV1.ASM 301 : Found opcode in column 1. (BCF)
Warning[203] C:\USERS\GERPE\ONEDRIVE\GER-PER 2016\DOCUMENTS\KENNYNEUTRON\HUB6\RGMODULE_RTCPROJ\20191122_RGMODULE_RTCV1.ASM 302 : Found opcode in column 1. (BCF)
Warning[203] C:\USERS\GERPE\ONEDRIVE\GER-PER 2016\DOCUMENTS\KENNYNEUTRON\HUB6\RGMODULE_RTCPROJ\20191122_RGMODULE_RTCV1.ASM 303 : Found opcode in column 1. (BCF)
Warning[203] C:\USERS\GERPE\ONEDRIVE\GER-PER 2016\DOCUMENTS\KENNYNEUTRON\HUB6\RGMODULE_RTCPROJ\20191122_RGMODULE_RTCV1.ASM 305 : Found opcode in column 1. (BCF)
Warning[203] C:\USERS\GERPE\ONEDRIVE\GER-PER 2016\DOCUMENTS\KENNYNEUTRON\HUB6\RGMODULE_RTCPROJ\20191122_RGMODULE_RTCV1.ASM 307 : Found opcode in column 1. (BCF)
Warning[203] C:\USERS\GERPE\ONEDRIVE\GER-PER 2016\DOCUMENTS\KENNYNEUTRON\HUB6\RGMODULE_RTCPROJ\20191122_RGMODULE_RTCV1.ASM 308 : Found opcode in column 1. (BSF)
Warning[203] C:\USERS\GERPE\ONEDRIVE\GER-PER 2016\DOCUMENTS\KENNYNEUTRON\HUB6\RGMODULE_RTCPROJ\20191122_RGMODULE_RTCV1.ASM 309 : Found opcode in column 1. (BSF)
Warning[203] C:\USERS\GERPE\ONEDRIVE\GER-PER 2016\DOCUMENTS\KENNYNEUTRON\HUB6\RGMODULE_RTCPROJ\20191122_RGMODULE_RTCV1.ASM 310 : Found opcode in column 1. (BSF)
Warning[203] C:\USERS\GERPE\ONEDRIVE\GER-PER 2016\DOCUMENTS\KENNYNEUTRON\HUB6\RGMODULE_RTCPROJ\20191122_RGMODULE_RTCV1.ASM 311 : Found opcode in column 1. (BSF)
Warning[203] C:\USERS\GERPE\ONEDRIVE\GER-PER 2016\DOCUMENTS\KENNYNEUTRON\HUB6\RGMODULE_RTCPROJ\20191122_RGMODULE_RTCV1.ASM 313 : Found opcode in column 1. (MOVLW)
Warning[203] C:\USERS\GERPE\ONEDRIVE\GER-PER 2016\DOCUMENTS\KENNYNEUTRON\HUB6\RGMODULE_RTCPROJ\20191122_RGMODULE_RTCV1.ASM 314 : Found opcode in column 1. (MOVWF)
Warning[203] C:\USERS\GERPE\ONEDRIVE\GER-PER 2016\DOCUMENTS\KENNYNEUTRON\HUB6\RGMODULE_RTCPROJ\20191122_RGMODULE_RTCV1.ASM 316 : Found opcode in column 1. (MOVLW)
Warning[203] C:\USERS\GERPE\ONEDRIVE\GER-PER 2016\DOCUMENTS\KENNYNEUTRON\HUB6\RGMODULE_RTCPROJ\20191122_RGMODULE_RTCV1.ASM 317 : Found opcode in column 1. (MOVWF)
Warning[203] C:\USERS\GERPE\ONEDRIVE\GER-PER 2016\DOCUMENTS\KENNYNEUTRON\HUB6\RGMODULE_RTCPROJ\20191122_RGMODULE_RTCV1.ASM 319 : Found opcode in column 1. (MOVLW)
Warning[203] C:\USERS\GERPE\ONEDRIVE\GER-PER 2016\DOCUMENTS\KENNYNEUTRON\HUB6\RGMODULE_RTCPROJ\20191122_RGMODULE_RTCV1.ASM 320 : Found opcode in column 1. (MOVWF)
Warning[203] C:\USERS\GERPE\ONEDRIVE\GER-PER 2016\DOCUMENTS\KENNYNEUTRON\HUB6\RGMODULE_RTCPROJ\20191122_RGMODULE_RTCV1.ASM 324 : Found opcode in column 1. (CALL)
Warning[203] C:\USERS\GERPE\ONEDRIVE\GER-PER 2016\DOCUMENTS\KENNYNEUTRON\HUB6\RGMODULE_RTCPROJ\20191122_RGMODULE_RTCV1.ASM 326 : Found opcode in column 1. (CALL)
Warning[203] C:\USERS\GERPE\ONEDRIVE\GER-PER 2016\DOCUMENTS\KENNYNEUTRON\HUB6\RGMODULE_RTCPROJ\20191122_RGMODULE_RTCV1.ASM 328 : Found opcode in column 1. (CALL)
Warning[203] C:\USERS\GERPE\ONEDRIVE\GER-PER 2016\DOCUMENTS\KENNYNEUTRON\HUB6\RGMODULE_RTCPROJ\20191122_RGMODULE_RTCV1.ASM 331 : Found opcode in column 1. (CALL)
Warning[203] C:\USERS\GERPE\ONEDRIVE\GER-PER 2016\DOCUMENTS\KENNYNEUTRON\HUB6\RGMODULE_RTCPROJ\20191122_RGMODULE_RTCV1.ASM 451 : Found opcode in column 1. (MOVLB)
Warning[203] C:\USERS\GERPE\ONEDRIVE\GER-PER 2016\DOCUMENTS\KENNYNEUTRON\HUB6\RGMODULE_RTCPROJ\20191122_RGMODULE_RTCV1.ASM 453 : Found opcode in column 1. (MOVLW)
Warning[203] C:\USERS\GERPE\ONEDRIVE\GER-PER 2016\DOCUMENTS\KENNYNEUTRON\HUB6\RGMODULE_RTCPROJ\20191122_RGMODULE_RTCV1.ASM 454 : Found opcode in column 1. (MOVWF)
Warning[203] C:\USERS\GERPE\ONEDRIVE\GER-PER 2016\DOCUMENTS\KENNYNEUTRON\HUB6\RGMODULE_RTCPROJ\20191122_RGMODULE_RTCV1.ASM 456 : Found opcode in column 1. (MOVLW)
Warning[203] C:\USERS\GERPE\ONEDRIVE\GER-PER 2016\DOCUMENTS\KENNYNEUTRON\HUB6\RGMODULE_RTCPROJ\20191122_RGMODULE_RTCV1.ASM 457 : Found opcode in column 1. (MOVWF)
Warning[203] C:\USERS\GERPE\ONEDRIVE\GER-PER 2016\DOCUMENTS\KENNYNEUTRON\HUB6\RGMODULE_RTCPROJ\20191122_RGMODULE_RTCV1.ASM 459 : Found opcode in column 1. (MOVLW)
Warning[203] C:\USERS\GERPE\ONEDRIVE\GER-PER 2016\DOCUMENTS\KENNYNEUTRON\HUB6\RGMODULE_RTCPROJ\20191122_RGMODULE_RTCV1.ASM 460 : Found opcode in column 1. (MOVWF)
Warning[203] C:\USERS\GERPE\ONEDRIVE\GER-PER 2016\DOCUMENTS\KENNYNEUTRON\HUB6\RGMODULE_RTCPROJ\20191122_RGMODULE_RTCV1.ASM 462 : Found opcode in column 1. (MOVLW)
Warning[203] C:\USERS\GERPE\ONEDRIVE\GER-PER 2016\DOCUMENTS\KENNYNEUTRON\HUB6\RGMODULE_RTCPROJ\20191122_RGMODULE_RTCV1.ASM 463 : Found opcode in column 1. (MOVWF)
Warning[203] C:\USERS\GERPE\ONEDRIVE\GER-PER 2016\DOCUMENTS\KENNYNEUTRON\HUB6\RGMODULE_RTCPROJ\20191122_RGMODULE_RTCV1.ASM 465 : Found opcode in column 1. (MOVLW)
Warning[203] C:\USERS\GERPE\ONEDRIVE\GER-PER 2016\DOCUMENTS\KENNYNEUTRON\HUB6\RGMODULE_RTCPROJ\20191122_RGMODULE_RTCV1.ASM 466 : Found opcode in column 1. (MOVWF)
Warning[203] C:\USERS\GERPE\ONEDRIVE\GER-PER 2016\DOCUMENTS\KENNYNEUTRON\HUB6\RGMODULE_RTCPROJ\20191122_RGMODULE_RTCV1.ASM 468 : Found opcode in column 1. (MOVLW)
Warning[203] C:\USERS\GERPE\ONEDRIVE\GER-PER 2016\DOCUMENTS\KENNYNEUTRON\HUB6\RGMODULE_RTCPROJ\20191122_RGMODULE_RTCV1.ASM 469 : Found opcode in column 1. (MOVWF)
Warning[203] C:\USERS\GERPE\ONEDRIVE\GER-PER 2016\DOCUMENTS\KENNYNEUTRON\HUB6\RGMODULE_RTCPROJ\20191122_RGMODULE_RTCV1.ASM 471 : Found opcode in column 1. (MOVLW)
Warning[203] C:\USERS\GERPE\ONEDRIVE\GER-PER 2016\DOCUMENTS\KENNYNEUTRON\HUB6\RGMODULE_RTCPROJ\20191122_RGMODULE_RTCV1.ASM 472 : Found opcode in column 1. (MOVWF)
Warning[203] C:\USERS\GERPE\ONEDRIVE\GER-PER 2016\DOCUMENTS\KENNYNEUTRON\HUB6\RGMODULE_RTCPROJ\20191122_RGMODULE_RTCV1.ASM 475 : Found opcode in column 1. (MOVLW)
Warning[203] C:\USERS\GERPE\ONEDRIVE\GER-PER 2016\DOCUMENTS\KENNYNEUTRON\HUB6\RGMODULE_RTCPROJ\20191122_RGMODULE_RTCV1.ASM 476 : Found opcode in column 1. (MOVWF)
Warning[203] C:\USERS\GERPE\ONEDRIVE\GER-PER 2016\DOCUMENTS\KENNYNEUTRON\HUB6\RGMODULE_RTCPROJ\20191122_RGMODULE_RTCV1.ASM 478 : Found opcode in column 1. (MOVLW)
Warning[203] C:\USERS\GERPE\ONEDRIVE\GER-PER 2016\DOCUMENTS\KENNYNEUTRON\HUB6\RGMODULE_RTCPROJ\20191122_RGMODULE_RTCV1.ASM 479 : Found opcode in column 1. (MOVWF)
Warning[203] C:\USERS\GERPE\ONEDRIVE\GER-PER 2016\DOCUMENTS\KENNYNEUTRON\HUB6\RGMODULE_RTCPROJ\20191122_RGMODULE_RTCV1.ASM 481 : Found opcode in column 1. (MOVLW)
Warning[203] C:\USERS\GERPE\ONEDRIVE\GER-PER 2016\DOCUMENTS\KENNYNEUTRON\HUB6\RGMODULE_RTCPROJ\20191122_RGMODULE_RTCV1.ASM 482 : Found opcode in column 1. (MOVWF)
Warning[203] C:\USERS\GERPE\ONEDRIVE\GER-PER 2016\DOCUMENTS\KENNYNEUTRON\HUB6\RGMODULE_RTCPROJ\20191122_RGMODULE_RTCV1.ASM 484 : Found opcode in column 1. (MOVLW)
Warning[203] C:\USERS\GERPE\ONEDRIVE\GER-PER 2016\DOCUMENTS\KENNYNEUTRON\HUB6\RGMODULE_RTCPROJ\20191122_RGMODULE_RTCV1.ASM 485 : Found opcode in column 1. (MOVWF)
Warning[203] C:\USERS\GERPE\ONEDRIVE\GER-PER 2016\DOCUMENTS\KENNYNEUTRON\HUB6\RGMODULE_RTCPROJ\20191122_RGMODULE_RTCV1.ASM 487 : Found opcode in column 1. (MOVLW)
Warning[203] C:\USERS\GERPE\ONEDRIVE\GER-PER 2016\DOCUMENTS\KENNYNEUTRON\HUB6\RGMODULE_RTCPROJ\20191122_RGMODULE_RTCV1.ASM 488 : Found opcode in column 1. (MOVWF)
Warning[203] C:\USERS\GERPE\ONEDRIVE\GER-PER 2016\DOCUMENTS\KENNYNEUTRON\HUB6\RGMODULE_RTCPROJ\20191122_RGMODULE_RTCV1.ASM 490 : Found opcode in column 1. (MOVLW)
Warning[203] C:\USERS\GERPE\ONEDRIVE\GER-PER 2016\DOCUMENTS\KENNYNEUTRON\HUB6\RGMODULE_RTCPROJ\20191122_RGMODULE_RTCV1.ASM 491 : Found opcode in column 1. (MOVWF)
Warning[203] C:\USERS\GERPE\ONEDRIVE\GER-PER 2016\DOCUMENTS\KENNYNEUTRON\HUB6\RGMODULE_RTCPROJ\20191122_RGMODULE_RTCV1.ASM 495 : Found opcode in column 1. (MOVLW)
Warning[203] C:\USERS\GERPE\ONEDRIVE\GER-PER 2016\DOCUMENTS\KENNYNEUTRON\HUB6\RGMODULE_RTCPROJ\20191122_RGMODULE_RTCV1.ASM 496 : Found opcode in column 1. (MOVWF)
Warning[203] C:\USERS\GERPE\ONEDRIVE\GER-PER 2016\DOCUMENTS\KENNYNEUTRON\HUB6\RGMODULE_RTCPROJ\20191122_RGMODULE_RTCV1.ASM 498 : Found opcode in column 1. (MOVLW)
Warning[203] C:\USERS\GERPE\ONEDRIVE\GER-PER 2016\DOCUMENTS\KENNYNEUTRON\HUB6\RGMODULE_RTCPROJ\20191122_RGMODULE_RTCV1.ASM 499 : Found opcode in column 1. (MOVWF)
Warning[203] C:\USERS\GERPE\ONEDRIVE\GER-PER 2016\DOCUMENTS\KENNYNEUTRON\HUB6\RGMODULE_RTCPROJ\20191122_RGMODULE_RTCV1.ASM 501 : Found opcode in column 1. (MOVLW)
Warning[203] C:\USERS\GERPE\ONEDRIVE\GER-PER 2016\DOCUMENTS\KENNYNEUTRON\HUB6\RGMODULE_RTCPROJ\20191122_RGMODULE_RTCV1.ASM 502 : Found opcode in column 1. (MOVWF)
Warning[203] C:\USERS\GERPE\ONEDRIVE\GER-PER 2016\DOCUMENTS\KENNYNEUTRON\HUB6\RGMODULE_RTCPROJ\20191122_RGMODULE_RTCV1.ASM 504 : Found opcode in column 1. (MOVLW)
Warning[203] C:\USERS\GERPE\ONEDRIVE\GER-PER 2016\DOCUMENTS\KENNYNEUTRON\HUB6\RGMODULE_RTCPROJ\20191122_RGMODULE_RTCV1.ASM 505 : Found opcode in column 1. (MOVWF)
Warning[203] C:\USERS\GERPE\ONEDRIVE\GER-PER 2016\DOCUMENTS\KENNYNEUTRON\HUB6\RGMODULE_RTCPROJ\20191122_RGMODULE_RTCV1.ASM 507 : Found opcode in column 1. (MOVLW)
Warning[203] C:\USERS\GERPE\ONEDRIVE\GER-PER 2016\DOCUMENTS\KENNYNEUTRON\HUB6\RGMODULE_RTCPROJ\20191122_RGMODULE_RTCV1.ASM 508 : Found opcode in column 1. (MOVWF)
Warning[203] C:\USERS\GERPE\ONEDRIVE\GER-PER 2016\DOCUMENTS\KENNYNEUTRON\HUB6\RGMODULE_RTCPROJ\20191122_RGMODULE_RTCV1.ASM 510 : Found opcode in column 1. (MOVLW)
Warning[203] C:\USERS\GERPE\ONEDRIVE\GER-PER 2016\DOCUMENTS\KENNYNEUTRON\HUB6\RGMODULE_RTCPROJ\20191122_RGMODULE_RTCV1.ASM 511 : Found opcode in column 1. (MOVWF)
Warning[203] C:\USERS\GERPE\ONEDRIVE\GER-PER 2016\DOCUMENTS\KENNYNEUTRON\HUB6\RGMODULE_RTCPROJ\20191122_RGMODULE_RTCV1.ASM 513 : Found opcode in column 1. (MOVLW)
Warning[203] C:\USERS\GERPE\ONEDRIVE\GER-PER 2016\DOCUMENTS\KENNYNEUTRON\HUB6\RGMODULE_RTCPROJ\20191122_RGMODULE_RTCV1.ASM 514 : Found opcode in column 1. (MOVWF)
Warning[203] C:\USERS\GERPE\ONEDRIVE\GER-PER 2016\DOCUMENTS\KENNYNEUTRON\HUB6\RGMODULE_RTCPROJ\20191122_RGMODULE_RTCV1.ASM 516 : Found opcode in column 1. (MOVLW)
Warning[203] C:\USERS\GERPE\ONEDRIVE\GER-PER 2016\DOCUMENTS\KENNYNEUTRON\HUB6\RGMODULE_RTCPROJ\20191122_RGMODULE_RTCV1.ASM 517 : Found opcode in column 1. (MOVWF)
Warning[203] C:\USERS\GERPE\ONEDRIVE\GER-PER 2016\DOCUMENTS\KENNYNEUTRON\HUB6\RGMODULE_RTCPROJ\20191122_RGMODULE_RTCV1.ASM 519 : Found opcode in column 1. (MOVLW)
Warning[203] C:\USERS\GERPE\ONEDRIVE\GER-PER 2016\DOCUMENTS\KENNYNEUTRON\HUB6\RGMODULE_RTCPROJ\20191122_RGMODULE_RTCV1.ASM 520 : Found opcode in column 1. (MOVWF)
Warning[203] C:\USERS\GERPE\ONEDRIVE\GER-PER 2016\DOCUMENTS\KENNYNEUTRON\HUB6\RGMODULE_RTCPROJ\20191122_RGMODULE_RTCV1.ASM 522 : Found opcode in column 1. (MOVLW)
Warning[203] C:\USERS\GERPE\ONEDRIVE\GER-PER 2016\DOCUMENTS\KENNYNEUTRON\HUB6\RGMODULE_RTCPROJ\20191122_RGMODULE_RTCV1.ASM 523 : Found opcode in column 1. (MOVWF)
Warning[203] C:\USERS\GERPE\ONEDRIVE\GER-PER 2016\DOCUMENTS\KENNYNEUTRON\HUB6\RGMODULE_RTCPROJ\20191122_RGMODULE_RTCV1.ASM 525 : Found opcode in column 1. (MOVLW)
Warning[203] C:\USERS\GERPE\ONEDRIVE\GER-PER 2016\DOCUMENTS\KENNYNEUTRON\HUB6\RGMODULE_RTCPROJ\20191122_RGMODULE_RTCV1.ASM 526 : Found opcode in column 1. (MOVWF)
Warning[203] C:\USERS\GERPE\ONEDRIVE\GER-PER 2016\DOCUMENTS\KENNYNEUTRON\HUB6\RGMODULE_RTCPROJ\20191122_RGMODULE_RTCV1.ASM 528 : Found opcode in column 1. (MOVLW)
Warning[203] C:\USERS\GERPE\ONEDRIVE\GER-PER 2016\DOCUMENTS\KENNYNEUTRON\HUB6\RGMODULE_RTCPROJ\20191122_RGMODULE_RTCV1.ASM 529 : Found opcode in column 1. (MOVWF)
Warning[203] C:\USERS\GERPE\ONEDRIVE\GER-PER 2016\DOCUMENTS\KENNYNEUTRON\HUB6\RGMODULE_RTCPROJ\20191122_RGMODULE_RTCV1.ASM 530 : Found opcode in column 1. (MOVLW)
Warning[203] C:\USERS\GERPE\ONEDRIVE\GER-PER 2016\DOCUMENTS\KENNYNEUTRON\HUB6\RGMODULE_RTCPROJ\20191122_RGMODULE_RTCV1.ASM 531 : Found opcode in column 1. (MOVWF)
Warning[203] C:\USERS\GERPE\ONEDRIVE\GER-PER 2016\DOCUMENTS\KENNYNEUTRON\HUB6\RGMODULE_RTCPROJ\20191122_RGMODULE_RTCV1.ASM 533 : Found opcode in column 1. (MOVLW)
Warning[203] C:\USERS\GERPE\ONEDRIVE\GER-PER 2016\DOCUMENTS\KENNYNEUTRON\HUB6\RGMODULE_RTCPROJ\20191122_RGMODULE_RTCV1.ASM 534 : Found opcode in column 1. (MOVWF)
Warning[203] C:\USERS\GERPE\ONEDRIVE\GER-PER 2016\DOCUMENTS\KENNYNEUTRON\HUB6\RGMODULE_RTCPROJ\20191122_RGMODULE_RTCV1.ASM 536 : Found opcode in column 1. (MOVLW)
Warning[203] C:\USERS\GERPE\ONEDRIVE\GER-PER 2016\DOCUMENTS\KENNYNEUTRON\HUB6\RGMODULE_RTCPROJ\20191122_RGMODULE_RTCV1.ASM 537 : Found opcode in column 1. (MOVWF)
Warning[203] C:\USERS\GERPE\ONEDRIVE\GER-PER 2016\DOCUMENTS\KENNYNEUTRON\HUB6\RGMODULE_RTCPROJ\20191122_RGMODULE_RTCV1.ASM 540 : Found opcode in column 1. (MOVLB)
Warning[203] C:\USERS\GERPE\ONEDRIVE\GER-PER 2016\DOCUMENTS\KENNYNEUTRON\HUB6\RGMODULE_RTCPROJ\20191122_RGMODULE_RTCV1.ASM 551 : Found opcode in column 1. (GOTO)
Warning[203] C:\USERS\GERPE\ONEDRIVE\GER-PER 2016\DOCUMENTS\KENNYNEUTRON\HUB6\RGMODULE_RTCPROJ\20191122_RGMODULE_RTCV1.ASM 576 : Found opcode in column 1. (GOTO)
Warning[203] C:\USERS\GERPE\ONEDRIVE\GER-PER 2016\DOCUMENTS\KENNYNEUTRON\HUB6\RGMODULE_RTCPROJ\20191122_RGMODULE_RTCV1.ASM 664 : Found opcode in column 1. (RETURN)
Warning[226] C:\USERS\GERPE\ONEDRIVE\GER-PER 2016\DOCUMENTS\KENNYNEUTRON\HUB6\RGMODULE_RTCPROJ\20191122_RGMODULE_RTCV1.ASM 680 : Destination address must be word aligned
Warning[226] C:\USERS\GERPE\ONEDRIVE\GER-PER 2016\DOCUMENTS\KENNYNEUTRON\HUB6\RGMODULE_RTCPROJ\20191122_RGMODULE_RTCV1.ASM 684 : Destination address must be word aligned
Warning[226] C:\USERS\GERPE\ONEDRIVE\GER-PER 2016\DOCUMENTS\KENNYNEUTRON\HUB6\RGMODULE_RTCPROJ\20191122_RGMODULE_RTCV1.ASM 705 : Destination address must be word aligned
Warning[226] C:\USERS\GERPE\ONEDRIVE\GER-PER 2016\DOCUMENTS\KENNYNEUTRON\HUB6\RGMODULE_RTCPROJ\20191122_RGMODULE_RTCV1.ASM 714 : Destination address must be word aligned
Warning[203] C:\USERS\GERPE\ONEDRIVE\GER-PER 2016\DOCUMENTS\KENNYNEUTRON\HUB6\RGMODULE_RTCPROJ\20191122_RGMODULE_RTCV1.ASM 721 : Found opcode in column 1. (RETURN)
Warning[203] C:\USERS\GERPE\ONEDRIVE\GER-PER 2016\DOCUMENTS\KENNYNEUTRON\HUB6\RGMODULE_RTCPROJ\20191122_RGMODULE_RTCV1.ASM 755 : Found opcode in column 1. (RETURN)
Warning[203] C:\USERS\GERPE\ONEDRIVE\GER-PER 2016\DOCUMENTS\KENNYNEUTRON\HUB6\RGMODULE_RTCPROJ\20191122_RGMODULE_RTCV1.ASM 770 : Found opcode in column 1. (RETURN)
Warning[203] C:\USERS\GERPE\ONEDRIVE\GER-PER 2016\DOCUMENTS\KENNYNEUTRON\HUB6\RGMODULE_RTCPROJ\20191122_RGMODULE_RTCV1.ASM 798 : Found opcode in column 1. (RETURN)
Warning[203] C:\USERS\GERPE\ONEDRIVE\GER-PER 2016\DOCUMENTS\KENNYNEUTRON\HUB6\RGMODULE_RTCPROJ\20191122_RGMODULE_RTCV1.ASM 877 : Found opcode in column 1. (RETURN)
Warning[203] C:\USERS\GERPE\ONEDRIVE\GER-PER 2016\DOCUMENTS\KENNYNEUTRON\HUB6\RGMODULE_RTCPROJ\20191122_RGMODULE_RTCV1.ASM 957 : Found opcode in column 1. (RETURN)
Warning[203] C:\USERS\GERPE\ONEDRIVE\GER-PER 2016\DOCUMENTS\KENNYNEUTRON\HUB6\RGMODULE_RTCPROJ\20191122_RGMODULE_RTCV1.ASM 1007 : Found opcode in column 1. (RETURN)
Warning[203] C:\USERS\GERPE\ONEDRIVE\GER-PER 2016\DOCUMENTS\KENNYNEUTRON\HUB6\RGMODULE_RTCPROJ\20191122_RGMODULE_RTCV1.ASM 1036 : Found opcode in column 1. (RETURN)
Warning[203] C:\USERS\GERPE\ONEDRIVE\GER-PER 2016\DOCUMENTS\KENNYNEUTRON\HUB6\RGMODULE_RTCPROJ\20191122_RGMODULE_RTCV1.ASM 1046 : Found opcode in column 1. (RETURN)
Warning[203] C:\USERS\GERPE\ONEDRIVE\GER-PER 2016\DOCUMENTS\KENNYNEUTRON\HUB6\RGMODULE_RTCPROJ\20191122_RGMODULE_RTCV1.ASM 1064 : Found opcode in column 1. (RETURN)
Warning[203] C:\USERS\GERPE\ONEDRIVE\GER-PER 2016\DOCUMENTS\KENNYNEUTRON\HUB6\RGMODULE_RTCPROJ\20191122_RGMODULE_RTCV1.ASM 1089 : Found opcode in column 1. (RETURN)
Warning[203] C:\USERS\GERPE\ONEDRIVE\GER-PER 2016\DOCUMENTS\KENNYNEUTRON\HUB6\RGMODULE_RTCPROJ\20191122_RGMODULE_RTCV1.ASM 1113 : Found opcode in column 1. (RETURN)
Warning[203] C:\USERS\GERPE\ONEDRIVE\GER-PER 2016\DOCUMENTS\KENNYNEUTRON\HUB6\RGMODULE_RTCPROJ\20191122_RGMODULE_RTCV1.ASM 1141 : Found opcode in column 1. (RETURN)
Warning[203] C:\USERS\GERPE\ONEDRIVE\GER-PER 2016\DOCUMENTS\KENNYNEUTRON\HUB6\RGMODULE_RTCPROJ\20191122_RGMODULE_RTCV1.ASM 1196 : Found opcode in column 1. (RETURN)
Warning[203] C:\USERS\GERPE\ONEDRIVE\GER-PER 2016\DOCUMENTS\KENNYNEUTRON\HUB6\RGMODULE_RTCPROJ\20191122_RGMODULE_RTCV1.ASM 1299 : Found opcode in column 1. (RETURN)
Warning[203] C:\USERS\GERPE\ONEDRIVE\GER-PER 2016\DOCUMENTS\KENNYNEUTRON\HUB6\RGMODULE_RTCPROJ\20191122_RGMODULE_RTCV1.ASM 1384 : Found opcode in column 1. (RETURN)
Warning[203] C:\USERS\GERPE\ONEDRIVE\GER-PER 2016\DOCUMENTS\KENNYNEUTRON\HUB6\RGMODULE_RTCPROJ\20191122_RGMODULE_RTCV1.ASM 1440 : Found opcode in column 1. (RETURN)
Warning[203] C:\USERS\GERPE\ONEDRIVE\GER-PER 2016\DOCUMENTS\KENNYNEUTRON\HUB6\RGMODULE_RTCPROJ\20191122_RGMODULE_RTCV1.ASM 1469 : Found opcode in column 1. (RETURN)
Warning[203] C:\USERS\GERPE\ONEDRIVE\GER-PER 2016\DOCUMENTS\KENNYNEUTRON\HUB6\RGMODULE_RTCPROJ\20191122_RGMODULE_RTCV1.ASM 1736 : Found opcode in column 1. (RETURN)
Warning[203] C:\USERS\GERPE\ONEDRIVE\GER-PER 2016\DOCUMENTS\KENNYNEUTRON\HUB6\RGMODULE_RTCPROJ\20191122_RGMODULE_RTCV1.ASM 1821 : Found opcode in column 1. (RETURN)
Warning[203] C:\USERS\GERPE\ONEDRIVE\GER-PER 2016\DOCUMENTS\KENNYNEUTRON\HUB6\RGMODULE_RTCPROJ\20191122_RGMODULE_RTCV1.ASM 1843 : Found opcode in column 1. (RETURN)
Warning[203] C:\USERS\GERPE\ONEDRIVE\GER-PER 2016\DOCUMENTS\KENNYNEUTRON\HUB6\RGMODULE_RTCPROJ\20191122_RGMODULE_RTCV1.ASM 1858 : Found opcode in column 1. (RETURN)
Warning[203] C:\USERS\GERPE\ONEDRIVE\GER-PER 2016\DOCUMENTS\KENNYNEUTRON\HUB6\RGMODULE_RTCPROJ\20191122_RGMODULE_RTCV1.ASM 1946 : Found opcode in column 1. (RETURN)
Warning[203] C:\USERS\GERPE\ONEDRIVE\GER-PER 2016\DOCUMENTS\KENNYNEUTRON\HUB6\RGMODULE_RTCPROJ\20191122_RGMODULE_RTCV1.ASM 1968 : Found opcode in column 1. (RETURN)
Warning[203] C:\USERS\GERPE\ONEDRIVE\GER-PER 2016\DOCUMENTS\KENNYNEUTRON\HUB6\RGMODULE_RTCPROJ\20191122_RGMODULE_RTCV1.ASM 1983 : Found opcode in column 1. (RETURN)
Warning[203] C:\USERS\GERPE\ONEDRIVE\GER-PER 2016\DOCUMENTS\KENNYNEUTRON\HUB6\RGMODULE_RTCPROJ\20191122_RGMODULE_RTCV1.ASM 2002 : Found opcode in column 1. (RETURN)
Warning[203] C:\USERS\GERPE\ONEDRIVE\GER-PER 2016\DOCUMENTS\KENNYNEUTRON\HUB6\RGMODULE_RTCPROJ\20191122_RGMODULE_RTCV1.ASM 2016 : Found opcode in column 1. (RETURN)
Warning[203] C:\USERS\GERPE\ONEDRIVE\GER-PER 2016\DOCUMENTS\KENNYNEUTRON\HUB6\RGMODULE_RTCPROJ\20191122_RGMODULE_RTCV1.ASM 2030 : Found opcode in column 1. (RETURN)
Warning[203] C:\USERS\GERPE\ONEDRIVE\GER-PER 2016\DOCUMENTS\KENNYNEUTRON\HUB6\RGMODULE_RTCPROJ\20191122_RGMODULE_RTCV1.ASM 2044 : Found opcode in column 1. (RETURN)
Warning[203] C:\USERS\GERPE\ONEDRIVE\GER-PER 2016\DOCUMENTS\KENNYNEUTRON\HUB6\RGMODULE_RTCPROJ\20191122_RGMODULE_RTCV1.ASM 2057 : Found opcode in column 1. (RETURN)
Warning[203] C:\USERS\GERPE\ONEDRIVE\GER-PER 2016\DOCUMENTS\KENNYNEUTRON\HUB6\RGMODULE_RTCPROJ\20191122_RGMODULE_RTCV1.ASM 2071 : Found opcode in column 1. (RETURN)
Warning[203] C:\USERS\GERPE\ONEDRIVE\GER-PER 2016\DOCUMENTS\KENNYNEUTRON\HUB6\RGMODULE_RTCPROJ\20191122_RGMODULE_RTCV1.ASM 2086 : Found opcode in column 1. (RETURN)
Warning[203] C:\USERS\GERPE\ONEDRIVE\GER-PER 2016\DOCUMENTS\KENNYNEUTRON\HUB6\RGMODULE_RTCPROJ\20191122_RGMODULE_RTCV1.ASM 2100 : Found opcode in column 1. (RETURN)
Warning[203] C:\USERS\GERPE\ONEDRIVE\GER-PER 2016\DOCUMENTS\KENNYNEUTRON\HUB6\RGMODULE_RTCPROJ\20191122_RGMODULE_RTCV1.ASM 2103 : Found opcode in column 1. (RETURN)
Warning[205] C:\USERS\GERPE\ONEDRIVE\GER-PER 2016\DOCUMENTS\KENNYNEUTRON\HUB6\RGMODULE_RTCPROJ\20191122_RGMODULE_RTCV1.ASM 2106 : Found directive in column 1. (ORG)
Warning[205] C:\USERS\GERPE\ONEDRIVE\GER-PER 2016\DOCUMENTS\KENNYNEUTRON\HUB6\RGMODULE_RTCPROJ\20191122_RGMODULE_RTCV1.ASM 2234 : Found directive in column 1. (ORG)
Warning[205] C:\USERS\GERPE\ONEDRIVE\GER-PER 2016\DOCUMENTS\KENNYNEUTRON\HUB6\RGMODULE_RTCPROJ\20191122_RGMODULE_RTCV1.ASM 2363 : Found directive in column 1. (ORG)
Warning[203] C:\USERS\GERPE\ONEDRIVE\GER-PER 2016\DOCUMENTS\KENNYNEUTRON\HUB6\RGMODULE_RTCPROJ\20191122_RGMODULE_RTCV1.ASM 2500 : Found opcode in column 1. (RETURN)
Warning[205] C:\USERS\GERPE\ONEDRIVE\GER-PER 2016\DOCUMENTS\KENNYNEUTRON\HUB6\RGMODULE_RTCPROJ\20191122_RGMODULE_RTCV1.ASM 2506 : Found directive in column 1. (ORG)
Warning[203] C:\USERS\GERPE\ONEDRIVE\GER-PER 2016\DOCUMENTS\KENNYNEUTRON\HUB6\RGMODULE_RTCPROJ\20191122_RGMODULE_RTCV1.ASM 2646 : Found opcode in column 1. (RETURN)
Warning[205] C:\USERS\GERPE\ONEDRIVE\GER-PER 2016\DOCUMENTS\KENNYNEUTRON\HUB6\RGMODULE_RTCPROJ\20191122_RGMODULE_RTCV1.ASM 2658 : Found directive in column 1. (ORG)
Warning[205] C:\USERS\GERPE\ONEDRIVE\GER-PER 2016\DOCUMENTS\KENNYNEUTRON\HUB6\RGMODULE_RTCPROJ\20191122_RGMODULE_RTCV1.ASM 2723 : Found directive in column 1. (ORG)
Warning[205] C:\USERS\GERPE\ONEDRIVE\GER-PER 2016\DOCUMENTS\KENNYNEUTRON\HUB6\RGMODULE_RTCPROJ\20191122_RGMODULE_RTCV1.ASM 2790 : Found directive in column 1. (ORG)
Warning[205] C:\USERS\GERPE\ONEDRIVE\GER-PER 2016\DOCUMENTS\KENNYNEUTRON\HUB6\RGMODULE_RTCPROJ\20191122_RGMODULE_RTCV1.ASM 2857 : Found directive in column 1. (ORG)
Warning[205] C:\USERS\GERPE\ONEDRIVE\GER-PER 2016\DOCUMENTS\KENNYNEUTRON\HUB6\RGMODULE_RTCPROJ\20191122_RGMODULE_RTCV1.ASM 2927 : Found directive in column 1. (ORG)
Warning[205] C:\USERS\GERPE\ONEDRIVE\GER-PER 2016\DOCUMENTS\KENNYNEUTRON\HUB6\RGMODULE_RTCPROJ\20191122_RGMODULE_RTCV1.ASM 2996 : Found directive in column 1. (ORG)
Warning[205] C:\USERS\GERPE\ONEDRIVE\GER-PER 2016\DOCUMENTS\KENNYNEUTRON\HUB6\RGMODULE_RTCPROJ\20191122_RGMODULE_RTCV1.ASM 3066 : Found directive in column 1. (ORG)
Warning[205] C:\USERS\GERPE\ONEDRIVE\GER-PER 2016\DOCUMENTS\KENNYNEUTRON\HUB6\RGMODULE_RTCPROJ\20191122_RGMODULE_RTCV1.ASM 3135 : Found directive in column 1. (ORG)
Warning[205] C:\USERS\GERPE\ONEDRIVE\GER-PER 2016\DOCUMENTS\KENNYNEUTRON\HUB6\RGMODULE_RTCPROJ\20191122_RGMODULE_RTCV1.ASM 3205 : Found directive in column 1. (ORG)
Warning[205] C:\USERS\GERPE\ONEDRIVE\GER-PER 2016\DOCUMENTS\KENNYNEUTRON\HUB6\RGMODULE_RTCPROJ\20191122_RGMODULE_RTCV1.ASM 3274 : Found directive in column 1. (ORG)
Warning[205] C:\USERS\GERPE\ONEDRIVE\GER-PER 2016\DOCUMENTS\KENNYNEUTRON\HUB6\RGMODULE_RTCPROJ\20191122_RGMODULE_RTCV1.ASM 3344 : Found directive in column 1. (ORG)
Warning[205] C:\USERS\GERPE\ONEDRIVE\GER-PER 2016\DOCUMENTS\KENNYNEUTRON\HUB6\RGMODULE_RTCPROJ\20191122_RGMODULE_RTCV1.ASM 3413 : Found directive in column 1. (ORG)
Warning[205] C:\USERS\GERPE\ONEDRIVE\GER-PER 2016\DOCUMENTS\KENNYNEUTRON\HUB6\RGMODULE_RTCPROJ\20191122_RGMODULE_RTCV1.ASM 3485 : Found directive in column 1. (ORG)
Warning[205] C:\USERS\GERPE\ONEDRIVE\GER-PER 2016\DOCUMENTS\KENNYNEUTRON\HUB6\RGMODULE_RTCPROJ\20191122_RGMODULE_RTCV1.ASM 3552 : Found directive in column 1. (ORG)
Warning[205] C:\USERS\GERPE\ONEDRIVE\GER-PER 2016\DOCUMENTS\KENNYNEUTRON\HUB6\RGMODULE_RTCPROJ\20191122_RGMODULE_RTCV1.ASM 3621 : Found directive in column 1. (ORG)
Warning[205] C:\USERS\GERPE\ONEDRIVE\GER-PER 2016\DOCUMENTS\KENNYNEUTRON\HUB6\RGMODULE_RTCPROJ\20191122_RGMODULE_RTCV1.ASM 3691 : Found directive in column 1. (ORG)
Warning[205] C:\USERS\GERPE\ONEDRIVE\GER-PER 2016\DOCUMENTS\KENNYNEUTRON\HUB6\RGMODULE_RTCPROJ\20191122_RGMODULE_RTCV1.ASM 3761 : Found directive in column 1. (ORG)
Warning[205] C:\USERS\GERPE\ONEDRIVE\GER-PER 2016\DOCUMENTS\KENNYNEUTRON\HUB6\RGMODULE_RTCPROJ\20191122_RGMODULE_RTCV1.ASM 3831 : Found directive in column 1. (ORG)
Warning[205] C:\USERS\GERPE\ONEDRIVE\GER-PER 2016\DOCUMENTS\KENNYNEUTRON\HUB6\RGMODULE_RTCPROJ\20191122_RGMODULE_RTCV1.ASM 3901 : Found directive in column 1. (ORG)
Warning[205] C:\USERS\GERPE\ONEDRIVE\GER-PER 2016\DOCUMENTS\KENNYNEUTRON\HUB6\RGMODULE_RTCPROJ\20191122_RGMODULE_RTCV1.ASM 3970 : Found directive in column 1. (ORG)
Warning[205] C:\USERS\GERPE\ONEDRIVE\GER-PER 2016\DOCUMENTS\KENNYNEUTRON\HUB6\RGMODULE_RTCPROJ\20191122_RGMODULE_RTCV1.ASM 4040 : Found directive in column 1. (ORG)
Warning[205] C:\USERS\GERPE\ONEDRIVE\GER-PER 2016\DOCUMENTS\KENNYNEUTRON\HUB6\RGMODULE_RTCPROJ\20191122_RGMODULE_RTCV1.ASM 4108 : Found directive in column 1. (ORG)
Warning[205] C:\USERS\GERPE\ONEDRIVE\GER-PER 2016\DOCUMENTS\KENNYNEUTRON\HUB6\RGMODULE_RTCPROJ\20191122_RGMODULE_RTCV1.ASM 4177 : Found directive in column 1. (ORG)
Warning[205] C:\USERS\GERPE\ONEDRIVE\GER-PER 2016\DOCUMENTS\KENNYNEUTRON\HUB6\RGMODULE_RTCPROJ\20191122_RGMODULE_RTCV1.ASM 4246 : Found directive in column 1. (ORG)
Warning[205] C:\USERS\GERPE\ONEDRIVE\GER-PER 2016\DOCUMENTS\KENNYNEUTRON\HUB6\RGMODULE_RTCPROJ\20191122_RGMODULE_RTCV1.ASM 4316 : Found directive in column 1. (ORG)
Warning[205] C:\USERS\GERPE\ONEDRIVE\GER-PER 2016\DOCUMENTS\KENNYNEUTRON\HUB6\RGMODULE_RTCPROJ\20191122_RGMODULE_RTCV1.ASM 4386 : Found directive in column 1. (ORG)
Warning[205] C:\USERS\GERPE\ONEDRIVE\GER-PER 2016\DOCUMENTS\KENNYNEUTRON\HUB6\RGMODULE_RTCPROJ\20191122_RGMODULE_RTCV1.ASM 4459 : Found directive in column 1. (ORG)
Warning[205] C:\USERS\GERPE\ONEDRIVE\GER-PER 2016\DOCUMENTS\KENNYNEUTRON\HUB6\RGMODULE_RTCPROJ\20191122_RGMODULE_RTCV1.ASM 4528 : Found directive in column 1. (ORG)
Warning[205] C:\USERS\GERPE\ONEDRIVE\GER-PER 2016\DOCUMENTS\KENNYNEUTRON\HUB6\RGMODULE_RTCPROJ\20191122_RGMODULE_RTCV1.ASM 4595 : Found directive in column 1. (ORG)
Warning[205] C:\USERS\GERPE\ONEDRIVE\GER-PER 2016\DOCUMENTS\KENNYNEUTRON\HUB6\RGMODULE_RTCPROJ\20191122_RGMODULE_RTCV1.ASM 4663 : Found directive in column 1. (ORG)
Warning[205] C:\USERS\GERPE\ONEDRIVE\GER-PER 2016\DOCUMENTS\KENNYNEUTRON\HUB6\RGMODULE_RTCPROJ\20191122_RGMODULE_RTCV1.ASM 4733 : Found directive in column 1. (ORG)
Warning[205] C:\USERS\GERPE\ONEDRIVE\GER-PER 2016\DOCUMENTS\KENNYNEUTRON\HUB6\RGMODULE_RTCPROJ\20191122_RGMODULE_RTCV1.ASM 4803 : Found directive in column 1. (ORG)
Warning[205] C:\USERS\GERPE\ONEDRIVE\GER-PER 2016\DOCUMENTS\KENNYNEUTRON\HUB6\RGMODULE_RTCPROJ\20191122_RGMODULE_RTCV1.ASM 4873 : Found directive in column 1. (ORG)
Warning[205] C:\USERS\GERPE\ONEDRIVE\GER-PER 2016\DOCUMENTS\KENNYNEUTRON\HUB6\RGMODULE_RTCPROJ\20191122_RGMODULE_RTCV1.ASM 4942 : Found directive in column 1. (ORG)
Warning[205] C:\USERS\GERPE\ONEDRIVE\GER-PER 2016\DOCUMENTS\KENNYNEUTRON\HUB6\RGMODULE_RTCPROJ\20191122_RGMODULE_RTCV1.ASM 5011 : Found directive in column 1. (ORG)
Warning[205] C:\USERS\GERPE\ONEDRIVE\GER-PER 2016\DOCUMENTS\KENNYNEUTRON\HUB6\RGMODULE_RTCPROJ\20191122_RGMODULE_RTCV1.ASM 5079 : Found directive in column 1. (ORG)
Warning[205] C:\USERS\GERPE\ONEDRIVE\GER-PER 2016\DOCUMENTS\KENNYNEUTRON\HUB6\RGMODULE_RTCPROJ\20191122_RGMODULE_RTCV1.ASM 5147 : Found directive in column 1. (ORG)
Warning[205] C:\USERS\GERPE\ONEDRIVE\GER-PER 2016\DOCUMENTS\KENNYNEUTRON\HUB6\RGMODULE_RTCPROJ\20191122_RGMODULE_RTCV1.ASM 5216 : Found directive in column 1. (ORG)
Warning[205] C:\USERS\GERPE\ONEDRIVE\GER-PER 2016\DOCUMENTS\KENNYNEUTRON\HUB6\RGMODULE_RTCPROJ\20191122_RGMODULE_RTCV1.ASM 5286 : Found directive in column 1. (ORG)
Warning[205] C:\USERS\GERPE\ONEDRIVE\GER-PER 2016\DOCUMENTS\KENNYNEUTRON\HUB6\RGMODULE_RTCPROJ\20191122_RGMODULE_RTCV1.ASM 5354 : Found directive in column 1. (ORG)
Warning[205] C:\USERS\GERPE\ONEDRIVE\GER-PER 2016\DOCUMENTS\KENNYNEUTRON\HUB6\RGMODULE_RTCPROJ\20191122_RGMODULE_RTCV1.ASM 5422 : Found directive in column 1. (ORG)
Warning[205] C:\USERS\GERPE\ONEDRIVE\GER-PER 2016\DOCUMENTS\KENNYNEUTRON\HUB6\RGMODULE_RTCPROJ\20191122_RGMODULE_RTCV1.ASM 5489 : Found directive in column 1. (ORG)
Warning[205] C:\USERS\GERPE\ONEDRIVE\GER-PER 2016\DOCUMENTS\KENNYNEUTRON\HUB6\RGMODULE_RTCPROJ\20191122_RGMODULE_RTCV1.ASM 5559 : Found directive in column 1. (ORG)
Warning[205] C:\USERS\GERPE\ONEDRIVE\GER-PER 2016\DOCUMENTS\KENNYNEUTRON\HUB6\RGMODULE_RTCPROJ\20191122_RGMODULE_RTCV1.ASM 5628 : Found directive in column 1. (ORG)
Warning[205] C:\USERS\GERPE\ONEDRIVE\GER-PER 2016\DOCUMENTS\KENNYNEUTRON\HUB6\RGMODULE_RTCPROJ\20191122_RGMODULE_RTCV1.ASM 5698 : Found directive in column 1. (ORG)
Warning[205] C:\USERS\GERPE\ONEDRIVE\GER-PER 2016\DOCUMENTS\KENNYNEUTRON\HUB6\RGMODULE_RTCPROJ\20191122_RGMODULE_RTCV1.ASM 5766 : Found directive in column 1. (ORG)
Warning[205] C:\USERS\GERPE\ONEDRIVE\GER-PER 2016\DOCUMENTS\KENNYNEUTRON\HUB6\RGMODULE_RTCPROJ\20191122_RGMODULE_RTCV1.ASM 5837 : Found directive in column 1. (ORG)
Warning[205] C:\USERS\GERPE\ONEDRIVE\GER-PER 2016\DOCUMENTS\KENNYNEUTRON\HUB6\RGMODULE_RTCPROJ\20191122_RGMODULE_RTCV1.ASM 5907 : Found directive in column 1. (ORG)
Warning[205] C:\USERS\GERPE\ONEDRIVE\GER-PER 2016\DOCUMENTS\KENNYNEUTRON\HUB6\RGMODULE_RTCPROJ\20191122_RGMODULE_RTCV1.ASM 5979 : Found directive in column 1. (ORG)
Warning[205] C:\USERS\GERPE\ONEDRIVE\GER-PER 2016\DOCUMENTS\KENNYNEUTRON\HUB6\RGMODULE_RTCPROJ\20191122_RGMODULE_RTCV1.ASM 6048 : Found directive in column 1. (ORG)
Warning[205] C:\USERS\GERPE\ONEDRIVE\GER-PER 2016\DOCUMENTS\KENNYNEUTRON\HUB6\RGMODULE_RTCPROJ\20191122_RGMODULE_RTCV1.ASM 6117 : Found directive in column 1. (ORG)
Warning[205] C:\USERS\GERPE\ONEDRIVE\GER-PER 2016\DOCUMENTS\KENNYNEUTRON\HUB6\RGMODULE_RTCPROJ\20191122_RGMODULE_RTCV1.ASM 6186 : Found directive in column 1. (ORG)
Warning[205] C:\USERS\GERPE\ONEDRIVE\GER-PER 2016\DOCUMENTS\KENNYNEUTRON\HUB6\RGMODULE_RTCPROJ\20191122_RGMODULE_RTCV1.ASM 6264 : Found directive in column 1. (ORG)
Warning[205] C:\USERS\GERPE\ONEDRIVE\GER-PER 2016\DOCUMENTS\KENNYNEUTRON\HUB6\RGMODULE_RTCPROJ\20191122_RGMODULE_RTCV1.ASM 6299 : Found directive in column 1. (ORG)
Warning[205] C:\USERS\GERPE\ONEDRIVE\GER-PER 2016\DOCUMENTS\KENNYNEUTRON\HUB6\RGMODULE_RTCPROJ\20191122_RGMODULE_RTCV1.ASM 6334 : Found directive in column 1. (ORG)
Warning[205] C:\USERS\GERPE\ONEDRIVE\GER-PER 2016\DOCUMENTS\KENNYNEUTRON\HUB6\RGMODULE_RTCPROJ\20191122_RGMODULE_RTCV1.ASM 6368 : Found directive in column 1. (ORG)
Warning[205] C:\USERS\GERPE\ONEDRIVE\GER-PER 2016\DOCUMENTS\KENNYNEUTRON\HUB6\RGMODULE_RTCPROJ\20191122_RGMODULE_RTCV1.ASM 6403 : Found directive in column 1. (ORG)
Warning[205] C:\USERS\GERPE\ONEDRIVE\GER-PER 2016\DOCUMENTS\KENNYNEUTRON\HUB6\RGMODULE_RTCPROJ\20191122_RGMODULE_RTCV1.ASM 6438 : Found directive in column 1. (ORG)
Warning[205] C:\USERS\GERPE\ONEDRIVE\GER-PER 2016\DOCUMENTS\KENNYNEUTRON\HUB6\RGMODULE_RTCPROJ\20191122_RGMODULE_RTCV1.ASM 6475 : Found directive in column 1. (ORG)
Warning[202] C:\USERS\GERPE\ONEDRIVE\GER-PER 2016\DOCUMENTS\KENNYNEUTRON\HUB6\RGMODULE_RTCPROJ\20191122_RGMODULE_RTCV1.ASM 6480 : Argument out of range.  Least significant bits used.
Warning[205] C:\USERS\GERPE\ONEDRIVE\GER-PER 2016\DOCUMENTS\KENNYNEUTRON\HUB6\RGMODULE_RTCPROJ\20191122_RGMODULE_RTCV1.ASM 6510 : Found directive in column 1. (ORG)
Warning[205] C:\USERS\GERPE\ONEDRIVE\GER-PER 2016\DOCUMENTS\KENNYNEUTRON\HUB6\RGMODULE_RTCPROJ\20191122_RGMODULE_RTCV1.ASM 6546 : Found directive in column 1. (ORG)
Warning[205] C:\USERS\GERPE\ONEDRIVE\GER-PER 2016\DOCUMENTS\KENNYNEUTRON\HUB6\RGMODULE_RTCPROJ\20191122_RGMODULE_RTCV1.ASM 6580 : Found directive in column 1. (ORG)
Warning[205] C:\USERS\GERPE\ONEDRIVE\GER-PER 2016\DOCUMENTS\KENNYNEUTRON\HUB6\RGMODULE_RTCPROJ\20191122_RGMODULE_RTCV1.ASM 6616 : Found directive in column 1. (ORG)
Warning[205] C:\USERS\GERPE\ONEDRIVE\GER-PER 2016\DOCUMENTS\KENNYNEUTRON\HUB6\RGMODULE_RTCPROJ\20191122_RGMODULE_RTCV1.ASM 6649 : Found directive in column 1. (ORG)
Warning[205] C:\USERS\GERPE\ONEDRIVE\GER-PER 2016\DOCUMENTS\KENNYNEUTRON\HUB6\RGMODULE_RTCPROJ\20191122_RGMODULE_RTCV1.ASM 6684 : Found directive in column 1. (ORG)
Warning[205] C:\USERS\GERPE\ONEDRIVE\GER-PER 2016\DOCUMENTS\KENNYNEUTRON\HUB6\RGMODULE_RTCPROJ\20191122_RGMODULE_RTCV1.ASM 6718 : Found directive in column 1. (ORG)
Warning[205] C:\USERS\GERPE\ONEDRIVE\GER-PER 2016\DOCUMENTS\KENNYNEUTRON\HUB6\RGMODULE_RTCPROJ\20191122_RGMODULE_RTCV1.ASM 6754 : Found directive in column 1. (ORG)
Warning[205] C:\USERS\GERPE\ONEDRIVE\GER-PER 2016\DOCUMENTS\KENNYNEUTRON\HUB6\RGMODULE_RTCPROJ\20191122_RGMODULE_RTCV1.ASM 6788 : Found directive in column 1. (ORG)
Warning[205] C:\USERS\GERPE\ONEDRIVE\GER-PER 2016\DOCUMENTS\KENNYNEUTRON\HUB6\RGMODULE_RTCPROJ\20191122_RGMODULE_RTCV1.ASM 6824 : Found directive in column 1. (ORG)
Warning[205] C:\USERS\GERPE\ONEDRIVE\GER-PER 2016\DOCUMENTS\KENNYNEUTRON\HUB6\RGMODULE_RTCPROJ\20191122_RGMODULE_RTCV1.ASM 6857 : Found directive in column 1. (ORG)
Warning[205] C:\USERS\GERPE\ONEDRIVE\GER-PER 2016\DOCUMENTS\KENNYNEUTRON\HUB6\RGMODULE_RTCPROJ\20191122_RGMODULE_RTCV1.ASM 6892 : Found directive in column 1. (ORG)
Warning[205] C:\USERS\GERPE\ONEDRIVE\GER-PER 2016\DOCUMENTS\KENNYNEUTRON\HUB6\RGMODULE_RTCPROJ\20191122_RGMODULE_RTCV1.ASM 6925 : Found directive in column 1. (ORG)
Warning[205] C:\USERS\GERPE\ONEDRIVE\GER-PER 2016\DOCUMENTS\KENNYNEUTRON\HUB6\RGMODULE_RTCPROJ\20191122_RGMODULE_RTCV1.ASM 6959 : Found directive in column 1. (ORG)
Warning[205] C:\USERS\GERPE\ONEDRIVE\GER-PER 2016\DOCUMENTS\KENNYNEUTRON\HUB6\RGMODULE_RTCPROJ\20191122_RGMODULE_RTCV1.ASM 7025 : Found directive in column 1. (ORG)
Warning[205] C:\USERS\GERPE\ONEDRIVE\GER-PER 2016\DOCUMENTS\KENNYNEUTRON\HUB6\RGMODULE_RTCPROJ\20191122_RGMODULE_RTCV1.ASM 7094 : Found directive in column 1. (ORG)
Warning[205] C:\USERS\GERPE\ONEDRIVE\GER-PER 2016\DOCUMENTS\KENNYNEUTRON\HUB6\RGMODULE_RTCPROJ\20191122_RGMODULE_RTCV1.ASM 7160 : Found directive in column 1. (ORG)
Warning[205] C:\USERS\GERPE\ONEDRIVE\GER-PER 2016\DOCUMENTS\KENNYNEUTRON\HUB6\RGMODULE_RTCPROJ\20191122_RGMODULE_RTCV1.ASM 7228 : Found directive in column 1. (ORG)
Warning[205] C:\USERS\GERPE\ONEDRIVE\GER-PER 2016\DOCUMENTS\KENNYNEUTRON\HUB6\RGMODULE_RTCPROJ\20191122_RGMODULE_RTCV1.ASM 7293 : Found directive in column 1. (ORG)
Warning[205] C:\USERS\GERPE\ONEDRIVE\GER-PER 2016\DOCUMENTS\KENNYNEUTRON\HUB6\RGMODULE_RTCPROJ\20191122_RGMODULE_RTCV1.ASM 7360 : Found directive in column 1. (ORG)
Warning[205] C:\USERS\GERPE\ONEDRIVE\GER-PER 2016\DOCUMENTS\KENNYNEUTRON\HUB6\RGMODULE_RTCPROJ\20191122_RGMODULE_RTCV1.ASM 7427 : Found directive in column 1. (ORG)
Warning[205] C:\USERS\GERPE\ONEDRIVE\GER-PER 2016\DOCUMENTS\KENNYNEUTRON\HUB6\RGMODULE_RTCPROJ\20191122_RGMODULE_RTCV1.ASM 7493 : Found directive in column 1. (ORG)
Warning[205] C:\USERS\GERPE\ONEDRIVE\GER-PER 2016\DOCUMENTS\KENNYNEUTRON\HUB6\RGMODULE_RTCPROJ\20191122_RGMODULE_RTCV1.ASM 7561 : Found directive in column 1. (ORG)
Warning[205] C:\USERS\GERPE\ONEDRIVE\GER-PER 2016\DOCUMENTS\KENNYNEUTRON\HUB6\RGMODULE_RTCPROJ\20191122_RGMODULE_RTCV1.ASM 7627 : Found directive in column 1. (ORG)
Warning[205] C:\USERS\GERPE\ONEDRIVE\GER-PER 2016\DOCUMENTS\KENNYNEUTRON\HUB6\RGMODULE_RTCPROJ\20191122_RGMODULE_RTCV1.ASM 7695 : Found directive in column 1. (ORG)
Warning[205] C:\USERS\GERPE\ONEDRIVE\GER-PER 2016\DOCUMENTS\KENNYNEUTRON\HUB6\RGMODULE_RTCPROJ\20191122_RGMODULE_RTCV1.ASM 7761 : Found directive in column 1. (ORG)
Warning[205] C:\USERS\GERPE\ONEDRIVE\GER-PER 2016\DOCUMENTS\KENNYNEUTRON\HUB6\RGMODULE_RTCPROJ\20191122_RGMODULE_RTCV1.ASM 7796 : Found directive in column 1. (ORG)
Warning[205] C:\USERS\GERPE\ONEDRIVE\GER-PER 2016\DOCUMENTS\KENNYNEUTRON\HUB6\RGMODULE_RTCPROJ\20191122_RGMODULE_RTCV1.ASM 7833 : Found directive in column 1. (ORG)
Warning[205] C:\USERS\GERPE\ONEDRIVE\GER-PER 2016\DOCUMENTS\KENNYNEUTRON\HUB6\RGMODULE_RTCPROJ\20191122_RGMODULE_RTCV1.ASM 7978 : Found directive in column 1. (ORG)
Warning[203] C:\USERS\GERPE\ONEDRIVE\GER-PER 2016\DOCUMENTS\KENNYNEUTRON\HUB6\RGMODULE_RTCPROJ\20191122_RGMODULE_RTCV1.ASM 8042 : Found opcode in column 1. (RETURN)
Warning[203] C:\USERS\GERPE\ONEDRIVE\GER-PER 2016\DOCUMENTS\KENNYNEUTRON\HUB6\RGMODULE_RTCPROJ\20191122_RGMODULE_RTCV1.ASM 8049 : Found opcode in column 1. (RETURN)
Warning[203] C:\USERS\GERPE\ONEDRIVE\GER-PER 2016\DOCUMENTS\KENNYNEUTRON\HUB6\RGMODULE_RTCPROJ\20191122_RGMODULE_RTCV1.ASM 8057 : Found opcode in column 1. (RETURN)
Warning[203] C:\USERS\GERPE\ONEDRIVE\GER-PER 2016\DOCUMENTS\KENNYNEUTRON\HUB6\RGMODULE_RTCPROJ\20191122_RGMODULE_RTCV1.ASM 8064 : Found opcode in column 1. (RETURN)
Warning[203] C:\USERS\GERPE\ONEDRIVE\GER-PER 2016\DOCUMENTS\KENNYNEUTRON\HUB6\RGMODULE_RTCPROJ\20191122_RGMODULE_RTCV1.ASM 8071 : Found opcode in column 1. (RETURN)
Warning[203] C:\USERS\GERPE\ONEDRIVE\GER-PER 2016\DOCUMENTS\KENNYNEUTRON\HUB6\RGMODULE_RTCPROJ\20191122_RGMODULE_RTCV1.ASM 8091 : Found opcode in column 1. (RETURN)
Warning[203] C:\USERS\GERPE\ONEDRIVE\GER-PER 2016\DOCUMENTS\KENNYNEUTRON\HUB6\RGMODULE_RTCPROJ\20191122_RGMODULE_RTCV1.ASM 8128 : Found opcode in column 1. (RETURN)
Warning[203] C:\USERS\GERPE\ONEDRIVE\GER-PER 2016\DOCUMENTS\KENNYNEUTRON\HUB6\RGMODULE_RTCPROJ\20191122_RGMODULE_RTCV1.ASM 8135 : Found opcode in column 1. (RETURN)
Warning[203] C:\USERS\GERPE\ONEDRIVE\GER-PER 2016\DOCUMENTS\KENNYNEUTRON\HUB6\RGMODULE_RTCPROJ\20191122_RGMODULE_RTCV1.ASM 8173 : Found opcode in column 1. (RETURN)
Warning[203] C:\USERS\GERPE\ONEDRIVE\GER-PER 2016\DOCUMENTS\KENNYNEUTRON\HUB6\RGMODULE_RTCPROJ\20191122_RGMODULE_RTCV1.ASM 8199 : Found opcode in column 1. (RETURN)
Warning[205] C:\USERS\GERPE\ONEDRIVE\GER-PER 2016\DOCUMENTS\KENNYNEUTRON\HUB6\RGMODULE_RTCPROJ\20191122_RGMODULE_RTCV1.ASM 8203 : Found directive in column 1. (END)
