Warning[205] F:\ACER DISK D BACKUP\KENNYNEUTRON\2019\HUB6\GERPER_REDGREEN_P6MODULE_REALTIMECLOCK\HUB6GPU18F4620_RTC\20191125_RTCGPU.ASM 30 : Found directive in column 1. (CONFIG)
Warning[205] F:\ACER DISK D BACKUP\KENNYNEUTRON\2019\HUB6\GERPER_REDGREEN_P6MODULE_REALTIMECLOCK\HUB6GPU18F4620_RTC\20191125_RTCGPU.ASM 31 : Found directive in column 1. (CONFIG)
Warning[205] F:\ACER DISK D BACKUP\KENNYNEUTRON\2019\HUB6\GERPER_REDGREEN_P6MODULE_REALTIMECLOCK\HUB6GPU18F4620_RTC\20191125_RTCGPU.ASM 32 : Found directive in column 1. (CONFIG)
Warning[205] F:\ACER DISK D BACKUP\KENNYNEUTRON\2019\HUB6\GERPER_REDGREEN_P6MODULE_REALTIMECLOCK\HUB6GPU18F4620_RTC\20191125_RTCGPU.ASM 33 : Found directive in column 1. (CONFIG)
Warning[205] F:\ACER DISK D BACKUP\KENNYNEUTRON\2019\HUB6\GERPER_REDGREEN_P6MODULE_REALTIMECLOCK\HUB6GPU18F4620_RTC\20191125_RTCGPU.ASM 34 : Found directive in column 1. (CONFIG)
Warning[205] F:\ACER DISK D BACKUP\KENNYNEUTRON\2019\HUB6\GERPER_REDGREEN_P6MODULE_REALTIMECLOCK\HUB6GPU18F4620_RTC\20191125_RTCGPU.ASM 35 : Found directive in column 1. (CONFIG)
Warning[205] F:\ACER DISK D BACKUP\KENNYNEUTRON\2019\HUB6\GERPER_REDGREEN_P6MODULE_REALTIMECLOCK\HUB6GPU18F4620_RTC\20191125_RTCGPU.ASM 36 : Found directive in column 1. (CONFIG)
Warning[205] F:\ACER DISK D BACKUP\KENNYNEUTRON\2019\HUB6\GERPER_REDGREEN_P6MODULE_REALTIMECLOCK\HUB6GPU18F4620_RTC\20191125_RTCGPU.ASM 37 : Found directive in column 1. (CONFIG)
Warning[205] F:\ACER DISK D BACKUP\KENNYNEUTRON\2019\HUB6\GERPER_REDGREEN_P6MODULE_REALTIMECLOCK\HUB6GPU18F4620_RTC\20191125_RTCGPU.ASM 38 : Found directive in column 1. (CONFIG)
Warning[205] F:\ACER DISK D BACKUP\KENNYNEUTRON\2019\HUB6\GERPER_REDGREEN_P6MODULE_REALTIMECLOCK\HUB6GPU18F4620_RTC\20191125_RTCGPU.ASM 39 : Found directive in column 1. (CONFIG)
Warning[205] F:\ACER DISK D BACKUP\KENNYNEUTRON\2019\HUB6\GERPER_REDGREEN_P6MODULE_REALTIMECLOCK\HUB6GPU18F4620_RTC\20191125_RTCGPU.ASM 40 : Found directive in column 1. (CONFIG)
Warning[205] F:\ACER DISK D BACKUP\KENNYNEUTRON\2019\HUB6\GERPER_REDGREEN_P6MODULE_REALTIMECLOCK\HUB6GPU18F4620_RTC\20191125_RTCGPU.ASM 41 : Found directive in column 1. (CONFIG)
Warning[205] F:\ACER DISK D BACKUP\KENNYNEUTRON\2019\HUB6\GERPER_REDGREEN_P6MODULE_REALTIMECLOCK\HUB6GPU18F4620_RTC\20191125_RTCGPU.ASM 42 : Found directive in column 1. (CONFIG)
Warning[205] F:\ACER DISK D BACKUP\KENNYNEUTRON\2019\HUB6\GERPER_REDGREEN_P6MODULE_REALTIMECLOCK\HUB6GPU18F4620_RTC\20191125_RTCGPU.ASM 45 : Found directive in column 1. (CONFIG)
Warning[210] F:\ACER DISK D BACKUP\KENNYNEUTRON\2019\HUB6\GERPER_REDGREEN_P6MODULE_REALTIMECLOCK\HUB6GPU18F4620_RTC\20191125_RTCGPU.ASM 132 : Extra ","
Warning[210] F:\ACER DISK D BACKUP\KENNYNEUTRON\2019\HUB6\GERPER_REDGREEN_P6MODULE_REALTIMECLOCK\HUB6GPU18F4620_RTC\20191125_RTCGPU.ASM 134 : Extra ","
Warning[203] F:\ACER DISK D BACKUP\KENNYNEUTRON\2019\HUB6\GERPER_REDGREEN_P6MODULE_REALTIMECLOCK\HUB6GPU18F4620_RTC\20191125_RTCGPU.ASM 213 : Found opcode in column 1. (CLRF)
Warning[203] F:\ACER DISK D BACKUP\KENNYNEUTRON\2019\HUB6\GERPER_REDGREEN_P6MODULE_REALTIMECLOCK\HUB6GPU18F4620_RTC\20191125_RTCGPU.ASM 216 : Found opcode in column 1. (CLRF)
Warning[203] F:\ACER DISK D BACKUP\KENNYNEUTRON\2019\HUB6\GERPER_REDGREEN_P6MODULE_REALTIMECLOCK\HUB6GPU18F4620_RTC\20191125_RTCGPU.ASM 219 : Found opcode in column 1. (MOVLW)
Warning[203] F:\ACER DISK D BACKUP\KENNYNEUTRON\2019\HUB6\GERPER_REDGREEN_P6MODULE_REALTIMECLOCK\HUB6GPU18F4620_RTC\20191125_RTCGPU.ASM 220 : Found opcode in column 1. (MOVWF)
Warning[203] F:\ACER DISK D BACKUP\KENNYNEUTRON\2019\HUB6\GERPER_REDGREEN_P6MODULE_REALTIMECLOCK\HUB6GPU18F4620_RTC\20191125_RTCGPU.ASM 221 : Found opcode in column 1. (MOVWF)
Warning[203] F:\ACER DISK D BACKUP\KENNYNEUTRON\2019\HUB6\GERPER_REDGREEN_P6MODULE_REALTIMECLOCK\HUB6GPU18F4620_RTC\20191125_RTCGPU.ASM 222 : Found opcode in column 1. (MOVWF)
Warning[203] F:\ACER DISK D BACKUP\KENNYNEUTRON\2019\HUB6\GERPER_REDGREEN_P6MODULE_REALTIMECLOCK\HUB6GPU18F4620_RTC\20191125_RTCGPU.ASM 223 : Found opcode in column 1. (MOVLW)
Warning[203] F:\ACER DISK D BACKUP\KENNYNEUTRON\2019\HUB6\GERPER_REDGREEN_P6MODULE_REALTIMECLOCK\HUB6GPU18F4620_RTC\20191125_RTCGPU.ASM 226 : Found opcode in column 1. (MOVWF)
Warning[203] F:\ACER DISK D BACKUP\KENNYNEUTRON\2019\HUB6\GERPER_REDGREEN_P6MODULE_REALTIMECLOCK\HUB6GPU18F4620_RTC\20191125_RTCGPU.ASM 229 : Found opcode in column 1. (BCF)
Warning[203] F:\ACER DISK D BACKUP\KENNYNEUTRON\2019\HUB6\GERPER_REDGREEN_P6MODULE_REALTIMECLOCK\HUB6GPU18F4620_RTC\20191125_RTCGPU.ASM 230 : Found opcode in column 1. (BCF)
Warning[203] F:\ACER DISK D BACKUP\KENNYNEUTRON\2019\HUB6\GERPER_REDGREEN_P6MODULE_REALTIMECLOCK\HUB6GPU18F4620_RTC\20191125_RTCGPU.ASM 235 : Found opcode in column 1. (CLRF)
Warning[203] F:\ACER DISK D BACKUP\KENNYNEUTRON\2019\HUB6\GERPER_REDGREEN_P6MODULE_REALTIMECLOCK\HUB6GPU18F4620_RTC\20191125_RTCGPU.ASM 238 : Found opcode in column 1. (CLRF)
Warning[203] F:\ACER DISK D BACKUP\KENNYNEUTRON\2019\HUB6\GERPER_REDGREEN_P6MODULE_REALTIMECLOCK\HUB6GPU18F4620_RTC\20191125_RTCGPU.ASM 241 : Found opcode in column 1. (MOVLW)
Warning[203] F:\ACER DISK D BACKUP\KENNYNEUTRON\2019\HUB6\GERPER_REDGREEN_P6MODULE_REALTIMECLOCK\HUB6GPU18F4620_RTC\20191125_RTCGPU.ASM 242 : Found opcode in column 1. (MOVWF)
Warning[203] F:\ACER DISK D BACKUP\KENNYNEUTRON\2019\HUB6\GERPER_REDGREEN_P6MODULE_REALTIMECLOCK\HUB6GPU18F4620_RTC\20191125_RTCGPU.ASM 245 : Found opcode in column 1. (MOVLW)
Warning[203] F:\ACER DISK D BACKUP\KENNYNEUTRON\2019\HUB6\GERPER_REDGREEN_P6MODULE_REALTIMECLOCK\HUB6GPU18F4620_RTC\20191125_RTCGPU.ASM 248 : Found opcode in column 1. (MOVWF)
Warning[203] F:\ACER DISK D BACKUP\KENNYNEUTRON\2019\HUB6\GERPER_REDGREEN_P6MODULE_REALTIMECLOCK\HUB6GPU18F4620_RTC\20191125_RTCGPU.ASM 254 : Found opcode in column 1. (CLRF)
Warning[203] F:\ACER DISK D BACKUP\KENNYNEUTRON\2019\HUB6\GERPER_REDGREEN_P6MODULE_REALTIMECLOCK\HUB6GPU18F4620_RTC\20191125_RTCGPU.ASM 255 : Found opcode in column 1. (CLRF)
Warning[203] F:\ACER DISK D BACKUP\KENNYNEUTRON\2019\HUB6\GERPER_REDGREEN_P6MODULE_REALTIMECLOCK\HUB6GPU18F4620_RTC\20191125_RTCGPU.ASM 256 : Found opcode in column 1. (MOVLW)
Warning[203] F:\ACER DISK D BACKUP\KENNYNEUTRON\2019\HUB6\GERPER_REDGREEN_P6MODULE_REALTIMECLOCK\HUB6GPU18F4620_RTC\20191125_RTCGPU.ASM 257 : Found opcode in column 1. (MOVWF)
Warning[203] F:\ACER DISK D BACKUP\KENNYNEUTRON\2019\HUB6\GERPER_REDGREEN_P6MODULE_REALTIMECLOCK\HUB6GPU18F4620_RTC\20191125_RTCGPU.ASM 267 : Found opcode in column 1. (BCF)
Warning[203] F:\ACER DISK D BACKUP\KENNYNEUTRON\2019\HUB6\GERPER_REDGREEN_P6MODULE_REALTIMECLOCK\HUB6GPU18F4620_RTC\20191125_RTCGPU.ASM 268 : Found opcode in column 1. (BCF)
Warning[203] F:\ACER DISK D BACKUP\KENNYNEUTRON\2019\HUB6\GERPER_REDGREEN_P6MODULE_REALTIMECLOCK\HUB6GPU18F4620_RTC\20191125_RTCGPU.ASM 273 : Found opcode in column 1. (CLRF)
Warning[203] F:\ACER DISK D BACKUP\KENNYNEUTRON\2019\HUB6\GERPER_REDGREEN_P6MODULE_REALTIMECLOCK\HUB6GPU18F4620_RTC\20191125_RTCGPU.ASM 276 : Found opcode in column 1. (CLRF)
Warning[203] F:\ACER DISK D BACKUP\KENNYNEUTRON\2019\HUB6\GERPER_REDGREEN_P6MODULE_REALTIMECLOCK\HUB6GPU18F4620_RTC\20191125_RTCGPU.ASM 279 : Found opcode in column 1. (MOVLW)
Warning[203] F:\ACER DISK D BACKUP\KENNYNEUTRON\2019\HUB6\GERPER_REDGREEN_P6MODULE_REALTIMECLOCK\HUB6GPU18F4620_RTC\20191125_RTCGPU.ASM 282 : Found opcode in column 1. (MOVWF)
Warning[203] F:\ACER DISK D BACKUP\KENNYNEUTRON\2019\HUB6\GERPER_REDGREEN_P6MODULE_REALTIMECLOCK\HUB6GPU18F4620_RTC\20191125_RTCGPU.ASM 288 : Found opcode in column 1. (CLRF)
Warning[203] F:\ACER DISK D BACKUP\KENNYNEUTRON\2019\HUB6\GERPER_REDGREEN_P6MODULE_REALTIMECLOCK\HUB6GPU18F4620_RTC\20191125_RTCGPU.ASM 291 : Found opcode in column 1. (CLRF)
Warning[203] F:\ACER DISK D BACKUP\KENNYNEUTRON\2019\HUB6\GERPER_REDGREEN_P6MODULE_REALTIMECLOCK\HUB6GPU18F4620_RTC\20191125_RTCGPU.ASM 294 : Found opcode in column 1. (MOVLW)
Warning[203] F:\ACER DISK D BACKUP\KENNYNEUTRON\2019\HUB6\GERPER_REDGREEN_P6MODULE_REALTIMECLOCK\HUB6GPU18F4620_RTC\20191125_RTCGPU.ASM 295 : Found opcode in column 1. (MOVWF)
Warning[203] F:\ACER DISK D BACKUP\KENNYNEUTRON\2019\HUB6\GERPER_REDGREEN_P6MODULE_REALTIMECLOCK\HUB6GPU18F4620_RTC\20191125_RTCGPU.ASM 298 : Found opcode in column 1. (MOVLW)
Warning[203] F:\ACER DISK D BACKUP\KENNYNEUTRON\2019\HUB6\GERPER_REDGREEN_P6MODULE_REALTIMECLOCK\HUB6GPU18F4620_RTC\20191125_RTCGPU.ASM 299 : Found opcode in column 1. (MOVWF)
Warning[203] F:\ACER DISK D BACKUP\KENNYNEUTRON\2019\HUB6\GERPER_REDGREEN_P6MODULE_REALTIMECLOCK\HUB6GPU18F4620_RTC\20191125_RTCGPU.ASM 312 : Found opcode in column 1. (MOVLB)
Warning[203] F:\ACER DISK D BACKUP\KENNYNEUTRON\2019\HUB6\GERPER_REDGREEN_P6MODULE_REALTIMECLOCK\HUB6GPU18F4620_RTC\20191125_RTCGPU.ASM 313 : Found opcode in column 1. (BCF)
Warning[203] F:\ACER DISK D BACKUP\KENNYNEUTRON\2019\HUB6\GERPER_REDGREEN_P6MODULE_REALTIMECLOCK\HUB6GPU18F4620_RTC\20191125_RTCGPU.ASM 314 : Found opcode in column 1. (BCF)
Warning[203] F:\ACER DISK D BACKUP\KENNYNEUTRON\2019\HUB6\GERPER_REDGREEN_P6MODULE_REALTIMECLOCK\HUB6GPU18F4620_RTC\20191125_RTCGPU.ASM 315 : Found opcode in column 1. (BCF)
Warning[203] F:\ACER DISK D BACKUP\KENNYNEUTRON\2019\HUB6\GERPER_REDGREEN_P6MODULE_REALTIMECLOCK\HUB6GPU18F4620_RTC\20191125_RTCGPU.ASM 316 : Found opcode in column 1. (BCF)
Warning[203] F:\ACER DISK D BACKUP\KENNYNEUTRON\2019\HUB6\GERPER_REDGREEN_P6MODULE_REALTIMECLOCK\HUB6GPU18F4620_RTC\20191125_RTCGPU.ASM 318 : Found opcode in column 1. (BCF)
Warning[203] F:\ACER DISK D BACKUP\KENNYNEUTRON\2019\HUB6\GERPER_REDGREEN_P6MODULE_REALTIMECLOCK\HUB6GPU18F4620_RTC\20191125_RTCGPU.ASM 320 : Found opcode in column 1. (BCF)
Warning[203] F:\ACER DISK D BACKUP\KENNYNEUTRON\2019\HUB6\GERPER_REDGREEN_P6MODULE_REALTIMECLOCK\HUB6GPU18F4620_RTC\20191125_RTCGPU.ASM 321 : Found opcode in column 1. (BSF)
Warning[203] F:\ACER DISK D BACKUP\KENNYNEUTRON\2019\HUB6\GERPER_REDGREEN_P6MODULE_REALTIMECLOCK\HUB6GPU18F4620_RTC\20191125_RTCGPU.ASM 322 : Found opcode in column 1. (BSF)
Warning[203] F:\ACER DISK D BACKUP\KENNYNEUTRON\2019\HUB6\GERPER_REDGREEN_P6MODULE_REALTIMECLOCK\HUB6GPU18F4620_RTC\20191125_RTCGPU.ASM 323 : Found opcode in column 1. (BSF)
Warning[203] F:\ACER DISK D BACKUP\KENNYNEUTRON\2019\HUB6\GERPER_REDGREEN_P6MODULE_REALTIMECLOCK\HUB6GPU18F4620_RTC\20191125_RTCGPU.ASM 324 : Found opcode in column 1. (BSF)
Warning[203] F:\ACER DISK D BACKUP\KENNYNEUTRON\2019\HUB6\GERPER_REDGREEN_P6MODULE_REALTIMECLOCK\HUB6GPU18F4620_RTC\20191125_RTCGPU.ASM 326 : Found opcode in column 1. (MOVLW)
Warning[203] F:\ACER DISK D BACKUP\KENNYNEUTRON\2019\HUB6\GERPER_REDGREEN_P6MODULE_REALTIMECLOCK\HUB6GPU18F4620_RTC\20191125_RTCGPU.ASM 327 : Found opcode in column 1. (MOVWF)
Warning[203] F:\ACER DISK D BACKUP\KENNYNEUTRON\2019\HUB6\GERPER_REDGREEN_P6MODULE_REALTIMECLOCK\HUB6GPU18F4620_RTC\20191125_RTCGPU.ASM 329 : Found opcode in column 1. (MOVLW)
Warning[203] F:\ACER DISK D BACKUP\KENNYNEUTRON\2019\HUB6\GERPER_REDGREEN_P6MODULE_REALTIMECLOCK\HUB6GPU18F4620_RTC\20191125_RTCGPU.ASM 330 : Found opcode in column 1. (MOVWF)
Warning[203] F:\ACER DISK D BACKUP\KENNYNEUTRON\2019\HUB6\GERPER_REDGREEN_P6MODULE_REALTIMECLOCK\HUB6GPU18F4620_RTC\20191125_RTCGPU.ASM 332 : Found opcode in column 1. (MOVLW)
Warning[203] F:\ACER DISK D BACKUP\KENNYNEUTRON\2019\HUB6\GERPER_REDGREEN_P6MODULE_REALTIMECLOCK\HUB6GPU18F4620_RTC\20191125_RTCGPU.ASM 333 : Found opcode in column 1. (MOVWF)
Warning[203] F:\ACER DISK D BACKUP\KENNYNEUTRON\2019\HUB6\GERPER_REDGREEN_P6MODULE_REALTIMECLOCK\HUB6GPU18F4620_RTC\20191125_RTCGPU.ASM 345 : Found opcode in column 1. (MOVLB)
Warning[203] F:\ACER DISK D BACKUP\KENNYNEUTRON\2019\HUB6\GERPER_REDGREEN_P6MODULE_REALTIMECLOCK\HUB6GPU18F4620_RTC\20191125_RTCGPU.ASM 348 : Found opcode in column 1. (MOVLW)
Warning[203] F:\ACER DISK D BACKUP\KENNYNEUTRON\2019\HUB6\GERPER_REDGREEN_P6MODULE_REALTIMECLOCK\HUB6GPU18F4620_RTC\20191125_RTCGPU.ASM 349 : Found opcode in column 1. (MOVWF)
Warning[203] F:\ACER DISK D BACKUP\KENNYNEUTRON\2019\HUB6\GERPER_REDGREEN_P6MODULE_REALTIMECLOCK\HUB6GPU18F4620_RTC\20191125_RTCGPU.ASM 352 : Found opcode in column 1. (BCF)
Warning[203] F:\ACER DISK D BACKUP\KENNYNEUTRON\2019\HUB6\GERPER_REDGREEN_P6MODULE_REALTIMECLOCK\HUB6GPU18F4620_RTC\20191125_RTCGPU.ASM 353 : Found opcode in column 1. (BCF)
Warning[203] F:\ACER DISK D BACKUP\KENNYNEUTRON\2019\HUB6\GERPER_REDGREEN_P6MODULE_REALTIMECLOCK\HUB6GPU18F4620_RTC\20191125_RTCGPU.ASM 386 : Found opcode in column 1. (MOVLW)
Warning[203] F:\ACER DISK D BACKUP\KENNYNEUTRON\2019\HUB6\GERPER_REDGREEN_P6MODULE_REALTIMECLOCK\HUB6GPU18F4620_RTC\20191125_RTCGPU.ASM 387 : Found opcode in column 1. (MOVWF)
Warning[203] F:\ACER DISK D BACKUP\KENNYNEUTRON\2019\HUB6\GERPER_REDGREEN_P6MODULE_REALTIMECLOCK\HUB6GPU18F4620_RTC\20191125_RTCGPU.ASM 388 : Found opcode in column 1. (MOVWF)
Warning[203] F:\ACER DISK D BACKUP\KENNYNEUTRON\2019\HUB6\GERPER_REDGREEN_P6MODULE_REALTIMECLOCK\HUB6GPU18F4620_RTC\20191125_RTCGPU.ASM 389 : Found opcode in column 1. (MOVWF)
Warning[203] F:\ACER DISK D BACKUP\KENNYNEUTRON\2019\HUB6\GERPER_REDGREEN_P6MODULE_REALTIMECLOCK\HUB6GPU18F4620_RTC\20191125_RTCGPU.ASM 398 : Found opcode in column 1. (GOTO)
Warning[203] F:\ACER DISK D BACKUP\KENNYNEUTRON\2019\HUB6\GERPER_REDGREEN_P6MODULE_REALTIMECLOCK\HUB6GPU18F4620_RTC\20191125_RTCGPU.ASM 435 : Found opcode in column 1. (GOTO)
Warning[203] F:\ACER DISK D BACKUP\KENNYNEUTRON\2019\HUB6\GERPER_REDGREEN_P6MODULE_REALTIMECLOCK\HUB6GPU18F4620_RTC\20191125_RTCGPU.ASM 454 : Found opcode in column 1. (RETURN)
Warning[203] F:\ACER DISK D BACKUP\KENNYNEUTRON\2019\HUB6\GERPER_REDGREEN_P6MODULE_REALTIMECLOCK\HUB6GPU18F4620_RTC\20191125_RTCGPU.ASM 490 : Found opcode in column 1. (RETURN)
Warning[203] F:\ACER DISK D BACKUP\KENNYNEUTRON\2019\HUB6\GERPER_REDGREEN_P6MODULE_REALTIMECLOCK\HUB6GPU18F4620_RTC\20191125_RTCGPU.ASM 496 : Found opcode in column 1. (RETURN)
Warning[203] F:\ACER DISK D BACKUP\KENNYNEUTRON\2019\HUB6\GERPER_REDGREEN_P6MODULE_REALTIMECLOCK\HUB6GPU18F4620_RTC\20191125_RTCGPU.ASM 525 : Found opcode in column 1. (RETURN)
Warning[203] F:\ACER DISK D BACKUP\KENNYNEUTRON\2019\HUB6\GERPER_REDGREEN_P6MODULE_REALTIMECLOCK\HUB6GPU18F4620_RTC\20191125_RTCGPU.ASM 772 : Found opcode in column 1. (RETURN)
Warning[203] F:\ACER DISK D BACKUP\KENNYNEUTRON\2019\HUB6\GERPER_REDGREEN_P6MODULE_REALTIMECLOCK\HUB6GPU18F4620_RTC\20191125_RTCGPU.ASM 828 : Found opcode in column 1. (RETURN)
Warning[203] F:\ACER DISK D BACKUP\KENNYNEUTRON\2019\HUB6\GERPER_REDGREEN_P6MODULE_REALTIMECLOCK\HUB6GPU18F4620_RTC\20191125_RTCGPU.ASM 857 : Found opcode in column 1. (RETURN)
Warning[203] F:\ACER DISK D BACKUP\KENNYNEUTRON\2019\HUB6\GERPER_REDGREEN_P6MODULE_REALTIMECLOCK\HUB6GPU18F4620_RTC\20191125_RTCGPU.ASM 867 : Found opcode in column 1. (RETURN)
Warning[203] F:\ACER DISK D BACKUP\KENNYNEUTRON\2019\HUB6\GERPER_REDGREEN_P6MODULE_REALTIMECLOCK\HUB6GPU18F4620_RTC\20191125_RTCGPU.ASM 885 : Found opcode in column 1. (RETURN)
Warning[203] F:\ACER DISK D BACKUP\KENNYNEUTRON\2019\HUB6\GERPER_REDGREEN_P6MODULE_REALTIMECLOCK\HUB6GPU18F4620_RTC\20191125_RTCGPU.ASM 941 : Found opcode in column 1. (RETURN)
Warning[203] F:\ACER DISK D BACKUP\KENNYNEUTRON\2019\HUB6\GERPER_REDGREEN_P6MODULE_REALTIMECLOCK\HUB6GPU18F4620_RTC\20191125_RTCGPU.ASM 1044 : Found opcode in column 1. (RETURN)
Warning[203] F:\ACER DISK D BACKUP\KENNYNEUTRON\2019\HUB6\GERPER_REDGREEN_P6MODULE_REALTIMECLOCK\HUB6GPU18F4620_RTC\20191125_RTCGPU.ASM 1144 : Found opcode in column 1. (RETURN)
Warning[203] F:\ACER DISK D BACKUP\KENNYNEUTRON\2019\HUB6\GERPER_REDGREEN_P6MODULE_REALTIMECLOCK\HUB6GPU18F4620_RTC\20191125_RTCGPU.ASM 1187 : Found opcode in column 1. (RETURN)
Warning[203] F:\ACER DISK D BACKUP\KENNYNEUTRON\2019\HUB6\GERPER_REDGREEN_P6MODULE_REALTIMECLOCK\HUB6GPU18F4620_RTC\20191125_RTCGPU.ASM 1224 : Found opcode in column 1. (RETURN)
Warning[203] F:\ACER DISK D BACKUP\KENNYNEUTRON\2019\HUB6\GERPER_REDGREEN_P6MODULE_REALTIMECLOCK\HUB6GPU18F4620_RTC\20191125_RTCGPU.ASM 1285 : Found opcode in column 1. (RETURN)
Warning[203] F:\ACER DISK D BACKUP\KENNYNEUTRON\2019\HUB6\GERPER_REDGREEN_P6MODULE_REALTIMECLOCK\HUB6GPU18F4620_RTC\20191125_RTCGPU.ASM 1314 : Found opcode in column 1. (RETURN)
Warning[203] F:\ACER DISK D BACKUP\KENNYNEUTRON\2019\HUB6\GERPER_REDGREEN_P6MODULE_REALTIMECLOCK\HUB6GPU18F4620_RTC\20191125_RTCGPU.ASM 1581 : Found opcode in column 1. (RETURN)
Warning[203] F:\ACER DISK D BACKUP\KENNYNEUTRON\2019\HUB6\GERPER_REDGREEN_P6MODULE_REALTIMECLOCK\HUB6GPU18F4620_RTC\20191125_RTCGPU.ASM 1666 : Found opcode in column 1. (RETURN)
Warning[203] F:\ACER DISK D BACKUP\KENNYNEUTRON\2019\HUB6\GERPER_REDGREEN_P6MODULE_REALTIMECLOCK\HUB6GPU18F4620_RTC\20191125_RTCGPU.ASM 1688 : Found opcode in column 1. (RETURN)
Warning[203] F:\ACER DISK D BACKUP\KENNYNEUTRON\2019\HUB6\GERPER_REDGREEN_P6MODULE_REALTIMECLOCK\HUB6GPU18F4620_RTC\20191125_RTCGPU.ASM 1703 : Found opcode in column 1. (RETURN)
Warning[203] F:\ACER DISK D BACKUP\KENNYNEUTRON\2019\HUB6\GERPER_REDGREEN_P6MODULE_REALTIMECLOCK\HUB6GPU18F4620_RTC\20191125_RTCGPU.ASM 1791 : Found opcode in column 1. (RETURN)
Warning[203] F:\ACER DISK D BACKUP\KENNYNEUTRON\2019\HUB6\GERPER_REDGREEN_P6MODULE_REALTIMECLOCK\HUB6GPU18F4620_RTC\20191125_RTCGPU.ASM 1813 : Found opcode in column 1. (RETURN)
Warning[203] F:\ACER DISK D BACKUP\KENNYNEUTRON\2019\HUB6\GERPER_REDGREEN_P6MODULE_REALTIMECLOCK\HUB6GPU18F4620_RTC\20191125_RTCGPU.ASM 1828 : Found opcode in column 1. (RETURN)
Warning[203] F:\ACER DISK D BACKUP\KENNYNEUTRON\2019\HUB6\GERPER_REDGREEN_P6MODULE_REALTIMECLOCK\HUB6GPU18F4620_RTC\20191125_RTCGPU.ASM 1847 : Found opcode in column 1. (RETURN)
Warning[203] F:\ACER DISK D BACKUP\KENNYNEUTRON\2019\HUB6\GERPER_REDGREEN_P6MODULE_REALTIMECLOCK\HUB6GPU18F4620_RTC\20191125_RTCGPU.ASM 1861 : Found opcode in column 1. (RETURN)
Warning[203] F:\ACER DISK D BACKUP\KENNYNEUTRON\2019\HUB6\GERPER_REDGREEN_P6MODULE_REALTIMECLOCK\HUB6GPU18F4620_RTC\20191125_RTCGPU.ASM 1875 : Found opcode in column 1. (RETURN)
Warning[203] F:\ACER DISK D BACKUP\KENNYNEUTRON\2019\HUB6\GERPER_REDGREEN_P6MODULE_REALTIMECLOCK\HUB6GPU18F4620_RTC\20191125_RTCGPU.ASM 1889 : Found opcode in column 1. (RETURN)
Warning[203] F:\ACER DISK D BACKUP\KENNYNEUTRON\2019\HUB6\GERPER_REDGREEN_P6MODULE_REALTIMECLOCK\HUB6GPU18F4620_RTC\20191125_RTCGPU.ASM 1902 : Found opcode in column 1. (RETURN)
Warning[203] F:\ACER DISK D BACKUP\KENNYNEUTRON\2019\HUB6\GERPER_REDGREEN_P6MODULE_REALTIMECLOCK\HUB6GPU18F4620_RTC\20191125_RTCGPU.ASM 1916 : Found opcode in column 1. (RETURN)
Warning[203] F:\ACER DISK D BACKUP\KENNYNEUTRON\2019\HUB6\GERPER_REDGREEN_P6MODULE_REALTIMECLOCK\HUB6GPU18F4620_RTC\20191125_RTCGPU.ASM 1931 : Found opcode in column 1. (RETURN)
Warning[203] F:\ACER DISK D BACKUP\KENNYNEUTRON\2019\HUB6\GERPER_REDGREEN_P6MODULE_REALTIMECLOCK\HUB6GPU18F4620_RTC\20191125_RTCGPU.ASM 1945 : Found opcode in column 1. (RETURN)
Warning[203] F:\ACER DISK D BACKUP\KENNYNEUTRON\2019\HUB6\GERPER_REDGREEN_P6MODULE_REALTIMECLOCK\HUB6GPU18F4620_RTC\20191125_RTCGPU.ASM 1948 : Found opcode in column 1. (RETURN)
Warning[205] F:\ACER DISK D BACKUP\KENNYNEUTRON\2019\HUB6\GERPER_REDGREEN_P6MODULE_REALTIMECLOCK\HUB6GPU18F4620_RTC\20191125_RTCGPU.ASM 1952 : Found directive in column 1. (ORG)
Warning[203] F:\ACER DISK D BACKUP\KENNYNEUTRON\2019\HUB6\GERPER_REDGREEN_P6MODULE_REALTIMECLOCK\HUB6GPU18F4620_RTC\20191125_RTCGPU.ASM 1995 : Found opcode in column 1. (RETURN)
Warning[203] F:\ACER DISK D BACKUP\KENNYNEUTRON\2019\HUB6\GERPER_REDGREEN_P6MODULE_REALTIMECLOCK\HUB6GPU18F4620_RTC\20191125_RTCGPU.ASM 2032 : Found opcode in column 1. (RETURN)
Warning[203] F:\ACER DISK D BACKUP\KENNYNEUTRON\2019\HUB6\GERPER_REDGREEN_P6MODULE_REALTIMECLOCK\HUB6GPU18F4620_RTC\20191125_RTCGPU.ASM 2056 : Found opcode in column 1. (RETURN)
Warning[203] F:\ACER DISK D BACKUP\KENNYNEUTRON\2019\HUB6\GERPER_REDGREEN_P6MODULE_REALTIMECLOCK\HUB6GPU18F4620_RTC\20191125_RTCGPU.ASM 2079 : Found opcode in column 1. (RETURN)
Warning[203] F:\ACER DISK D BACKUP\KENNYNEUTRON\2019\HUB6\GERPER_REDGREEN_P6MODULE_REALTIMECLOCK\HUB6GPU18F4620_RTC\20191125_RTCGPU.ASM 2090 : Found opcode in column 1. (RETURN)
Warning[203] F:\ACER DISK D BACKUP\KENNYNEUTRON\2019\HUB6\GERPER_REDGREEN_P6MODULE_REALTIMECLOCK\HUB6GPU18F4620_RTC\20191125_RTCGPU.ASM 2112 : Found opcode in column 1. (RETURN)
Warning[203] F:\ACER DISK D BACKUP\KENNYNEUTRON\2019\HUB6\GERPER_REDGREEN_P6MODULE_REALTIMECLOCK\HUB6GPU18F4620_RTC\20191125_RTCGPU.ASM 2130 : Found opcode in column 1. (RETURN)
Warning[203] F:\ACER DISK D BACKUP\KENNYNEUTRON\2019\HUB6\GERPER_REDGREEN_P6MODULE_REALTIMECLOCK\HUB6GPU18F4620_RTC\20191125_RTCGPU.ASM 2148 : Found opcode in column 1. (RETURN)
Warning[203] F:\ACER DISK D BACKUP\KENNYNEUTRON\2019\HUB6\GERPER_REDGREEN_P6MODULE_REALTIMECLOCK\HUB6GPU18F4620_RTC\20191125_RTCGPU.ASM 2184 : Found opcode in column 1. (RETURN)
Warning[203] F:\ACER DISK D BACKUP\KENNYNEUTRON\2019\HUB6\GERPER_REDGREEN_P6MODULE_REALTIMECLOCK\HUB6GPU18F4620_RTC\20191125_RTCGPU.ASM 2216 : Found opcode in column 1. (RETURN)
Warning[203] F:\ACER DISK D BACKUP\KENNYNEUTRON\2019\HUB6\GERPER_REDGREEN_P6MODULE_REALTIMECLOCK\HUB6GPU18F4620_RTC\20191125_RTCGPU.ASM 2253 : Found opcode in column 1. (RETURN)
Warning[203] F:\ACER DISK D BACKUP\KENNYNEUTRON\2019\HUB6\GERPER_REDGREEN_P6MODULE_REALTIMECLOCK\HUB6GPU18F4620_RTC\20191125_RTCGPU.ASM 2282 : Found opcode in column 1. (NOP)
Warning[203] F:\ACER DISK D BACKUP\KENNYNEUTRON\2019\HUB6\GERPER_REDGREEN_P6MODULE_REALTIMECLOCK\HUB6GPU18F4620_RTC\20191125_RTCGPU.ASM 2295 : Found opcode in column 1. (RETURN)
Warning[203] F:\ACER DISK D BACKUP\KENNYNEUTRON\2019\HUB6\GERPER_REDGREEN_P6MODULE_REALTIMECLOCK\HUB6GPU18F4620_RTC\20191125_RTCGPU.ASM 2304 : Found opcode in column 1. (MOVLW)
Warning[203] F:\ACER DISK D BACKUP\KENNYNEUTRON\2019\HUB6\GERPER_REDGREEN_P6MODULE_REALTIMECLOCK\HUB6GPU18F4620_RTC\20191125_RTCGPU.ASM 2305 : Found opcode in column 1. (MOVWF)
Warning[203] F:\ACER DISK D BACKUP\KENNYNEUTRON\2019\HUB6\GERPER_REDGREEN_P6MODULE_REALTIMECLOCK\HUB6GPU18F4620_RTC\20191125_RTCGPU.ASM 2319 : Found opcode in column 1. (NOP)
Warning[203] F:\ACER DISK D BACKUP\KENNYNEUTRON\2019\HUB6\GERPER_REDGREEN_P6MODULE_REALTIMECLOCK\HUB6GPU18F4620_RTC\20191125_RTCGPU.ASM 2327 : Found opcode in column 1. (RETURN)
Warning[203] F:\ACER DISK D BACKUP\KENNYNEUTRON\2019\HUB6\GERPER_REDGREEN_P6MODULE_REALTIMECLOCK\HUB6GPU18F4620_RTC\20191125_RTCGPU.ASM 2452 : Found opcode in column 1. (RETURN)
Warning[203] F:\ACER DISK D BACKUP\KENNYNEUTRON\2019\HUB6\GERPER_REDGREEN_P6MODULE_REALTIMECLOCK\HUB6GPU18F4620_RTC\20191125_RTCGPU.ASM 2467 : Found opcode in column 1. (DECFSZ)
Warning[203] F:\ACER DISK D BACKUP\KENNYNEUTRON\2019\HUB6\GERPER_REDGREEN_P6MODULE_REALTIMECLOCK\HUB6GPU18F4620_RTC\20191125_RTCGPU.ASM 2469 : Found opcode in column 1. (GOTO)
Warning[203] F:\ACER DISK D BACKUP\KENNYNEUTRON\2019\HUB6\GERPER_REDGREEN_P6MODULE_REALTIMECLOCK\HUB6GPU18F4620_RTC\20191125_RTCGPU.ASM 2471 : Found opcode in column 1. (RETURN)
Warning[203] F:\ACER DISK D BACKUP\KENNYNEUTRON\2019\HUB6\GERPER_REDGREEN_P6MODULE_REALTIMECLOCK\HUB6GPU18F4620_RTC\20191125_RTCGPU.ASM 2488 : Found opcode in column 1. (RETURN)
Warning[203] F:\ACER DISK D BACKUP\KENNYNEUTRON\2019\HUB6\GERPER_REDGREEN_P6MODULE_REALTIMECLOCK\HUB6GPU18F4620_RTC\20191125_RTCGPU.ASM 2500 : Found opcode in column 1. (RETURN)
Warning[203] F:\ACER DISK D BACKUP\KENNYNEUTRON\2019\HUB6\GERPER_REDGREEN_P6MODULE_REALTIMECLOCK\HUB6GPU18F4620_RTC\20191125_RTCGPU.ASM 2513 : Found opcode in column 1. (RETURN)
Warning[203] F:\ACER DISK D BACKUP\KENNYNEUTRON\2019\HUB6\GERPER_REDGREEN_P6MODULE_REALTIMECLOCK\HUB6GPU18F4620_RTC\20191125_RTCGPU.ASM 2524 : Found opcode in column 1. (RETURN)
Warning[203] F:\ACER DISK D BACKUP\KENNYNEUTRON\2019\HUB6\GERPER_REDGREEN_P6MODULE_REALTIMECLOCK\HUB6GPU18F4620_RTC\20191125_RTCGPU.ASM 2532 : Found opcode in column 1. (RETURN)
Warning[205] F:\ACER DISK D BACKUP\KENNYNEUTRON\2019\HUB6\GERPER_REDGREEN_P6MODULE_REALTIMECLOCK\HUB6GPU18F4620_RTC\20191125_RTCGPU.ASM 2537 : Found directive in column 1. (ORG)
Warning[203] F:\ACER DISK D BACKUP\KENNYNEUTRON\2019\HUB6\GERPER_REDGREEN_P6MODULE_REALTIMECLOCK\HUB6GPU18F4620_RTC\20191125_RTCGPU.ASM 2583 : Found opcode in column 1. (RETURN)
Warning[203] F:\ACER DISK D BACKUP\KENNYNEUTRON\2019\HUB6\GERPER_REDGREEN_P6MODULE_REALTIMECLOCK\HUB6GPU18F4620_RTC\20191125_RTCGPU.ASM 2612 : Found opcode in column 1. (RETURN)
Warning[203] F:\ACER DISK D BACKUP\KENNYNEUTRON\2019\HUB6\GERPER_REDGREEN_P6MODULE_REALTIMECLOCK\HUB6GPU18F4620_RTC\20191125_RTCGPU.ASM 2641 : Found opcode in column 1. (RETURN)
Warning[203] F:\ACER DISK D BACKUP\KENNYNEUTRON\2019\HUB6\GERPER_REDGREEN_P6MODULE_REALTIMECLOCK\HUB6GPU18F4620_RTC\20191125_RTCGPU.ASM 2669 : Found opcode in column 1. (RETURN)
Warning[203] F:\ACER DISK D BACKUP\KENNYNEUTRON\2019\HUB6\GERPER_REDGREEN_P6MODULE_REALTIMECLOCK\HUB6GPU18F4620_RTC\20191125_RTCGPU.ASM 2697 : Found opcode in column 1. (RETURN)
Warning[203] F:\ACER DISK D BACKUP\KENNYNEUTRON\2019\HUB6\GERPER_REDGREEN_P6MODULE_REALTIMECLOCK\HUB6GPU18F4620_RTC\20191125_RTCGPU.ASM 2725 : Found opcode in column 1. (RETURN)
Warning[203] F:\ACER DISK D BACKUP\KENNYNEUTRON\2019\HUB6\GERPER_REDGREEN_P6MODULE_REALTIMECLOCK\HUB6GPU18F4620_RTC\20191125_RTCGPU.ASM 2863 : Found opcode in column 1. (RETURN)
Warning[203] F:\ACER DISK D BACKUP\KENNYNEUTRON\2019\HUB6\GERPER_REDGREEN_P6MODULE_REALTIMECLOCK\HUB6GPU18F4620_RTC\20191125_RTCGPU.ASM 3052 : Found opcode in column 1. (RETURN)
Warning[203] F:\ACER DISK D BACKUP\KENNYNEUTRON\2019\HUB6\GERPER_REDGREEN_P6MODULE_REALTIMECLOCK\HUB6GPU18F4620_RTC\20191125_RTCGPU.ASM 3145 : Found opcode in column 1. (RETURN)
Warning[203] F:\ACER DISK D BACKUP\KENNYNEUTRON\2019\HUB6\GERPER_REDGREEN_P6MODULE_REALTIMECLOCK\HUB6GPU18F4620_RTC\20191125_RTCGPU.ASM 3212 : Found opcode in column 1. (RETURN)
Warning[205] F:\ACER DISK D BACKUP\KENNYNEUTRON\2019\HUB6\GERPER_REDGREEN_P6MODULE_REALTIMECLOCK\HUB6GPU18F4620_RTC\20191125_RTCGPU.ASM 3216 : Found directive in column 1. (ORG)
Warning[205] F:\ACER DISK D BACKUP\KENNYNEUTRON\2019\HUB6\GERPER_REDGREEN_P6MODULE_REALTIMECLOCK\HUB6GPU18F4620_RTC\20191125_RTCGPU.ASM 3344 : Found directive in column 1. (ORG)
Warning[205] F:\ACER DISK D BACKUP\KENNYNEUTRON\2019\HUB6\GERPER_REDGREEN_P6MODULE_REALTIMECLOCK\HUB6GPU18F4620_RTC\20191125_RTCGPU.ASM 3473 : Found directive in column 1. (ORG)
Warning[203] F:\ACER DISK D BACKUP\KENNYNEUTRON\2019\HUB6\GERPER_REDGREEN_P6MODULE_REALTIMECLOCK\HUB6GPU18F4620_RTC\20191125_RTCGPU.ASM 3610 : Found opcode in column 1. (RETURN)
Warning[205] F:\ACER DISK D BACKUP\KENNYNEUTRON\2019\HUB6\GERPER_REDGREEN_P6MODULE_REALTIMECLOCK\HUB6GPU18F4620_RTC\20191125_RTCGPU.ASM 3616 : Found directive in column 1. (ORG)
Warning[203] F:\ACER DISK D BACKUP\KENNYNEUTRON\2019\HUB6\GERPER_REDGREEN_P6MODULE_REALTIMECLOCK\HUB6GPU18F4620_RTC\20191125_RTCGPU.ASM 3756 : Found opcode in column 1. (RETURN)
Warning[205] F:\ACER DISK D BACKUP\KENNYNEUTRON\2019\HUB6\GERPER_REDGREEN_P6MODULE_REALTIMECLOCK\HUB6GPU18F4620_RTC\20191125_RTCGPU.ASM 3768 : Found directive in column 1. (ORG)
Warning[205] F:\ACER DISK D BACKUP\KENNYNEUTRON\2019\HUB6\GERPER_REDGREEN_P6MODULE_REALTIMECLOCK\HUB6GPU18F4620_RTC\20191125_RTCGPU.ASM 3833 : Found directive in column 1. (ORG)
Warning[205] F:\ACER DISK D BACKUP\KENNYNEUTRON\2019\HUB6\GERPER_REDGREEN_P6MODULE_REALTIMECLOCK\HUB6GPU18F4620_RTC\20191125_RTCGPU.ASM 3900 : Found directive in column 1. (ORG)
Warning[205] F:\ACER DISK D BACKUP\KENNYNEUTRON\2019\HUB6\GERPER_REDGREEN_P6MODULE_REALTIMECLOCK\HUB6GPU18F4620_RTC\20191125_RTCGPU.ASM 3967 : Found directive in column 1. (ORG)
Warning[205] F:\ACER DISK D BACKUP\KENNYNEUTRON\2019\HUB6\GERPER_REDGREEN_P6MODULE_REALTIMECLOCK\HUB6GPU18F4620_RTC\20191125_RTCGPU.ASM 4037 : Found directive in column 1. (ORG)
Warning[205] F:\ACER DISK D BACKUP\KENNYNEUTRON\2019\HUB6\GERPER_REDGREEN_P6MODULE_REALTIMECLOCK\HUB6GPU18F4620_RTC\20191125_RTCGPU.ASM 4106 : Found directive in column 1. (ORG)
Warning[205] F:\ACER DISK D BACKUP\KENNYNEUTRON\2019\HUB6\GERPER_REDGREEN_P6MODULE_REALTIMECLOCK\HUB6GPU18F4620_RTC\20191125_RTCGPU.ASM 4176 : Found directive in column 1. (ORG)
Warning[205] F:\ACER DISK D BACKUP\KENNYNEUTRON\2019\HUB6\GERPER_REDGREEN_P6MODULE_REALTIMECLOCK\HUB6GPU18F4620_RTC\20191125_RTCGPU.ASM 4245 : Found directive in column 1. (ORG)
Warning[205] F:\ACER DISK D BACKUP\KENNYNEUTRON\2019\HUB6\GERPER_REDGREEN_P6MODULE_REALTIMECLOCK\HUB6GPU18F4620_RTC\20191125_RTCGPU.ASM 4315 : Found directive in column 1. (ORG)
Warning[205] F:\ACER DISK D BACKUP\KENNYNEUTRON\2019\HUB6\GERPER_REDGREEN_P6MODULE_REALTIMECLOCK\HUB6GPU18F4620_RTC\20191125_RTCGPU.ASM 4384 : Found directive in column 1. (ORG)
Warning[205] F:\ACER DISK D BACKUP\KENNYNEUTRON\2019\HUB6\GERPER_REDGREEN_P6MODULE_REALTIMECLOCK\HUB6GPU18F4620_RTC\20191125_RTCGPU.ASM 4454 : Found directive in column 1. (ORG)
Warning[205] F:\ACER DISK D BACKUP\KENNYNEUTRON\2019\HUB6\GERPER_REDGREEN_P6MODULE_REALTIMECLOCK\HUB6GPU18F4620_RTC\20191125_RTCGPU.ASM 4523 : Found directive in column 1. (ORG)
Warning[205] F:\ACER DISK D BACKUP\KENNYNEUTRON\2019\HUB6\GERPER_REDGREEN_P6MODULE_REALTIMECLOCK\HUB6GPU18F4620_RTC\20191125_RTCGPU.ASM 4595 : Found directive in column 1. (ORG)
Warning[205] F:\ACER DISK D BACKUP\KENNYNEUTRON\2019\HUB6\GERPER_REDGREEN_P6MODULE_REALTIMECLOCK\HUB6GPU18F4620_RTC\20191125_RTCGPU.ASM 4662 : Found directive in column 1. (ORG)
Warning[205] F:\ACER DISK D BACKUP\KENNYNEUTRON\2019\HUB6\GERPER_REDGREEN_P6MODULE_REALTIMECLOCK\HUB6GPU18F4620_RTC\20191125_RTCGPU.ASM 4731 : Found directive in column 1. (ORG)
Warning[205] F:\ACER DISK D BACKUP\KENNYNEUTRON\2019\HUB6\GERPER_REDGREEN_P6MODULE_REALTIMECLOCK\HUB6GPU18F4620_RTC\20191125_RTCGPU.ASM 4801 : Found directive in column 1. (ORG)
Warning[205] F:\ACER DISK D BACKUP\KENNYNEUTRON\2019\HUB6\GERPER_REDGREEN_P6MODULE_REALTIMECLOCK\HUB6GPU18F4620_RTC\20191125_RTCGPU.ASM 4871 : Found directive in column 1. (ORG)
Warning[205] F:\ACER DISK D BACKUP\KENNYNEUTRON\2019\HUB6\GERPER_REDGREEN_P6MODULE_REALTIMECLOCK\HUB6GPU18F4620_RTC\20191125_RTCGPU.ASM 4941 : Found directive in column 1. (ORG)
Warning[205] F:\ACER DISK D BACKUP\KENNYNEUTRON\2019\HUB6\GERPER_REDGREEN_P6MODULE_REALTIMECLOCK\HUB6GPU18F4620_RTC\20191125_RTCGPU.ASM 5011 : Found directive in column 1. (ORG)
Warning[205] F:\ACER DISK D BACKUP\KENNYNEUTRON\2019\HUB6\GERPER_REDGREEN_P6MODULE_REALTIMECLOCK\HUB6GPU18F4620_RTC\20191125_RTCGPU.ASM 5080 : Found directive in column 1. (ORG)
Warning[205] F:\ACER DISK D BACKUP\KENNYNEUTRON\2019\HUB6\GERPER_REDGREEN_P6MODULE_REALTIMECLOCK\HUB6GPU18F4620_RTC\20191125_RTCGPU.ASM 5150 : Found directive in column 1. (ORG)
Warning[205] F:\ACER DISK D BACKUP\KENNYNEUTRON\2019\HUB6\GERPER_REDGREEN_P6MODULE_REALTIMECLOCK\HUB6GPU18F4620_RTC\20191125_RTCGPU.ASM 5218 : Found directive in column 1. (ORG)
Warning[205] F:\ACER DISK D BACKUP\KENNYNEUTRON\2019\HUB6\GERPER_REDGREEN_P6MODULE_REALTIMECLOCK\HUB6GPU18F4620_RTC\20191125_RTCGPU.ASM 5287 : Found directive in column 1. (ORG)
Warning[205] F:\ACER DISK D BACKUP\KENNYNEUTRON\2019\HUB6\GERPER_REDGREEN_P6MODULE_REALTIMECLOCK\HUB6GPU18F4620_RTC\20191125_RTCGPU.ASM 5356 : Found directive in column 1. (ORG)
Warning[205] F:\ACER DISK D BACKUP\KENNYNEUTRON\2019\HUB6\GERPER_REDGREEN_P6MODULE_REALTIMECLOCK\HUB6GPU18F4620_RTC\20191125_RTCGPU.ASM 5426 : Found directive in column 1. (ORG)
Warning[205] F:\ACER DISK D BACKUP\KENNYNEUTRON\2019\HUB6\GERPER_REDGREEN_P6MODULE_REALTIMECLOCK\HUB6GPU18F4620_RTC\20191125_RTCGPU.ASM 5496 : Found directive in column 1. (ORG)
Warning[205] F:\ACER DISK D BACKUP\KENNYNEUTRON\2019\HUB6\GERPER_REDGREEN_P6MODULE_REALTIMECLOCK\HUB6GPU18F4620_RTC\20191125_RTCGPU.ASM 5569 : Found directive in column 1. (ORG)
Warning[205] F:\ACER DISK D BACKUP\KENNYNEUTRON\2019\HUB6\GERPER_REDGREEN_P6MODULE_REALTIMECLOCK\HUB6GPU18F4620_RTC\20191125_RTCGPU.ASM 5638 : Found directive in column 1. (ORG)
Warning[205] F:\ACER DISK D BACKUP\KENNYNEUTRON\2019\HUB6\GERPER_REDGREEN_P6MODULE_REALTIMECLOCK\HUB6GPU18F4620_RTC\20191125_RTCGPU.ASM 5705 : Found directive in column 1. (ORG)
Warning[205] F:\ACER DISK D BACKUP\KENNYNEUTRON\2019\HUB6\GERPER_REDGREEN_P6MODULE_REALTIMECLOCK\HUB6GPU18F4620_RTC\20191125_RTCGPU.ASM 5773 : Found directive in column 1. (ORG)
Warning[205] F:\ACER DISK D BACKUP\KENNYNEUTRON\2019\HUB6\GERPER_REDGREEN_P6MODULE_REALTIMECLOCK\HUB6GPU18F4620_RTC\20191125_RTCGPU.ASM 5843 : Found directive in column 1. (ORG)
Warning[205] F:\ACER DISK D BACKUP\KENNYNEUTRON\2019\HUB6\GERPER_REDGREEN_P6MODULE_REALTIMECLOCK\HUB6GPU18F4620_RTC\20191125_RTCGPU.ASM 5913 : Found directive in column 1. (ORG)
Warning[205] F:\ACER DISK D BACKUP\KENNYNEUTRON\2019\HUB6\GERPER_REDGREEN_P6MODULE_REALTIMECLOCK\HUB6GPU18F4620_RTC\20191125_RTCGPU.ASM 5983 : Found directive in column 1. (ORG)
Warning[205] F:\ACER DISK D BACKUP\KENNYNEUTRON\2019\HUB6\GERPER_REDGREEN_P6MODULE_REALTIMECLOCK\HUB6GPU18F4620_RTC\20191125_RTCGPU.ASM 6052 : Found directive in column 1. (ORG)
Warning[205] F:\ACER DISK D BACKUP\KENNYNEUTRON\2019\HUB6\GERPER_REDGREEN_P6MODULE_REALTIMECLOCK\HUB6GPU18F4620_RTC\20191125_RTCGPU.ASM 6121 : Found directive in column 1. (ORG)
Warning[205] F:\ACER DISK D BACKUP\KENNYNEUTRON\2019\HUB6\GERPER_REDGREEN_P6MODULE_REALTIMECLOCK\HUB6GPU18F4620_RTC\20191125_RTCGPU.ASM 6189 : Found directive in column 1. (ORG)
Warning[205] F:\ACER DISK D BACKUP\KENNYNEUTRON\2019\HUB6\GERPER_REDGREEN_P6MODULE_REALTIMECLOCK\HUB6GPU18F4620_RTC\20191125_RTCGPU.ASM 6257 : Found directive in column 1. (ORG)
Warning[205] F:\ACER DISK D BACKUP\KENNYNEUTRON\2019\HUB6\GERPER_REDGREEN_P6MODULE_REALTIMECLOCK\HUB6GPU18F4620_RTC\20191125_RTCGPU.ASM 6326 : Found directive in column 1. (ORG)
Warning[205] F:\ACER DISK D BACKUP\KENNYNEUTRON\2019\HUB6\GERPER_REDGREEN_P6MODULE_REALTIMECLOCK\HUB6GPU18F4620_RTC\20191125_RTCGPU.ASM 6396 : Found directive in column 1. (ORG)
Warning[205] F:\ACER DISK D BACKUP\KENNYNEUTRON\2019\HUB6\GERPER_REDGREEN_P6MODULE_REALTIMECLOCK\HUB6GPU18F4620_RTC\20191125_RTCGPU.ASM 6464 : Found directive in column 1. (ORG)
Warning[205] F:\ACER DISK D BACKUP\KENNYNEUTRON\2019\HUB6\GERPER_REDGREEN_P6MODULE_REALTIMECLOCK\HUB6GPU18F4620_RTC\20191125_RTCGPU.ASM 6532 : Found directive in column 1. (ORG)
Warning[205] F:\ACER DISK D BACKUP\KENNYNEUTRON\2019\HUB6\GERPER_REDGREEN_P6MODULE_REALTIMECLOCK\HUB6GPU18F4620_RTC\20191125_RTCGPU.ASM 6599 : Found directive in column 1. (ORG)
Warning[205] F:\ACER DISK D BACKUP\KENNYNEUTRON\2019\HUB6\GERPER_REDGREEN_P6MODULE_REALTIMECLOCK\HUB6GPU18F4620_RTC\20191125_RTCGPU.ASM 6669 : Found directive in column 1. (ORG)
Warning[205] F:\ACER DISK D BACKUP\KENNYNEUTRON\2019\HUB6\GERPER_REDGREEN_P6MODULE_REALTIMECLOCK\HUB6GPU18F4620_RTC\20191125_RTCGPU.ASM 6738 : Found directive in column 1. (ORG)
Warning[205] F:\ACER DISK D BACKUP\KENNYNEUTRON\2019\HUB6\GERPER_REDGREEN_P6MODULE_REALTIMECLOCK\HUB6GPU18F4620_RTC\20191125_RTCGPU.ASM 6808 : Found directive in column 1. (ORG)
Warning[205] F:\ACER DISK D BACKUP\KENNYNEUTRON\2019\HUB6\GERPER_REDGREEN_P6MODULE_REALTIMECLOCK\HUB6GPU18F4620_RTC\20191125_RTCGPU.ASM 6876 : Found directive in column 1. (ORG)
Warning[205] F:\ACER DISK D BACKUP\KENNYNEUTRON\2019\HUB6\GERPER_REDGREEN_P6MODULE_REALTIMECLOCK\HUB6GPU18F4620_RTC\20191125_RTCGPU.ASM 6947 : Found directive in column 1. (ORG)
Warning[205] F:\ACER DISK D BACKUP\KENNYNEUTRON\2019\HUB6\GERPER_REDGREEN_P6MODULE_REALTIMECLOCK\HUB6GPU18F4620_RTC\20191125_RTCGPU.ASM 7017 : Found directive in column 1. (ORG)
Warning[205] F:\ACER DISK D BACKUP\KENNYNEUTRON\2019\HUB6\GERPER_REDGREEN_P6MODULE_REALTIMECLOCK\HUB6GPU18F4620_RTC\20191125_RTCGPU.ASM 7089 : Found directive in column 1. (ORG)
Warning[205] F:\ACER DISK D BACKUP\KENNYNEUTRON\2019\HUB6\GERPER_REDGREEN_P6MODULE_REALTIMECLOCK\HUB6GPU18F4620_RTC\20191125_RTCGPU.ASM 7158 : Found directive in column 1. (ORG)
Warning[205] F:\ACER DISK D BACKUP\KENNYNEUTRON\2019\HUB6\GERPER_REDGREEN_P6MODULE_REALTIMECLOCK\HUB6GPU18F4620_RTC\20191125_RTCGPU.ASM 7227 : Found directive in column 1. (ORG)
Warning[205] F:\ACER DISK D BACKUP\KENNYNEUTRON\2019\HUB6\GERPER_REDGREEN_P6MODULE_REALTIMECLOCK\HUB6GPU18F4620_RTC\20191125_RTCGPU.ASM 7296 : Found directive in column 1. (ORG)
Warning[205] F:\ACER DISK D BACKUP\KENNYNEUTRON\2019\HUB6\GERPER_REDGREEN_P6MODULE_REALTIMECLOCK\HUB6GPU18F4620_RTC\20191125_RTCGPU.ASM 7374 : Found directive in column 1. (ORG)
Warning[205] F:\ACER DISK D BACKUP\KENNYNEUTRON\2019\HUB6\GERPER_REDGREEN_P6MODULE_REALTIMECLOCK\HUB6GPU18F4620_RTC\20191125_RTCGPU.ASM 7409 : Found directive in column 1. (ORG)
Warning[205] F:\ACER DISK D BACKUP\KENNYNEUTRON\2019\HUB6\GERPER_REDGREEN_P6MODULE_REALTIMECLOCK\HUB6GPU18F4620_RTC\20191125_RTCGPU.ASM 7444 : Found directive in column 1. (ORG)
Warning[205] F:\ACER DISK D BACKUP\KENNYNEUTRON\2019\HUB6\GERPER_REDGREEN_P6MODULE_REALTIMECLOCK\HUB6GPU18F4620_RTC\20191125_RTCGPU.ASM 7478 : Found directive in column 1. (ORG)
Warning[205] F:\ACER DISK D BACKUP\KENNYNEUTRON\2019\HUB6\GERPER_REDGREEN_P6MODULE_REALTIMECLOCK\HUB6GPU18F4620_RTC\20191125_RTCGPU.ASM 7513 : Found directive in column 1. (ORG)
Warning[205] F:\ACER DISK D BACKUP\KENNYNEUTRON\2019\HUB6\GERPER_REDGREEN_P6MODULE_REALTIMECLOCK\HUB6GPU18F4620_RTC\20191125_RTCGPU.ASM 7549 : Found directive in column 1. (ORG)
Warning[205] F:\ACER DISK D BACKUP\KENNYNEUTRON\2019\HUB6\GERPER_REDGREEN_P6MODULE_REALTIMECLOCK\HUB6GPU18F4620_RTC\20191125_RTCGPU.ASM 7585 : Found directive in column 1. (ORG)
Warning[205] F:\ACER DISK D BACKUP\KENNYNEUTRON\2019\HUB6\GERPER_REDGREEN_P6MODULE_REALTIMECLOCK\HUB6GPU18F4620_RTC\20191125_RTCGPU.ASM 7622 : Found directive in column 1. (ORG)
Warning[205] F:\ACER DISK D BACKUP\KENNYNEUTRON\2019\HUB6\GERPER_REDGREEN_P6MODULE_REALTIMECLOCK\HUB6GPU18F4620_RTC\20191125_RTCGPU.ASM 7659 : Found directive in column 1. (ORG)
Warning[205] F:\ACER DISK D BACKUP\KENNYNEUTRON\2019\HUB6\GERPER_REDGREEN_P6MODULE_REALTIMECLOCK\HUB6GPU18F4620_RTC\20191125_RTCGPU.ASM 7694 : Found directive in column 1. (ORG)
Warning[205] F:\ACER DISK D BACKUP\KENNYNEUTRON\2019\HUB6\GERPER_REDGREEN_P6MODULE_REALTIMECLOCK\HUB6GPU18F4620_RTC\20191125_RTCGPU.ASM 7731 : Found directive in column 1. (ORG)
Warning[205] F:\ACER DISK D BACKUP\KENNYNEUTRON\2019\HUB6\GERPER_REDGREEN_P6MODULE_REALTIMECLOCK\HUB6GPU18F4620_RTC\20191125_RTCGPU.ASM 7765 : Found directive in column 1. (ORG)
Warning[205] F:\ACER DISK D BACKUP\KENNYNEUTRON\2019\HUB6\GERPER_REDGREEN_P6MODULE_REALTIMECLOCK\HUB6GPU18F4620_RTC\20191125_RTCGPU.ASM 7801 : Found directive in column 1. (ORG)
Warning[205] F:\ACER DISK D BACKUP\KENNYNEUTRON\2019\HUB6\GERPER_REDGREEN_P6MODULE_REALTIMECLOCK\HUB6GPU18F4620_RTC\20191125_RTCGPU.ASM 7835 : Found directive in column 1. (ORG)
Warning[205] F:\ACER DISK D BACKUP\KENNYNEUTRON\2019\HUB6\GERPER_REDGREEN_P6MODULE_REALTIMECLOCK\HUB6GPU18F4620_RTC\20191125_RTCGPU.ASM 7871 : Found directive in column 1. (ORG)
Warning[205] F:\ACER DISK D BACKUP\KENNYNEUTRON\2019\HUB6\GERPER_REDGREEN_P6MODULE_REALTIMECLOCK\HUB6GPU18F4620_RTC\20191125_RTCGPU.ASM 7905 : Found directive in column 1. (ORG)
Warning[205] F:\ACER DISK D BACKUP\KENNYNEUTRON\2019\HUB6\GERPER_REDGREEN_P6MODULE_REALTIMECLOCK\HUB6GPU18F4620_RTC\20191125_RTCGPU.ASM 7941 : Found directive in column 1. (ORG)
Warning[205] F:\ACER DISK D BACKUP\KENNYNEUTRON\2019\HUB6\GERPER_REDGREEN_P6MODULE_REALTIMECLOCK\HUB6GPU18F4620_RTC\20191125_RTCGPU.ASM 7974 : Found directive in column 1. (ORG)
Warning[205] F:\ACER DISK D BACKUP\KENNYNEUTRON\2019\HUB6\GERPER_REDGREEN_P6MODULE_REALTIMECLOCK\HUB6GPU18F4620_RTC\20191125_RTCGPU.ASM 8010 : Found directive in column 1. (ORG)
Warning[205] F:\ACER DISK D BACKUP\KENNYNEUTRON\2019\HUB6\GERPER_REDGREEN_P6MODULE_REALTIMECLOCK\HUB6GPU18F4620_RTC\20191125_RTCGPU.ASM 8044 : Found directive in column 1. (ORG)
Warning[205] F:\ACER DISK D BACKUP\KENNYNEUTRON\2019\HUB6\GERPER_REDGREEN_P6MODULE_REALTIMECLOCK\HUB6GPU18F4620_RTC\20191125_RTCGPU.ASM 8078 : Found directive in column 1. (ORG)
Warning[205] F:\ACER DISK D BACKUP\KENNYNEUTRON\2019\HUB6\GERPER_REDGREEN_P6MODULE_REALTIMECLOCK\HUB6GPU18F4620_RTC\20191125_RTCGPU.ASM 8145 : Found directive in column 1. (ORG)
Warning[205] F:\ACER DISK D BACKUP\KENNYNEUTRON\2019\HUB6\GERPER_REDGREEN_P6MODULE_REALTIMECLOCK\HUB6GPU18F4620_RTC\20191125_RTCGPU.ASM 8213 : Found directive in column 1. (ORG)
Warning[205] F:\ACER DISK D BACKUP\KENNYNEUTRON\2019\HUB6\GERPER_REDGREEN_P6MODULE_REALTIMECLOCK\HUB6GPU18F4620_RTC\20191125_RTCGPU.ASM 8279 : Found directive in column 1. (ORG)
Warning[205] F:\ACER DISK D BACKUP\KENNYNEUTRON\2019\HUB6\GERPER_REDGREEN_P6MODULE_REALTIMECLOCK\HUB6GPU18F4620_RTC\20191125_RTCGPU.ASM 8347 : Found directive in column 1. (ORG)
Warning[205] F:\ACER DISK D BACKUP\KENNYNEUTRON\2019\HUB6\GERPER_REDGREEN_P6MODULE_REALTIMECLOCK\HUB6GPU18F4620_RTC\20191125_RTCGPU.ASM 8412 : Found directive in column 1. (ORG)
Warning[205] F:\ACER DISK D BACKUP\KENNYNEUTRON\2019\HUB6\GERPER_REDGREEN_P6MODULE_REALTIMECLOCK\HUB6GPU18F4620_RTC\20191125_RTCGPU.ASM 8479 : Found directive in column 1. (ORG)
Warning[205] F:\ACER DISK D BACKUP\KENNYNEUTRON\2019\HUB6\GERPER_REDGREEN_P6MODULE_REALTIMECLOCK\HUB6GPU18F4620_RTC\20191125_RTCGPU.ASM 8547 : Found directive in column 1. (ORG)
Warning[205] F:\ACER DISK D BACKUP\KENNYNEUTRON\2019\HUB6\GERPER_REDGREEN_P6MODULE_REALTIMECLOCK\HUB6GPU18F4620_RTC\20191125_RTCGPU.ASM 8612 : Found directive in column 1. (ORG)
Warning[205] F:\ACER DISK D BACKUP\KENNYNEUTRON\2019\HUB6\GERPER_REDGREEN_P6MODULE_REALTIMECLOCK\HUB6GPU18F4620_RTC\20191125_RTCGPU.ASM 8680 : Found directive in column 1. (ORG)
Warning[205] F:\ACER DISK D BACKUP\KENNYNEUTRON\2019\HUB6\GERPER_REDGREEN_P6MODULE_REALTIMECLOCK\HUB6GPU18F4620_RTC\20191125_RTCGPU.ASM 8746 : Found directive in column 1. (ORG)
Warning[205] F:\ACER DISK D BACKUP\KENNYNEUTRON\2019\HUB6\GERPER_REDGREEN_P6MODULE_REALTIMECLOCK\HUB6GPU18F4620_RTC\20191125_RTCGPU.ASM 8814 : Found directive in column 1. (ORG)
Warning[205] F:\ACER DISK D BACKUP\KENNYNEUTRON\2019\HUB6\GERPER_REDGREEN_P6MODULE_REALTIMECLOCK\HUB6GPU18F4620_RTC\20191125_RTCGPU.ASM 8882 : Found directive in column 1. (ORG)
Warning[205] F:\ACER DISK D BACKUP\KENNYNEUTRON\2019\HUB6\GERPER_REDGREEN_P6MODULE_REALTIMECLOCK\HUB6GPU18F4620_RTC\20191125_RTCGPU.ASM 8917 : Found directive in column 1. (ORG)
Warning[205] F:\ACER DISK D BACKUP\KENNYNEUTRON\2019\HUB6\GERPER_REDGREEN_P6MODULE_REALTIMECLOCK\HUB6GPU18F4620_RTC\20191125_RTCGPU.ASM 8950 : Found directive in column 1. (ORG)
Warning[205] F:\ACER DISK D BACKUP\KENNYNEUTRON\2019\HUB6\GERPER_REDGREEN_P6MODULE_REALTIMECLOCK\HUB6GPU18F4620_RTC\20191125_RTCGPU.ASM 9110 : Found directive in column 1. (ORG)
Warning[205] F:\ACER DISK D BACKUP\KENNYNEUTRON\2019\HUB6\GERPER_REDGREEN_P6MODULE_REALTIMECLOCK\HUB6GPU18F4620_RTC\20191125_RTCGPU.ASM 9224 : Found directive in column 1. (ORG)
Warning[205] F:\ACER DISK D BACKUP\KENNYNEUTRON\2019\HUB6\GERPER_REDGREEN_P6MODULE_REALTIMECLOCK\HUB6GPU18F4620_RTC\20191125_RTCGPU.ASM 9367 : Found directive in column 1. (ORG)
Warning[205] F:\ACER DISK D BACKUP\KENNYNEUTRON\2019\HUB6\GERPER_REDGREEN_P6MODULE_REALTIMECLOCK\HUB6GPU18F4620_RTC\20191125_RTCGPU.ASM 9523 : Found directive in column 1. (ORG)
Warning[205] F:\ACER DISK D BACKUP\KENNYNEUTRON\2019\HUB6\GERPER_REDGREEN_P6MODULE_REALTIMECLOCK\HUB6GPU18F4620_RTC\20191125_RTCGPU.ASM 9649 : Found directive in column 1. (ORG)
Warning[205] F:\ACER DISK D BACKUP\KENNYNEUTRON\2019\HUB6\GERPER_REDGREEN_P6MODULE_REALTIMECLOCK\HUB6GPU18F4620_RTC\20191125_RTCGPU.ASM 9794 : Found directive in column 1. (ORG)
Warning[203] F:\ACER DISK D BACKUP\KENNYNEUTRON\2019\HUB6\GERPER_REDGREEN_P6MODULE_REALTIMECLOCK\HUB6GPU18F4620_RTC\20191125_RTCGPU.ASM 9830 : Found opcode in column 1. (RETURN)
Warning[203] F:\ACER DISK D BACKUP\KENNYNEUTRON\2019\HUB6\GERPER_REDGREEN_P6MODULE_REALTIMECLOCK\HUB6GPU18F4620_RTC\20191125_RTCGPU.ASM 9837 : Found opcode in column 1. (RETURN)
Warning[203] F:\ACER DISK D BACKUP\KENNYNEUTRON\2019\HUB6\GERPER_REDGREEN_P6MODULE_REALTIMECLOCK\HUB6GPU18F4620_RTC\20191125_RTCGPU.ASM 9875 : Found opcode in column 1. (RETURN)
Warning[203] F:\ACER DISK D BACKUP\KENNYNEUTRON\2019\HUB6\GERPER_REDGREEN_P6MODULE_REALTIMECLOCK\HUB6GPU18F4620_RTC\20191125_RTCGPU.ASM 9901 : Found opcode in column 1. (RETURN)
Warning[205] F:\ACER DISK D BACKUP\KENNYNEUTRON\2019\HUB6\GERPER_REDGREEN_P6MODULE_REALTIMECLOCK\HUB6GPU18F4620_RTC\20191125_RTCGPU.ASM 9905 : Found directive in column 1. (END)
