Warning[205] C:\USERS\GERPE\ONEDRIVE\GER-PER 2016\DOCUMENTS\KENNYNEUTRON\2020\2X4 P10 SCOREBOARD\P10_FONT2.INC 1 : Found directive in column 1. (ORG)
Warning[205] C:\USERS\GERPE\ONEDRIVE\GER-PER 2016\DOCUMENTS\KENNYNEUTRON\2020\2X4 P10 SCOREBOARD\P10_FONT2.INC 84 : Found directive in column 1. (ORG)
Warning[205] C:\USERS\GERPE\ONEDRIVE\GER-PER 2016\DOCUMENTS\KENNYNEUTRON\2020\2X4 P10 SCOREBOARD\P10_FONT2.INC 164 : Found directive in column 1. (ORG)
Warning[205] C:\USERS\GERPE\ONEDRIVE\GER-PER 2016\DOCUMENTS\KENNYNEUTRON\2020\2X4 P10 SCOREBOARD\P10_FONT2.INC 244 : Found directive in column 1. (ORG)
Warning[205] C:\USERS\GERPE\ONEDRIVE\GER-PER 2016\DOCUMENTS\KENNYNEUTRON\2020\2X4 P10 SCOREBOARD\P10_FONT2.INC 325 : Found directive in column 1. (ORG)
Warning[205] C:\USERS\GERPE\ONEDRIVE\GER-PER 2016\DOCUMENTS\KENNYNEUTRON\2020\2X4 P10 SCOREBOARD\P10_FONT2.INC 405 : Found directive in column 1. (ORG)
Warning[205] C:\USERS\GERPE\ONEDRIVE\GER-PER 2016\DOCUMENTS\KENNYNEUTRON\2020\2X4 P10 SCOREBOARD\P10_FONT2.INC 484 : Found directive in column 1. (ORG)
Warning[205] C:\USERS\GERPE\ONEDRIVE\GER-PER 2016\DOCUMENTS\KENNYNEUTRON\2020\2X4 P10 SCOREBOARD\P10_FONT2.INC 564 : Found directive in column 1. (ORG)
Warning[205] C:\USERS\GERPE\ONEDRIVE\GER-PER 2016\DOCUMENTS\KENNYNEUTRON\2020\2X4 P10 SCOREBOARD\P10_FONT2.INC 645 : Found directive in column 1. (ORG)
Warning[205] C:\USERS\GERPE\ONEDRIVE\GER-PER 2016\DOCUMENTS\KENNYNEUTRON\2020\2X4 P10 SCOREBOARD\P10_FONT2.INC 725 : Found directive in column 1. (ORG)
Warning[205] C:\USERS\GERPE\ONEDRIVE\GER-PER 2016\DOCUMENTS\KENNYNEUTRON\2020\2X4 P10 SCOREBOARD\P10_FONT2.INC 803 : Found directive in column 1. (ORG)
Warning[205] C:\USERS\GERPE\ONEDRIVE\GER-PER 2016\DOCUMENTS\KENNYNEUTRON\2020\2X4 P10 SCOREBOARD\P10_FONT2.INC 861 : Found directive in column 1. (ORG)
Warning[205] C:\USERS\GERPE\ONEDRIVE\GER-PER 2016\DOCUMENTS\KENNYNEUTRON\2020\2X4 P10 SCOREBOARD\P10_FONT2.INC 923 : Found directive in column 1. (ORG)
Warning[205] C:\USERS\GERPE\ONEDRIVE\GER-PER 2016\DOCUMENTS\KENNYNEUTRON\2020\2X4 P10 SCOREBOARD\P10_FONT2.INC 952 : Found directive in column 1. (ORG)
Warning[205] C:\USERS\GERPE\ONEDRIVE\GER-PER 2016\DOCUMENTS\KENNYNEUTRON\2020\2X4 P10 SCOREBOARD\P10_FONT2.INC 983 : Found directive in column 1. (ORG)
Warning[205] C:\USERS\GERPE\ONEDRIVE\GER-PER 2016\DOCUMENTS\KENNYNEUTRON\2020\2X4 P10 SCOREBOARD\P10_FONT2.INC 1106 : Found directive in column 1. (ORG)
Warning[205] C:\USERS\GERPE\ONEDRIVE\GER-PER 2016\DOCUMENTS\KENNYNEUTRON\2020\2X4 P10 SCOREBOARD\P10_FONT2.INC 1265 : Found directive in column 1. (ORG)
Warning[205] C:\USERS\GERPE\ONEDRIVE\GER-PER 2016\DOCUMENTS\KENNYNEUTRON\2020\2X4 P10 SCOREBOARD\P10_FONT2.INC 1423 : Found directive in column 1. (ORG)
Warning[205] C:\USERS\GERPE\ONEDRIVE\GER-PER 2016\DOCUMENTS\KENNYNEUTRON\2020\2X4 P10 SCOREBOARD\P10_FONT2.INC 1585 : Found directive in column 1. (ORG)
Warning[205] C:\USERS\GERPE\ONEDRIVE\GER-PER 2016\DOCUMENTS\KENNYNEUTRON\2020\2X4 P10 SCOREBOARD\CLRRAMS&DELAY.INC 2 : Found directive in column 1. (ORG)
Warning[203] C:\USERS\GERPE\ONEDRIVE\GER-PER 2016\DOCUMENTS\KENNYNEUTRON\2020\2X4 P10 SCOREBOARD\CLRRAMS&DELAY.INC 14 : Found opcode in column 1. (DECFSZ)
Warning[203] C:\USERS\GERPE\ONEDRIVE\GER-PER 2016\DOCUMENTS\KENNYNEUTRON\2020\2X4 P10 SCOREBOARD\CLRRAMS&DELAY.INC 16 : Found opcode in column 1. (GOTO)
Warning[203] C:\USERS\GERPE\ONEDRIVE\GER-PER 2016\DOCUMENTS\KENNYNEUTRON\2020\2X4 P10 SCOREBOARD\CLRRAMS&DELAY.INC 18 : Found opcode in column 1. (RETURN)
Warning[203] C:\USERS\GERPE\ONEDRIVE\GER-PER 2016\DOCUMENTS\KENNYNEUTRON\2020\2X4 P10 SCOREBOARD\CLRRAMS&DELAY.INC 35 : Found opcode in column 1. (RETURN)
Warning[203] C:\USERS\GERPE\ONEDRIVE\GER-PER 2016\DOCUMENTS\KENNYNEUTRON\2020\2X4 P10 SCOREBOARD\CLRRAMS&DELAY.INC 47 : Found opcode in column 1. (RETURN)
Warning[203] C:\USERS\GERPE\ONEDRIVE\GER-PER 2016\DOCUMENTS\KENNYNEUTRON\2020\2X4 P10 SCOREBOARD\CLRRAMS&DELAY.INC 60 : Found opcode in column 1. (RETURN)
Warning[203] C:\USERS\GERPE\ONEDRIVE\GER-PER 2016\DOCUMENTS\KENNYNEUTRON\2020\2X4 P10 SCOREBOARD\CLRRAMS&DELAY.INC 71 : Found opcode in column 1. (RETURN)
Warning[203] C:\USERS\GERPE\ONEDRIVE\GER-PER 2016\DOCUMENTS\KENNYNEUTRON\2020\2X4 P10 SCOREBOARD\CLRRAMS&DELAY.INC 97 : Found opcode in column 1. (RETURN)
Warning[203] C:\USERS\GERPE\ONEDRIVE\GER-PER 2016\DOCUMENTS\KENNYNEUTRON\2020\2X4 P10 SCOREBOARD\CLRRAMS&DELAY.INC 123 : Found opcode in column 1. (RETURN)
Warning[205] C:\USERS\GERPE\ONEDRIVE\GER-PER 2016\DOCUMENTS\KENNYNEUTRON\2020\2X4 P10 SCOREBOARD\CLRRAMS&DELAY.INC 193 : Found directive in column 1. (ORG)
Warning[203] C:\USERS\GERPE\ONEDRIVE\GER-PER 2016\DOCUMENTS\KENNYNEUTRON\2020\2X4 P10 SCOREBOARD\CLRRAMS&DELAY.INC 240 : Found opcode in column 1. (NOP)
Warning[203] C:\USERS\GERPE\ONEDRIVE\GER-PER 2016\DOCUMENTS\KENNYNEUTRON\2020\2X4 P10 SCOREBOARD\CLRRAMS&DELAY.INC 262 : Found opcode in column 1. (RETURN)
Warning[205] C:\USERS\GERPE\ONEDRIVE\GER-PER 2016\DOCUMENTS\KENNYNEUTRON\2020\2X4 P10 SCOREBOARD\CLRRAMS&DELAY.INC 266 : Found directive in column 1. (ORG)
Warning[203] C:\USERS\GERPE\ONEDRIVE\GER-PER 2016\DOCUMENTS\KENNYNEUTRON\2020\2X4 P10 SCOREBOARD\CLRRAMS&DELAY.INC 313 : Found opcode in column 1. (NOP)
Warning[203] C:\USERS\GERPE\ONEDRIVE\GER-PER 2016\DOCUMENTS\KENNYNEUTRON\2020\2X4 P10 SCOREBOARD\CLRRAMS&DELAY.INC 335 : Found opcode in column 1. (RETURN)
Warning[205] C:\USERS\GERPE\ONEDRIVE\GER-PER 2016\DOCUMENTS\KENNYNEUTRON\2020\2X4 P10 SCOREBOARD\2X4_P10_SB.ASM 31 : Found directive in column 1. (CONFIG)
Warning[205] C:\USERS\GERPE\ONEDRIVE\GER-PER 2016\DOCUMENTS\KENNYNEUTRON\2020\2X4 P10 SCOREBOARD\2X4_P10_SB.ASM 32 : Found directive in column 1. (CONFIG)
Warning[205] C:\USERS\GERPE\ONEDRIVE\GER-PER 2016\DOCUMENTS\KENNYNEUTRON\2020\2X4 P10 SCOREBOARD\2X4_P10_SB.ASM 33 : Found directive in column 1. (CONFIG)
Warning[205] C:\USERS\GERPE\ONEDRIVE\GER-PER 2016\DOCUMENTS\KENNYNEUTRON\2020\2X4 P10 SCOREBOARD\2X4_P10_SB.ASM 34 : Found directive in column 1. (CONFIG)
Warning[205] C:\USERS\GERPE\ONEDRIVE\GER-PER 2016\DOCUMENTS\KENNYNEUTRON\2020\2X4 P10 SCOREBOARD\2X4_P10_SB.ASM 35 : Found directive in column 1. (CONFIG)
Warning[205] C:\USERS\GERPE\ONEDRIVE\GER-PER 2016\DOCUMENTS\KENNYNEUTRON\2020\2X4 P10 SCOREBOARD\2X4_P10_SB.ASM 36 : Found directive in column 1. (CONFIG)
Warning[205] C:\USERS\GERPE\ONEDRIVE\GER-PER 2016\DOCUMENTS\KENNYNEUTRON\2020\2X4 P10 SCOREBOARD\2X4_P10_SB.ASM 37 : Found directive in column 1. (CONFIG)
Warning[205] C:\USERS\GERPE\ONEDRIVE\GER-PER 2016\DOCUMENTS\KENNYNEUTRON\2020\2X4 P10 SCOREBOARD\2X4_P10_SB.ASM 38 : Found directive in column 1. (CONFIG)
Warning[205] C:\USERS\GERPE\ONEDRIVE\GER-PER 2016\DOCUMENTS\KENNYNEUTRON\2020\2X4 P10 SCOREBOARD\2X4_P10_SB.ASM 39 : Found directive in column 1. (CONFIG)
Warning[205] C:\USERS\GERPE\ONEDRIVE\GER-PER 2016\DOCUMENTS\KENNYNEUTRON\2020\2X4 P10 SCOREBOARD\2X4_P10_SB.ASM 40 : Found directive in column 1. (CONFIG)
Warning[205] C:\USERS\GERPE\ONEDRIVE\GER-PER 2016\DOCUMENTS\KENNYNEUTRON\2020\2X4 P10 SCOREBOARD\2X4_P10_SB.ASM 41 : Found directive in column 1. (CONFIG)
Warning[205] C:\USERS\GERPE\ONEDRIVE\GER-PER 2016\DOCUMENTS\KENNYNEUTRON\2020\2X4 P10 SCOREBOARD\2X4_P10_SB.ASM 42 : Found directive in column 1. (CONFIG)
Warning[205] C:\USERS\GERPE\ONEDRIVE\GER-PER 2016\DOCUMENTS\KENNYNEUTRON\2020\2X4 P10 SCOREBOARD\2X4_P10_SB.ASM 43 : Found directive in column 1. (CONFIG)
Warning[205] C:\USERS\GERPE\ONEDRIVE\GER-PER 2016\DOCUMENTS\KENNYNEUTRON\2020\2X4 P10 SCOREBOARD\2X4_P10_SB.ASM 44 : Found directive in column 1. (CONFIG)
Warning[205] C:\USERS\GERPE\ONEDRIVE\GER-PER 2016\DOCUMENTS\KENNYNEUTRON\2020\2X4 P10 SCOREBOARD\2X4_P10_SB.ASM 45 : Found directive in column 1. (CONFIG)
Warning[205] C:\USERS\GERPE\ONEDRIVE\GER-PER 2016\DOCUMENTS\KENNYNEUTRON\2020\2X4 P10 SCOREBOARD\2X4_P10_SB.ASM 46 : Found directive in column 1. (CONFIG)
Warning[205] C:\USERS\GERPE\ONEDRIVE\GER-PER 2016\DOCUMENTS\KENNYNEUTRON\2020\2X4 P10 SCOREBOARD\2X4_P10_SB.ASM 47 : Found directive in column 1. (CONFIG)
Warning[205] C:\USERS\GERPE\ONEDRIVE\GER-PER 2016\DOCUMENTS\KENNYNEUTRON\2020\2X4 P10 SCOREBOARD\2X4_P10_SB.ASM 55 : Found directive in column 1. (CONFIG)
Warning[210] C:\USERS\GERPE\ONEDRIVE\GER-PER 2016\DOCUMENTS\KENNYNEUTRON\2020\2X4 P10 SCOREBOARD\2X4_P10_SB.ASM 130 : Extra ","
Warning[203] C:\USERS\GERPE\ONEDRIVE\GER-PER 2016\DOCUMENTS\KENNYNEUTRON\2020\2X4 P10 SCOREBOARD\2X4_P10_SB.ASM 246 : Found opcode in column 1. (CLRF)
Warning[203] C:\USERS\GERPE\ONEDRIVE\GER-PER 2016\DOCUMENTS\KENNYNEUTRON\2020\2X4 P10 SCOREBOARD\2X4_P10_SB.ASM 249 : Found opcode in column 1. (CLRF)
Warning[203] C:\USERS\GERPE\ONEDRIVE\GER-PER 2016\DOCUMENTS\KENNYNEUTRON\2020\2X4 P10 SCOREBOARD\2X4_P10_SB.ASM 252 : Found opcode in column 1. (MOVLW)
Warning[203] C:\USERS\GERPE\ONEDRIVE\GER-PER 2016\DOCUMENTS\KENNYNEUTRON\2020\2X4 P10 SCOREBOARD\2X4_P10_SB.ASM 253 : Found opcode in column 1. (MOVWF)
Warning[203] C:\USERS\GERPE\ONEDRIVE\GER-PER 2016\DOCUMENTS\KENNYNEUTRON\2020\2X4 P10 SCOREBOARD\2X4_P10_SB.ASM 254 : Found opcode in column 1. (MOVWF)
Warning[203] C:\USERS\GERPE\ONEDRIVE\GER-PER 2016\DOCUMENTS\KENNYNEUTRON\2020\2X4 P10 SCOREBOARD\2X4_P10_SB.ASM 255 : Found opcode in column 1. (MOVWF)
Warning[203] C:\USERS\GERPE\ONEDRIVE\GER-PER 2016\DOCUMENTS\KENNYNEUTRON\2020\2X4 P10 SCOREBOARD\2X4_P10_SB.ASM 256 : Found opcode in column 1. (MOVLW)
Warning[203] C:\USERS\GERPE\ONEDRIVE\GER-PER 2016\DOCUMENTS\KENNYNEUTRON\2020\2X4 P10 SCOREBOARD\2X4_P10_SB.ASM 259 : Found opcode in column 1. (MOVWF)
Warning[203] C:\USERS\GERPE\ONEDRIVE\GER-PER 2016\DOCUMENTS\KENNYNEUTRON\2020\2X4 P10 SCOREBOARD\2X4_P10_SB.ASM 265 : Found opcode in column 1. (CLRF)
Warning[203] C:\USERS\GERPE\ONEDRIVE\GER-PER 2016\DOCUMENTS\KENNYNEUTRON\2020\2X4 P10 SCOREBOARD\2X4_P10_SB.ASM 268 : Found opcode in column 1. (CLRF)
Warning[203] C:\USERS\GERPE\ONEDRIVE\GER-PER 2016\DOCUMENTS\KENNYNEUTRON\2020\2X4 P10 SCOREBOARD\2X4_P10_SB.ASM 271 : Found opcode in column 1. (MOVLW)
Warning[203] C:\USERS\GERPE\ONEDRIVE\GER-PER 2016\DOCUMENTS\KENNYNEUTRON\2020\2X4 P10 SCOREBOARD\2X4_P10_SB.ASM 272 : Found opcode in column 1. (MOVWF)
Warning[203] C:\USERS\GERPE\ONEDRIVE\GER-PER 2016\DOCUMENTS\KENNYNEUTRON\2020\2X4 P10 SCOREBOARD\2X4_P10_SB.ASM 275 : Found opcode in column 1. (MOVLW)
Warning[203] C:\USERS\GERPE\ONEDRIVE\GER-PER 2016\DOCUMENTS\KENNYNEUTRON\2020\2X4 P10 SCOREBOARD\2X4_P10_SB.ASM 278 : Found opcode in column 1. (MOVWF)
Warning[203] C:\USERS\GERPE\ONEDRIVE\GER-PER 2016\DOCUMENTS\KENNYNEUTRON\2020\2X4 P10 SCOREBOARD\2X4_P10_SB.ASM 285 : Found opcode in column 1. (CLRF)
Warning[203] C:\USERS\GERPE\ONEDRIVE\GER-PER 2016\DOCUMENTS\KENNYNEUTRON\2020\2X4 P10 SCOREBOARD\2X4_P10_SB.ASM 288 : Found opcode in column 1. (CLRF)
Warning[203] C:\USERS\GERPE\ONEDRIVE\GER-PER 2016\DOCUMENTS\KENNYNEUTRON\2020\2X4 P10 SCOREBOARD\2X4_P10_SB.ASM 291 : Found opcode in column 1. (MOVLW)
Warning[203] C:\USERS\GERPE\ONEDRIVE\GER-PER 2016\DOCUMENTS\KENNYNEUTRON\2020\2X4 P10 SCOREBOARD\2X4_P10_SB.ASM 294 : Found opcode in column 1. (MOVWF)
Warning[203] C:\USERS\GERPE\ONEDRIVE\GER-PER 2016\DOCUMENTS\KENNYNEUTRON\2020\2X4 P10 SCOREBOARD\2X4_P10_SB.ASM 300 : Found opcode in column 1. (CLRF)
Warning[203] C:\USERS\GERPE\ONEDRIVE\GER-PER 2016\DOCUMENTS\KENNYNEUTRON\2020\2X4 P10 SCOREBOARD\2X4_P10_SB.ASM 303 : Found opcode in column 1. (CLRF)
Warning[203] C:\USERS\GERPE\ONEDRIVE\GER-PER 2016\DOCUMENTS\KENNYNEUTRON\2020\2X4 P10 SCOREBOARD\2X4_P10_SB.ASM 306 : Found opcode in column 1. (MOVLW)
Warning[203] C:\USERS\GERPE\ONEDRIVE\GER-PER 2016\DOCUMENTS\KENNYNEUTRON\2020\2X4 P10 SCOREBOARD\2X4_P10_SB.ASM 307 : Found opcode in column 1. (MOVWF)
Warning[203] C:\USERS\GERPE\ONEDRIVE\GER-PER 2016\DOCUMENTS\KENNYNEUTRON\2020\2X4 P10 SCOREBOARD\2X4_P10_SB.ASM 308 : Found opcode in column 1. (MOVLW)
Warning[203] C:\USERS\GERPE\ONEDRIVE\GER-PER 2016\DOCUMENTS\KENNYNEUTRON\2020\2X4 P10 SCOREBOARD\2X4_P10_SB.ASM 311 : Found opcode in column 1. (MOVWF)
Warning[203] C:\USERS\GERPE\ONEDRIVE\GER-PER 2016\DOCUMENTS\KENNYNEUTRON\2020\2X4 P10 SCOREBOARD\2X4_P10_SB.ASM 318 : Found opcode in column 1. (CLRF)
Warning[203] C:\USERS\GERPE\ONEDRIVE\GER-PER 2016\DOCUMENTS\KENNYNEUTRON\2020\2X4 P10 SCOREBOARD\2X4_P10_SB.ASM 319 : Found opcode in column 1. (CLRF)
Warning[203] C:\USERS\GERPE\ONEDRIVE\GER-PER 2016\DOCUMENTS\KENNYNEUTRON\2020\2X4 P10 SCOREBOARD\2X4_P10_SB.ASM 320 : Found opcode in column 1. (MOVLW)
Warning[203] C:\USERS\GERPE\ONEDRIVE\GER-PER 2016\DOCUMENTS\KENNYNEUTRON\2020\2X4 P10 SCOREBOARD\2X4_P10_SB.ASM 321 : Found opcode in column 1. (MOVWF)
Warning[203] C:\USERS\GERPE\ONEDRIVE\GER-PER 2016\DOCUMENTS\KENNYNEUTRON\2020\2X4 P10 SCOREBOARD\2X4_P10_SB.ASM 323 : Found opcode in column 1. (MOVLB)
Warning[203] C:\USERS\GERPE\ONEDRIVE\GER-PER 2016\DOCUMENTS\KENNYNEUTRON\2020\2X4 P10 SCOREBOARD\2X4_P10_SB.ASM 362 : Found opcode in column 1. (MOVLB)
Warning[203] C:\USERS\GERPE\ONEDRIVE\GER-PER 2016\DOCUMENTS\KENNYNEUTRON\2020\2X4 P10 SCOREBOARD\2X4_P10_SB.ASM 364 : Found opcode in column 1. (BCF)
Warning[203] C:\USERS\GERPE\ONEDRIVE\GER-PER 2016\DOCUMENTS\KENNYNEUTRON\2020\2X4 P10 SCOREBOARD\2X4_P10_SB.ASM 365 : Found opcode in column 1. (BCF)
Warning[203] C:\USERS\GERPE\ONEDRIVE\GER-PER 2016\DOCUMENTS\KENNYNEUTRON\2020\2X4 P10 SCOREBOARD\2X4_P10_SB.ASM 366 : Found opcode in column 1. (BCF)
Warning[203] C:\USERS\GERPE\ONEDRIVE\GER-PER 2016\DOCUMENTS\KENNYNEUTRON\2020\2X4 P10 SCOREBOARD\2X4_P10_SB.ASM 368 : Found opcode in column 1. (BCF)
Warning[203] C:\USERS\GERPE\ONEDRIVE\GER-PER 2016\DOCUMENTS\KENNYNEUTRON\2020\2X4 P10 SCOREBOARD\2X4_P10_SB.ASM 371 : Found opcode in column 1. (CALL)
Warning[203] C:\USERS\GERPE\ONEDRIVE\GER-PER 2016\DOCUMENTS\KENNYNEUTRON\2020\2X4 P10 SCOREBOARD\2X4_P10_SB.ASM 372 : Found opcode in column 1. (CALL)
Warning[203] C:\USERS\GERPE\ONEDRIVE\GER-PER 2016\DOCUMENTS\KENNYNEUTRON\2020\2X4 P10 SCOREBOARD\2X4_P10_SB.ASM 373 : Found opcode in column 1. (CALL)
Warning[203] C:\USERS\GERPE\ONEDRIVE\GER-PER 2016\DOCUMENTS\KENNYNEUTRON\2020\2X4 P10 SCOREBOARD\2X4_P10_SB.ASM 374 : Found opcode in column 1. (CALL)
Warning[203] C:\USERS\GERPE\ONEDRIVE\GER-PER 2016\DOCUMENTS\KENNYNEUTRON\2020\2X4 P10 SCOREBOARD\2X4_P10_SB.ASM 375 : Found opcode in column 1. (CALL)
Warning[203] C:\USERS\GERPE\ONEDRIVE\GER-PER 2016\DOCUMENTS\KENNYNEUTRON\2020\2X4 P10 SCOREBOARD\2X4_P10_SB.ASM 379 : Found opcode in column 1. (CALL)
Warning[203] C:\USERS\GERPE\ONEDRIVE\GER-PER 2016\DOCUMENTS\KENNYNEUTRON\2020\2X4 P10 SCOREBOARD\2X4_P10_SB.ASM 381 : Found opcode in column 1. (GOTO)
Warning[203] C:\USERS\GERPE\ONEDRIVE\GER-PER 2016\DOCUMENTS\KENNYNEUTRON\2020\2X4 P10 SCOREBOARD\2X4_P10_SB.ASM 407 : Found opcode in column 1. (RETURN)
Warning[205] C:\USERS\GERPE\ONEDRIVE\GER-PER 2016\DOCUMENTS\KENNYNEUTRON\2020\2X4 P10 SCOREBOARD\2X4_P10_SB.ASM 412 : Found directive in column 1. (ORG)
Warning[203] C:\USERS\GERPE\ONEDRIVE\GER-PER 2016\DOCUMENTS\KENNYNEUTRON\2020\2X4 P10 SCOREBOARD\2X4_P10_SB.ASM 420 : Found opcode in column 1. (CALL)
Warning[203] C:\USERS\GERPE\ONEDRIVE\GER-PER 2016\DOCUMENTS\KENNYNEUTRON\2020\2X4 P10 SCOREBOARD\2X4_P10_SB.ASM 421 : Found opcode in column 1. (CALL)
Warning[203] C:\USERS\GERPE\ONEDRIVE\GER-PER 2016\DOCUMENTS\KENNYNEUTRON\2020\2X4 P10 SCOREBOARD\2X4_P10_SB.ASM 422 : Found opcode in column 1. (CALL)
Warning[203] C:\USERS\GERPE\ONEDRIVE\GER-PER 2016\DOCUMENTS\KENNYNEUTRON\2020\2X4 P10 SCOREBOARD\2X4_P10_SB.ASM 461 : Found opcode in column 1. (CALL)
Warning[203] C:\USERS\GERPE\ONEDRIVE\GER-PER 2016\DOCUMENTS\KENNYNEUTRON\2020\2X4 P10 SCOREBOARD\2X4_P10_SB.ASM 462 : Found opcode in column 1. (CALL)
Warning[203] C:\USERS\GERPE\ONEDRIVE\GER-PER 2016\DOCUMENTS\KENNYNEUTRON\2020\2X4 P10 SCOREBOARD\2X4_P10_SB.ASM 463 : Found opcode in column 1. (CALL)
Warning[203] C:\USERS\GERPE\ONEDRIVE\GER-PER 2016\DOCUMENTS\KENNYNEUTRON\2020\2X4 P10 SCOREBOARD\2X4_P10_SB.ASM 497 : Found opcode in column 1. (CALL)
Warning[203] C:\USERS\GERPE\ONEDRIVE\GER-PER 2016\DOCUMENTS\KENNYNEUTRON\2020\2X4 P10 SCOREBOARD\2X4_P10_SB.ASM 498 : Found opcode in column 1. (CALL)
Warning[203] C:\USERS\GERPE\ONEDRIVE\GER-PER 2016\DOCUMENTS\KENNYNEUTRON\2020\2X4 P10 SCOREBOARD\2X4_P10_SB.ASM 499 : Found opcode in column 1. (CALL)
Warning[203] C:\USERS\GERPE\ONEDRIVE\GER-PER 2016\DOCUMENTS\KENNYNEUTRON\2020\2X4 P10 SCOREBOARD\2X4_P10_SB.ASM 534 : Found opcode in column 1. (CALL)
Warning[203] C:\USERS\GERPE\ONEDRIVE\GER-PER 2016\DOCUMENTS\KENNYNEUTRON\2020\2X4 P10 SCOREBOARD\2X4_P10_SB.ASM 535 : Found opcode in column 1. (CALL)
Warning[203] C:\USERS\GERPE\ONEDRIVE\GER-PER 2016\DOCUMENTS\KENNYNEUTRON\2020\2X4 P10 SCOREBOARD\2X4_P10_SB.ASM 536 : Found opcode in column 1. (CALL)
Warning[203] C:\USERS\GERPE\ONEDRIVE\GER-PER 2016\DOCUMENTS\KENNYNEUTRON\2020\2X4 P10 SCOREBOARD\2X4_P10_SB.ASM 564 : Found opcode in column 1. (RETURN)
Warning[205] C:\USERS\GERPE\ONEDRIVE\GER-PER 2016\DOCUMENTS\KENNYNEUTRON\2020\2X4 P10 SCOREBOARD\2X4_P10_SB.ASM 581 : Found directive in column 1. (ORG)
Warning[203] C:\USERS\GERPE\ONEDRIVE\GER-PER 2016\DOCUMENTS\KENNYNEUTRON\2020\2X4 P10 SCOREBOARD\2X4_P10_SB.ASM 620 : Found opcode in column 1. (RETURN)
Warning[203] C:\USERS\GERPE\ONEDRIVE\GER-PER 2016\DOCUMENTS\KENNYNEUTRON\2020\2X4 P10 SCOREBOARD\2X4_P10_SB.ASM 664 : Found opcode in column 1. (RETURN)
Warning[203] C:\USERS\GERPE\ONEDRIVE\GER-PER 2016\DOCUMENTS\KENNYNEUTRON\2020\2X4 P10 SCOREBOARD\2X4_P10_SB.ASM 710 : Found opcode in column 1. (RETURN)
Warning[203] C:\USERS\GERPE\ONEDRIVE\GER-PER 2016\DOCUMENTS\KENNYNEUTRON\2020\2X4 P10 SCOREBOARD\2X4_P10_SB.ASM 766 : Found opcode in column 1. (RETURN)
Warning[205] C:\USERS\GERPE\ONEDRIVE\GER-PER 2016\DOCUMENTS\KENNYNEUTRON\2020\2X4 P10 SCOREBOARD\2X4_P10_SB.ASM 772 : Found directive in column 1. (ORG)
Warning[203] C:\USERS\GERPE\ONEDRIVE\GER-PER 2016\DOCUMENTS\KENNYNEUTRON\2020\2X4 P10 SCOREBOARD\2X4_P10_SB.ASM 892 : Found opcode in column 1. (RETURN)
Warning[205] C:\USERS\GERPE\ONEDRIVE\GER-PER 2016\DOCUMENTS\KENNYNEUTRON\2020\2X4 P10 SCOREBOARD\2X4_P10_SB.ASM 899 : Found directive in column 1. (ORG)
Warning[205] C:\USERS\GERPE\ONEDRIVE\GER-PER 2016\DOCUMENTS\KENNYNEUTRON\2020\2X4 P10 SCOREBOARD\2X4_P10_SB.ASM 966 : Found directive in column 1. (ORG)
Warning[205] C:\USERS\GERPE\ONEDRIVE\GER-PER 2016\DOCUMENTS\KENNYNEUTRON\2020\2X4 P10 SCOREBOARD\2X4_P10_SB.ASM 1036 : Found directive in column 1. (ORG)
Warning[203] C:\USERS\GERPE\ONEDRIVE\GER-PER 2016\DOCUMENTS\KENNYNEUTRON\2020\2X4 P10 SCOREBOARD\2X4_P10_SB.ASM 1105 : Found opcode in column 1. (RETURN)
Warning[203] C:\USERS\GERPE\ONEDRIVE\GER-PER 2016\DOCUMENTS\KENNYNEUTRON\2020\2X4 P10 SCOREBOARD\2X4_P10_SB.ASM 1244 : Found opcode in column 1. (RETURN)
Warning[205] C:\USERS\GERPE\ONEDRIVE\GER-PER 2016\DOCUMENTS\KENNYNEUTRON\2020\2X4 P10 SCOREBOARD\2X4_P10_SB.ASM 1247 : Found directive in column 1. (ORG)
Warning[203] C:\USERS\GERPE\ONEDRIVE\GER-PER 2016\DOCUMENTS\KENNYNEUTRON\2020\2X4 P10 SCOREBOARD\2X4_P10_SB.ASM 1318 : Found opcode in column 1. (RETURN)
Warning[203] C:\USERS\GERPE\ONEDRIVE\GER-PER 2016\DOCUMENTS\KENNYNEUTRON\2020\2X4 P10 SCOREBOARD\2X4_P10_SB.ASM 1361 : Found opcode in column 1. (RETURN)
Warning[203] C:\USERS\GERPE\ONEDRIVE\GER-PER 2016\DOCUMENTS\KENNYNEUTRON\2020\2X4 P10 SCOREBOARD\2X4_P10_SB.ASM 1401 : Found opcode in column 1. (RETURN)
Warning[203] C:\USERS\GERPE\ONEDRIVE\GER-PER 2016\DOCUMENTS\KENNYNEUTRON\2020\2X4 P10 SCOREBOARD\2X4_P10_SB.ASM 1442 : Found opcode in column 1. (RETURN)
Warning[203] C:\USERS\GERPE\ONEDRIVE\GER-PER 2016\DOCUMENTS\KENNYNEUTRON\2020\2X4 P10 SCOREBOARD\2X4_P10_SB.ASM 1474 : Found opcode in column 1. (RETURN)
Warning[203] C:\USERS\GERPE\ONEDRIVE\GER-PER 2016\DOCUMENTS\KENNYNEUTRON\2020\2X4 P10 SCOREBOARD\2X4_P10_SB.ASM 1677 : Found opcode in column 1. (NOP)
Warning[203] C:\USERS\GERPE\ONEDRIVE\GER-PER 2016\DOCUMENTS\KENNYNEUTRON\2020\2X4 P10 SCOREBOARD\2X4_P10_SB.ASM 1850 : Found opcode in column 1. (RETURN)
Warning[203] C:\USERS\GERPE\ONEDRIVE\GER-PER 2016\DOCUMENTS\KENNYNEUTRON\2020\2X4 P10 SCOREBOARD\2X4_P10_SB.ASM 1908 : Found opcode in column 1. (BSF)
Warning[203] C:\USERS\GERPE\ONEDRIVE\GER-PER 2016\DOCUMENTS\KENNYNEUTRON\2020\2X4 P10 SCOREBOARD\2X4_P10_SB.ASM 1910 : Found opcode in column 1. (RETURN)
Warning[203] C:\USERS\GERPE\ONEDRIVE\GER-PER 2016\DOCUMENTS\KENNYNEUTRON\2020\2X4 P10 SCOREBOARD\2X4_P10_SB.ASM 1984 : Found opcode in column 1. (RETFIE)
Warning[205] C:\USERS\GERPE\ONEDRIVE\GER-PER 2016\DOCUMENTS\KENNYNEUTRON\2020\2X4 P10 SCOREBOARD\2X4_P10_SB.ASM 1988 : Found directive in column 1. (ORG)
Warning[203] C:\USERS\GERPE\ONEDRIVE\GER-PER 2016\DOCUMENTS\KENNYNEUTRON\2020\2X4 P10 SCOREBOARD\2X4_P10_SB.ASM 2021 : Found opcode in column 1. (RETURN)
Warning[203] C:\USERS\GERPE\ONEDRIVE\GER-PER 2016\DOCUMENTS\KENNYNEUTRON\2020\2X4 P10 SCOREBOARD\2X4_P10_SB.ASM 2056 : Found opcode in column 1. (RETURN)
Warning[203] C:\USERS\GERPE\ONEDRIVE\GER-PER 2016\DOCUMENTS\KENNYNEUTRON\2020\2X4 P10 SCOREBOARD\2X4_P10_SB.ASM 2089 : Found opcode in column 1. (NOP)
Warning[203] C:\USERS\GERPE\ONEDRIVE\GER-PER 2016\DOCUMENTS\KENNYNEUTRON\2020\2X4 P10 SCOREBOARD\2X4_P10_SB.ASM 2109 : Found opcode in column 1. (RETURN)
Warning[203] C:\USERS\GERPE\ONEDRIVE\GER-PER 2016\DOCUMENTS\KENNYNEUTRON\2020\2X4 P10 SCOREBOARD\2X4_P10_SB.ASM 2146 : Found opcode in column 1. (NOP)
Warning[203] C:\USERS\GERPE\ONEDRIVE\GER-PER 2016\DOCUMENTS\KENNYNEUTRON\2020\2X4 P10 SCOREBOARD\2X4_P10_SB.ASM 2166 : Found opcode in column 1. (RETURN)
Warning[203] C:\USERS\GERPE\ONEDRIVE\GER-PER 2016\DOCUMENTS\KENNYNEUTRON\2020\2X4 P10 SCOREBOARD\2X4_P10_SB.ASM 2200 : Found opcode in column 1. (NOP)
Warning[203] C:\USERS\GERPE\ONEDRIVE\GER-PER 2016\DOCUMENTS\KENNYNEUTRON\2020\2X4 P10 SCOREBOARD\2X4_P10_SB.ASM 2220 : Found opcode in column 1. (RETURN)
Warning[203] C:\USERS\GERPE\ONEDRIVE\GER-PER 2016\DOCUMENTS\KENNYNEUTRON\2020\2X4 P10 SCOREBOARD\2X4_P10_SB.ASM 2255 : Found opcode in column 1. (NOP)
Warning[203] C:\USERS\GERPE\ONEDRIVE\GER-PER 2016\DOCUMENTS\KENNYNEUTRON\2020\2X4 P10 SCOREBOARD\2X4_P10_SB.ASM 2275 : Found opcode in column 1. (RETURN)
Warning[205] C:\USERS\GERPE\ONEDRIVE\GER-PER 2016\DOCUMENTS\KENNYNEUTRON\2020\2X4 P10 SCOREBOARD\2X4_P10_SB.ASM 2287 : Found directive in column 1. (END)
