Warning[205] C:\USERS\GERPE\ONEDRIVE\GER-PER 2016\DOCUMENTS\KENNYNEUTRON\2020\2X4 P10 SCOREBOARD\P10_FONT2.ASM 1 : Found directive in column 1. (ORG)
Error[113]   C:\USERS\GERPE\ONEDRIVE\GER-PER 2016\DOCUMENTS\KENNYNEUTRON\2020\2X4 P10 SCOREBOARD\P10_FONT2.ASM 5 : Symbol not previously defined (PCLATU)
Error[113]   C:\USERS\GERPE\ONEDRIVE\GER-PER 2016\DOCUMENTS\KENNYNEUTRON\2020\2X4 P10 SCOREBOARD\P10_FONT2.ASM 7 : Symbol not previously defined (PCLATH)
Error[113]   C:\USERS\GERPE\ONEDRIVE\GER-PER 2016\DOCUMENTS\KENNYNEUTRON\2020\2X4 P10 SCOREBOARD\P10_FONT2.ASM 9 : Symbol not previously defined (BTCOUNT)
Error[113]   C:\USERS\GERPE\ONEDRIVE\GER-PER 2016\DOCUMENTS\KENNYNEUTRON\2020\2X4 P10 SCOREBOARD\P10_FONT2.ASM 9 : Symbol not previously defined (WREG)
Error[113]   C:\USERS\GERPE\ONEDRIVE\GER-PER 2016\DOCUMENTS\KENNYNEUTRON\2020\2X4 P10 SCOREBOARD\P10_FONT2.ASM 10 : Symbol not previously defined (C)
Error[113]   C:\USERS\GERPE\ONEDRIVE\GER-PER 2016\DOCUMENTS\KENNYNEUTRON\2020\2X4 P10 SCOREBOARD\P10_FONT2.ASM 10 : Symbol not previously defined (STATUS)
Error[113]   C:\USERS\GERPE\ONEDRIVE\GER-PER 2016\DOCUMENTS\KENNYNEUTRON\2020\2X4 P10 SCOREBOARD\P10_FONT2.ASM 11 : Symbol not previously defined (WREG)
Error[113]   C:\USERS\GERPE\ONEDRIVE\GER-PER 2016\DOCUMENTS\KENNYNEUTRON\2020\2X4 P10 SCOREBOARD\P10_FONT2.ASM 14 : Symbol not previously defined (PCL)
Warning[205] C:\USERS\GERPE\ONEDRIVE\GER-PER 2016\DOCUMENTS\KENNYNEUTRON\2020\2X4 P10 SCOREBOARD\P10_FONT2.ASM 36 : Found directive in column 1. (ORG)
Error[113]   C:\USERS\GERPE\ONEDRIVE\GER-PER 2016\DOCUMENTS\KENNYNEUTRON\2020\2X4 P10 SCOREBOARD\P10_FONT2.ASM 40 : Symbol not previously defined (PCLATU)
Error[113]   C:\USERS\GERPE\ONEDRIVE\GER-PER 2016\DOCUMENTS\KENNYNEUTRON\2020\2X4 P10 SCOREBOARD\P10_FONT2.ASM 42 : Symbol not previously defined (PCLATH)
Error[113]   C:\USERS\GERPE\ONEDRIVE\GER-PER 2016\DOCUMENTS\KENNYNEUTRON\2020\2X4 P10 SCOREBOARD\P10_FONT2.ASM 44 : Symbol not previously defined (BTCOUNT)
Error[113]   C:\USERS\GERPE\ONEDRIVE\GER-PER 2016\DOCUMENTS\KENNYNEUTRON\2020\2X4 P10 SCOREBOARD\P10_FONT2.ASM 44 : Symbol not previously defined (WREG)
Error[113]   C:\USERS\GERPE\ONEDRIVE\GER-PER 2016\DOCUMENTS\KENNYNEUTRON\2020\2X4 P10 SCOREBOARD\P10_FONT2.ASM 45 : Symbol not previously defined (C)
Error[113]   C:\USERS\GERPE\ONEDRIVE\GER-PER 2016\DOCUMENTS\KENNYNEUTRON\2020\2X4 P10 SCOREBOARD\P10_FONT2.ASM 45 : Symbol not previously defined (STATUS)
Error[113]   C:\USERS\GERPE\ONEDRIVE\GER-PER 2016\DOCUMENTS\KENNYNEUTRON\2020\2X4 P10 SCOREBOARD\P10_FONT2.ASM 46 : Symbol not previously defined (WREG)
Error[113]   C:\USERS\GERPE\ONEDRIVE\GER-PER 2016\DOCUMENTS\KENNYNEUTRON\2020\2X4 P10 SCOREBOARD\P10_FONT2.ASM 49 : Symbol not previously defined (PCL)
Warning[205] C:\USERS\GERPE\ONEDRIVE\GER-PER 2016\DOCUMENTS\KENNYNEUTRON\2020\2X4 P10 SCOREBOARD\P10_FONT2.ASM 70 : Found directive in column 1. (ORG)
Error[113]   C:\USERS\GERPE\ONEDRIVE\GER-PER 2016\DOCUMENTS\KENNYNEUTRON\2020\2X4 P10 SCOREBOARD\P10_FONT2.ASM 74 : Symbol not previously defined (PCLATU)
Error[113]   C:\USERS\GERPE\ONEDRIVE\GER-PER 2016\DOCUMENTS\KENNYNEUTRON\2020\2X4 P10 SCOREBOARD\P10_FONT2.ASM 76 : Symbol not previously defined (PCLATH)
Error[113]   C:\USERS\GERPE\ONEDRIVE\GER-PER 2016\DOCUMENTS\KENNYNEUTRON\2020\2X4 P10 SCOREBOARD\P10_FONT2.ASM 78 : Symbol not previously defined (BTCOUNT)
Error[113]   C:\USERS\GERPE\ONEDRIVE\GER-PER 2016\DOCUMENTS\KENNYNEUTRON\2020\2X4 P10 SCOREBOARD\P10_FONT2.ASM 78 : Symbol not previously defined (WREG)
Error[113]   C:\USERS\GERPE\ONEDRIVE\GER-PER 2016\DOCUMENTS\KENNYNEUTRON\2020\2X4 P10 SCOREBOARD\P10_FONT2.ASM 79 : Symbol not previously defined (C)
Error[113]   C:\USERS\GERPE\ONEDRIVE\GER-PER 2016\DOCUMENTS\KENNYNEUTRON\2020\2X4 P10 SCOREBOARD\P10_FONT2.ASM 79 : Symbol not previously defined (STATUS)
Error[113]   C:\USERS\GERPE\ONEDRIVE\GER-PER 2016\DOCUMENTS\KENNYNEUTRON\2020\2X4 P10 SCOREBOARD\P10_FONT2.ASM 80 : Symbol not previously defined (WREG)
Error[113]   C:\USERS\GERPE\ONEDRIVE\GER-PER 2016\DOCUMENTS\KENNYNEUTRON\2020\2X4 P10 SCOREBOARD\P10_FONT2.ASM 83 : Symbol not previously defined (PCL)
Warning[205] C:\USERS\GERPE\ONEDRIVE\GER-PER 2016\DOCUMENTS\KENNYNEUTRON\2020\2X4 P10 SCOREBOARD\P10_FONT2.ASM 103 : Found directive in column 1. (ORG)
Error[113]   C:\USERS\GERPE\ONEDRIVE\GER-PER 2016\DOCUMENTS\KENNYNEUTRON\2020\2X4 P10 SCOREBOARD\P10_FONT2.ASM 107 : Symbol not previously defined (PCLATU)
Error[113]   C:\USERS\GERPE\ONEDRIVE\GER-PER 2016\DOCUMENTS\KENNYNEUTRON\2020\2X4 P10 SCOREBOARD\P10_FONT2.ASM 109 : Symbol not previously defined (PCLATH)
Error[113]   C:\USERS\GERPE\ONEDRIVE\GER-PER 2016\DOCUMENTS\KENNYNEUTRON\2020\2X4 P10 SCOREBOARD\P10_FONT2.ASM 111 : Symbol not previously defined (BTCOUNT)
Error[113]   C:\USERS\GERPE\ONEDRIVE\GER-PER 2016\DOCUMENTS\KENNYNEUTRON\2020\2X4 P10 SCOREBOARD\P10_FONT2.ASM 111 : Symbol not previously defined (WREG)
Error[113]   C:\USERS\GERPE\ONEDRIVE\GER-PER 2016\DOCUMENTS\KENNYNEUTRON\2020\2X4 P10 SCOREBOARD\P10_FONT2.ASM 112 : Symbol not previously defined (C)
Error[113]   C:\USERS\GERPE\ONEDRIVE\GER-PER 2016\DOCUMENTS\KENNYNEUTRON\2020\2X4 P10 SCOREBOARD\P10_FONT2.ASM 112 : Symbol not previously defined (STATUS)
Error[113]   C:\USERS\GERPE\ONEDRIVE\GER-PER 2016\DOCUMENTS\KENNYNEUTRON\2020\2X4 P10 SCOREBOARD\P10_FONT2.ASM 113 : Symbol not previously defined (WREG)
Error[113]   C:\USERS\GERPE\ONEDRIVE\GER-PER 2016\DOCUMENTS\KENNYNEUTRON\2020\2X4 P10 SCOREBOARD\P10_FONT2.ASM 116 : Symbol not previously defined (PCL)
Warning[205] C:\USERS\GERPE\ONEDRIVE\GER-PER 2016\DOCUMENTS\KENNYNEUTRON\2020\2X4 P10 SCOREBOARD\P10_FONT2.ASM 138 : Found directive in column 1. (ORG)
Error[113]   C:\USERS\GERPE\ONEDRIVE\GER-PER 2016\DOCUMENTS\KENNYNEUTRON\2020\2X4 P10 SCOREBOARD\P10_FONT2.ASM 142 : Symbol not previously defined (PCLATU)
Error[113]   C:\USERS\GERPE\ONEDRIVE\GER-PER 2016\DOCUMENTS\KENNYNEUTRON\2020\2X4 P10 SCOREBOARD\P10_FONT2.ASM 144 : Symbol not previously defined (PCLATH)
Error[113]   C:\USERS\GERPE\ONEDRIVE\GER-PER 2016\DOCUMENTS\KENNYNEUTRON\2020\2X4 P10 SCOREBOARD\P10_FONT2.ASM 146 : Symbol not previously defined (BTCOUNT)
Error[113]   C:\USERS\GERPE\ONEDRIVE\GER-PER 2016\DOCUMENTS\KENNYNEUTRON\2020\2X4 P10 SCOREBOARD\P10_FONT2.ASM 146 : Symbol not previously defined (WREG)
Error[113]   C:\USERS\GERPE\ONEDRIVE\GER-PER 2016\DOCUMENTS\KENNYNEUTRON\2020\2X4 P10 SCOREBOARD\P10_FONT2.ASM 147 : Symbol not previously defined (C)
Error[113]   C:\USERS\GERPE\ONEDRIVE\GER-PER 2016\DOCUMENTS\KENNYNEUTRON\2020\2X4 P10 SCOREBOARD\P10_FONT2.ASM 147 : Symbol not previously defined (STATUS)
Error[113]   C:\USERS\GERPE\ONEDRIVE\GER-PER 2016\DOCUMENTS\KENNYNEUTRON\2020\2X4 P10 SCOREBOARD\P10_FONT2.ASM 148 : Symbol not previously defined (WREG)
Error[113]   C:\USERS\GERPE\ONEDRIVE\GER-PER 2016\DOCUMENTS\KENNYNEUTRON\2020\2X4 P10 SCOREBOARD\P10_FONT2.ASM 151 : Symbol not previously defined (PCL)
Warning[205] C:\USERS\GERPE\ONEDRIVE\GER-PER 2016\DOCUMENTS\KENNYNEUTRON\2020\2X4 P10 SCOREBOARD\P10_FONT2.ASM 171 : Found directive in column 1. (ORG)
Error[113]   C:\USERS\GERPE\ONEDRIVE\GER-PER 2016\DOCUMENTS\KENNYNEUTRON\2020\2X4 P10 SCOREBOARD\P10_FONT2.ASM 175 : Symbol not previously defined (PCLATU)
Error[113]   C:\USERS\GERPE\ONEDRIVE\GER-PER 2016\DOCUMENTS\KENNYNEUTRON\2020\2X4 P10 SCOREBOARD\P10_FONT2.ASM 177 : Symbol not previously defined (PCLATH)
Error[113]   C:\USERS\GERPE\ONEDRIVE\GER-PER 2016\DOCUMENTS\KENNYNEUTRON\2020\2X4 P10 SCOREBOARD\P10_FONT2.ASM 179 : Symbol not previously defined (BTCOUNT)
Error[113]   C:\USERS\GERPE\ONEDRIVE\GER-PER 2016\DOCUMENTS\KENNYNEUTRON\2020\2X4 P10 SCOREBOARD\P10_FONT2.ASM 179 : Symbol not previously defined (WREG)
Error[113]   C:\USERS\GERPE\ONEDRIVE\GER-PER 2016\DOCUMENTS\KENNYNEUTRON\2020\2X4 P10 SCOREBOARD\P10_FONT2.ASM 180 : Symbol not previously defined (C)
Error[113]   C:\USERS\GERPE\ONEDRIVE\GER-PER 2016\DOCUMENTS\KENNYNEUTRON\2020\2X4 P10 SCOREBOARD\P10_FONT2.ASM 180 : Symbol not previously defined (STATUS)
Error[113]   C:\USERS\GERPE\ONEDRIVE\GER-PER 2016\DOCUMENTS\KENNYNEUTRON\2020\2X4 P10 SCOREBOARD\P10_FONT2.ASM 181 : Symbol not previously defined (WREG)
Error[113]   C:\USERS\GERPE\ONEDRIVE\GER-PER 2016\DOCUMENTS\KENNYNEUTRON\2020\2X4 P10 SCOREBOARD\P10_FONT2.ASM 184 : Symbol not previously defined (PCL)
Warning[205] C:\USERS\GERPE\ONEDRIVE\GER-PER 2016\DOCUMENTS\KENNYNEUTRON\2020\2X4 P10 SCOREBOARD\P10_FONT2.ASM 203 : Found directive in column 1. (ORG)
Error[113]   C:\USERS\GERPE\ONEDRIVE\GER-PER 2016\DOCUMENTS\KENNYNEUTRON\2020\2X4 P10 SCOREBOARD\P10_FONT2.ASM 207 : Symbol not previously defined (PCLATU)
Error[113]   C:\USERS\GERPE\ONEDRIVE\GER-PER 2016\DOCUMENTS\KENNYNEUTRON\2020\2X4 P10 SCOREBOARD\P10_FONT2.ASM 209 : Symbol not previously defined (PCLATH)
Error[113]   C:\USERS\GERPE\ONEDRIVE\GER-PER 2016\DOCUMENTS\KENNYNEUTRON\2020\2X4 P10 SCOREBOARD\P10_FONT2.ASM 211 : Symbol not previously defined (BTCOUNT)
Error[113]   C:\USERS\GERPE\ONEDRIVE\GER-PER 2016\DOCUMENTS\KENNYNEUTRON\2020\2X4 P10 SCOREBOARD\P10_FONT2.ASM 211 : Symbol not previously defined (WREG)
Error[113]   C:\USERS\GERPE\ONEDRIVE\GER-PER 2016\DOCUMENTS\KENNYNEUTRON\2020\2X4 P10 SCOREBOARD\P10_FONT2.ASM 212 : Symbol not previously defined (C)
Error[113]   C:\USERS\GERPE\ONEDRIVE\GER-PER 2016\DOCUMENTS\KENNYNEUTRON\2020\2X4 P10 SCOREBOARD\P10_FONT2.ASM 212 : Symbol not previously defined (STATUS)
Error[113]   C:\USERS\GERPE\ONEDRIVE\GER-PER 2016\DOCUMENTS\KENNYNEUTRON\2020\2X4 P10 SCOREBOARD\P10_FONT2.ASM 213 : Symbol not previously defined (WREG)
Error[113]   C:\USERS\GERPE\ONEDRIVE\GER-PER 2016\DOCUMENTS\KENNYNEUTRON\2020\2X4 P10 SCOREBOARD\P10_FONT2.ASM 216 : Symbol not previously defined (PCL)
Warning[205] C:\USERS\GERPE\ONEDRIVE\GER-PER 2016\DOCUMENTS\KENNYNEUTRON\2020\2X4 P10 SCOREBOARD\P10_FONT2.ASM 235 : Found directive in column 1. (ORG)
Error[113]   C:\USERS\GERPE\ONEDRIVE\GER-PER 2016\DOCUMENTS\KENNYNEUTRON\2020\2X4 P10 SCOREBOARD\P10_FONT2.ASM 239 : Symbol not previously defined (PCLATU)
Error[113]   C:\USERS\GERPE\ONEDRIVE\GER-PER 2016\DOCUMENTS\KENNYNEUTRON\2020\2X4 P10 SCOREBOARD\P10_FONT2.ASM 241 : Symbol not previously defined (PCLATH)
Error[113]   C:\USERS\GERPE\ONEDRIVE\GER-PER 2016\DOCUMENTS\KENNYNEUTRON\2020\2X4 P10 SCOREBOARD\P10_FONT2.ASM 243 : Symbol not previously defined (BTCOUNT)
Error[113]   C:\USERS\GERPE\ONEDRIVE\GER-PER 2016\DOCUMENTS\KENNYNEUTRON\2020\2X4 P10 SCOREBOARD\P10_FONT2.ASM 243 : Symbol not previously defined (WREG)
Error[113]   C:\USERS\GERPE\ONEDRIVE\GER-PER 2016\DOCUMENTS\KENNYNEUTRON\2020\2X4 P10 SCOREBOARD\P10_FONT2.ASM 244 : Symbol not previously defined (C)
Error[113]   C:\USERS\GERPE\ONEDRIVE\GER-PER 2016\DOCUMENTS\KENNYNEUTRON\2020\2X4 P10 SCOREBOARD\P10_FONT2.ASM 244 : Symbol not previously defined (STATUS)
Error[113]   C:\USERS\GERPE\ONEDRIVE\GER-PER 2016\DOCUMENTS\KENNYNEUTRON\2020\2X4 P10 SCOREBOARD\P10_FONT2.ASM 245 : Symbol not previously defined (WREG)
Error[113]   C:\USERS\GERPE\ONEDRIVE\GER-PER 2016\DOCUMENTS\KENNYNEUTRON\2020\2X4 P10 SCOREBOARD\P10_FONT2.ASM 248 : Symbol not previously defined (PCL)
Warning[205] C:\USERS\GERPE\ONEDRIVE\GER-PER 2016\DOCUMENTS\KENNYNEUTRON\2020\2X4 P10 SCOREBOARD\P10_FONT2.ASM 268 : Found directive in column 1. (ORG)
Error[113]   C:\USERS\GERPE\ONEDRIVE\GER-PER 2016\DOCUMENTS\KENNYNEUTRON\2020\2X4 P10 SCOREBOARD\P10_FONT2.ASM 272 : Symbol not previously defined (PCLATU)
Error[113]   C:\USERS\GERPE\ONEDRIVE\GER-PER 2016\DOCUMENTS\KENNYNEUTRON\2020\2X4 P10 SCOREBOARD\P10_FONT2.ASM 274 : Symbol not previously defined (PCLATH)
Error[113]   C:\USERS\GERPE\ONEDRIVE\GER-PER 2016\DOCUMENTS\KENNYNEUTRON\2020\2X4 P10 SCOREBOARD\P10_FONT2.ASM 276 : Symbol not previously defined (BTCOUNT)
Error[113]   C:\USERS\GERPE\ONEDRIVE\GER-PER 2016\DOCUMENTS\KENNYNEUTRON\2020\2X4 P10 SCOREBOARD\P10_FONT2.ASM 276 : Symbol not previously defined (WREG)
Error[113]   C:\USERS\GERPE\ONEDRIVE\GER-PER 2016\DOCUMENTS\KENNYNEUTRON\2020\2X4 P10 SCOREBOARD\P10_FONT2.ASM 277 : Symbol not previously defined (C)
Error[113]   C:\USERS\GERPE\ONEDRIVE\GER-PER 2016\DOCUMENTS\KENNYNEUTRON\2020\2X4 P10 SCOREBOARD\P10_FONT2.ASM 277 : Symbol not previously defined (STATUS)
Error[113]   C:\USERS\GERPE\ONEDRIVE\GER-PER 2016\DOCUMENTS\KENNYNEUTRON\2020\2X4 P10 SCOREBOARD\P10_FONT2.ASM 278 : Symbol not previously defined (WREG)
Error[113]   C:\USERS\GERPE\ONEDRIVE\GER-PER 2016\DOCUMENTS\KENNYNEUTRON\2020\2X4 P10 SCOREBOARD\P10_FONT2.ASM 281 : Symbol not previously defined (PCL)
Warning[205] C:\USERS\GERPE\ONEDRIVE\GER-PER 2016\DOCUMENTS\KENNYNEUTRON\2020\2X4 P10 SCOREBOARD\P10_FONT2.ASM 301 : Found directive in column 1. (ORG)
Error[113]   C:\USERS\GERPE\ONEDRIVE\GER-PER 2016\DOCUMENTS\KENNYNEUTRON\2020\2X4 P10 SCOREBOARD\P10_FONT2.ASM 304 : Symbol not previously defined (PCLATU)
Error[113]   C:\USERS\GERPE\ONEDRIVE\GER-PER 2016\DOCUMENTS\KENNYNEUTRON\2020\2X4 P10 SCOREBOARD\P10_FONT2.ASM 306 : Symbol not previously defined (PCLATH)
Error[113]   C:\USERS\GERPE\ONEDRIVE\GER-PER 2016\DOCUMENTS\KENNYNEUTRON\2020\2X4 P10 SCOREBOARD\P10_FONT2.ASM 308 : Symbol not previously defined (BTCOUNT)
Error[113]   C:\USERS\GERPE\ONEDRIVE\GER-PER 2016\DOCUMENTS\KENNYNEUTRON\2020\2X4 P10 SCOREBOARD\P10_FONT2.ASM 308 : Symbol not previously defined (WREG)
Error[113]   C:\USERS\GERPE\ONEDRIVE\GER-PER 2016\DOCUMENTS\KENNYNEUTRON\2020\2X4 P10 SCOREBOARD\P10_FONT2.ASM 309 : Symbol not previously defined (C)
Error[113]   C:\USERS\GERPE\ONEDRIVE\GER-PER 2016\DOCUMENTS\KENNYNEUTRON\2020\2X4 P10 SCOREBOARD\P10_FONT2.ASM 309 : Symbol not previously defined (STATUS)
Error[113]   C:\USERS\GERPE\ONEDRIVE\GER-PER 2016\DOCUMENTS\KENNYNEUTRON\2020\2X4 P10 SCOREBOARD\P10_FONT2.ASM 310 : Symbol not previously defined (WREG)
Error[113]   C:\USERS\GERPE\ONEDRIVE\GER-PER 2016\DOCUMENTS\KENNYNEUTRON\2020\2X4 P10 SCOREBOARD\P10_FONT2.ASM 313 : Symbol not previously defined (PCL)
Warning[205] C:\USERS\GERPE\ONEDRIVE\GER-PER 2016\DOCUMENTS\KENNYNEUTRON\2020\2X4 P10 SCOREBOARD\P10_FONT2.ASM 332 : Found directive in column 1. (ORG)
Error[113]   C:\USERS\GERPE\ONEDRIVE\GER-PER 2016\DOCUMENTS\KENNYNEUTRON\2020\2X4 P10 SCOREBOARD\P10_FONT2.ASM 335 : Symbol not previously defined (PCLATU)
Error[113]   C:\USERS\GERPE\ONEDRIVE\GER-PER 2016\DOCUMENTS\KENNYNEUTRON\2020\2X4 P10 SCOREBOARD\P10_FONT2.ASM 337 : Symbol not previously defined (PCLATH)
Error[113]   C:\USERS\GERPE\ONEDRIVE\GER-PER 2016\DOCUMENTS\KENNYNEUTRON\2020\2X4 P10 SCOREBOARD\P10_FONT2.ASM 339 : Symbol not previously defined (BTCOUNT)
Error[113]   C:\USERS\GERPE\ONEDRIVE\GER-PER 2016\DOCUMENTS\KENNYNEUTRON\2020\2X4 P10 SCOREBOARD\P10_FONT2.ASM 339 : Symbol not previously defined (WREG)
Error[113]   C:\USERS\GERPE\ONEDRIVE\GER-PER 2016\DOCUMENTS\KENNYNEUTRON\2020\2X4 P10 SCOREBOARD\P10_FONT2.ASM 340 : Symbol not previously defined (C)
Error[113]   C:\USERS\GERPE\ONEDRIVE\GER-PER 2016\DOCUMENTS\KENNYNEUTRON\2020\2X4 P10 SCOREBOARD\P10_FONT2.ASM 340 : Symbol not previously defined (STATUS)
Error[113]   C:\USERS\GERPE\ONEDRIVE\GER-PER 2016\DOCUMENTS\KENNYNEUTRON\2020\2X4 P10 SCOREBOARD\P10_FONT2.ASM 341 : Symbol not previously defined (WREG)
Error[113]   C:\USERS\GERPE\ONEDRIVE\GER-PER 2016\DOCUMENTS\KENNYNEUTRON\2020\2X4 P10 SCOREBOARD\P10_FONT2.ASM 344 : Symbol not previously defined (PCL)
Error[129]   C:\USERS\GERPE\ONEDRIVE\GER-PER 2016\DOCUMENTS\KENNYNEUTRON\2020\2X4 P10 SCOREBOARD\P10_FONT2.ASM 361 : Expected (END)
