Warning[205] C:\USERS\GERPE\ONEDRIVE\GER-PER 2016\DOCUMENTS\KENNYNEUTRON\2020\TOUCH\ASM\2020 COMM CONTROLLER TOUCH.ASM 59 : Found directive in column 1. (CBLOCK)
Warning[210] C:\USERS\GERPE\ONEDRIVE\GER-PER 2016\DOCUMENTS\KENNYNEUTRON\2020\TOUCH\ASM\2020 COMM CONTROLLER TOUCH.ASM 62 : Extra ","
Warning[205] C:\USERS\GERPE\ONEDRIVE\GER-PER 2016\DOCUMENTS\KENNYNEUTRON\2020\TOUCH\ASM\2020 COMM CONTROLLER TOUCH.ASM 66 : Found directive in column 1. (ENDC)
Warning[205] C:\USERS\GERPE\ONEDRIVE\GER-PER 2016\DOCUMENTS\KENNYNEUTRON\2020\TOUCH\ASM\2020 COMM CONTROLLER TOUCH.ASM 94 : Found directive in column 1. (BANKSEL)
Warning[203] C:\USERS\GERPE\ONEDRIVE\GER-PER 2016\DOCUMENTS\KENNYNEUTRON\2020\TOUCH\ASM\2020 COMM CONTROLLER TOUCH.ASM 95 : Found opcode in column 1. (CLRW)
Warning[203] C:\USERS\GERPE\ONEDRIVE\GER-PER 2016\DOCUMENTS\KENNYNEUTRON\2020\TOUCH\ASM\2020 COMM CONTROLLER TOUCH.ASM 96 : Found opcode in column 1. (MOVWF)
Message[302] C:\USERS\GERPE\ONEDRIVE\GER-PER 2016\DOCUMENTS\KENNYNEUTRON\2020\TOUCH\ASM\2020 COMM CONTROLLER TOUCH.ASM 96 : Register in operand not in bank 0.  Ensure that bank bits are correct.
Warning[203] C:\USERS\GERPE\ONEDRIVE\GER-PER 2016\DOCUMENTS\KENNYNEUTRON\2020\TOUCH\ASM\2020 COMM CONTROLLER TOUCH.ASM 97 : Found opcode in column 1. (MOVWF)
Message[302] C:\USERS\GERPE\ONEDRIVE\GER-PER 2016\DOCUMENTS\KENNYNEUTRON\2020\TOUCH\ASM\2020 COMM CONTROLLER TOUCH.ASM 97 : Register in operand not in bank 0.  Ensure that bank bits are correct.
Message[302] C:\USERS\GERPE\ONEDRIVE\GER-PER 2016\DOCUMENTS\KENNYNEUTRON\2020\TOUCH\ASM\2020 COMM CONTROLLER TOUCH.ASM 102 : Register in operand not in bank 0.  Ensure that bank bits are correct.
Message[302] C:\USERS\GERPE\ONEDRIVE\GER-PER 2016\DOCUMENTS\KENNYNEUTRON\2020\TOUCH\ASM\2020 COMM CONTROLLER TOUCH.ASM 103 : Register in operand not in bank 0.  Ensure that bank bits are correct.
Message[302] C:\USERS\GERPE\ONEDRIVE\GER-PER 2016\DOCUMENTS\KENNYNEUTRON\2020\TOUCH\ASM\2020 COMM CONTROLLER TOUCH.ASM 106 : Register in operand not in bank 0.  Ensure that bank bits are correct.
Warning[203] C:\USERS\GERPE\ONEDRIVE\GER-PER 2016\DOCUMENTS\KENNYNEUTRON\2020\TOUCH\ASM\2020 COMM CONTROLLER TOUCH.ASM 142 : Found opcode in column 1. (CALL)
Message[305] C:\USERS\GERPE\ONEDRIVE\GER-PER 2016\DOCUMENTS\KENNYNEUTRON\2020\TOUCH\ASM\2020 COMM CONTROLLER TOUCH.ASM 152 : Using default destination of 1 (file).
Warning[203] C:\USERS\GERPE\ONEDRIVE\GER-PER 2016\DOCUMENTS\KENNYNEUTRON\2020\TOUCH\ASM\2020 COMM CONTROLLER TOUCH.ASM 169 : Found opcode in column 1. (GOTO)
Warning[203] C:\USERS\GERPE\ONEDRIVE\GER-PER 2016\DOCUMENTS\KENNYNEUTRON\2020\TOUCH\ASM\2020 COMM CONTROLLER TOUCH.ASM 187 : Found opcode in column 1. (RETURN)
Message[305] C:\USERS\GERPE\ONEDRIVE\GER-PER 2016\DOCUMENTS\KENNYNEUTRON\2020\TOUCH\ASM\2020 COMM CONTROLLER TOUCH.ASM 203 : Using default destination of 1 (file).
Message[305] C:\USERS\GERPE\ONEDRIVE\GER-PER 2016\DOCUMENTS\KENNYNEUTRON\2020\TOUCH\ASM\2020 COMM CONTROLLER TOUCH.ASM 227 : Using default destination of 1 (file).
Warning[203] C:\USERS\GERPE\ONEDRIVE\GER-PER 2016\DOCUMENTS\KENNYNEUTRON\2020\TOUCH\ASM\2020 COMM CONTROLLER TOUCH.ASM 253 : Found opcode in column 1. (RETURN)
Warning[203] C:\USERS\GERPE\ONEDRIVE\GER-PER 2016\DOCUMENTS\KENNYNEUTRON\2020\TOUCH\ASM\2020 COMM CONTROLLER TOUCH.ASM 268 : Found opcode in column 1. (RETURN)
Warning[203] C:\USERS\GERPE\ONEDRIVE\GER-PER 2016\DOCUMENTS\KENNYNEUTRON\2020\TOUCH\ASM\2020 COMM CONTROLLER TOUCH.ASM 286 : Found opcode in column 1. (DECFSZ)
Warning[203] C:\USERS\GERPE\ONEDRIVE\GER-PER 2016\DOCUMENTS\KENNYNEUTRON\2020\TOUCH\ASM\2020 COMM CONTROLLER TOUCH.ASM 288 : Found opcode in column 1. (GOTO)
Warning[203] C:\USERS\GERPE\ONEDRIVE\GER-PER 2016\DOCUMENTS\KENNYNEUTRON\2020\TOUCH\ASM\2020 COMM CONTROLLER TOUCH.ASM 290 : Found opcode in column 1. (RETURN)
Warning[203] C:\USERS\GERPE\ONEDRIVE\GER-PER 2016\DOCUMENTS\KENNYNEUTRON\2020\TOUCH\ASM\2020 COMM CONTROLLER TOUCH.ASM 307 : Found opcode in column 1. (RETURN)
Warning[203] C:\USERS\GERPE\ONEDRIVE\GER-PER 2016\DOCUMENTS\KENNYNEUTRON\2020\TOUCH\ASM\2020 COMM CONTROLLER TOUCH.ASM 319 : Found opcode in column 1. (RETURN)
Warning[203] C:\USERS\GERPE\ONEDRIVE\GER-PER 2016\DOCUMENTS\KENNYNEUTRON\2020\TOUCH\ASM\2020 COMM CONTROLLER TOUCH.ASM 332 : Found opcode in column 1. (RETURN)
Warning[203] C:\USERS\GERPE\ONEDRIVE\GER-PER 2016\DOCUMENTS\KENNYNEUTRON\2020\TOUCH\ASM\2020 COMM CONTROLLER TOUCH.ASM 343 : Found opcode in column 1. (RETURN)
