MPASM  5.51               MODULECPU_SPITX.ASM   8-13-2019  18:50:30         PAGE  1


LOC  OBJECT CODE     LINE SOURCE TEXT
  VALUE

                      00001 ;**********************************************************************
                      00002 ;                                                                     *
                      00003 ;    FILENAME:      MODULECPU_SPITX.ASM                               *
                      00004 ;    DATE:              2019.08.05                                        *
                      00005 ;    FILE VERSION:                                                    *
                      00006 ;                                                                     *
                      00007 ;    AUTHOR:        KENNYNEUTRON                                      *
                      00008 ;    COMPANY:       GER-PER ENGINEERING                               *
                      00009 ;                                                                     * 
                      00010 ;                                                                     *
                      00011 ;**********************************************************************
                      00012 ;                                                                     *
                      00013 ;    FILES REQUIRED: P16F690.INC                                      *
                      00014 ;                                                                     *
                      00015 ;**********************************************************************
                      00016 ;                                                                     *
                      00017 ;    NOTES:                                                           *
                      00018 ;                                                                     *
                      00019 ;**********************************************************************
                      00020 
                      00021 
                      00022         LIST            P=16F690                ; LIST DIRECTIVE TO DEFINE PROCESSOR
                      00023         #INCLUDE        <P16F690.INC>           ; PROCESSOR SPECIFIC VARIABLE DEFINITIONS
                      00001         LIST
                      00002 
                      00003 ;==========================================================================
                      00004 ;  MPASM PIC16F690 processor include
                      00005 ; 
                      00006 ;  (c) Copyright 1999-2013 Microchip Technology, All rights reserved
                      00007 ;==========================================================================
                      00008 
                      00756         LIST
                      00024         
                      00025         
2007   30C2           00026         __CONFIG    _CP_OFF & _CPD_OFF & _BOR_OFF & _PWRTE_ON & _WDT_OFF & _HS_OSC & _MCLRE_OFF & _FCMEN
                            _OFF & _IESO_OFF
                      00027 
                      00028 ; '__CONFIG' DIRECTIVE IS USED TO EMBED CONFIGURATION DATA WITHIN .ASM FILE.
                      00029 ; THE LABELS FOLLOWING THE DIRECTIVE ARE LOCATED IN THE RESPECTIVE .INC FILE.
                      00030 ; SEE RESPECTIVE DATA SHEET FOR ADDITIONAL INFORMATION ON CONFIGURATION WORD.
                      00031 
                      00032 
                      00033 
                      00034 
                      00035 
                      00036 
                      00037 ;***** VARIABLE DEFINITIONS
  0000007D            00038 W_TEMP          EQU     0X7D                    ; VARIABLE USED FOR CONTEXT SAVING
  0000007E            00039 STATUS_TEMP     EQU     0X7E                    ; VARIABLE USED FOR CONTEXT SAVING
  0000007F            00040 PCLATH_TEMP     EQU     0X7F                    ; VARIABLE USED FOR CONTEXT SAVING
                      00041 
                      00042 
                      00043         #DEFINE BANK0           BANKSEL PORTA
MPASM  5.51               MODULECPU_SPITX.ASM   8-13-2019  18:50:30         PAGE  2


LOC  OBJECT CODE     LINE SOURCE TEXT
  VALUE

                      00044         #DEFINE BANK1           BANKSEL ADRESL
                      00045         #DEFINE BANK2           BANKSEL ANSELH
                      00046 
                      00047         #DEFINE DAT_LO          BCF     PORTC,7
                      00048         #DEFINE DAT_HI          BSF     PORTC,7
                      00049 
                      00050         #DEFINE CLK_LO          BCF     PORTB,6
                      00051         #DEFINE CLK_HI          BSF     PORTB,6 
                      00052 
                      00053         #DEFINE DHO_LO          BCF     PORTC,3
                      00054         #DEFINE DHO_HI          BSF     PORTC,3
                      00055 
                      00056         
                      00057 
                      00058 ;============================   BANK    0       ===========================
Warning[205]: Found directive in column 1. (CBLOCK)
                      00059 CBLOCK 0x20
  00000020            00060                         LOOP1,LOOP2
  00000022            00061                         DBUFF
                      00062 
                      00063 
Warning[205]: Found directive in column 1. (ENDC)
                      00064 ENDC
                      00065 ;======================================================================
                      00066 
                      00067 
                      00068 ;============================   BANK    1       ===========================
Warning[205]: Found directive in column 1. (CBLOCK)
                      00069 CBLOCK 0XA0
                      00070                         
                      00071 
Warning[205]: Found directive in column 1. (ENDC)
                      00072 ENDC
                      00073 ;======================================================================
                      00074 
                      00075 
                      00076 
                      00077 ;============================   BANK    2       ===========================
Warning[205]: Found directive in column 1. (CBLOCK)
                      00078 CBLOCK 0X120
                      00079 
                      00080 
Warning[205]: Found directive in column 1. (ENDC)
                      00081 ENDC
                      00082 ;======================================================================
                      00083 
                      00084 ;**********************************************************************
0000                  00085         ORG             0X000                           ; PROCESSOR RESET VECTOR
0000   2810           00086                 GOTO    INIT                            ; GO TO BEGINNING OF PROGRAM
                      00087 
                      00088 
0004                  00089         ORG             0X004                           ; INTERRUPT VECTOR LOCATION
0004   00FD           00090         MOVWF           W_TEMP                  ; SAVE OFF CURRENT W REGISTER CONTENTS
MPASM  5.51               MODULECPU_SPITX.ASM   8-13-2019  18:50:30         PAGE  3


LOC  OBJECT CODE     LINE SOURCE TEXT
  VALUE

0005   0803           00091         MOVF            STATUS,W                ; MOVE STATUS REGISTER INTO W REGISTER
0006   00FE           00092         MOVWF           STATUS_TEMP             ; SAVE OFF CONTENTS OF STATUS REGISTER
0007   080A           00093         MOVF            PCLATH,W                ; MOVE PCLATH REGISTER INTO W REGISTER
0008   00FF           00094         MOVWF           PCLATH_TEMP             ; SAVE OFF CONTENTS OF PCLATH REGISTER
                      00095 
                      00096 
                      00097 ; ISR CODE CAN GO HERE OR BE LOCATED AS A CALL SUBROUTINE ELSEWHERE
                      00098 
0009   087F           00099         MOVF            PCLATH_TEMP,W   ; RETRIEVE COPY OF PCLATH REGISTER
000A   008A           00100         MOVWF           PCLATH                  ; RESTORE PRE-ISR PCLATH REGISTER CONTENTS      
000B   087E           00101         MOVF            STATUS_TEMP,W   ; RETRIEVE COPY OF STATUS REGISTER
000C   0083           00102         MOVWF           STATUS                  ; RESTORE PRE-ISR STATUS REGISTER CONTENTS
000D   0EFD           00103         SWAPF           W_TEMP,F
000E   0E7D           00104         SWAPF           W_TEMP,W                ; RESTORE PRE-ISR W REGISTER CONTENTS
000F   0009           00105         RETFIE                                          ; RETURN FROM INTERRUPT
                      00106 
                      00107 
                      00108 
                      00109 ;$$$$$$$$$$$$$$$$$$$$$  INITIALIZE      $$$$$$$$$$$$$$$$$$$$$$$$$$$$$$$$
                      00110 
                      00111 ;DECLARE PORTC AS OUTPUT HERE:
0010                  00112 INIT
Warning[205]: Found directive in column 1. (BANKSEL)
0010   1283 1703      00113 BANKSEL ANSEL
Warning[203]: Found opcode in column 1. (CLRW)
0012   0103           00114 CLRW
Warning[203]: Found opcode in column 1. (MOVWF)
Message[302]: Register in operand not in bank 0.  Ensure that bank bits are correct.
0013   009E           00115 MOVWF   ANSEL
Warning[203]: Found opcode in column 1. (MOVWF)
Message[302]: Register in operand not in bank 0.  Ensure that bank bits are correct.
0014   009F           00116 MOVWF   ANSELH
                      00117 
Warning[205]: Found directive in column 1. (BANKSEL)
0015   1683 1303      00118 BANKSEL TRISB
                      00119 
Warning[203]: Found opcode in column 1. (MOVLW)
0017   3000           00120 MOVLW   0
Warning[203]: Found opcode in column 1. (MOVWF)
Message[302]: Register in operand not in bank 0.  Ensure that bank bits are correct.
0018   0086           00121 MOVWF   TRISB
                      00122 
Warning[205]: Found directive in column 1. (BANKSEL)
0019   1683 1303      00123 BANKSEL TRISC
Warning[203]: Found opcode in column 1. (MOVLW)
001B   3040           00124 MOVLW   B'01000000'
Warning[203]: Found opcode in column 1. (MOVWF)
Message[302]: Register in operand not in bank 0.  Ensure that bank bits are correct.
001C   0087           00125 MOVWF   TRISC
                      00126 
                      00127 
                      00128 
Warning[205]: Found directive in column 1. (BANKSEL)
MPASM  5.51               MODULECPU_SPITX.ASM   8-13-2019  18:50:30         PAGE  4


LOC  OBJECT CODE     LINE SOURCE TEXT
  VALUE

001D   1283 1303      00129 BANK0
Warning[203]: Found opcode in column 1. (CLRW)
001F   0103           00130 CLRW
                      00131 
Warning[203]: Found opcode in column 1. (BSF)
0020   1787           00132 DAT_HI
Warning[203]: Found opcode in column 1. (BSF)
0021   1706           00133 CLK_HI
Warning[203]: Found opcode in column 1. (BCF)
0022   1187           00134 DHO_LO
                      00135 
                      00136 
                      00137 
                      00138 
Warning[203]: Found opcode in column 1. (GOTO)
0023   2824           00139 GOTO    MAIN    ; GO TO BEGINNING OF PROGRAM
                      00140 ;$$$$$$$$$$$$$$$$$$$$$$$$$$$$$$$$$$$$$$$$$$$$$$$$$$$$$$$$$$$$$$$$$$$
                      00141 
                      00142 
                      00143 
0024                  00144 MAIN
                      00145 
                      00146 
                      00147 
                      00148 
                      00149 ;
0024   1787           00150         DAT_HI
0025   1706           00151         CLK_HI
0026   1F07           00152         BTFSS   PORTC,6
0027   2826           00153         GOTO    $-1
                      00154         
0028   1587           00155         DHO_HI
0029   0000           00156         NOP
002A   0000           00157         NOP
002B   0000           00158         NOP
002C   0000           00159         NOP
                      00160 
                      00161 
002D   2091           00162         CALL    MATRIX_INIT
                      00163 
002E   20AF           00164         CALL    INTRDELAY
002F   30FF           00165         MOVLW   0XFF            ;CLR ALL
0030   2097           00166         CALL    SPITX
                      00167 
                      00168 
                      00169 
                      00170 
                      00171 
                      00172 
0031   20AF           00173         CALL    INTRDELAY
0032   3036           00174         MOVLW   0X36            ;HUB
0033   2097           00175         CALL    SPITX
                      00176 
MPASM  5.51               MODULECPU_SPITX.ASM   8-13-2019  18:50:30         PAGE  5


LOC  OBJECT CODE     LINE SOURCE TEXT
  VALUE

                      00177 
                      00178 
                      00179 
                      00180 
0034   20AF           00181         CALL    INTRDELAY
0035   3010           00182         MOVLW   0X10            ;CURSOR
0036   2097           00183         CALL    SPITX
                      00184 
                      00185 
                      00186 
                      00187 
0037   20AF           00188         CALL    INTRDELAY
0038   3050           00189         MOVLW   0X50            ;DATA
0039   2097           00190         CALL    SPITX
                      00191 
                      00192 
                      00193         
003A   20AF           00194         CALL    INTRDELAY
003B   3055           00195         MOVLW   0X55            ;DATA
003C   2097           00196         CALL    SPITX
                      00197 
                      00198 
003D   20AF           00199         CALL    INTRDELAY
003E   304F           00200         MOVLW   0X4F            ;DATA
003F   2097           00201         CALL    SPITX
                      00202 
                      00203 
0040   20AF           00204         CALL    INTRDELAY
0041   3052           00205         MOVLW   0X52            ;DATA
0042   2097           00206         CALL    SPITX
                      00207 
                      00208 
0043   20AF           00209         CALL    INTRDELAY
0044   3035           00210         MOVLW   0X35            ;HUB
0045   2097           00211         CALL    SPITX
                      00212 
                      00213 
                      00214 
                      00215 
                      00216 
0046   20AF           00217         CALL    INTRDELAY
0047   3016           00218         MOVLW   0X16            ;CURSOR
0048   2097           00219         CALL    SPITX
                      00220 
                      00221 
                      00222 
                      00223 
0049   20AF           00224         CALL    INTRDELAY
004A   3058           00225         MOVLW   0X58            ;DATA
004B   2097           00226         CALL    SPITX
                      00227 
004C   20AF           00228         CALL    INTRDELAY
004D   304C           00229         MOVLW   0X4C            ;DATA
MPASM  5.51               MODULECPU_SPITX.ASM   8-13-2019  18:50:30         PAGE  6


LOC  OBJECT CODE     LINE SOURCE TEXT
  VALUE

004E   2097           00230         CALL    SPITX
                      00231 
                      00232 
004F   20AF           00233         CALL    INTRDELAY
0050   3040           00234         MOVLW   0X40            ;DATA
0051   2097           00235         CALL    SPITX
                      00236 
                      00237 
                      00238 
0052   20AF           00239         CALL    INTRDELAY
0053   3034           00240         MOVLW   0X34            ;HUB
0054   2097           00241         CALL    SPITX
                      00242 
                      00243 
                      00244 
                      00245 
                      00246 
0055   20AF           00247         CALL    INTRDELAY
0056   301A           00248         MOVLW   0X1A            ;CURSOR
0057   2097           00249         CALL    SPITX
                      00250 
                      00251 
                      00252 
                      00253 
0058   20AF           00254         CALL    INTRDELAY
0059   3056           00255         MOVLW   0X56            ;DATA
                      00256 
005A   2097           00257         CALL    SPITX
005B   20AF           00258         CALL    INTRDELAY
005C   3057           00259         MOVLW   0X57            ;DATA
005D   2097           00260         CALL    SPITX
                      00261 
                      00262 
                      00263 
                      00264 
                      00265         
005E   20AF           00266         CALL    INTRDELAY
005F   3033           00267         MOVLW   0X33            ;HUB
0060   2097           00268         CALL    SPITX
                      00269 
                      00270 
                      00271 
                      00272 
                      00273 
0061   20AF           00274         CALL    INTRDELAY
0062   3010           00275         MOVLW   0X10            ;CURSOR
0063   2097           00276         CALL    SPITX
                      00277 
                      00278 
                      00279 
                      00280 
0064   20AF           00281         CALL    INTRDELAY
0065   3051           00282         MOVLW   0X51            ;DATA
MPASM  5.51               MODULECPU_SPITX.ASM   8-13-2019  18:50:30         PAGE  7


LOC  OBJECT CODE     LINE SOURCE TEXT
  VALUE

0066   2097           00283         CALL    SPITX
                      00284 
                      00285 
                      00286         
0067   20AF           00287         CALL    INTRDELAY
0068   3053           00288         MOVLW   0X53            ;DATA
0069   2097           00289         CALL    SPITX
                      00290 
006A   20AF           00291         CALL    INTRDELAY
006B   3054           00292         MOVLW   0X54            ;DATA
006C   2097           00293         CALL    SPITX
                      00294 
                      00295 
                      00296 
                      00297         
006D   20AF           00298         CALL    INTRDELAY
006E   3031           00299         MOVLW   0X31            ;HUB
006F   2097           00300         CALL    SPITX
                      00301 
                      00302 
                      00303 
                      00304 
                      00305 
0070   20AF           00306         CALL    INTRDELAY
0071   3010           00307         MOVLW   0X10            ;CURSOR
0072   2097           00308         CALL    SPITX
                      00309 
                      00310 
                      00311 
                      00312 
0073   20AF           00313         CALL    INTRDELAY
0074   3051           00314         MOVLW   0X51            ;DATA
0075   2097           00315         CALL    SPITX
                      00316 
                      00317 
                      00318         
0076   20AF           00319         CALL    INTRDELAY
0077   3053           00320         MOVLW   0X53            ;DATA
0078   2097           00321         CALL    SPITX
                      00322 
0079   20AF           00323         CALL    INTRDELAY
007A   3055           00324         MOVLW   0X55            ;DATA
007B   2097           00325         CALL    SPITX
                      00326 
                      00327 
                      00328 
                      00329 
007C   20AF           00330         CALL    INTRDELAY
007D   3032           00331         MOVLW   0X32            ;HUB
007E   2097           00332         CALL    SPITX
                      00333 
                      00334 
                      00335 
MPASM  5.51               MODULECPU_SPITX.ASM   8-13-2019  18:50:30         PAGE  8


LOC  OBJECT CODE     LINE SOURCE TEXT
  VALUE

                      00336 
                      00337 
007F   20AF           00338         CALL    INTRDELAY
0080   3014           00339         MOVLW   0X14            ;CURSOR
0081   2097           00340         CALL    SPITX
                      00341 
                      00342 
                      00343 
                      00344 
0082   20AF           00345         CALL    INTRDELAY
0083   304D           00346         MOVLW   0X4D            ;DATA
0084   2097           00347         CALL    SPITX
                      00348 
                      00349 
                      00350 
0085   20AF           00351         CALL    INTRDELAY
0086   304A           00352         MOVLW   0X4A            ;DATA
0087   2097           00353         CALL    SPITX
                      00354 
0088   20AF           00355         CALL    INTRDELAY
0089   304E           00356         MOVLW   0X4E            ;DATA
008A   2097           00357         CALL    SPITX
                      00358 
                      00359 
                      00360 
                      00361 
                      00362 
                      00363 
008B   1187           00364         DHO_LO
                      00365 
008C   1787           00366         DAT_HI
008D   1706           00367         CLK_HI
008E   1B07           00368         BTFSC   PORTC,6
008F   288E           00369         GOTO    $-1
                      00370 
                      00371 
                      00372 
                      00373 
                      00374 
                      00375 
                      00376         
                      00377 
Warning[203]: Found opcode in column 1. (GOTO)
0090   2824           00378 GOTO    MAIN
                      00379 
                      00380 
0091                  00381 MATRIX_INIT
0091   300A           00382         MOVLW   0X0A            ;INIT
0092   2097           00383         CALL    SPITX
                      00384 
0093   20AF           00385         CALL    INTRDELAY
0094   3002           00386         MOVLW   0X02            ;INIT
0095   2097           00387         CALL    SPITX
MPASM  5.51               MODULECPU_SPITX.ASM   8-13-2019  18:50:30         PAGE  9


LOC  OBJECT CODE     LINE SOURCE TEXT
  VALUE

Warning[203]: Found opcode in column 1. (RETURN)
0096   0008           00388 RETURN
                      00389 
                      00390 
                      00391 
                      00392 
0097                  00393 SPITX
                      00394 
0097   00A2           00395         MOVWF   DBUFF
                      00396 
0098   3008           00397         MOVLW   8
0099   00A0           00398         MOVWF   LOOP1
                      00399         
009A                  00400 ST0
Message[305]: Using default destination of 1 (file).
009A   0DA2           00401         RLF             DBUFF
009B   1C03           00402         BTFSS   STATUS,C
009C   289E           00403         GOTO    DBIT0
009D   28A0           00404         GOTO    DBIT1
                      00405         
009E                  00406 DBIT0
009E   1387           00407         DAT_LO
009F   28A1           00408         GOTO    $+2     
00A0                  00409 DBIT1
00A0   1787           00410         DAT_HI
00A1   1706           00411         CLK_HI
00A2   0000           00412         NOP
00A3   0000           00413         NOP
00A4   0000           00414         NOP
00A5   0000           00415         NOP
00A6   0000           00416         NOP
00A7   0000           00417         NOP
00A8   0000           00418         NOP
00A9   0000           00419         NOP
00AA   1306           00420         CLK_LO
00AB   0BA0           00421         DECFSZ  LOOP1,F
00AC   289A           00422         GOTO    ST0
00AD   1387           00423         DAT_LO
                      00424         
                      00425 
Warning[203]: Found opcode in column 1. (RETURN)
00AE   0008           00426 RETURN
                      00427 
                      00428 
                      00429 
                      00430 
                      00431 
                      00432 
                      00433 
00AF                  00434 INTRDELAY
00AF   0000           00435         NOP
00B0   0000           00436         NOP
00B1   0000           00437         NOP
MPASM  5.51               MODULECPU_SPITX.ASM   8-13-2019  18:50:30         PAGE 10


LOC  OBJECT CODE     LINE SOURCE TEXT
  VALUE

00B2   0000           00438         NOP
00B3   0000           00439         NOP
00B4   0000           00440         NOP
00B5   0000           00441         NOP
00B6   0000           00442         NOP
00B7   0000           00443         NOP
00B8   0000           00444         NOP
00B9   0000           00445         NOP
00BA   0000           00446         NOP
00BB   0000           00447         NOP
00BC   0000           00448         NOP
00BD   0000           00449         NOP
00BE   0000           00450         NOP
00BF   0000           00451         NOP
00C0   0000           00452         NOP
00C1   0000           00453         NOP
00C2   0000           00454         NOP
00C3   0000           00455         NOP
00C4   0000           00456         NOP
00C5   0000           00457         NOP
00C6   0000           00458         NOP
00C7   0000           00459         NOP
00C8   0000           00460         NOP
00C9   0000           00461         NOP
                      00462 
Warning[203]: Found opcode in column 1. (RETURN)
00CA   0008           00463 RETURN
                      00464 
                      00465 
                      00466 
                      00467 
                      00468 
                      00469 
                      00470 
                      00471 
                      00472 
2100                  00473         ORG     0X2100                          ; DATA EEPROM LOCATION
2100   0001 0002 0003 00474         DE      1,2,3,4                         ; DEFINE FIRST FOUR EEPROM LOCATIONS AS 1, 2, 3, AND 4
       0004 
                      00475 
                      00476 
                      00477 
                      00478 
                      00479         END                       ; DIRECTIVE 'END OF PROGRAM'
MPASM  5.51               MODULECPU_SPITX.ASM   8-13-2019  18:50:30         PAGE 11


SYMBOL TABLE
  LABEL                             VALUE 

ABDEN                             00000000
ABDOVF                            00000007
ADCON0                            0000001F
ADCON1                            0000009F
ADCS0                             00000004
ADCS1                             00000005
ADCS2                             00000006
ADDEN                             00000003
ADFM                              00000007
ADIE                              00000006
ADIF                              00000006
ADON                              00000000
ADRESH                            0000001E
ADRESL                            0000009E
ANS0                              00000000
ANS1                              00000001
ANS10                             00000002
ANS11                             00000003
ANS2                              00000002
ANS3                              00000003
ANS4                              00000004
ANS5                              00000005
ANS6                              00000006
ANS7                              00000007
ANS8                              00000000
ANS9                              00000001
ANSEL                             0000011E
ANSELH                            0000011F
BANK0                             BANKSEL PORTA
BANK1                             BANKSEL ADRESL
BANK2                             BANKSEL ANSELH
BAUDCTL                           0000009B
BF                                00000000
BRG0                              00000000
BRG1                              00000001
BRG10                             00000002
BRG11                             00000003
BRG12                             00000004
BRG13                             00000005
BRG14                             00000006
BRG15                             00000007
BRG16                             00000003
BRG2                              00000002
BRG3                              00000003
BRG4                              00000004
BRG5                              00000005
BRG6                              00000006
BRG7                              00000007
BRG8                              00000000
BRG9                              00000001
BRGH                              00000002
C                                 00000000
C1CH0                             00000000
MPASM  5.51               MODULECPU_SPITX.ASM   8-13-2019  18:50:30         PAGE 12


SYMBOL TABLE
  LABEL                             VALUE 

C1CH1                             00000001
C1IE                              00000005
C1IF                              00000005
C1OE                              00000005
C1ON                              00000007
C1OUT                             00000006
C1POL                             00000004
C1R                               00000002
C1SEN                             00000005
C1VREN                            00000007
C2CH0                             00000000
C2CH1                             00000001
C2IE                              00000006
C2IF                              00000006
C2OE                              00000005
C2ON                              00000007
C2OUT                             00000006
C2POL                             00000004
C2R                               00000002
C2REN                             00000004
C2SYNC                            00000000
C2VREN                            00000006
CCP1CON                           00000017
CCP1IE                            00000002
CCP1IF                            00000002
CCP1M0                            00000000
CCP1M1                            00000001
CCP1M2                            00000002
CCP1M3                            00000003
CCPR                              00000015
CCPR1H                            00000016
CCPR1L                            00000015
CHS0                              00000002
CHS1                              00000003
CHS2                              00000004
CHS3                              00000005
CKE                               00000006
CKP                               00000004
CLK_HI                            BSF     PORTB,6
CLK_LO                            BCF     PORTB,6
CM1CON0                           00000119
CM2CON0                           0000011A
CM2CON1                           0000011B
CREN                              00000004
CSRC                              00000007
D                                 00000005
DATA_ADDRESS                      00000005
DAT_HI                            BSF     PORTC,7
DAT_LO                            BCF     PORTC,7
DBIT0                             0000009E
DBIT1                             000000A0
DBUFF                             00000022
DC                                00000001
MPASM  5.51               MODULECPU_SPITX.ASM   8-13-2019  18:50:30         PAGE 13


SYMBOL TABLE
  LABEL                             VALUE 

DC1B0                             00000004
DC1B1                             00000005
DHO_HI                            BSF     PORTC,3
DHO_LO                            BCF     PORTC,3
D_A                               00000005
D_NOT_A                           00000005
ECCPAS                            0000001D
ECCPAS0                           00000004
ECCPAS1                           00000005
ECCPAS2                           00000006
ECCPASE                           00000007
EEADR                             0000010D
EEADRH                            0000010F
EECON1                            0000018C
EECON2                            0000018D
EEDAT                             0000010C
EEDATA                            0000010C
EEDATH                            0000010E
EEIE                              00000004
EEIF                              00000004
EEPGD                             00000007
F                                 00000001
FERR                              00000002
FSR                               00000004
GIE                               00000007
GO                                00000001
GO_DONE                           00000001
GO_NOT_DONE                       00000001
HTS                               00000002
I2C_DATA                          00000005
I2C_READ                          00000002
I2C_START                         00000003
I2C_STOP                          00000004
INDF                              00000000
INIT                              00000010
INTCON                            0000000B
INTE                              00000004
INTEDG                            00000006
INTF                              00000001
INTRDELAY                         000000AF
IOC                               00000096
IOC0                              00000000
IOC1                              00000001
IOC2                              00000002
IOC3                              00000003
IOC4                              00000004
IOC5                              00000005
IOCA                              00000096
IOCA0                             00000000
IOCA1                             00000001
IOCA2                             00000002
IOCA3                             00000003
IOCA4                             00000004
MPASM  5.51               MODULECPU_SPITX.ASM   8-13-2019  18:50:30         PAGE 14


SYMBOL TABLE
  LABEL                             VALUE 

IOCA5                             00000005
IOCB                              00000116
IOCB4                             00000004
IOCB5                             00000005
IOCB6                             00000006
IOCB7                             00000007
IRCF0                             00000004
IRCF1                             00000005
IRCF2                             00000006
IRP                               00000007
LOOP1                             00000020
LOOP2                             00000021
LTS                               00000001
MAIN                              00000024
MATRIX_INIT                       00000091
MC1OUT                            00000007
MC2OUT                            00000006
MSK                               00000093
MSK0                              00000000
MSK1                              00000001
MSK2                              00000002
MSK3                              00000003
MSK4                              00000004
MSK5                              00000005
MSK6                              00000006
MSK7                              00000007
NOT_A                             00000005
NOT_ADDRESS                       00000005
NOT_BOR                           00000000
NOT_DONE                          00000001
NOT_PD                            00000003
NOT_POR                           00000001
NOT_RABPU                         00000007
NOT_T1SYNC                        00000002
NOT_TO                            00000004
NOT_W                             00000002
NOT_WRITE                         00000002
OERR                              00000001
OPTION_REG                        00000081
OSCCON                            0000008F
OSCTUNE                           00000090
OSFIE                             00000007
OSFIF                             00000007
OSTS                              00000003
P                                 00000004
P1M0                              00000006
P1M1                              00000007
PCL                               00000002
PCLATH                            0000000A
PCLATH_TEMP                       0000007F
PCON                              0000008E
PDC0                              00000000
PDC1                              00000001
MPASM  5.51               MODULECPU_SPITX.ASM   8-13-2019  18:50:30         PAGE 15


SYMBOL TABLE
  LABEL                             VALUE 

PDC2                              00000002
PDC3                              00000003
PDC4                              00000004
PDC5                              00000005
PDC6                              00000006
PEIE                              00000006
PIE1                              0000008C
PIE2                              0000008D
PIR1                              0000000C
PIR2                              0000000D
PORTA                             00000005
PORTB                             00000006
PORTC                             00000007
PR2                               00000092
PRSEN                             00000007
PS0                               00000000
PS1                               00000001
PS2                               00000002
PSA                               00000003
PSSAC0                            00000002
PSSAC1                            00000003
PSSBD0                            00000000
PSSBD1                            00000001
PSTRCON                           0000019D
PULSR                             00000002
PULSS                             00000003
PWM1CON                           0000001C
R                                 00000002
RA0                               00000000
RA1                               00000001
RA2                               00000002
RA3                               00000003
RA4                               00000004
RA5                               00000005
RABIE                             00000003
RABIF                             00000000
RB4                               00000004
RB5                               00000005
RB6                               00000006
RB7                               00000007
RC0                               00000000
RC1                               00000001
RC2                               00000002
RC3                               00000003
RC4                               00000004
RC5                               00000005
RC6                               00000006
RC7                               00000007
RCIDL                             00000006
RCIE                              00000005
RCIF                              00000005
RCREG                             0000001A
RCSTA                             00000018
MPASM  5.51               MODULECPU_SPITX.ASM   8-13-2019  18:50:30         PAGE 16


SYMBOL TABLE
  LABEL                             VALUE 

RD                                00000000
READ_WRITE                        00000002
RP0                               00000005
RP1                               00000006
RX9                               00000006
RX9D                              00000000
R_NOT_W                           00000002
R_W                               00000002
S                                 00000003
SBOREN                            00000004
SCKP                              00000004
SCS                               00000000
SENB                              00000003
SENDB                             00000003
SMP                               00000007
SPBRG                             00000099
SPBRGH                            0000009A
SPEN                              00000007
SPITX                             00000097
SR0                               00000006
SR1                               00000007
SRCON                             0000019E
SREN                              00000005
SSPADD                            00000093
SSPBUF                            00000013
SSPCON                            00000014
SSPEN                             00000005
SSPIE                             00000003
SSPIF                             00000003
SSPM0                             00000000
SSPM1                             00000001
SSPM2                             00000002
SSPM3                             00000003
SSPMSK                            00000093
SSPOV                             00000006
SSPSTAT                           00000094
ST0                               0000009A
STATUS                            00000003
STATUS_TEMP                       0000007E
STRA                              00000000
STRB                              00000001
STRC                              00000002
STRD                              00000003
STRSYNC                           00000004
SWDTEN                            00000000
SYNC                              00000004
T0CS                              00000005
T0IE                              00000005
T0IF                              00000002
T0SE                              00000004
T1CKPS0                           00000004
T1CKPS1                           00000005
T1CON                             00000010
MPASM  5.51               MODULECPU_SPITX.ASM   8-13-2019  18:50:30         PAGE 17


SYMBOL TABLE
  LABEL                             VALUE 

T1GINV                            00000007
T1GSS                             00000001
T1IE                              00000000
T1IF                              00000000
T1OSCEN                           00000003
T2CKPS0                           00000000
T2CKPS1                           00000001
T2CON                             00000012
T2IE                              00000001
T2IF                              00000001
TMR0                              00000001
TMR1                              0000000E
TMR1CS                            00000001
TMR1GE                            00000006
TMR1H                             0000000F
TMR1IE                            00000000
TMR1IF                            00000000
TMR1L                             0000000E
TMR1ON                            00000000
TMR2                              00000011
TMR2IE                            00000001
TMR2IF                            00000001
TMR2ON                            00000002
TOUTPS0                           00000003
TOUTPS1                           00000004
TOUTPS2                           00000005
TOUTPS3                           00000006
TRISA                             00000085
TRISA0                            00000000
TRISA1                            00000001
TRISA2                            00000002
TRISA3                            00000003
TRISA4                            00000004
TRISA5                            00000005
TRISB                             00000086
TRISB4                            00000004
TRISB5                            00000005
TRISB6                            00000006
TRISB7                            00000007
TRISC                             00000087
TRISC0                            00000000
TRISC1                            00000001
TRISC2                            00000002
TRISC3                            00000003
TRISC4                            00000004
TRISC5                            00000005
TRISC6                            00000006
TRISC7                            00000007
TRMT                              00000001
TUN0                              00000000
TUN1                              00000001
TUN2                              00000002
TUN3                              00000003
MPASM  5.51               MODULECPU_SPITX.ASM   8-13-2019  18:50:30         PAGE 18


SYMBOL TABLE
  LABEL                             VALUE 

TUN4                              00000004
TX9                               00000006
TX9D                              00000000
TXEN                              00000005
TXIE                              00000004
TXIF                              00000004
TXREG                             00000019
TXSTA                             00000098
UA                                00000001
ULPWUE                            00000005
VCFG                              00000006
VP6EN                             00000004
VR0                               00000000
VR1                               00000001
VR2                               00000002
VR3                               00000003
VRCON                             00000118
VRR                               00000005
W                                 00000000
WCOL                              00000007
WDTCON                            00000097
WDTPS0                            00000001
WDTPS1                            00000002
WDTPS2                            00000003
WDTPS3                            00000004
WPU                               00000095
WPU0                              00000000
WPU1                              00000001
WPU2                              00000002
WPU4                              00000004
WPU5                              00000005
WPUA                              00000095
WPUA0                             00000000
WPUA1                             00000001
WPUA2                             00000002
WPUA4                             00000004
WPUA5                             00000005
WPUB                              00000115
WPUB4                             00000004
WPUB5                             00000005
WPUB6                             00000006
WPUB7                             00000007
WR                                00000001
WREN                              00000002
WRERR                             00000003
WUE                               00000001
W_TEMP                            0000007D
Z                                 00000002
_BOD_NSLEEP                       00003EFF
_BOD_OFF                          00003CFF
_BOD_ON                           00003FFF
_BOD_SBODEN                       00003DFF
_BOREN_NSLEEP                     00003EFF
MPASM  5.51               MODULECPU_SPITX.ASM   8-13-2019  18:50:30         PAGE 19


SYMBOL TABLE
  LABEL                             VALUE 

_BOREN_OFF                        00003CFF
_BOREN_ON                         00003FFF
_BOREN_SBODEN                     00003DFF
_BOR_NSLEEP                       00003EFF
_BOR_OFF                          00003CFF
_BOR_ON                           00003FFF
_BOR_SBODEN                       00003DFF
_CONFIG                           00002007
_CPD_OFF                          00003FFF
_CPD_ON                           00003F7F
_CP_OFF                           00003FFF
_CP_ON                            00003FBF
_DEVID1                           00002006
_EC_OSC                           00003FFB
_EXTRC                            00003FFF
_EXTRCIO                          00003FFE
_EXTRC_OSC_CLKOUT                 00003FFF
_EXTRC_OSC_NOCLKOUT               00003FFE
_FCMEN_OFF                        000037FF
_FCMEN_ON                         00003FFF
_FOSC_EC                          00003FFB
_FOSC_EXTRCCLK                    00003FFF
_FOSC_EXTRCIO                     00003FFE
_FOSC_HS                          00003FFA
_FOSC_INTRCCLK                    00003FFD
_FOSC_INTRCIO                     00003FFC
_FOSC_LP                          00003FF8
_FOSC_XT                          00003FF9
_HS_OSC                           00003FFA
_IDLOC0                           00002000
_IDLOC1                           00002001
_IDLOC2                           00002002
_IDLOC3                           00002003
_IESO_OFF                         00003BFF
_IESO_ON                          00003FFF
_INTOSC                           00003FFD
_INTOSCIO                         00003FFC
_INTRC_OSC_CLKOUT                 00003FFD
_INTRC_OSC_NOCLKOUT               00003FFC
_LP_OSC                           00003FF8
_MCLRE_OFF                        00003FDF
_MCLRE_ON                         00003FFF
_PWRTE_OFF                        00003FFF
_PWRTE_ON                         00003FEF
_WDTE_OFF                         00003FF7
_WDTE_ON                          00003FFF
_WDT_OFF                          00003FF7
_WDT_ON                           00003FFF
_XT_OSC                           00003FF9
__16F690                          00000001
__DEBUG                           1
MPASM  5.51               MODULECPU_SPITX.ASM   8-13-2019  18:50:30         PAGE 20


MEMORY USAGE MAP ('X' = Used,  '-' = Unused)


0000 : X---XXXXXXXXXXXX XXXXXXXXXXXXXXXX XXXXXXXXXXXXXXXX XXXXXXXXXXXXXXXX
0040 : XXXXXXXXXXXXXXXX XXXXXXXXXXXXXXXX XXXXXXXXXXXXXXXX XXXXXXXXXXXXXXXX
0080 : XXXXXXXXXXXXXXXX XXXXXXXXXXXXXXXX XXXXXXXXXXXXXXXX XXXXXXXXXXXXXXXX
00C0 : XXXXXXXXXXX----- ---------------- ---------------- ----------------
2000 : -------X-------- ---------------- ---------------- ----------------
2100 : XXXX------------ ---------------- ---------------- ----------------

All other memory blocks unused.

Program Memory Words Used:   200
Program Memory Words Free:  3896


Errors   :     0
Warnings :    26 reported,     0 suppressed
Messages :     5 reported,     0 suppressed

