Warning[205] C:\USERS\GERPE\ONEDRIVE\GER-PER 2016\DOCUMENTS\KENNYNEUTRON\HUB12\20190731_MODULESB_OWNSPI_CPU\MODULECPU_SPITX.ASM 59 : Found directive in column 1. (CBLOCK)
Warning[205] C:\USERS\GERPE\ONEDRIVE\GER-PER 2016\DOCUMENTS\KENNYNEUTRON\HUB12\20190731_MODULESB_OWNSPI_CPU\MODULECPU_SPITX.ASM 64 : Found directive in column 1. (ENDC)
Warning[205] C:\USERS\GERPE\ONEDRIVE\GER-PER 2016\DOCUMENTS\KENNYNEUTRON\HUB12\20190731_MODULESB_OWNSPI_CPU\MODULECPU_SPITX.ASM 69 : Found directive in column 1. (CBLOCK)
Warning[205] C:\USERS\GERPE\ONEDRIVE\GER-PER 2016\DOCUMENTS\KENNYNEUTRON\HUB12\20190731_MODULESB_OWNSPI_CPU\MODULECPU_SPITX.ASM 72 : Found directive in column 1. (ENDC)
Warning[205] C:\USERS\GERPE\ONEDRIVE\GER-PER 2016\DOCUMENTS\KENNYNEUTRON\HUB12\20190731_MODULESB_OWNSPI_CPU\MODULECPU_SPITX.ASM 78 : Found directive in column 1. (CBLOCK)
Warning[205] C:\USERS\GERPE\ONEDRIVE\GER-PER 2016\DOCUMENTS\KENNYNEUTRON\HUB12\20190731_MODULESB_OWNSPI_CPU\MODULECPU_SPITX.ASM 81 : Found directive in column 1. (ENDC)
Warning[205] C:\USERS\GERPE\ONEDRIVE\GER-PER 2016\DOCUMENTS\KENNYNEUTRON\HUB12\20190731_MODULESB_OWNSPI_CPU\MODULECPU_SPITX.ASM 113 : Found directive in column 1. (BANKSEL)
Warning[203] C:\USERS\GERPE\ONEDRIVE\GER-PER 2016\DOCUMENTS\KENNYNEUTRON\HUB12\20190731_MODULESB_OWNSPI_CPU\MODULECPU_SPITX.ASM 114 : Found opcode in column 1. (CLRW)
Warning[203] C:\USERS\GERPE\ONEDRIVE\GER-PER 2016\DOCUMENTS\KENNYNEUTRON\HUB12\20190731_MODULESB_OWNSPI_CPU\MODULECPU_SPITX.ASM 115 : Found opcode in column 1. (MOVWF)
Message[302] C:\USERS\GERPE\ONEDRIVE\GER-PER 2016\DOCUMENTS\KENNYNEUTRON\HUB12\20190731_MODULESB_OWNSPI_CPU\MODULECPU_SPITX.ASM 115 : Register in operand not in bank 0.  Ensure that bank bits are correct.
Warning[203] C:\USERS\GERPE\ONEDRIVE\GER-PER 2016\DOCUMENTS\KENNYNEUTRON\HUB12\20190731_MODULESB_OWNSPI_CPU\MODULECPU_SPITX.ASM 116 : Found opcode in column 1. (MOVWF)
Message[302] C:\USERS\GERPE\ONEDRIVE\GER-PER 2016\DOCUMENTS\KENNYNEUTRON\HUB12\20190731_MODULESB_OWNSPI_CPU\MODULECPU_SPITX.ASM 116 : Register in operand not in bank 0.  Ensure that bank bits are correct.
Warning[205] C:\USERS\GERPE\ONEDRIVE\GER-PER 2016\DOCUMENTS\KENNYNEUTRON\HUB12\20190731_MODULESB_OWNSPI_CPU\MODULECPU_SPITX.ASM 118 : Found directive in column 1. (BANKSEL)
Warning[203] C:\USERS\GERPE\ONEDRIVE\GER-PER 2016\DOCUMENTS\KENNYNEUTRON\HUB12\20190731_MODULESB_OWNSPI_CPU\MODULECPU_SPITX.ASM 120 : Found opcode in column 1. (MOVLW)
Warning[203] C:\USERS\GERPE\ONEDRIVE\GER-PER 2016\DOCUMENTS\KENNYNEUTRON\HUB12\20190731_MODULESB_OWNSPI_CPU\MODULECPU_SPITX.ASM 121 : Found opcode in column 1. (MOVWF)
Message[302] C:\USERS\GERPE\ONEDRIVE\GER-PER 2016\DOCUMENTS\KENNYNEUTRON\HUB12\20190731_MODULESB_OWNSPI_CPU\MODULECPU_SPITX.ASM 121 : Register in operand not in bank 0.  Ensure that bank bits are correct.
Warning[205] C:\USERS\GERPE\ONEDRIVE\GER-PER 2016\DOCUMENTS\KENNYNEUTRON\HUB12\20190731_MODULESB_OWNSPI_CPU\MODULECPU_SPITX.ASM 123 : Found directive in column 1. (BANKSEL)
Warning[203] C:\USERS\GERPE\ONEDRIVE\GER-PER 2016\DOCUMENTS\KENNYNEUTRON\HUB12\20190731_MODULESB_OWNSPI_CPU\MODULECPU_SPITX.ASM 124 : Found opcode in column 1. (MOVLW)
Warning[203] C:\USERS\GERPE\ONEDRIVE\GER-PER 2016\DOCUMENTS\KENNYNEUTRON\HUB12\20190731_MODULESB_OWNSPI_CPU\MODULECPU_SPITX.ASM 125 : Found opcode in column 1. (MOVWF)
Message[302] C:\USERS\GERPE\ONEDRIVE\GER-PER 2016\DOCUMENTS\KENNYNEUTRON\HUB12\20190731_MODULESB_OWNSPI_CPU\MODULECPU_SPITX.ASM 125 : Register in operand not in bank 0.  Ensure that bank bits are correct.
Warning[205] C:\USERS\GERPE\ONEDRIVE\GER-PER 2016\DOCUMENTS\KENNYNEUTRON\HUB12\20190731_MODULESB_OWNSPI_CPU\MODULECPU_SPITX.ASM 129 : Found directive in column 1. (BANKSEL)
Warning[203] C:\USERS\GERPE\ONEDRIVE\GER-PER 2016\DOCUMENTS\KENNYNEUTRON\HUB12\20190731_MODULESB_OWNSPI_CPU\MODULECPU_SPITX.ASM 130 : Found opcode in column 1. (CLRW)
Warning[203] C:\USERS\GERPE\ONEDRIVE\GER-PER 2016\DOCUMENTS\KENNYNEUTRON\HUB12\20190731_MODULESB_OWNSPI_CPU\MODULECPU_SPITX.ASM 132 : Found opcode in column 1. (BSF)
Warning[203] C:\USERS\GERPE\ONEDRIVE\GER-PER 2016\DOCUMENTS\KENNYNEUTRON\HUB12\20190731_MODULESB_OWNSPI_CPU\MODULECPU_SPITX.ASM 133 : Found opcode in column 1. (BSF)
Warning[203] C:\USERS\GERPE\ONEDRIVE\GER-PER 2016\DOCUMENTS\KENNYNEUTRON\HUB12\20190731_MODULESB_OWNSPI_CPU\MODULECPU_SPITX.ASM 134 : Found opcode in column 1. (BCF)
Warning[203] C:\USERS\GERPE\ONEDRIVE\GER-PER 2016\DOCUMENTS\KENNYNEUTRON\HUB12\20190731_MODULESB_OWNSPI_CPU\MODULECPU_SPITX.ASM 139 : Found opcode in column 1. (GOTO)
Warning[203] C:\USERS\GERPE\ONEDRIVE\GER-PER 2016\DOCUMENTS\KENNYNEUTRON\HUB12\20190731_MODULESB_OWNSPI_CPU\MODULECPU_SPITX.ASM 378 : Found opcode in column 1. (GOTO)
Warning[203] C:\USERS\GERPE\ONEDRIVE\GER-PER 2016\DOCUMENTS\KENNYNEUTRON\HUB12\20190731_MODULESB_OWNSPI_CPU\MODULECPU_SPITX.ASM 388 : Found opcode in column 1. (RETURN)
Message[305] C:\USERS\GERPE\ONEDRIVE\GER-PER 2016\DOCUMENTS\KENNYNEUTRON\HUB12\20190731_MODULESB_OWNSPI_CPU\MODULECPU_SPITX.ASM 401 : Using default destination of 1 (file).
Warning[203] C:\USERS\GERPE\ONEDRIVE\GER-PER 2016\DOCUMENTS\KENNYNEUTRON\HUB12\20190731_MODULESB_OWNSPI_CPU\MODULECPU_SPITX.ASM 426 : Found opcode in column 1. (RETURN)
Warning[203] C:\USERS\GERPE\ONEDRIVE\GER-PER 2016\DOCUMENTS\KENNYNEUTRON\HUB12\20190731_MODULESB_OWNSPI_CPU\MODULECPU_SPITX.ASM 463 : Found opcode in column 1. (RETURN)
