Warning[205] C:\USERS\GERPE\ONEDRIVE\GER-PER 2016\DOCUMENTS\KENNYNEUTRON\HUB6\20191007_HUB6ROMTODISPLAY\HUB6TODISPLAY.ASM 92 : Found directive in column 1. (CBLOCK)
Warning[210] C:\USERS\GERPE\ONEDRIVE\GER-PER 2016\DOCUMENTS\KENNYNEUTRON\HUB6\20191007_HUB6ROMTODISPLAY\HUB6TODISPLAY.ASM 94 : Extra ","
Warning[205] C:\USERS\GERPE\ONEDRIVE\GER-PER 2016\DOCUMENTS\KENNYNEUTRON\HUB6\20191007_HUB6ROMTODISPLAY\HUB6TODISPLAY.ASM 107 : Found directive in column 1. (ENDC)
Warning[205] C:\USERS\GERPE\ONEDRIVE\GER-PER 2016\DOCUMENTS\KENNYNEUTRON\HUB6\20191007_HUB6ROMTODISPLAY\HUB6TODISPLAY.ASM 112 : Found directive in column 1. (CBLOCK)
Warning[205] C:\USERS\GERPE\ONEDRIVE\GER-PER 2016\DOCUMENTS\KENNYNEUTRON\HUB6\20191007_HUB6ROMTODISPLAY\HUB6TODISPLAY.ASM 114 : Found directive in column 1. (ENDC)
Warning[205] C:\USERS\GERPE\ONEDRIVE\GER-PER 2016\DOCUMENTS\KENNYNEUTRON\HUB6\20191007_HUB6ROMTODISPLAY\HUB6TODISPLAY.ASM 120 : Found directive in column 1. (CBLOCK)
Warning[205] C:\USERS\GERPE\ONEDRIVE\GER-PER 2016\DOCUMENTS\KENNYNEUTRON\HUB6\20191007_HUB6ROMTODISPLAY\HUB6TODISPLAY.ASM 123 : Found directive in column 1. (ENDC)
Warning[205] C:\USERS\GERPE\ONEDRIVE\GER-PER 2016\DOCUMENTS\KENNYNEUTRON\HUB6\20191007_HUB6ROMTODISPLAY\HUB6TODISPLAY.ASM 151 : Found directive in column 1. (BANKSEL)
Warning[203] C:\USERS\GERPE\ONEDRIVE\GER-PER 2016\DOCUMENTS\KENNYNEUTRON\HUB6\20191007_HUB6ROMTODISPLAY\HUB6TODISPLAY.ASM 152 : Found opcode in column 1. (CLRW)
Warning[203] C:\USERS\GERPE\ONEDRIVE\GER-PER 2016\DOCUMENTS\KENNYNEUTRON\HUB6\20191007_HUB6ROMTODISPLAY\HUB6TODISPLAY.ASM 153 : Found opcode in column 1. (MOVWF)
Message[302] C:\USERS\GERPE\ONEDRIVE\GER-PER 2016\DOCUMENTS\KENNYNEUTRON\HUB6\20191007_HUB6ROMTODISPLAY\HUB6TODISPLAY.ASM 153 : Register in operand not in bank 0.  Ensure that bank bits are correct.
Warning[203] C:\USERS\GERPE\ONEDRIVE\GER-PER 2016\DOCUMENTS\KENNYNEUTRON\HUB6\20191007_HUB6ROMTODISPLAY\HUB6TODISPLAY.ASM 154 : Found opcode in column 1. (MOVWF)
Message[302] C:\USERS\GERPE\ONEDRIVE\GER-PER 2016\DOCUMENTS\KENNYNEUTRON\HUB6\20191007_HUB6ROMTODISPLAY\HUB6TODISPLAY.ASM 154 : Register in operand not in bank 0.  Ensure that bank bits are correct.
Warning[205] C:\USERS\GERPE\ONEDRIVE\GER-PER 2016\DOCUMENTS\KENNYNEUTRON\HUB6\20191007_HUB6ROMTODISPLAY\HUB6TODISPLAY.ASM 156 : Found directive in column 1. (BANKSEL)
Warning[203] C:\USERS\GERPE\ONEDRIVE\GER-PER 2016\DOCUMENTS\KENNYNEUTRON\HUB6\20191007_HUB6ROMTODISPLAY\HUB6TODISPLAY.ASM 158 : Found opcode in column 1. (MOVLW)
Warning[203] C:\USERS\GERPE\ONEDRIVE\GER-PER 2016\DOCUMENTS\KENNYNEUTRON\HUB6\20191007_HUB6ROMTODISPLAY\HUB6TODISPLAY.ASM 159 : Found opcode in column 1. (MOVWF)
Message[302] C:\USERS\GERPE\ONEDRIVE\GER-PER 2016\DOCUMENTS\KENNYNEUTRON\HUB6\20191007_HUB6ROMTODISPLAY\HUB6TODISPLAY.ASM 159 : Register in operand not in bank 0.  Ensure that bank bits are correct.
Warning[203] C:\USERS\GERPE\ONEDRIVE\GER-PER 2016\DOCUMENTS\KENNYNEUTRON\HUB6\20191007_HUB6ROMTODISPLAY\HUB6TODISPLAY.ASM 161 : Found opcode in column 1. (MOVLW)
Warning[203] C:\USERS\GERPE\ONEDRIVE\GER-PER 2016\DOCUMENTS\KENNYNEUTRON\HUB6\20191007_HUB6ROMTODISPLAY\HUB6TODISPLAY.ASM 162 : Found opcode in column 1. (MOVWF)
Message[302] C:\USERS\GERPE\ONEDRIVE\GER-PER 2016\DOCUMENTS\KENNYNEUTRON\HUB6\20191007_HUB6ROMTODISPLAY\HUB6TODISPLAY.ASM 162 : Register in operand not in bank 0.  Ensure that bank bits are correct.
Warning[203] C:\USERS\GERPE\ONEDRIVE\GER-PER 2016\DOCUMENTS\KENNYNEUTRON\HUB6\20191007_HUB6ROMTODISPLAY\HUB6TODISPLAY.ASM 164 : Found opcode in column 1. (MOVLW)
Warning[203] C:\USERS\GERPE\ONEDRIVE\GER-PER 2016\DOCUMENTS\KENNYNEUTRON\HUB6\20191007_HUB6ROMTODISPLAY\HUB6TODISPLAY.ASM 165 : Found opcode in column 1. (MOVWF)
Message[302] C:\USERS\GERPE\ONEDRIVE\GER-PER 2016\DOCUMENTS\KENNYNEUTRON\HUB6\20191007_HUB6ROMTODISPLAY\HUB6TODISPLAY.ASM 165 : Register in operand not in bank 0.  Ensure that bank bits are correct.
Warning[203] C:\USERS\GERPE\ONEDRIVE\GER-PER 2016\DOCUMENTS\KENNYNEUTRON\HUB6\20191007_HUB6ROMTODISPLAY\HUB6TODISPLAY.ASM 167 : Found opcode in column 1. (BCF)
Message[302] C:\USERS\GERPE\ONEDRIVE\GER-PER 2016\DOCUMENTS\KENNYNEUTRON\HUB6\20191007_HUB6ROMTODISPLAY\HUB6TODISPLAY.ASM 167 : Register in operand not in bank 0.  Ensure that bank bits are correct.
Warning[205] C:\USERS\GERPE\ONEDRIVE\GER-PER 2016\DOCUMENTS\KENNYNEUTRON\HUB6\20191007_HUB6ROMTODISPLAY\HUB6TODISPLAY.ASM 169 : Found directive in column 1. (BANKSEL)
Warning[203] C:\USERS\GERPE\ONEDRIVE\GER-PER 2016\DOCUMENTS\KENNYNEUTRON\HUB6\20191007_HUB6ROMTODISPLAY\HUB6TODISPLAY.ASM 170 : Found opcode in column 1. (BCF)
Warning[203] C:\USERS\GERPE\ONEDRIVE\GER-PER 2016\DOCUMENTS\KENNYNEUTRON\HUB6\20191007_HUB6ROMTODISPLAY\HUB6TODISPLAY.ASM 171 : Found opcode in column 1. (BCF)
Warning[203] C:\USERS\GERPE\ONEDRIVE\GER-PER 2016\DOCUMENTS\KENNYNEUTRON\HUB6\20191007_HUB6ROMTODISPLAY\HUB6TODISPLAY.ASM 172 : Found opcode in column 1. (BCF)
Warning[203] C:\USERS\GERPE\ONEDRIVE\GER-PER 2016\DOCUMENTS\KENNYNEUTRON\HUB6\20191007_HUB6ROMTODISPLAY\HUB6TODISPLAY.ASM 173 : Found opcode in column 1. (BCF)
Warning[203] C:\USERS\GERPE\ONEDRIVE\GER-PER 2016\DOCUMENTS\KENNYNEUTRON\HUB6\20191007_HUB6ROMTODISPLAY\HUB6TODISPLAY.ASM 174 : Found opcode in column 1. (BCF)
Warning[203] C:\USERS\GERPE\ONEDRIVE\GER-PER 2016\DOCUMENTS\KENNYNEUTRON\HUB6\20191007_HUB6ROMTODISPLAY\HUB6TODISPLAY.ASM 175 : Found opcode in column 1. (BCF)
Warning[203] C:\USERS\GERPE\ONEDRIVE\GER-PER 2016\DOCUMENTS\KENNYNEUTRON\HUB6\20191007_HUB6ROMTODISPLAY\HUB6TODISPLAY.ASM 176 : Found opcode in column 1. (BCF)
Warning[203] C:\USERS\GERPE\ONEDRIVE\GER-PER 2016\DOCUMENTS\KENNYNEUTRON\HUB6\20191007_HUB6ROMTODISPLAY\HUB6TODISPLAY.ASM 177 : Found opcode in column 1. (BCF)
Warning[203] C:\USERS\GERPE\ONEDRIVE\GER-PER 2016\DOCUMENTS\KENNYNEUTRON\HUB6\20191007_HUB6ROMTODISPLAY\HUB6TODISPLAY.ASM 178 : Found opcode in column 1. (BCF)
Warning[203] C:\USERS\GERPE\ONEDRIVE\GER-PER 2016\DOCUMENTS\KENNYNEUTRON\HUB6\20191007_HUB6ROMTODISPLAY\HUB6TODISPLAY.ASM 179 : Found opcode in column 1. (BCF)
Warning[203] C:\USERS\GERPE\ONEDRIVE\GER-PER 2016\DOCUMENTS\KENNYNEUTRON\HUB6\20191007_HUB6ROMTODISPLAY\HUB6TODISPLAY.ASM 180 : Found opcode in column 1. (BCF)
Warning[203] C:\USERS\GERPE\ONEDRIVE\GER-PER 2016\DOCUMENTS\KENNYNEUTRON\HUB6\20191007_HUB6ROMTODISPLAY\HUB6TODISPLAY.ASM 182 : Found opcode in column 1. (MOVLW)
Warning[203] C:\USERS\GERPE\ONEDRIVE\GER-PER 2016\DOCUMENTS\KENNYNEUTRON\HUB6\20191007_HUB6ROMTODISPLAY\HUB6TODISPLAY.ASM 183 : Found opcode in column 1. (MOVWF)
Warning[203] C:\USERS\GERPE\ONEDRIVE\GER-PER 2016\DOCUMENTS\KENNYNEUTRON\HUB6\20191007_HUB6ROMTODISPLAY\HUB6TODISPLAY.ASM 186 : Found opcode in column 1. (MOVLW)
Warning[203] C:\USERS\GERPE\ONEDRIVE\GER-PER 2016\DOCUMENTS\KENNYNEUTRON\HUB6\20191007_HUB6ROMTODISPLAY\HUB6TODISPLAY.ASM 187 : Found opcode in column 1. (MOVWF)
Warning[203] C:\USERS\GERPE\ONEDRIVE\GER-PER 2016\DOCUMENTS\KENNYNEUTRON\HUB6\20191007_HUB6ROMTODISPLAY\HUB6TODISPLAY.ASM 188 : Found opcode in column 1. (MOVLW)
Warning[203] C:\USERS\GERPE\ONEDRIVE\GER-PER 2016\DOCUMENTS\KENNYNEUTRON\HUB6\20191007_HUB6ROMTODISPLAY\HUB6TODISPLAY.ASM 189 : Found opcode in column 1. (MOVWF)
Warning[203] C:\USERS\GERPE\ONEDRIVE\GER-PER 2016\DOCUMENTS\KENNYNEUTRON\HUB6\20191007_HUB6ROMTODISPLAY\HUB6TODISPLAY.ASM 190 : Found opcode in column 1. (MOVLW)
Warning[203] C:\USERS\GERPE\ONEDRIVE\GER-PER 2016\DOCUMENTS\KENNYNEUTRON\HUB6\20191007_HUB6ROMTODISPLAY\HUB6TODISPLAY.ASM 191 : Found opcode in column 1. (MOVWF)
Warning[203] C:\USERS\GERPE\ONEDRIVE\GER-PER 2016\DOCUMENTS\KENNYNEUTRON\HUB6\20191007_HUB6ROMTODISPLAY\HUB6TODISPLAY.ASM 197 : Found opcode in column 1. (BCF)
Warning[203] C:\USERS\GERPE\ONEDRIVE\GER-PER 2016\DOCUMENTS\KENNYNEUTRON\HUB6\20191007_HUB6ROMTODISPLAY\HUB6TODISPLAY.ASM 202 : Found opcode in column 1. (CALL)
Warning[203] C:\USERS\GERPE\ONEDRIVE\GER-PER 2016\DOCUMENTS\KENNYNEUTRON\HUB6\20191007_HUB6ROMTODISPLAY\HUB6TODISPLAY.ASM 206 : Found opcode in column 1. (CALL)
Warning[203] C:\USERS\GERPE\ONEDRIVE\GER-PER 2016\DOCUMENTS\KENNYNEUTRON\HUB6\20191007_HUB6ROMTODISPLAY\HUB6TODISPLAY.ASM 212 : Found opcode in column 1. (GOTO)
Message[302] C:\USERS\GERPE\ONEDRIVE\GER-PER 2016\DOCUMENTS\KENNYNEUTRON\HUB6\20191007_HUB6ROMTODISPLAY\HUB6TODISPLAY.ASM 231 : Register in operand not in bank 0.  Ensure that bank bits are correct.
Message[302] C:\USERS\GERPE\ONEDRIVE\GER-PER 2016\DOCUMENTS\KENNYNEUTRON\HUB6\20191007_HUB6ROMTODISPLAY\HUB6TODISPLAY.ASM 245 : Register in operand not in bank 0.  Ensure that bank bits are correct.
Message[302] C:\USERS\GERPE\ONEDRIVE\GER-PER 2016\DOCUMENTS\KENNYNEUTRON\HUB6\20191007_HUB6ROMTODISPLAY\HUB6TODISPLAY.ASM 267 : Register in operand not in bank 0.  Ensure that bank bits are correct.
Warning[203] C:\USERS\GERPE\ONEDRIVE\GER-PER 2016\DOCUMENTS\KENNYNEUTRON\HUB6\20191007_HUB6ROMTODISPLAY\HUB6TODISPLAY.ASM 331 : Found opcode in column 1. (RETURN)
Message[302] C:\USERS\GERPE\ONEDRIVE\GER-PER 2016\DOCUMENTS\KENNYNEUTRON\HUB6\20191007_HUB6ROMTODISPLAY\HUB6TODISPLAY.ASM 343 : Register in operand not in bank 0.  Ensure that bank bits are correct.
Message[302] C:\USERS\GERPE\ONEDRIVE\GER-PER 2016\DOCUMENTS\KENNYNEUTRON\HUB6\20191007_HUB6ROMTODISPLAY\HUB6TODISPLAY.ASM 360 : Register in operand not in bank 0.  Ensure that bank bits are correct.
Warning[203] C:\USERS\GERPE\ONEDRIVE\GER-PER 2016\DOCUMENTS\KENNYNEUTRON\HUB6\20191007_HUB6ROMTODISPLAY\HUB6TODISPLAY.ASM 364 : Found opcode in column 1. (RETURN)
Message[302] C:\USERS\GERPE\ONEDRIVE\GER-PER 2016\DOCUMENTS\KENNYNEUTRON\HUB6\20191007_HUB6ROMTODISPLAY\HUB6TODISPLAY.ASM 378 : Register in operand not in bank 0.  Ensure that bank bits are correct.
Message[302] C:\USERS\GERPE\ONEDRIVE\GER-PER 2016\DOCUMENTS\KENNYNEUTRON\HUB6\20191007_HUB6ROMTODISPLAY\HUB6TODISPLAY.ASM 395 : Register in operand not in bank 0.  Ensure that bank bits are correct.
Warning[203] C:\USERS\GERPE\ONEDRIVE\GER-PER 2016\DOCUMENTS\KENNYNEUTRON\HUB6\20191007_HUB6ROMTODISPLAY\HUB6TODISPLAY.ASM 399 : Found opcode in column 1. (RETURN)
Message[305] C:\USERS\GERPE\ONEDRIVE\GER-PER 2016\DOCUMENTS\KENNYNEUTRON\HUB6\20191007_HUB6ROMTODISPLAY\HUB6TODISPLAY.ASM 415 : Using default destination of 1 (file).
Warning[203] C:\USERS\GERPE\ONEDRIVE\GER-PER 2016\DOCUMENTS\KENNYNEUTRON\HUB6\20191007_HUB6ROMTODISPLAY\HUB6TODISPLAY.ASM 435 : Found opcode in column 1. (RETURN)
Message[302] C:\USERS\GERPE\ONEDRIVE\GER-PER 2016\DOCUMENTS\KENNYNEUTRON\HUB6\20191007_HUB6ROMTODISPLAY\HUB6TODISPLAY.ASM 444 : Register in operand not in bank 0.  Ensure that bank bits are correct.
Warning[203] C:\USERS\GERPE\ONEDRIVE\GER-PER 2016\DOCUMENTS\KENNYNEUTRON\HUB6\20191007_HUB6ROMTODISPLAY\HUB6TODISPLAY.ASM 462 : Found opcode in column 1. (RETURN)
Message[302] C:\USERS\GERPE\ONEDRIVE\GER-PER 2016\DOCUMENTS\KENNYNEUTRON\HUB6\20191007_HUB6ROMTODISPLAY\HUB6TODISPLAY.ASM 473 : Register in operand not in bank 0.  Ensure that bank bits are correct.
Message[302] C:\USERS\GERPE\ONEDRIVE\GER-PER 2016\DOCUMENTS\KENNYNEUTRON\HUB6\20191007_HUB6ROMTODISPLAY\HUB6TODISPLAY.ASM 474 : Register in operand not in bank 0.  Ensure that bank bits are correct.
Warning[203] C:\USERS\GERPE\ONEDRIVE\GER-PER 2016\DOCUMENTS\KENNYNEUTRON\HUB6\20191007_HUB6ROMTODISPLAY\HUB6TODISPLAY.ASM 490 : Found opcode in column 1. (RETURN)
Warning[203] C:\USERS\GERPE\ONEDRIVE\GER-PER 2016\DOCUMENTS\KENNYNEUTRON\HUB6\20191007_HUB6ROMTODISPLAY\HUB6TODISPLAY.ASM 503 : Found opcode in column 1. (RETURN)
Warning[203] C:\USERS\GERPE\ONEDRIVE\GER-PER 2016\DOCUMENTS\KENNYNEUTRON\HUB6\20191007_HUB6ROMTODISPLAY\HUB6TODISPLAY.ASM 516 : Found opcode in column 1. (RETURN)
Message[302] C:\USERS\GERPE\ONEDRIVE\GER-PER 2016\DOCUMENTS\KENNYNEUTRON\HUB6\20191007_HUB6ROMTODISPLAY\HUB6TODISPLAY.ASM 524 : Register in operand not in bank 0.  Ensure that bank bits are correct.
Message[302] C:\USERS\GERPE\ONEDRIVE\GER-PER 2016\DOCUMENTS\KENNYNEUTRON\HUB6\20191007_HUB6ROMTODISPLAY\HUB6TODISPLAY.ASM 525 : Register in operand not in bank 0.  Ensure that bank bits are correct.
Warning[203] C:\USERS\GERPE\ONEDRIVE\GER-PER 2016\DOCUMENTS\KENNYNEUTRON\HUB6\20191007_HUB6ROMTODISPLAY\HUB6TODISPLAY.ASM 540 : Found opcode in column 1. (RETURN)
Warning[203] C:\USERS\GERPE\ONEDRIVE\GER-PER 2016\DOCUMENTS\KENNYNEUTRON\HUB6\20191007_HUB6ROMTODISPLAY\HUB6TODISPLAY.ASM 571 : Found opcode in column 1. (DECFSZ)
Warning[203] C:\USERS\GERPE\ONEDRIVE\GER-PER 2016\DOCUMENTS\KENNYNEUTRON\HUB6\20191007_HUB6ROMTODISPLAY\HUB6TODISPLAY.ASM 573 : Found opcode in column 1. (GOTO)
Warning[203] C:\USERS\GERPE\ONEDRIVE\GER-PER 2016\DOCUMENTS\KENNYNEUTRON\HUB6\20191007_HUB6ROMTODISPLAY\HUB6TODISPLAY.ASM 575 : Found opcode in column 1. (RETURN)
Warning[203] C:\USERS\GERPE\ONEDRIVE\GER-PER 2016\DOCUMENTS\KENNYNEUTRON\HUB6\20191007_HUB6ROMTODISPLAY\HUB6TODISPLAY.ASM 592 : Found opcode in column 1. (RETURN)
Warning[203] C:\USERS\GERPE\ONEDRIVE\GER-PER 2016\DOCUMENTS\KENNYNEUTRON\HUB6\20191007_HUB6ROMTODISPLAY\HUB6TODISPLAY.ASM 604 : Found opcode in column 1. (RETURN)
