MPASM  5.51                 HUB6TODISPLAY.ASM   10-7-2019  17:31:22         PAGE  1


LOC  OBJECT CODE     LINE SOURCE TEXT
  VALUE

                      00001 ;**********************************************************************
                      00002 ;                                                                     *
                      00003 ;    FILENAME:      XXX.ASM                                           *
                      00004 ;    DATE:          20191007                                          *
                      00005 ;    FILE VERSION:                                                    *
                      00006 ;                                                                     *
                      00007 ;    AUTHOR:       KENNY NEUTRON                                      *
                      00008 ;    COMPANY:      GER-PER ENGINEERING                                *
                      00009 ;                                                                     * 
                      00010 ;                                                                     *
                      00011 ;**********************************************************************
                      00012 ;                                                                     *
                      00013 ;    FILES REQUIRED: P16F690.INC                                      *
                      00014 ;                                                                     *
                      00015 ;**********************************************************************
                      00016 
                      00017 
                      00018         LIST            P=16F690                ; LIST DIRECTIVE TO DEFINE PROCESSOR
                      00019         #INCLUDE        <P16F690.INC>           ; PROCESSOR SPECIFIC VARIABLE DEFINITIONS
                      00001         LIST
                      00002 
                      00003 ;==========================================================================
                      00004 ;  MPASM PIC16F690 processor include
                      00005 ; 
                      00006 ;  (c) Copyright 1999-2013 Microchip Technology, All rights reserved
                      00007 ;==========================================================================
                      00008 
                      00756         LIST
                      00020         
2007   30C2           00021         __CONFIG    _CP_OFF & _CPD_OFF & _BOR_OFF & _PWRTE_ON & _WDT_OFF & _HS_OSC & _MCLRE_OFF & _FCMEN
                            _OFF & _IESO_OFF
                      00022 
                      00023 ; '__CONFIG' DIRECTIVE IS USED TO EMBED CONFIGURATION DATA WITHIN .ASM FILE.
                      00024 ; THE LABELS FOLLOWING THE DIRECTIVE ARE LOCATED IN THE RESPECTIVE .INC FILE.
                      00025 ; SEE RESPECTIVE DATA SHEET FOR ADDITIONAL INFORMATION ON CONFIGURATION WORD.
                      00026 
                      00027 
                      00028 
                      00029 
                      00030 
                      00031 
                      00032 ;***** VARIABLE DEFINITIONS
  0000007D            00033 W_TEMP          EQU     0X7D                    ; VARIABLE USED FOR CONTEXT SAVING
  0000007E            00034 STATUS_TEMP     EQU     0X7E                    ; VARIABLE USED FOR CONTEXT SAVING
  0000007F            00035 PCLATH_TEMP     EQU     0X7F                    ; VARIABLE USED FOR CONTEXT SAVING
                      00036 
                      00037 
                      00038         ;#DEFINE C0_ON          BSF PORTC,      0       PORTC0=====>HI
                      00039         ;#DEFINE C0_OFF         BCF PORTC,      0       PORTC0=====>LO
                      00040 
                      00041         #DEFINE OE_ON           BCF     PORTA, 2
                      00042         #DEFINE OE_OFF          BSF     PORTA, 2
                      00043 
MPASM  5.51                 HUB6TODISPLAY.ASM   10-7-2019  17:31:22         PAGE  2


LOC  OBJECT CODE     LINE SOURCE TEXT
  VALUE

                      00044         #DEFINE A_ON            BSF     PORTC, 0
                      00045         #DEFINE A_OFF           BCF     PORTC, 0
                      00046         
                      00047         #DEFINE B_ON            BSF     PORTC, 1
                      00048         #DEFINE B_OFF           BCF PORTC, 1
                      00049 
                      00050         #DEFINE C_ON            BSF     PORTC, 2
                      00051         #DEFINE C_OFF           BCF     PORTC, 2
                      00052         
                      00053         #DEFINE D_ON            BSF     PORTC, 3
                      00054         #DEFINE D_OFF           BCF     PORTC, 3
                      00055 
                      00056         #DEFINE LAT_ON          BSF     PORTB, 4
                      00057         #DEFINE LAT_OFF         BCF     PORTB, 4
                      00058 
                      00059         #DEFINE CLK_ON      BSF PORTB, 6
                      00060         #DEFINE CLK_OFF         BCF     PORTB, 6
                      00061 
                      00062 ;       #DEFINE CYC_ON          BSF     PORTB,7
                      00063 ;       #DEFINE CYC_OFF         BCF     PORTB,7
                      00064 
                      00065 
                      00066         #DEFINE R1_1            BSF     PORTC, 4
                      00067         #DEFINE R1_0            BCF     PORTC, 4
                      00068         
                      00069         #DEFINE R2_1            BSF     PORTC, 5
                      00070         #DEFINE R2_0            BCF     PORTC, 5
                      00071 
                      00072         #DEFINE G1_1            BSF     PORTC, 6
                      00073         #DEFINE G1_0            BCF     PORTC, 6
                      00074         
                      00075         #DEFINE G2_1            BSF     PORTC, 7
                      00076         #DEFINE G2_0            BCF     PORTC, 7
                      00077 
                      00078         #DEFINE WP_ON           BSF     PORTA,1
                      00079         #DEFINE WP_OFF          BCF     PORTA,1
                      00080 
                      00081         #DEFINE SDA_1           BSF     PORTB,7
                      00082         #DEFINE SDA_0           BCF     PORTB,7
                      00083 
                      00084         #DEFINE SCL_1           BSF     PORTB,5
                      00085         #DEFINE SCL_0           BCF     PORTB,5
                      00086 
                      00087         #DEFINE BANK0           BANKSEL PORTA
                      00088         #DEFINE BANK1           BANKSEL ADRESL
                      00089         #DEFINE BANK2           BANKSEL ANSELH
                      00090 
                      00091 ;============================   BANK    0       ===========================
Warning[205]: Found directive in column 1. (CBLOCK)
                      00092 CBLOCK 0X20
  00000020            00093                         DRAM: .32
Warning[210]: Extra ","
  00000040            00094                         DELAYUS, DELAYMS,  MILSEC, ;SEC,DELAYS, ;DELAY VARIABLES
MPASM  5.51                 HUB6TODISPLAY.ASM   10-7-2019  17:31:22         PAGE  3


LOC  OBJECT CODE     LINE SOURCE TEXT
  VALUE

                      00095                         ;=======================================================
  00000043            00096                         LOOP,COUNT0,COUNT1,COUNT2
  00000047            00097                         POINTER,BTCOUNT
  00000049            00098                         COLOR,NUMBER,ROW,FONT,STPT
  0000004E            00099                         CURSORX,CURSORY,CURSORY_TEMP
  00000051            00100                         HALF0,HALF1                     ;UPPER HALF : LOWER HALF RAMS
  00000053            00101                         TEMPRAM:.8
                      00102 
  0000005B            00103                         TESTNUM
  0000005C            00104                         TESTLOOP
  0000005D            00105                         PERIOD
  0000005E            00106                         I2CREG,I2CLOOP
Warning[205]: Found directive in column 1. (ENDC)
                      00107 ENDC
                      00108 ;======================================================================
                      00109 
                      00110 
                      00111 ;============================   BANK    1       ===========================
Warning[205]: Found directive in column 1. (CBLOCK)
                      00112 CBLOCK 0XA0
                      00113 
Warning[205]: Found directive in column 1. (ENDC)
                      00114 ENDC
                      00115 ;======================================================================
                      00116 
                      00117 
                      00118 
                      00119 ;============================   BANK    2       ===========================
Warning[205]: Found directive in column 1. (CBLOCK)
                      00120 CBLOCK 0X120
                      00121 
                      00122 
Warning[205]: Found directive in column 1. (ENDC)
                      00123 ENDC
                      00124 ;======================================================================
                      00125 
                      00126 ;**************************************************     ********************
0000                  00127         ORG             0X000                           ; PROCESSOR RESET VECTOR
0000   2810           00128         GOTO    INIT                            ; GO TO BEGINNING OF PROGRAM
                      00129 
                      00130 
0004                  00131         ORG             0X004                           ; INTERRUPT VECTOR LOCATION
0004   00FD           00132         MOVWF           W_TEMP                  ; SAVE OFF CURRENT W REGISTER CONTENTS
0005   0803           00133         MOVF            STATUS,W                ; MOVE STATUS REGISTER INTO W REGISTER
0006   00FE           00134         MOVWF           STATUS_TEMP             ; SAVE OFF CONTENTS OF STATUS REGISTER
0007   080A           00135         MOVF            PCLATH,W                ; MOVE PCLATH REGISTER INTO W REGISTER
0008   00FF           00136         MOVWF           PCLATH_TEMP             ; SAVE OFF CONTENTS OF PCLATH REGISTER
                      00137 
                      00138 ; ISR CODE CAN GO HERE OR BE LOCATED AS A CALL SUBROUTINE ELSEWHERE
                      00139 
0009   087F           00140         MOVF            PCLATH_TEMP,W   ; RETRIEVE COPY OF PCLATH REGISTER
000A   008A           00141         MOVWF           PCLATH                  ; RESTORE PRE-ISR PCLATH REGISTER CONTENTS      
000B   087E           00142         MOVF            STATUS_TEMP,W   ; RETRIEVE COPY OF STATUS REGISTER
MPASM  5.51                 HUB6TODISPLAY.ASM   10-7-2019  17:31:22         PAGE  4


LOC  OBJECT CODE     LINE SOURCE TEXT
  VALUE

000C   0083           00143         MOVWF           STATUS                  ; RESTORE PRE-ISR STATUS REGISTER CONTENTS
000D   0EFD           00144         SWAPF           W_TEMP,F
000E   0E7D           00145         SWAPF           W_TEMP,W                ; RESTORE PRE-ISR W REGISTER CONTENTS
000F   0009           00146         RETFIE                                          ; RETURN FROM INTERRUPT
                      00147 
                      00148 
                      00149 ;$$$$$$$$$$$$$$$$$$$$$  INITIALIZE      $$$$$$$$$$$$$$$$$$$$$$$$$$$$$$$$
0010                  00150 INIT
Warning[205]: Found directive in column 1. (BANKSEL)
0010   1283 1703      00151 BANKSEL ANSEL
Warning[203]: Found opcode in column 1. (CLRW)
0012   0103           00152 CLRW
Warning[203]: Found opcode in column 1. (MOVWF)
Message[302]: Register in operand not in bank 0.  Ensure that bank bits are correct.
0013   009E           00153 MOVWF   ANSEL
Warning[203]: Found opcode in column 1. (MOVWF)
Message[302]: Register in operand not in bank 0.  Ensure that bank bits are correct.
0014   009F           00154 MOVWF   ANSELH
                      00155 
Warning[205]: Found directive in column 1. (BANKSEL)
0015   1683 1303      00156 BANKSEL TRISA
                      00157 
Warning[203]: Found opcode in column 1. (MOVLW)
0017   3000           00158 MOVLW   0
Warning[203]: Found opcode in column 1. (MOVWF)
Message[302]: Register in operand not in bank 0.  Ensure that bank bits are correct.
0018   0085           00159 MOVWF   TRISA
                      00160 
Warning[203]: Found opcode in column 1. (MOVLW)
0019   3000           00161 MOVLW   0
Warning[203]: Found opcode in column 1. (MOVWF)
Message[302]: Register in operand not in bank 0.  Ensure that bank bits are correct.
001A   0086           00162 MOVWF   TRISB
                      00163 
Warning[203]: Found opcode in column 1. (MOVLW)
001B   3000           00164 MOVLW   0
Warning[203]: Found opcode in column 1. (MOVWF)
Message[302]: Register in operand not in bank 0.  Ensure that bank bits are correct.
001C   0087           00165 MOVWF   TRISC
                      00166 
Warning[203]: Found opcode in column 1. (BCF)
Message[302]: Register in operand not in bank 0.  Ensure that bank bits are correct.
001D   1105           00167 BCF             TRISA,2
                      00168 
Warning[205]: Found directive in column 1. (BANKSEL)
001E   1283 1303      00169 BANK0
Warning[203]: Found opcode in column 1. (BCF)
0020   1007           00170 A_OFF
Warning[203]: Found opcode in column 1. (BCF)
0021   1087           00171 B_OFF
Warning[203]: Found opcode in column 1. (BCF)
0022   1107           00172 C_OFF
Warning[203]: Found opcode in column 1. (BCF)
MPASM  5.51                 HUB6TODISPLAY.ASM   10-7-2019  17:31:22         PAGE  5


LOC  OBJECT CODE     LINE SOURCE TEXT
  VALUE

0023   1187           00173 D_OFF
Warning[203]: Found opcode in column 1. (BCF)
0024   1306           00174 CLK_OFF
Warning[203]: Found opcode in column 1. (BCF)
0025   1206           00175 LAT_OFF
Warning[203]: Found opcode in column 1. (BCF)
0026   1207           00176 R1_0
Warning[203]: Found opcode in column 1. (BCF)
0027   1287           00177 R2_0
Warning[203]: Found opcode in column 1. (BCF)
0028   1307           00178 G1_0
Warning[203]: Found opcode in column 1. (BCF)
0029   1387           00179 G2_0
Warning[203]: Found opcode in column 1. (BCF)
002A   1105           00180 OE_ON
                      00181 
Warning[203]: Found opcode in column 1. (MOVLW)
002B   3004           00182 MOVLW   4
Warning[203]: Found opcode in column 1. (MOVWF)
002C   00CA           00183 MOVWF   NUMBER
                      00184 ;CALL   CLR_RAM
                      00185 ;CALL   DATAREG
Warning[203]: Found opcode in column 1. (MOVLW)
002D   3005           00186 MOVLW   5
Warning[203]: Found opcode in column 1. (MOVWF)
002E   00CE           00187 MOVWF   CURSORX
Warning[203]: Found opcode in column 1. (MOVLW)
002F   3000           00188 MOVLW   0
Warning[203]: Found opcode in column 1. (MOVWF)
0030   00C9           00189 MOVWF   COLOR
Warning[203]: Found opcode in column 1. (MOVLW)
0031   3000           00190 MOVLW   0
Warning[203]: Found opcode in column 1. (MOVWF)
0032   00DD           00191 MOVWF   PERIOD
                      00192 
                      00193 
                      00194 
                      00195 ;BCF            PORTA,1
                      00196 ;CALL   I2CWRITE
Warning[203]: Found opcode in column 1. (BCF)
0033   1085           00197 BCF             PORTA,1
                      00198 
                      00199 ;#######################        MAIN PROGRAM  ##########################
0034                  00200 MAIN
                      00201 
Warning[203]: Found opcode in column 1. (CALL)
0034   20FB           00202 CALL    DELAY_ONEMS
                      00203 
                      00204 
                      00205 ;BSF            PORTA,0 
Warning[203]: Found opcode in column 1. (CALL)
0035   2037           00206 CALL    I2CREAD
                      00207 ;BCF            PORTA,0
MPASM  5.51                 HUB6TODISPLAY.ASM   10-7-2019  17:31:22         PAGE  6


LOC  OBJECT CODE     LINE SOURCE TEXT
  VALUE

                      00208                 
                      00209 
                      00210 ;CALL   DELAY_ONEMS
                      00211 
Warning[203]: Found opcode in column 1. (GOTO)
0036   2834           00212 GOTO    MAIN
                      00213 ;###################################################################
                      00214 
                      00215 
                      00216 
0037                  00217 I2CREAD
0037   1206           00218         LAT_OFF
0038   1505           00219         OE_OFF
0039   1405           00220         BSF             PORTA,0
003A   20C5           00221         CALL    I2CSTART
                      00222         
003B   30A0           00223         MOVLW   B'10100000'
003C   00DE           00224         MOVWF   I2CREG
                      00225         
003D   20A7           00226         CALL    I2CADD
                      00227 
003E   20B7           00228         CALL    I2C_SLAVEACK
                      00229 
003F   1683 1303      00230         BANKSEL TRISB
Message[302]: Register in operand not in bank 0.  Ensure that bank bits are correct.
0041   1386           00231         BCF             TRISB,7
0042   1283 1303      00232         BANK0
                      00233 
0044   3003           00234         MOVLW   3
0045   20F3           00235         CALL    DELAY_US
                      00236 
0046   3001           00237         MOVLW   0X01            ;HIGH BYTE ADDRESS
0047   00DE           00238         MOVWF   I2CREG
                      00239         
0048   20A7           00240         CALL    I2CADD
                      00241 
0049   20B7           00242         CALL    I2C_SLAVEACK
                      00243 
004A   1683 1303      00244         BANKSEL TRISB
Message[302]: Register in operand not in bank 0.  Ensure that bank bits are correct.
004C   1386           00245         BCF             TRISB,7
004D   1283 1303      00246         BANK0
                      00247 
004F   3003           00248         MOVLW   3
0050   20F3           00249         CALL    DELAY_US
                      00250 
0051   3000           00251         MOVLW   0X00            ;LOW BYTE ADDRESS
0052   00DE           00252         MOVWF   I2CREG
                      00253         
0053   20A7           00254         CALL    I2CADD
                      00255 
0054   20B7           00256         CALL    I2C_SLAVEACK
                      00257 
MPASM  5.51                 HUB6TODISPLAY.ASM   10-7-2019  17:31:22         PAGE  7


LOC  OBJECT CODE     LINE SOURCE TEXT
  VALUE

                      00258 
                      00259 
                      00260 
                      00261 
                      00262 
                      00263 
                      00264 
                      00265 
0055   1683 1303      00266         BANKSEL TRISB
Message[302]: Register in operand not in bank 0.  Ensure that bank bits are correct.
0057   1386           00267         BCF             TRISB,7
0058   1283 1303      00268         BANK0
                      00269 
005A   20E2           00270         CALL    I2CSTOP
                      00271         
005B   300A           00272         MOVLW   .10
005C   20F3           00273         CALL    DELAY_US
                      00274 
                      00275 
005D   20C5           00276         CALL    I2CSTART
                      00277         
005E   30A1           00278         MOVLW   B'10100001'
005F   00DE           00279         MOVWF   I2CREG
                      00280         
0060   20A7           00281         CALL    I2CADD
                      00282 
0061   20B7           00283         CALL    I2C_SLAVEACK
0062   3003           00284         MOVLW   3
0063   20F3           00285         CALL    DELAY_US
                      00286         
0064   3010           00287         MOVLW   .16
0065   00DC           00288         MOVWF   TESTLOOP
                      00289 
0066                  00290 I2CR3
0066   3008           00291         MOVLW   8
0067   00C3           00292         MOVWF   LOOP
                      00293 
0068                  00294 I2CR0
0068   1F86           00295         BTFSS   PORTB,7
0069   286B           00296         GOTO    MISO0
006A   286F           00297         GOTO    MISO1
                      00298 
006B                  00299 MISO0
006B   1003           00300         CLRC
006C   1207           00301         R1_0
006D   1387           00302         G2_0
006E   2873           00303         GOTO    I2CR1
006F                  00304 MISO1
006F   1403           00305         SETC
0070   1607           00306         R1_1
0071   1787           00307         G2_1
0072   2873           00308         GOTO    I2CR1
                      00309 
MPASM  5.51                 HUB6TODISPLAY.ASM   10-7-2019  17:31:22         PAGE  8


LOC  OBJECT CODE     LINE SOURCE TEXT
  VALUE

0073                  00310 I2CR1
0073   20DD           00311         CALL    ALL_SCL_PULSE
0074   0BC3           00312         DECFSZ  LOOP,F
0075   2868           00313         GOTO    I2CR0
                      00314 
                      00315 
0076   207F           00316         CALL    I2C_MASTERACK
                      00317 
                      00318 
0077   0BDC           00319         DECFSZ  TESTLOOP,F
0078   2866           00320         GOTO    I2CR3
                      00321 
                      00322         
                      00323 
0079   20E2           00324         CALL    I2CSTOP
007A   1005           00325         BCF             PORTA,0
                      00326 
007B   1606           00327         LAT_ON
007C   1206           00328         LAT_OFF
007D   1105           00329         OE_ON
                      00330 
Warning[203]: Found opcode in column 1. (RETURN)
007E   0008           00331 RETURN
                      00332 
                      00333 
                      00334 
                      00335 ;============================
007F                  00336 I2C_MASTERACK
                      00337 ;============================
                      00338         
007F   1F86           00339         BTFSS   PORTB,7
0080   287F           00340         GOTO    $-1
                      00341 
0081   1683 1303      00342         BANKSEL TRISB
Message[302]: Register in operand not in bank 0.  Ensure that bank bits are correct.
0083   1386           00343         BCF             TRISB,7
0084   1283 1303      00344         BANK0
                      00345 
                      00346 
0086   1386           00347         SDA_0
0087   3005           00348         MOVLW   5
0088   20F3           00349         CALL    DELAY_US
                      00350 
                      00351 
0089   20D6           00352         CALL    SCL_PULSE
                      00353 
008A   1386           00354         SDA_0
008B   3005           00355         MOVLW   5
008C   20F3           00356         CALL    DELAY_US
                      00357 
                      00358 
008D   1683 1303      00359         BANKSEL TRISB
Message[302]: Register in operand not in bank 0.  Ensure that bank bits are correct.
MPASM  5.51                 HUB6TODISPLAY.ASM   10-7-2019  17:31:22         PAGE  9


LOC  OBJECT CODE     LINE SOURCE TEXT
  VALUE

008F   1786           00360         BSF             TRISB,7
0090   1283 1303      00361         BANK0
                      00362 
                      00363 
Warning[203]: Found opcode in column 1. (RETURN)
0092   0008           00364 RETURN
                      00365 ;----------------------------
                      00366 
                      00367 
                      00368 
                      00369 
                      00370 ;============================
0093                  00371 I2C_MASTERNACK
                      00372 ;============================
                      00373         
0093   1F86           00374         BTFSS   PORTB,7
0094   2893           00375         GOTO    $-1
                      00376 
0095   1683 1303      00377         BANKSEL TRISB
Message[302]: Register in operand not in bank 0.  Ensure that bank bits are correct.
0097   1386           00378         BCF             TRISB,7
0098   1283 1303      00379         BANK0
                      00380 
                      00381 
009A   1786           00382         SDA_1
009B   3005           00383         MOVLW   5
009C   20F3           00384         CALL    DELAY_US
                      00385 
                      00386 
009D   20D6           00387         CALL    SCL_PULSE
                      00388 
009E   1786           00389         SDA_1
009F   3005           00390         MOVLW   5
00A0   20F3           00391         CALL    DELAY_US
                      00392 
                      00393 
00A1   1683 1303      00394         BANKSEL TRISB
Message[302]: Register in operand not in bank 0.  Ensure that bank bits are correct.
00A3   1786           00395         BSF             TRISB,7
00A4   1283 1303      00396         BANK0
                      00397 
                      00398 
Warning[203]: Found opcode in column 1. (RETURN)
00A6   0008           00399 RETURN
                      00400 ;----------------------------
                      00401 
                      00402 
                      00403 
                      00404 
                      00405 ;============================
00A7                  00406 I2CADD
                      00407 ;============================
00A7   085E           00408         MOVFW   I2CREG
MPASM  5.51                 HUB6TODISPLAY.ASM   10-7-2019  17:31:22         PAGE 10


LOC  OBJECT CODE     LINE SOURCE TEXT
  VALUE

00A8   00FD           00409         MOVWF   W_TEMP
                      00410         
00A9   3008           00411         MOVLW   8
00AA   00DF           00412         MOVWF   I2CLOOP
                      00413 
00AB                  00414 I2CADD0
Message[305]: Using default destination of 1 (file).
00AB   0DFD           00415         RLF             W_TEMP
                      00416 
00AC   1C03           00417         BTFSS   STATUS,C
00AD   28AF           00418         GOTO    I2CBIT0
00AE   28B1           00419         GOTO    I2CBIT1
                      00420 
00AF                  00421 I2CBIT0
00AF   1386           00422         SDA_0
00B0   28B3           00423         GOTO    I2CADD1
                      00424 
00B1                  00425 I2CBIT1
00B1   1786           00426         SDA_1
00B2   28B3           00427         GOTO    I2CADD1
                      00428 
00B3                  00429 I2CADD1
00B3   20D6           00430         CALL    SCL_PULSE
                      00431 
00B4   0BDF           00432         DECFSZ  I2CLOOP,F
00B5   28AB           00433         GOTO    I2CADD0
                      00434 
Warning[203]: Found opcode in column 1. (RETURN)
00B6   0008           00435 RETURN
                      00436 ;----------------------------
                      00437 
                      00438 
                      00439 
                      00440 ;============================
00B7                  00441 I2C_SLAVEACK
                      00442 ;============================
00B7   1683 1303      00443         BANKSEL TRISB
Message[302]: Register in operand not in bank 0.  Ensure that bank bits are correct.
00B9   1786           00444         BSF             TRISB,7
00BA   1283 1303      00445         BANK0
00BC   3003           00446         MOVLW   3
00BD   20F3           00447         CALL    DELAY_US
                      00448         
00BE                  00449 ACKTEST0
00BE   0000           00450         NOP
00BF   1B86           00451         BTFSC   PORTB,7
00C0   28BE           00452         GOTO    ACKTEST0
                      00453 
00C1   3003           00454         MOVLW   3
00C2   20F3           00455         CALL    DELAY_US
                      00456 
00C3   20D6           00457         CALL    SCL_PULSE
                      00458 
MPASM  5.51                 HUB6TODISPLAY.ASM   10-7-2019  17:31:22         PAGE 11


LOC  OBJECT CODE     LINE SOURCE TEXT
  VALUE

                      00459 
                      00460 
                      00461 
Warning[203]: Found opcode in column 1. (RETURN)
00C4   0008           00462 RETURN
                      00463 ;----------------------------
                      00464 
                      00465 
                      00466 
                      00467 
                      00468 
                      00469 ;============================
00C5                  00470 I2CSTART
                      00471 ;============================
00C5   1683 1303      00472         BANKSEL TRISB
Message[302]: Register in operand not in bank 0.  Ensure that bank bits are correct.
00C7   1286           00473         BCF             TRISB,5
Message[302]: Register in operand not in bank 0.  Ensure that bank bits are correct.
00C8   1386           00474         BCF             TRISB,7
00C9   1283 1303      00475         BANK0
                      00476 
00CB   1786           00477         SDA_1
00CC   1686           00478         SCL_1
                      00479 
00CD   3002           00480         MOVLW   2
00CE   20F3           00481         CALL    DELAY_US
                      00482         
00CF   1386           00483         SDA_0
00D0   3001           00484         MOVLW   1
00D1   20F3           00485         CALL    DELAY_US
                      00486 
00D2   1286           00487         SCL_0
00D3   3001           00488         MOVLW   1
00D4   20F3           00489         CALL    DELAY_US
Warning[203]: Found opcode in column 1. (RETURN)
00D5   0008           00490 RETURN
                      00491 ;----------------------------
                      00492 
                      00493 ;============================
00D6                  00494 SCL_PULSE
                      00495 ;============================
00D6   1686           00496         SCL_1
00D7   3002           00497         MOVLW   2
00D8   20F3           00498         CALL    DELAY_US
                      00499 
00D9   1286           00500         SCL_0
00DA   3002           00501         MOVLW   2
00DB   20F3           00502         CALL    DELAY_US
Warning[203]: Found opcode in column 1. (RETURN)
00DC   0008           00503 RETURN
                      00504 ;----------------------------
                      00505 
                      00506 ;============================
MPASM  5.51                 HUB6TODISPLAY.ASM   10-7-2019  17:31:22         PAGE 12


LOC  OBJECT CODE     LINE SOURCE TEXT
  VALUE

00DD                  00507 ALL_SCL_PULSE
                      00508 ;============================
00DD   1686           00509         SCL_1
00DE   1706           00510         CLK_ON
                      00511 
                      00512 
00DF   1286           00513         SCL_0
00E0   1306           00514         CLK_OFF
                      00515 
Warning[203]: Found opcode in column 1. (RETURN)
00E1   0008           00516 RETURN
                      00517 ;----------------------------
                      00518 
                      00519 
                      00520 ;============================
00E2                  00521 I2CSTOP 
                      00522 ;============================
00E2   1683 1303      00523         BANKSEL TRISB
Message[302]: Register in operand not in bank 0.  Ensure that bank bits are correct.
00E4   1286           00524         BCF             TRISB,5
Message[302]: Register in operand not in bank 0.  Ensure that bank bits are correct.
00E5   1386           00525         BCF             TRISB,7
00E6   1283 1303      00526         BANK0
                      00527         
00E8   1386           00528         SDA_0
00E9   1286           00529         SCL_0
00EA   300A           00530         MOVLW   .10
00EB   20F3           00531         CALL    DELAY_US
                      00532 
00EC   1686           00533         SCL_1
00ED   3005           00534         MOVLW   5
00EE   20F3           00535         CALL    DELAY_US
                      00536 
00EF   1786           00537         SDA_1
00F0   3001           00538         MOVLW   1
00F1   20F3           00539         CALL    DELAY_US
Warning[203]: Found opcode in column 1. (RETURN)
00F2   0008           00540 RETURN
                      00541 ;----------------------------
                      00542 
                      00543 
                      00544 
                      00545 
                      00546 
                      00547 
                      00548 
                      00549 
                      00550 
                      00551 
                      00552 
                      00553 
                      00554 
                      00555 
MPASM  5.51                 HUB6TODISPLAY.ASM   10-7-2019  17:31:22         PAGE 13


LOC  OBJECT CODE     LINE SOURCE TEXT
  VALUE

                      00556 
                      00557 
                      00558 
                      00559 
                      00560 ;==========     DELAY USEC =========
00F3                  00561 DELAY_US
                      00562 
00F3   00C0           00563         MOVWF   DELAYUS
                      00564 
00F4                  00565 USEC
                      00566 
00F4   0000           00567         NOP
00F5   0000           00568         NOP
00F6   0000           00569         NOP
00F7   0000           00570         NOP
Warning[203]: Found opcode in column 1. (DECFSZ)
00F8   0BC0           00571 DECFSZ  DELAYUS,F
                      00572 
Warning[203]: Found opcode in column 1. (GOTO)
00F9   28F4           00573 GOTO    USEC
                      00574 
Warning[203]: Found opcode in column 1. (RETURN)
00FA   0008           00575 RETURN
                      00576 ;=================================
                      00577 
                      00578 
                      00579 
                      00580 ;=========== DELAY ONE MS ========
00FB                  00581 DELAY_ONEMS
                      00582 
00FB   3005           00583         MOVLW   .5
00FC   00C3           00584         MOVWF   LOOP
                      00585 
00FD                  00586 MSEC
00FD   30C8           00587         MOVLW   .200
00FE   20F3           00588         CALL    DELAY_US
00FF   0BC3           00589         DECFSZ  LOOP,F
0100   28FD           00590         GOTO    MSEC
                      00591 
Warning[203]: Found opcode in column 1. (RETURN)
0101   0008           00592 RETURN
                      00593 ;==================================
                      00594 
                      00595 
                      00596 ;=========== DELAY MS   ==========
0102                  00597 DELAY_MS
                      00598         
0102   00C1           00599         MOVWF   DELAYMS
0103                  00600 MSEC0
0103   20FB           00601         CALL    DELAY_ONEMS
0104   0BC1           00602         DECFSZ  DELAYMS,F
0105   2903           00603         GOTO    MSEC0
Warning[203]: Found opcode in column 1. (RETURN)
MPASM  5.51                 HUB6TODISPLAY.ASM   10-7-2019  17:31:22         PAGE 14


LOC  OBJECT CODE     LINE SOURCE TEXT
  VALUE

0106   0008           00604 RETURN
                      00605 ;=================================
                      00606 
                      00607 ;=========== DELAY      ONE     SECOND ===
                      00608 ;DELAY_ONESEC
                      00609 ;
                      00610 ;       MOVLW   .5
                      00611 ;       MOVWF   SEC
                      00612 ;SEC0
                      00613 ;       MOVLW   .200
                      00614 ;       CALL    DELAY_MS
                      00615 ;       DECFSZ  SEC,F
                      00616 ;       GOTO    SEC0
                      00617 ;RETURN
                      00618 ;;=================================
                      00619 ;
                      00620 ;;==========    DELAY SEC =========
                      00621 ;DELAY_SEC
                      00622 ;
                      00623 ;       MOVWF   DELAYS
                      00624 ;SEC1
                      00625 ;       CALL    DELAY_ONESEC
                      00626 ;       DECFSZ  DELAYS,F
                      00627 ;       GOTO    SEC1
                      00628 ;RETURN
                      00629 ;;=================================
                      00630 
                      00631 
                      00632 
                      00633 
                      00634 
                      00635 
                      00636 
                      00637 
                      00638 
                      00639 
2100                  00640         ORG     0X2100                          ; DATA EEPROM LOCATION
2100   0001 0002 0003 00641         DE      1,2,3,4                         ; DEFINE FIRST FOUR EEPROM LOCATIONS AS 1, 2, 3, AND 4
       0004 
                      00642 
                      00643 
                      00644 
                      00645 
                      00646         END                       ; DIRECTIVE 'END OF PROGRAM'
MPASM  5.51                 HUB6TODISPLAY.ASM   10-7-2019  17:31:22         PAGE 15


SYMBOL TABLE
  LABEL                             VALUE 

ABDEN                             00000000
ABDOVF                            00000007
ACKTEST0                          000000BE
ADCON0                            0000001F
ADCON1                            0000009F
ADCS0                             00000004
ADCS1                             00000005
ADCS2                             00000006
ADDEN                             00000003
ADFM                              00000007
ADIE                              00000006
ADIF                              00000006
ADON                              00000000
ADRESH                            0000001E
ADRESL                            0000009E
ALL_SCL_PULSE                     000000DD
ANS0                              00000000
ANS1                              00000001
ANS10                             00000002
ANS11                             00000003
ANS2                              00000002
ANS3                              00000003
ANS4                              00000004
ANS5                              00000005
ANS6                              00000006
ANS7                              00000007
ANS8                              00000000
ANS9                              00000001
ANSEL                             0000011E
ANSELH                            0000011F
A_OFF                             BCF     PORTC, 0
A_ON                              BSF     PORTC, 0
BANK0                             BANKSEL PORTA
BANK1                             BANKSEL ADRESL
BANK2                             BANKSEL ANSELH
BAUDCTL                           0000009B
BF                                00000000
BRG0                              00000000
BRG1                              00000001
BRG10                             00000002
BRG11                             00000003
BRG12                             00000004
BRG13                             00000005
BRG14                             00000006
BRG15                             00000007
BRG16                             00000003
BRG2                              00000002
BRG3                              00000003
BRG4                              00000004
BRG5                              00000005
BRG6                              00000006
BRG7                              00000007
BRG8                              00000000
MPASM  5.51                 HUB6TODISPLAY.ASM   10-7-2019  17:31:22         PAGE 16


SYMBOL TABLE
  LABEL                             VALUE 

BRG9                              00000001
BRGH                              00000002
BTCOUNT                           00000048
B_OFF                             BCF PORTC, 1
B_ON                              BSF     PORTC, 1
C                                 00000000
C1CH0                             00000000
C1CH1                             00000001
C1IE                              00000005
C1IF                              00000005
C1OE                              00000005
C1ON                              00000007
C1OUT                             00000006
C1POL                             00000004
C1R                               00000002
C1SEN                             00000005
C1VREN                            00000007
C2CH0                             00000000
C2CH1                             00000001
C2IE                              00000006
C2IF                              00000006
C2OE                              00000005
C2ON                              00000007
C2OUT                             00000006
C2POL                             00000004
C2R                               00000002
C2REN                             00000004
C2SYNC                            00000000
C2VREN                            00000006
CCP1CON                           00000017
CCP1IE                            00000002
CCP1IF                            00000002
CCP1M0                            00000000
CCP1M1                            00000001
CCP1M2                            00000002
CCP1M3                            00000003
CCPR                              00000015
CCPR1H                            00000016
CCPR1L                            00000015
CHS0                              00000002
CHS1                              00000003
CHS2                              00000004
CHS3                              00000005
CKE                               00000006
CKP                               00000004
CLK_OFF                           BCF     PORTB, 6
CLK_ON                            BSF PORTB, 6
CM1CON0                           00000119
CM2CON0                           0000011A
CM2CON1                           0000011B
COLOR                             00000049
COUNT0                            00000044
COUNT1                            00000045
MPASM  5.51                 HUB6TODISPLAY.ASM   10-7-2019  17:31:22         PAGE 17


SYMBOL TABLE
  LABEL                             VALUE 

COUNT2                            00000046
CREN                              00000004
CSRC                              00000007
CURSORX                           0000004E
CURSORY                           0000004F
CURSORY_TEMP                      00000050
C_OFF                             BCF     PORTC, 2
C_ON                              BSF     PORTC, 2
D                                 00000005
DATA_ADDRESS                      00000005
DC                                00000001
DC1B0                             00000004
DC1B1                             00000005
DELAYMS                           00000041
DELAYUS                           00000040
DELAY_MS                          00000102
DELAY_ONEMS                       000000FB
DELAY_US                          000000F3
DRAM                              00000020
D_A                               00000005
D_NOT_A                           00000005
D_OFF                             BCF     PORTC, 3
D_ON                              BSF     PORTC, 3
ECCPAS                            0000001D
ECCPAS0                           00000004
ECCPAS1                           00000005
ECCPAS2                           00000006
ECCPASE                           00000007
EEADR                             0000010D
EEADRH                            0000010F
EECON1                            0000018C
EECON2                            0000018D
EEDAT                             0000010C
EEDATA                            0000010C
EEDATH                            0000010E
EEIE                              00000004
EEIF                              00000004
EEPGD                             00000007
F                                 00000001
FERR                              00000002
FONT                              0000004C
FSR                               00000004
G1_0                              BCF     PORTC, 6
G1_1                              BSF     PORTC, 6
G2_0                              BCF     PORTC, 7
G2_1                              BSF     PORTC, 7
GIE                               00000007
GO                                00000001
GO_DONE                           00000001
GO_NOT_DONE                       00000001
HALF0                             00000051
HALF1                             00000052
HTS                               00000002
MPASM  5.51                 HUB6TODISPLAY.ASM   10-7-2019  17:31:22         PAGE 18


SYMBOL TABLE
  LABEL                             VALUE 

I2CADD                            000000A7
I2CADD0                           000000AB
I2CADD1                           000000B3
I2CBIT0                           000000AF
I2CBIT1                           000000B1
I2CLOOP                           0000005F
I2CR0                             00000068
I2CR1                             00000073
I2CR3                             00000066
I2CREAD                           00000037
I2CREG                            0000005E
I2CSTART                          000000C5
I2CSTOP                           000000E2
I2C_DATA                          00000005
I2C_MASTERACK                     0000007F
I2C_MASTERNACK                    00000093
I2C_READ                          00000002
I2C_SLAVEACK                      000000B7
I2C_START                         00000003
I2C_STOP                          00000004
INDF                              00000000
INIT                              00000010
INTCON                            0000000B
INTE                              00000004
INTEDG                            00000006
INTF                              00000001
IOC                               00000096
IOC0                              00000000
IOC1                              00000001
IOC2                              00000002
IOC3                              00000003
IOC4                              00000004
IOC5                              00000005
IOCA                              00000096
IOCA0                             00000000
IOCA1                             00000001
IOCA2                             00000002
IOCA3                             00000003
IOCA4                             00000004
IOCA5                             00000005
IOCB                              00000116
IOCB4                             00000004
IOCB5                             00000005
IOCB6                             00000006
IOCB7                             00000007
IRCF0                             00000004
IRCF1                             00000005
IRCF2                             00000006
IRP                               00000007
LAT_OFF                           BCF     PORTB, 4
LAT_ON                            BSF     PORTB, 4
LOOP                              00000043
LTS                               00000001
MPASM  5.51                 HUB6TODISPLAY.ASM   10-7-2019  17:31:22         PAGE 19


SYMBOL TABLE
  LABEL                             VALUE 

MAIN                              00000034
MC1OUT                            00000007
MC2OUT                            00000006
MILSEC                            00000042
MISO0                             0000006B
MISO1                             0000006F
MSEC                              000000FD
MSEC0                             00000103
MSK                               00000093
MSK0                              00000000
MSK1                              00000001
MSK2                              00000002
MSK3                              00000003
MSK4                              00000004
MSK5                              00000005
MSK6                              00000006
MSK7                              00000007
NOT_A                             00000005
NOT_ADDRESS                       00000005
NOT_BOR                           00000000
NOT_DONE                          00000001
NOT_PD                            00000003
NOT_POR                           00000001
NOT_RABPU                         00000007
NOT_T1SYNC                        00000002
NOT_TO                            00000004
NOT_W                             00000002
NOT_WRITE                         00000002
NUMBER                            0000004A
OERR                              00000001
OE_OFF                            BSF     PORTA, 2
OE_ON                             BCF     PORTA, 2
OPTION_REG                        00000081
OSCCON                            0000008F
OSCTUNE                           00000090
OSFIE                             00000007
OSFIF                             00000007
OSTS                              00000003
P                                 00000004
P1M0                              00000006
P1M1                              00000007
PCL                               00000002
PCLATH                            0000000A
PCLATH_TEMP                       0000007F
PCON                              0000008E
PDC0                              00000000
PDC1                              00000001
PDC2                              00000002
PDC3                              00000003
PDC4                              00000004
PDC5                              00000005
PDC6                              00000006
PEIE                              00000006
MPASM  5.51                 HUB6TODISPLAY.ASM   10-7-2019  17:31:22         PAGE 20


SYMBOL TABLE
  LABEL                             VALUE 

PERIOD                            0000005D
PIE1                              0000008C
PIE2                              0000008D
PIR1                              0000000C
PIR2                              0000000D
POINTER                           00000047
PORTA                             00000005
PORTB                             00000006
PORTC                             00000007
PR2                               00000092
PRSEN                             00000007
PS0                               00000000
PS1                               00000001
PS2                               00000002
PSA                               00000003
PSSAC0                            00000002
PSSAC1                            00000003
PSSBD0                            00000000
PSSBD1                            00000001
PSTRCON                           0000019D
PULSR                             00000002
PULSS                             00000003
PWM1CON                           0000001C
R                                 00000002
R1_0                              BCF     PORTC, 4
R1_1                              BSF     PORTC, 4
R2_0                              BCF     PORTC, 5
R2_1                              BSF     PORTC, 5
RA0                               00000000
RA1                               00000001
RA2                               00000002
RA3                               00000003
RA4                               00000004
RA5                               00000005
RABIE                             00000003
RABIF                             00000000
RB4                               00000004
RB5                               00000005
RB6                               00000006
RB7                               00000007
RC0                               00000000
RC1                               00000001
RC2                               00000002
RC3                               00000003
RC4                               00000004
RC5                               00000005
RC6                               00000006
RC7                               00000007
RCIDL                             00000006
RCIE                              00000005
RCIF                              00000005
RCREG                             0000001A
RCSTA                             00000018
MPASM  5.51                 HUB6TODISPLAY.ASM   10-7-2019  17:31:22         PAGE 21


SYMBOL TABLE
  LABEL                             VALUE 

RD                                00000000
READ_WRITE                        00000002
ROW                               0000004B
RP0                               00000005
RP1                               00000006
RX9                               00000006
RX9D                              00000000
R_NOT_W                           00000002
R_W                               00000002
S                                 00000003
SBOREN                            00000004
SCKP                              00000004
SCL_0                             BCF     PORTB,5
SCL_1                             BSF     PORTB,5
SCL_PULSE                         000000D6
SCS                               00000000
SDA_0                             BCF     PORTB,7
SDA_1                             BSF     PORTB,7
SENB                              00000003
SENDB                             00000003
SMP                               00000007
SPBRG                             00000099
SPBRGH                            0000009A
SPEN                              00000007
SR0                               00000006
SR1                               00000007
SRCON                             0000019E
SREN                              00000005
SSPADD                            00000093
SSPBUF                            00000013
SSPCON                            00000014
SSPEN                             00000005
SSPIE                             00000003
SSPIF                             00000003
SSPM0                             00000000
SSPM1                             00000001
SSPM2                             00000002
SSPM3                             00000003
SSPMSK                            00000093
SSPOV                             00000006
SSPSTAT                           00000094
STATUS                            00000003
STATUS_TEMP                       0000007E
STPT                              0000004D
STRA                              00000000
STRB                              00000001
STRC                              00000002
STRD                              00000003
STRSYNC                           00000004
SWDTEN                            00000000
SYNC                              00000004
T0CS                              00000005
T0IE                              00000005
MPASM  5.51                 HUB6TODISPLAY.ASM   10-7-2019  17:31:22         PAGE 22


SYMBOL TABLE
  LABEL                             VALUE 

T0IF                              00000002
T0SE                              00000004
T1CKPS0                           00000004
T1CKPS1                           00000005
T1CON                             00000010
T1GINV                            00000007
T1GSS                             00000001
T1IE                              00000000
T1IF                              00000000
T1OSCEN                           00000003
T2CKPS0                           00000000
T2CKPS1                           00000001
T2CON                             00000012
T2IE                              00000001
T2IF                              00000001
TEMPRAM                           00000053
TESTLOOP                          0000005C
TESTNUM                           0000005B
TMR0                              00000001
TMR1                              0000000E
TMR1CS                            00000001
TMR1GE                            00000006
TMR1H                             0000000F
TMR1IE                            00000000
TMR1IF                            00000000
TMR1L                             0000000E
TMR1ON                            00000000
TMR2                              00000011
TMR2IE                            00000001
TMR2IF                            00000001
TMR2ON                            00000002
TOUTPS0                           00000003
TOUTPS1                           00000004
TOUTPS2                           00000005
TOUTPS3                           00000006
TRISA                             00000085
TRISA0                            00000000
TRISA1                            00000001
TRISA2                            00000002
TRISA3                            00000003
TRISA4                            00000004
TRISA5                            00000005
TRISB                             00000086
TRISB4                            00000004
TRISB5                            00000005
TRISB6                            00000006
TRISB7                            00000007
TRISC                             00000087
TRISC0                            00000000
TRISC1                            00000001
TRISC2                            00000002
TRISC3                            00000003
TRISC4                            00000004
MPASM  5.51                 HUB6TODISPLAY.ASM   10-7-2019  17:31:22         PAGE 23


SYMBOL TABLE
  LABEL                             VALUE 

TRISC5                            00000005
TRISC6                            00000006
TRISC7                            00000007
TRMT                              00000001
TUN0                              00000000
TUN1                              00000001
TUN2                              00000002
TUN3                              00000003
TUN4                              00000004
TX9                               00000006
TX9D                              00000000
TXEN                              00000005
TXIE                              00000004
TXIF                              00000004
TXREG                             00000019
TXSTA                             00000098
UA                                00000001
ULPWUE                            00000005
USEC                              000000F4
VCFG                              00000006
VP6EN                             00000004
VR0                               00000000
VR1                               00000001
VR2                               00000002
VR3                               00000003
VRCON                             00000118
VRR                               00000005
W                                 00000000
WCOL                              00000007
WDTCON                            00000097
WDTPS0                            00000001
WDTPS1                            00000002
WDTPS2                            00000003
WDTPS3                            00000004
WPU                               00000095
WPU0                              00000000
WPU1                              00000001
WPU2                              00000002
WPU4                              00000004
WPU5                              00000005
WPUA                              00000095
WPUA0                             00000000
WPUA1                             00000001
WPUA2                             00000002
WPUA4                             00000004
WPUA5                             00000005
WPUB                              00000115
WPUB4                             00000004
WPUB5                             00000005
WPUB6                             00000006
WPUB7                             00000007
WP_OFF                            BCF     PORTA,1
WP_ON                             BSF     PORTA,1
MPASM  5.51                 HUB6TODISPLAY.ASM   10-7-2019  17:31:22         PAGE 24


SYMBOL TABLE
  LABEL                             VALUE 

WR                                00000001
WREN                              00000002
WRERR                             00000003
WUE                               00000001
W_TEMP                            0000007D
Z                                 00000002
_BOD_NSLEEP                       00003EFF
_BOD_OFF                          00003CFF
_BOD_ON                           00003FFF
_BOD_SBODEN                       00003DFF
_BOREN_NSLEEP                     00003EFF
_BOREN_OFF                        00003CFF
_BOREN_ON                         00003FFF
_BOREN_SBODEN                     00003DFF
_BOR_NSLEEP                       00003EFF
_BOR_OFF                          00003CFF
_BOR_ON                           00003FFF
_BOR_SBODEN                       00003DFF
_CONFIG                           00002007
_CPD_OFF                          00003FFF
_CPD_ON                           00003F7F
_CP_OFF                           00003FFF
_CP_ON                            00003FBF
_DEVID1                           00002006
_EC_OSC                           00003FFB
_EXTRC                            00003FFF
_EXTRCIO                          00003FFE
_EXTRC_OSC_CLKOUT                 00003FFF
_EXTRC_OSC_NOCLKOUT               00003FFE
_FCMEN_OFF                        000037FF
_FCMEN_ON                         00003FFF
_FOSC_EC                          00003FFB
_FOSC_EXTRCCLK                    00003FFF
_FOSC_EXTRCIO                     00003FFE
_FOSC_HS                          00003FFA
_FOSC_INTRCCLK                    00003FFD
_FOSC_INTRCIO                     00003FFC
_FOSC_LP                          00003FF8
_FOSC_XT                          00003FF9
_HS_OSC                           00003FFA
_IDLOC0                           00002000
_IDLOC1                           00002001
_IDLOC2                           00002002
_IDLOC3                           00002003
_IESO_OFF                         00003BFF
_IESO_ON                          00003FFF
_INTOSC                           00003FFD
_INTOSCIO                         00003FFC
_INTRC_OSC_CLKOUT                 00003FFD
_INTRC_OSC_NOCLKOUT               00003FFC
_LP_OSC                           00003FF8
_MCLRE_OFF                        00003FDF
_MCLRE_ON                         00003FFF
MPASM  5.51                 HUB6TODISPLAY.ASM   10-7-2019  17:31:22         PAGE 25


SYMBOL TABLE
  LABEL                             VALUE 

_PWRTE_OFF                        00003FFF
_PWRTE_ON                         00003FEF
_WDTE_OFF                         00003FF7
_WDTE_ON                          00003FFF
_WDT_OFF                          00003FF7
_WDT_ON                           00003FFF
_XT_OSC                           00003FF9
__16F690                          00000001
__DEBUG                           1


MEMORY USAGE MAP ('X' = Used,  '-' = Unused)

0000 : X---XXXXXXXXXXXX XXXXXXXXXXXXXXXX XXXXXXXXXXXXXXXX XXXXXXXXXXXXXXXX
0040 : XXXXXXXXXXXXXXXX XXXXXXXXXXXXXXXX XXXXXXXXXXXXXXXX XXXXXXXXXXXXXXXX
0080 : XXXXXXXXXXXXXXXX XXXXXXXXXXXXXXXX XXXXXXXXXXXXXXXX XXXXXXXXXXXXXXXX
00C0 : XXXXXXXXXXXXXXXX XXXXXXXXXXXXXXXX XXXXXXXXXXXXXXXX XXXXXXXXXXXXXXXX
0100 : XXXXXXX--------- ---------------- ---------------- ----------------
2000 : -------X-------- ---------------- ---------------- ----------------
2100 : XXXX------------ ---------------- ---------------- ----------------

All other memory blocks unused.

Program Memory Words Used:   260
Program Memory Words Free:  3836


Errors   :     0
Warnings :    57 reported,     0 suppressed
Messages :    19 reported,     0 suppressed

