Warning[205] D:\KENNYNEUTRON\HUB12_DRAM\HUB12_DRAM2.ASM 111 : Found directive in column 1. (BANKSEL)
Warning[203] D:\KENNYNEUTRON\HUB12_DRAM\HUB12_DRAM2.ASM 112 : Found opcode in column 1. (MOVLW)
Warning[203] D:\KENNYNEUTRON\HUB12_DRAM\HUB12_DRAM2.ASM 113 : Found opcode in column 1. (MOVWF)
Message[302] D:\KENNYNEUTRON\HUB12_DRAM\HUB12_DRAM2.ASM 113 : Register in operand not in bank 0.  Ensure that bank bits are correct.
Warning[203] D:\KENNYNEUTRON\HUB12_DRAM\HUB12_DRAM2.ASM 114 : Found opcode in column 1. (MOVWF)
Message[302] D:\KENNYNEUTRON\HUB12_DRAM\HUB12_DRAM2.ASM 114 : Register in operand not in bank 0.  Ensure that bank bits are correct.
Warning[203] D:\KENNYNEUTRON\HUB12_DRAM\HUB12_DRAM2.ASM 115 : Found opcode in column 1. (MOVLW)
Warning[203] D:\KENNYNEUTRON\HUB12_DRAM\HUB12_DRAM2.ASM 116 : Found opcode in column 1. (TRIS)
Warning[224] D:\KENNYNEUTRON\HUB12_DRAM\HUB12_DRAM2.ASM 116 : Use of this instruction is not recommended.
Warning[205] D:\KENNYNEUTRON\HUB12_DRAM\HUB12_DRAM2.ASM 119 : Found directive in column 1. (BANKSEL)
Warning[203] D:\KENNYNEUTRON\HUB12_DRAM\HUB12_DRAM2.ASM 120 : Found opcode in column 1. (CALL)
Warning[203] D:\KENNYNEUTRON\HUB12_DRAM\HUB12_DRAM2.ASM 122 : Found opcode in column 1. (GOTO)
Warning[203] D:\KENNYNEUTRON\HUB12_DRAM\HUB12_DRAM2.ASM 440 : Found opcode in column 1. (GOTO)
Warning[203] D:\KENNYNEUTRON\HUB12_DRAM\HUB12_DRAM2.ASM 567 : Found opcode in column 1. (RETURN)
Warning[203] D:\KENNYNEUTRON\HUB12_DRAM\HUB12_DRAM2.ASM 589 : Found opcode in column 1. (DECFSZ)
Warning[203] D:\KENNYNEUTRON\HUB12_DRAM\HUB12_DRAM2.ASM 591 : Found opcode in column 1. (GOTO)
Warning[203] D:\KENNYNEUTRON\HUB12_DRAM\HUB12_DRAM2.ASM 593 : Found opcode in column 1. (RETURN)
Warning[203] D:\KENNYNEUTRON\HUB12_DRAM\HUB12_DRAM2.ASM 610 : Found opcode in column 1. (RETURN)
Warning[203] D:\KENNYNEUTRON\HUB12_DRAM\HUB12_DRAM2.ASM 622 : Found opcode in column 1. (RETURN)
Warning[203] D:\KENNYNEUTRON\HUB12_DRAM\HUB12_DRAM2.ASM 635 : Found opcode in column 1. (RETURN)
Warning[203] D:\KENNYNEUTRON\HUB12_DRAM\HUB12_DRAM2.ASM 646 : Found opcode in column 1. (RETURN)
