Warning[205] C:\USERS\GERPE\ONEDRIVE\GER-PER 2016\DOCUMENTS\KENNYNEUTRON\2019\HUB12\20190717_MODULESB2_GPU\MODULEGPU.ASM 72 : Found directive in column 1. (CBLOCK)
Warning[210] C:\USERS\GERPE\ONEDRIVE\GER-PER 2016\DOCUMENTS\KENNYNEUTRON\2019\HUB12\20190717_MODULESB2_GPU\MODULEGPU.ASM 74 : Extra ","
Warning[205] C:\USERS\GERPE\ONEDRIVE\GER-PER 2016\DOCUMENTS\KENNYNEUTRON\2019\HUB12\20190717_MODULESB2_GPU\MODULEGPU.ASM 83 : Found directive in column 1. (ENDC)
Warning[205] C:\USERS\GERPE\ONEDRIVE\GER-PER 2016\DOCUMENTS\KENNYNEUTRON\2019\HUB12\20190717_MODULESB2_GPU\MODULEGPU.ASM 88 : Found directive in column 1. (CBLOCK)
Warning[210] C:\USERS\GERPE\ONEDRIVE\GER-PER 2016\DOCUMENTS\KENNYNEUTRON\2019\HUB12\20190717_MODULESB2_GPU\MODULEGPU.ASM 95 : Extra ","
Warning[205] C:\USERS\GERPE\ONEDRIVE\GER-PER 2016\DOCUMENTS\KENNYNEUTRON\2019\HUB12\20190717_MODULESB2_GPU\MODULEGPU.ASM 99 : Found directive in column 1. (ENDC)
Warning[205] C:\USERS\GERPE\ONEDRIVE\GER-PER 2016\DOCUMENTS\KENNYNEUTRON\2019\HUB12\20190717_MODULESB2_GPU\MODULEGPU.ASM 105 : Found directive in column 1. (CBLOCK)
Warning[205] C:\USERS\GERPE\ONEDRIVE\GER-PER 2016\DOCUMENTS\KENNYNEUTRON\2019\HUB12\20190717_MODULESB2_GPU\MODULEGPU.ASM 109 : Found directive in column 1. (ENDC)
Warning[205] C:\USERS\GERPE\ONEDRIVE\GER-PER 2016\DOCUMENTS\KENNYNEUTRON\2019\HUB12\20190717_MODULESB2_GPU\MODULEGPU.ASM 141 : Found directive in column 1. (BANKSEL)
Warning[203] C:\USERS\GERPE\ONEDRIVE\GER-PER 2016\DOCUMENTS\KENNYNEUTRON\2019\HUB12\20190717_MODULESB2_GPU\MODULEGPU.ASM 142 : Found opcode in column 1. (CLRW)
Warning[203] C:\USERS\GERPE\ONEDRIVE\GER-PER 2016\DOCUMENTS\KENNYNEUTRON\2019\HUB12\20190717_MODULESB2_GPU\MODULEGPU.ASM 143 : Found opcode in column 1. (MOVWF)
Message[302] C:\USERS\GERPE\ONEDRIVE\GER-PER 2016\DOCUMENTS\KENNYNEUTRON\2019\HUB12\20190717_MODULESB2_GPU\MODULEGPU.ASM 143 : Register in operand not in bank 0.  Ensure that bank bits are correct.
Warning[203] C:\USERS\GERPE\ONEDRIVE\GER-PER 2016\DOCUMENTS\KENNYNEUTRON\2019\HUB12\20190717_MODULESB2_GPU\MODULEGPU.ASM 144 : Found opcode in column 1. (MOVWF)
Message[302] C:\USERS\GERPE\ONEDRIVE\GER-PER 2016\DOCUMENTS\KENNYNEUTRON\2019\HUB12\20190717_MODULESB2_GPU\MODULEGPU.ASM 144 : Register in operand not in bank 0.  Ensure that bank bits are correct.
Warning[205] C:\USERS\GERPE\ONEDRIVE\GER-PER 2016\DOCUMENTS\KENNYNEUTRON\2019\HUB12\20190717_MODULESB2_GPU\MODULEGPU.ASM 146 : Found directive in column 1. (BANKSEL)
Warning[203] C:\USERS\GERPE\ONEDRIVE\GER-PER 2016\DOCUMENTS\KENNYNEUTRON\2019\HUB12\20190717_MODULESB2_GPU\MODULEGPU.ASM 148 : Found opcode in column 1. (MOVLW)
Warning[203] C:\USERS\GERPE\ONEDRIVE\GER-PER 2016\DOCUMENTS\KENNYNEUTRON\2019\HUB12\20190717_MODULESB2_GPU\MODULEGPU.ASM 149 : Found opcode in column 1. (MOVWF)
Message[302] C:\USERS\GERPE\ONEDRIVE\GER-PER 2016\DOCUMENTS\KENNYNEUTRON\2019\HUB12\20190717_MODULESB2_GPU\MODULEGPU.ASM 149 : Register in operand not in bank 0.  Ensure that bank bits are correct.
Warning[205] C:\USERS\GERPE\ONEDRIVE\GER-PER 2016\DOCUMENTS\KENNYNEUTRON\2019\HUB12\20190717_MODULESB2_GPU\MODULEGPU.ASM 151 : Found directive in column 1. (BANKSEL)
Warning[203] C:\USERS\GERPE\ONEDRIVE\GER-PER 2016\DOCUMENTS\KENNYNEUTRON\2019\HUB12\20190717_MODULESB2_GPU\MODULEGPU.ASM 152 : Found opcode in column 1. (MOVLW)
Warning[203] C:\USERS\GERPE\ONEDRIVE\GER-PER 2016\DOCUMENTS\KENNYNEUTRON\2019\HUB12\20190717_MODULESB2_GPU\MODULEGPU.ASM 153 : Found opcode in column 1. (MOVWF)
Message[302] C:\USERS\GERPE\ONEDRIVE\GER-PER 2016\DOCUMENTS\KENNYNEUTRON\2019\HUB12\20190717_MODULESB2_GPU\MODULEGPU.ASM 153 : Register in operand not in bank 0.  Ensure that bank bits are correct.
Warning[205] C:\USERS\GERPE\ONEDRIVE\GER-PER 2016\DOCUMENTS\KENNYNEUTRON\2019\HUB12\20190717_MODULESB2_GPU\MODULEGPU.ASM 155 : Found directive in column 1. (BANKSEL)
Warning[203] C:\USERS\GERPE\ONEDRIVE\GER-PER 2016\DOCUMENTS\KENNYNEUTRON\2019\HUB12\20190717_MODULESB2_GPU\MODULEGPU.ASM 157 : Found opcode in column 1. (MOVLW)
Warning[203] C:\USERS\GERPE\ONEDRIVE\GER-PER 2016\DOCUMENTS\KENNYNEUTRON\2019\HUB12\20190717_MODULESB2_GPU\MODULEGPU.ASM 158 : Found opcode in column 1. (MOVWF)
Warning[205] C:\USERS\GERPE\ONEDRIVE\GER-PER 2016\DOCUMENTS\KENNYNEUTRON\2019\HUB12\20190717_MODULESB2_GPU\MODULEGPU.ASM 161 : Found directive in column 1. (BANKSEL)
Warning[203] C:\USERS\GERPE\ONEDRIVE\GER-PER 2016\DOCUMENTS\KENNYNEUTRON\2019\HUB12\20190717_MODULESB2_GPU\MODULEGPU.ASM 162 : Found opcode in column 1. (BCF)
Message[302] C:\USERS\GERPE\ONEDRIVE\GER-PER 2016\DOCUMENTS\KENNYNEUTRON\2019\HUB12\20190717_MODULESB2_GPU\MODULEGPU.ASM 162 : Register in operand not in bank 0.  Ensure that bank bits are correct.
Warning[205] C:\USERS\GERPE\ONEDRIVE\GER-PER 2016\DOCUMENTS\KENNYNEUTRON\2019\HUB12\20190717_MODULESB2_GPU\MODULEGPU.ASM 163 : Found directive in column 1. (BANKSEL)
Warning[203] C:\USERS\GERPE\ONEDRIVE\GER-PER 2016\DOCUMENTS\KENNYNEUTRON\2019\HUB12\20190717_MODULESB2_GPU\MODULEGPU.ASM 164 : Found opcode in column 1. (BCF)
Warning[205] C:\USERS\GERPE\ONEDRIVE\GER-PER 2016\DOCUMENTS\KENNYNEUTRON\2019\HUB12\20190717_MODULESB2_GPU\MODULEGPU.ASM 167 : Found directive in column 1. (BANKSEL)
Warning[203] C:\USERS\GERPE\ONEDRIVE\GER-PER 2016\DOCUMENTS\KENNYNEUTRON\2019\HUB12\20190717_MODULESB2_GPU\MODULEGPU.ASM 168 : Found opcode in column 1. (MOVLW)
Warning[203] C:\USERS\GERPE\ONEDRIVE\GER-PER 2016\DOCUMENTS\KENNYNEUTRON\2019\HUB12\20190717_MODULESB2_GPU\MODULEGPU.ASM 169 : Found opcode in column 1. (MOVWF)
Warning[203] C:\USERS\GERPE\ONEDRIVE\GER-PER 2016\DOCUMENTS\KENNYNEUTRON\2019\HUB12\20190717_MODULESB2_GPU\MODULEGPU.ASM 172 : Found opcode in column 1. (CALL)
Warning[203] C:\USERS\GERPE\ONEDRIVE\GER-PER 2016\DOCUMENTS\KENNYNEUTRON\2019\HUB12\20190717_MODULESB2_GPU\MODULEGPU.ASM 173 : Found opcode in column 1. (CALL)
Warning[205] C:\USERS\GERPE\ONEDRIVE\GER-PER 2016\DOCUMENTS\KENNYNEUTRON\2019\HUB12\20190717_MODULESB2_GPU\MODULEGPU.ASM 174 : Found directive in column 1. (BANKSEL)
Warning[203] C:\USERS\GERPE\ONEDRIVE\GER-PER 2016\DOCUMENTS\KENNYNEUTRON\2019\HUB12\20190717_MODULESB2_GPU\MODULEGPU.ASM 175 : Found opcode in column 1. (MOVLW)
Warning[203] C:\USERS\GERPE\ONEDRIVE\GER-PER 2016\DOCUMENTS\KENNYNEUTRON\2019\HUB12\20190717_MODULESB2_GPU\MODULEGPU.ASM 176 : Found opcode in column 1. (MOVWF)
Message[302] C:\USERS\GERPE\ONEDRIVE\GER-PER 2016\DOCUMENTS\KENNYNEUTRON\2019\HUB12\20190717_MODULESB2_GPU\MODULEGPU.ASM 176 : Register in operand not in bank 0.  Ensure that bank bits are correct.
Warning[203] C:\USERS\GERPE\ONEDRIVE\GER-PER 2016\DOCUMENTS\KENNYNEUTRON\2019\HUB12\20190717_MODULESB2_GPU\MODULEGPU.ASM 178 : Found opcode in column 1. (MOVLW)
Warning[203] C:\USERS\GERPE\ONEDRIVE\GER-PER 2016\DOCUMENTS\KENNYNEUTRON\2019\HUB12\20190717_MODULESB2_GPU\MODULEGPU.ASM 179 : Found opcode in column 1. (MOVWF)
Message[302] C:\USERS\GERPE\ONEDRIVE\GER-PER 2016\DOCUMENTS\KENNYNEUTRON\2019\HUB12\20190717_MODULESB2_GPU\MODULEGPU.ASM 179 : Register in operand not in bank 0.  Ensure that bank bits are correct.
Warning[203] C:\USERS\GERPE\ONEDRIVE\GER-PER 2016\DOCUMENTS\KENNYNEUTRON\2019\HUB12\20190717_MODULESB2_GPU\MODULEGPU.ASM 181 : Found opcode in column 1. (MOVLW)
Warning[203] C:\USERS\GERPE\ONEDRIVE\GER-PER 2016\DOCUMENTS\KENNYNEUTRON\2019\HUB12\20190717_MODULESB2_GPU\MODULEGPU.ASM 182 : Found opcode in column 1. (MOVWF)
Message[302] C:\USERS\GERPE\ONEDRIVE\GER-PER 2016\DOCUMENTS\KENNYNEUTRON\2019\HUB12\20190717_MODULESB2_GPU\MODULEGPU.ASM 182 : Register in operand not in bank 0.  Ensure that bank bits are correct.
Warning[203] C:\USERS\GERPE\ONEDRIVE\GER-PER 2016\DOCUMENTS\KENNYNEUTRON\2019\HUB12\20190717_MODULESB2_GPU\MODULEGPU.ASM 184 : Found opcode in column 1. (MOVLW)
Warning[203] C:\USERS\GERPE\ONEDRIVE\GER-PER 2016\DOCUMENTS\KENNYNEUTRON\2019\HUB12\20190717_MODULESB2_GPU\MODULEGPU.ASM 185 : Found opcode in column 1. (MOVLW)
Warning[203] C:\USERS\GERPE\ONEDRIVE\GER-PER 2016\DOCUMENTS\KENNYNEUTRON\2019\HUB12\20190717_MODULESB2_GPU\MODULEGPU.ASM 188 : Found opcode in column 1. (MOVLW)
Warning[203] C:\USERS\GERPE\ONEDRIVE\GER-PER 2016\DOCUMENTS\KENNYNEUTRON\2019\HUB12\20190717_MODULESB2_GPU\MODULEGPU.ASM 189 : Found opcode in column 1. (MOVWF)
Message[302] C:\USERS\GERPE\ONEDRIVE\GER-PER 2016\DOCUMENTS\KENNYNEUTRON\2019\HUB12\20190717_MODULESB2_GPU\MODULEGPU.ASM 189 : Register in operand not in bank 0.  Ensure that bank bits are correct.
Warning[205] C:\USERS\GERPE\ONEDRIVE\GER-PER 2016\DOCUMENTS\KENNYNEUTRON\2019\HUB12\20190717_MODULESB2_GPU\MODULEGPU.ASM 190 : Found directive in column 1. (BANKSEL)
Warning[203] C:\USERS\GERPE\ONEDRIVE\GER-PER 2016\DOCUMENTS\KENNYNEUTRON\2019\HUB12\20190717_MODULESB2_GPU\MODULEGPU.ASM 191 : Found opcode in column 1. (GOTO)
Warning[203] C:\USERS\GERPE\ONEDRIVE\GER-PER 2016\DOCUMENTS\KENNYNEUTRON\2019\HUB12\20190717_MODULESB2_GPU\MODULEGPU.ASM 203 : Found opcode in column 1. (GOTO)
Message[305] C:\USERS\GERPE\ONEDRIVE\GER-PER 2016\DOCUMENTS\KENNYNEUTRON\2019\HUB12\20190717_MODULESB2_GPU\MODULEGPU.ASM 214 : Using default destination of 1 (file).
Warning[203] C:\USERS\GERPE\ONEDRIVE\GER-PER 2016\DOCUMENTS\KENNYNEUTRON\2019\HUB12\20190717_MODULESB2_GPU\MODULEGPU.ASM 217 : Found opcode in column 1. (RETURN)
Message[302] C:\USERS\GERPE\ONEDRIVE\GER-PER 2016\DOCUMENTS\KENNYNEUTRON\2019\HUB12\20190717_MODULESB2_GPU\MODULEGPU.ASM 222 : Register in operand not in bank 0.  Ensure that bank bits are correct.
Message[305] C:\USERS\GERPE\ONEDRIVE\GER-PER 2016\DOCUMENTS\KENNYNEUTRON\2019\HUB12\20190717_MODULESB2_GPU\MODULEGPU.ASM 269 : Using default destination of 1 (file).
Message[305] C:\USERS\GERPE\ONEDRIVE\GER-PER 2016\DOCUMENTS\KENNYNEUTRON\2019\HUB12\20190717_MODULESB2_GPU\MODULEGPU.ASM 289 : Using default destination of 1 (file).
Message[302] C:\USERS\GERPE\ONEDRIVE\GER-PER 2016\DOCUMENTS\KENNYNEUTRON\2019\HUB12\20190717_MODULESB2_GPU\MODULEGPU.ASM 289 : Register in operand not in bank 0.  Ensure that bank bits are correct.
Message[305] C:\USERS\GERPE\ONEDRIVE\GER-PER 2016\DOCUMENTS\KENNYNEUTRON\2019\HUB12\20190717_MODULESB2_GPU\MODULEGPU.ASM 291 : Using default destination of 1 (file).
Message[302] C:\USERS\GERPE\ONEDRIVE\GER-PER 2016\DOCUMENTS\KENNYNEUTRON\2019\HUB12\20190717_MODULESB2_GPU\MODULEGPU.ASM 304 : Register in operand not in bank 0.  Ensure that bank bits are correct.
Message[305] C:\USERS\GERPE\ONEDRIVE\GER-PER 2016\DOCUMENTS\KENNYNEUTRON\2019\HUB12\20190717_MODULESB2_GPU\MODULEGPU.ASM 306 : Using default destination of 1 (file).
Message[302] C:\USERS\GERPE\ONEDRIVE\GER-PER 2016\DOCUMENTS\KENNYNEUTRON\2019\HUB12\20190717_MODULESB2_GPU\MODULEGPU.ASM 306 : Register in operand not in bank 0.  Ensure that bank bits are correct.
Message[302] C:\USERS\GERPE\ONEDRIVE\GER-PER 2016\DOCUMENTS\KENNYNEUTRON\2019\HUB12\20190717_MODULESB2_GPU\MODULEGPU.ASM 307 : Register in operand not in bank 0.  Ensure that bank bits are correct.
Message[302] C:\USERS\GERPE\ONEDRIVE\GER-PER 2016\DOCUMENTS\KENNYNEUTRON\2019\HUB12\20190717_MODULESB2_GPU\MODULEGPU.ASM 308 : Register in operand not in bank 0.  Ensure that bank bits are correct.
Message[302] C:\USERS\GERPE\ONEDRIVE\GER-PER 2016\DOCUMENTS\KENNYNEUTRON\2019\HUB12\20190717_MODULESB2_GPU\MODULEGPU.ASM 315 : Register in operand not in bank 0.  Ensure that bank bits are correct.
Message[302] C:\USERS\GERPE\ONEDRIVE\GER-PER 2016\DOCUMENTS\KENNYNEUTRON\2019\HUB12\20190717_MODULESB2_GPU\MODULEGPU.ASM 316 : Register in operand not in bank 0.  Ensure that bank bits are correct.
Warning[203] C:\USERS\GERPE\ONEDRIVE\GER-PER 2016\DOCUMENTS\KENNYNEUTRON\2019\HUB12\20190717_MODULESB2_GPU\MODULEGPU.ASM 320 : Found opcode in column 1. (RETURN)
Warning[203] C:\USERS\GERPE\ONEDRIVE\GER-PER 2016\DOCUMENTS\KENNYNEUTRON\2019\HUB12\20190717_MODULESB2_GPU\MODULEGPU.ASM 331 : Found opcode in column 1. (BCF)
Warning[203] C:\USERS\GERPE\ONEDRIVE\GER-PER 2016\DOCUMENTS\KENNYNEUTRON\2019\HUB12\20190717_MODULESB2_GPU\MODULEGPU.ASM 332 : Found opcode in column 1. (BCF)
Warning[203] C:\USERS\GERPE\ONEDRIVE\GER-PER 2016\DOCUMENTS\KENNYNEUTRON\2019\HUB12\20190717_MODULESB2_GPU\MODULEGPU.ASM 334 : Found opcode in column 1. (MOVLW)
Warning[203] C:\USERS\GERPE\ONEDRIVE\GER-PER 2016\DOCUMENTS\KENNYNEUTRON\2019\HUB12\20190717_MODULESB2_GPU\MODULEGPU.ASM 335 : Found opcode in column 1. (MOVWF)
Warning[204] C:\USERS\GERPE\ONEDRIVE\GER-PER 2016\DOCUMENTS\KENNYNEUTRON\2019\HUB12\20190717_MODULESB2_GPU\MODULEGPU.ASM 339 : Found pseudo-op in column 1. (MOVFW)
Warning[203] C:\USERS\GERPE\ONEDRIVE\GER-PER 2016\DOCUMENTS\KENNYNEUTRON\2019\HUB12\20190717_MODULESB2_GPU\MODULEGPU.ASM 340 : Found opcode in column 1. (MOVWF)
Warning[203] C:\USERS\GERPE\ONEDRIVE\GER-PER 2016\DOCUMENTS\KENNYNEUTRON\2019\HUB12\20190717_MODULESB2_GPU\MODULEGPU.ASM 342 : Found opcode in column 1. (NOP)
Warning[203] C:\USERS\GERPE\ONEDRIVE\GER-PER 2016\DOCUMENTS\KENNYNEUTRON\2019\HUB12\20190717_MODULESB2_GPU\MODULEGPU.ASM 343 : Found opcode in column 1. (NOP)
Warning[203] C:\USERS\GERPE\ONEDRIVE\GER-PER 2016\DOCUMENTS\KENNYNEUTRON\2019\HUB12\20190717_MODULESB2_GPU\MODULEGPU.ASM 344 : Found opcode in column 1. (NOP)
Warning[203] C:\USERS\GERPE\ONEDRIVE\GER-PER 2016\DOCUMENTS\KENNYNEUTRON\2019\HUB12\20190717_MODULESB2_GPU\MODULEGPU.ASM 345 : Found opcode in column 1. (NOP)
Warning[203] C:\USERS\GERPE\ONEDRIVE\GER-PER 2016\DOCUMENTS\KENNYNEUTRON\2019\HUB12\20190717_MODULESB2_GPU\MODULEGPU.ASM 346 : Found opcode in column 1. (NOP)
Warning[203] C:\USERS\GERPE\ONEDRIVE\GER-PER 2016\DOCUMENTS\KENNYNEUTRON\2019\HUB12\20190717_MODULESB2_GPU\MODULEGPU.ASM 347 : Found opcode in column 1. (NOP)
Warning[203] C:\USERS\GERPE\ONEDRIVE\GER-PER 2016\DOCUMENTS\KENNYNEUTRON\2019\HUB12\20190717_MODULESB2_GPU\MODULEGPU.ASM 348 : Found opcode in column 1. (NOP)
Warning[203] C:\USERS\GERPE\ONEDRIVE\GER-PER 2016\DOCUMENTS\KENNYNEUTRON\2019\HUB12\20190717_MODULESB2_GPU\MODULEGPU.ASM 352 : Found opcode in column 1. (INCF)
Message[305] C:\USERS\GERPE\ONEDRIVE\GER-PER 2016\DOCUMENTS\KENNYNEUTRON\2019\HUB12\20190717_MODULESB2_GPU\MODULEGPU.ASM 352 : Using default destination of 1 (file).
Warning[203] C:\USERS\GERPE\ONEDRIVE\GER-PER 2016\DOCUMENTS\KENNYNEUTRON\2019\HUB12\20190717_MODULESB2_GPU\MODULEGPU.ASM 353 : Found opcode in column 1. (DECFSZ)
Warning[203] C:\USERS\GERPE\ONEDRIVE\GER-PER 2016\DOCUMENTS\KENNYNEUTRON\2019\HUB12\20190717_MODULESB2_GPU\MODULEGPU.ASM 354 : Found opcode in column 1. (GOTO)
Warning[203] C:\USERS\GERPE\ONEDRIVE\GER-PER 2016\DOCUMENTS\KENNYNEUTRON\2019\HUB12\20190717_MODULESB2_GPU\MODULEGPU.ASM 357 : Found opcode in column 1. (RETURN)
Warning[203] C:\USERS\GERPE\ONEDRIVE\GER-PER 2016\DOCUMENTS\KENNYNEUTRON\2019\HUB12\20190717_MODULESB2_GPU\MODULEGPU.ASM 439 : Found opcode in column 1. (RETURN)
Warning[203] C:\USERS\GERPE\ONEDRIVE\GER-PER 2016\DOCUMENTS\KENNYNEUTRON\2019\HUB12\20190717_MODULESB2_GPU\MODULEGPU.ASM 445 : Found opcode in column 1. (RETURN)
Warning[205] C:\USERS\GERPE\ONEDRIVE\GER-PER 2016\DOCUMENTS\KENNYNEUTRON\2019\HUB12\20190717_MODULESB2_GPU\MODULEGPU.ASM 448 : Found directive in column 1. (ORG)
Message[302] C:\USERS\GERPE\ONEDRIVE\GER-PER 2016\DOCUMENTS\KENNYNEUTRON\2019\HUB12\20190717_MODULESB2_GPU\MODULEGPU.ASM 460 : Register in operand not in bank 0.  Ensure that bank bits are correct.
Message[302] C:\USERS\GERPE\ONEDRIVE\GER-PER 2016\DOCUMENTS\KENNYNEUTRON\2019\HUB12\20190717_MODULESB2_GPU\MODULEGPU.ASM 461 : Register in operand not in bank 0.  Ensure that bank bits are correct.
Message[302] C:\USERS\GERPE\ONEDRIVE\GER-PER 2016\DOCUMENTS\KENNYNEUTRON\2019\HUB12\20190717_MODULESB2_GPU\MODULEGPU.ASM 464 : Register in operand not in bank 0.  Ensure that bank bits are correct.
Message[302] C:\USERS\GERPE\ONEDRIVE\GER-PER 2016\DOCUMENTS\KENNYNEUTRON\2019\HUB12\20190717_MODULESB2_GPU\MODULEGPU.ASM 467 : Register in operand not in bank 0.  Ensure that bank bits are correct.
Message[305] C:\USERS\GERPE\ONEDRIVE\GER-PER 2016\DOCUMENTS\KENNYNEUTRON\2019\HUB12\20190717_MODULESB2_GPU\MODULEGPU.ASM 473 : Using default destination of 1 (file).
Message[302] C:\USERS\GERPE\ONEDRIVE\GER-PER 2016\DOCUMENTS\KENNYNEUTRON\2019\HUB12\20190717_MODULESB2_GPU\MODULEGPU.ASM 473 : Register in operand not in bank 0.  Ensure that bank bits are correct.
Message[302] C:\USERS\GERPE\ONEDRIVE\GER-PER 2016\DOCUMENTS\KENNYNEUTRON\2019\HUB12\20190717_MODULESB2_GPU\MODULEGPU.ASM 474 : Register in operand not in bank 0.  Ensure that bank bits are correct.
Warning[203] C:\USERS\GERPE\ONEDRIVE\GER-PER 2016\DOCUMENTS\KENNYNEUTRON\2019\HUB12\20190717_MODULESB2_GPU\MODULEGPU.ASM 520 : Found opcode in column 1. (RETURN)
Message[302] C:\USERS\GERPE\ONEDRIVE\GER-PER 2016\DOCUMENTS\KENNYNEUTRON\2019\HUB12\20190717_MODULESB2_GPU\MODULEGPU.ASM 535 : Register in operand not in bank 0.  Ensure that bank bits are correct.
Message[305] C:\USERS\GERPE\ONEDRIVE\GER-PER 2016\DOCUMENTS\KENNYNEUTRON\2019\HUB12\20190717_MODULESB2_GPU\MODULEGPU.ASM 537 : Using default destination of 1 (file).
Message[302] C:\USERS\GERPE\ONEDRIVE\GER-PER 2016\DOCUMENTS\KENNYNEUTRON\2019\HUB12\20190717_MODULESB2_GPU\MODULEGPU.ASM 537 : Register in operand not in bank 0.  Ensure that bank bits are correct.
Message[305] C:\USERS\GERPE\ONEDRIVE\GER-PER 2016\DOCUMENTS\KENNYNEUTRON\2019\HUB12\20190717_MODULESB2_GPU\MODULEGPU.ASM 548 : Using default destination of 1 (file).
Message[305] C:\USERS\GERPE\ONEDRIVE\GER-PER 2016\DOCUMENTS\KENNYNEUTRON\2019\HUB12\20190717_MODULESB2_GPU\MODULEGPU.ASM 550 : Using default destination of 1 (file).
Message[305] C:\USERS\GERPE\ONEDRIVE\GER-PER 2016\DOCUMENTS\KENNYNEUTRON\2019\HUB12\20190717_MODULESB2_GPU\MODULEGPU.ASM 552 : Using default destination of 1 (file).
Message[305] C:\USERS\GERPE\ONEDRIVE\GER-PER 2016\DOCUMENTS\KENNYNEUTRON\2019\HUB12\20190717_MODULESB2_GPU\MODULEGPU.ASM 554 : Using default destination of 1 (file).
Message[305] C:\USERS\GERPE\ONEDRIVE\GER-PER 2016\DOCUMENTS\KENNYNEUTRON\2019\HUB12\20190717_MODULESB2_GPU\MODULEGPU.ASM 559 : Using default destination of 1 (file).
Message[302] C:\USERS\GERPE\ONEDRIVE\GER-PER 2016\DOCUMENTS\KENNYNEUTRON\2019\HUB12\20190717_MODULESB2_GPU\MODULEGPU.ASM 571 : Register in operand not in bank 0.  Ensure that bank bits are correct.
Message[302] C:\USERS\GERPE\ONEDRIVE\GER-PER 2016\DOCUMENTS\KENNYNEUTRON\2019\HUB12\20190717_MODULESB2_GPU\MODULEGPU.ASM 577 : Register in operand not in bank 0.  Ensure that bank bits are correct.
Message[305] C:\USERS\GERPE\ONEDRIVE\GER-PER 2016\DOCUMENTS\KENNYNEUTRON\2019\HUB12\20190717_MODULESB2_GPU\MODULEGPU.ASM 579 : Using default destination of 1 (file).
Message[302] C:\USERS\GERPE\ONEDRIVE\GER-PER 2016\DOCUMENTS\KENNYNEUTRON\2019\HUB12\20190717_MODULESB2_GPU\MODULEGPU.ASM 579 : Register in operand not in bank 0.  Ensure that bank bits are correct.
Message[302] C:\USERS\GERPE\ONEDRIVE\GER-PER 2016\DOCUMENTS\KENNYNEUTRON\2019\HUB12\20190717_MODULESB2_GPU\MODULEGPU.ASM 585 : Register in operand not in bank 0.  Ensure that bank bits are correct.
Message[302] C:\USERS\GERPE\ONEDRIVE\GER-PER 2016\DOCUMENTS\KENNYNEUTRON\2019\HUB12\20190717_MODULESB2_GPU\MODULEGPU.ASM 596 : Register in operand not in bank 0.  Ensure that bank bits are correct.
Message[302] C:\USERS\GERPE\ONEDRIVE\GER-PER 2016\DOCUMENTS\KENNYNEUTRON\2019\HUB12\20190717_MODULESB2_GPU\MODULEGPU.ASM 603 : Register in operand not in bank 0.  Ensure that bank bits are correct.
Message[306] C:\USERS\GERPE\ONEDRIVE\GER-PER 2016\DOCUMENTS\KENNYNEUTRON\2019\HUB12\20190717_MODULESB2_GPU\MODULEGPU.ASM 612 : Crossing page boundary -- ensure page bits are set.
Message[302] C:\USERS\GERPE\ONEDRIVE\GER-PER 2016\DOCUMENTS\KENNYNEUTRON\2019\HUB12\20190717_MODULESB2_GPU\MODULEGPU.ASM 622 : Register in operand not in bank 0.  Ensure that bank bits are correct.
Message[302] C:\USERS\GERPE\ONEDRIVE\GER-PER 2016\DOCUMENTS\KENNYNEUTRON\2019\HUB12\20190717_MODULESB2_GPU\MODULEGPU.ASM 627 : Register in operand not in bank 0.  Ensure that bank bits are correct.
Message[306] C:\USERS\GERPE\ONEDRIVE\GER-PER 2016\DOCUMENTS\KENNYNEUTRON\2019\HUB12\20190717_MODULESB2_GPU\MODULEGPU.ASM 637 : Crossing page boundary -- ensure page bits are set.
Warning[203] C:\USERS\GERPE\ONEDRIVE\GER-PER 2016\DOCUMENTS\KENNYNEUTRON\2019\HUB12\20190717_MODULESB2_GPU\MODULEGPU.ASM 646 : Found opcode in column 1. (RETURN)
Warning[203] C:\USERS\GERPE\ONEDRIVE\GER-PER 2016\DOCUMENTS\KENNYNEUTRON\2019\HUB12\20190717_MODULESB2_GPU\MODULEGPU.ASM 682 : Found opcode in column 1. (RETURN)
Message[302] C:\USERS\GERPE\ONEDRIVE\GER-PER 2016\DOCUMENTS\KENNYNEUTRON\2019\HUB12\20190717_MODULESB2_GPU\MODULEGPU.ASM 690 : Register in operand not in bank 0.  Ensure that bank bits are correct.
Warning[203] C:\USERS\GERPE\ONEDRIVE\GER-PER 2016\DOCUMENTS\KENNYNEUTRON\2019\HUB12\20190717_MODULESB2_GPU\MODULEGPU.ASM 697 : Found opcode in column 1. (RETURN)
Message[302] C:\USERS\GERPE\ONEDRIVE\GER-PER 2016\DOCUMENTS\KENNYNEUTRON\2019\HUB12\20190717_MODULESB2_GPU\MODULEGPU.ASM 701 : Register in operand not in bank 0.  Ensure that bank bits are correct.
Warning[203] C:\USERS\GERPE\ONEDRIVE\GER-PER 2016\DOCUMENTS\KENNYNEUTRON\2019\HUB12\20190717_MODULESB2_GPU\MODULEGPU.ASM 708 : Found opcode in column 1. (RETURN)
Message[302] C:\USERS\GERPE\ONEDRIVE\GER-PER 2016\DOCUMENTS\KENNYNEUTRON\2019\HUB12\20190717_MODULESB2_GPU\MODULEGPU.ASM 712 : Register in operand not in bank 0.  Ensure that bank bits are correct.
Warning[203] C:\USERS\GERPE\ONEDRIVE\GER-PER 2016\DOCUMENTS\KENNYNEUTRON\2019\HUB12\20190717_MODULESB2_GPU\MODULEGPU.ASM 719 : Found opcode in column 1. (RETURN)
Message[302] C:\USERS\GERPE\ONEDRIVE\GER-PER 2016\DOCUMENTS\KENNYNEUTRON\2019\HUB12\20190717_MODULESB2_GPU\MODULEGPU.ASM 724 : Register in operand not in bank 0.  Ensure that bank bits are correct.
Warning[203] C:\USERS\GERPE\ONEDRIVE\GER-PER 2016\DOCUMENTS\KENNYNEUTRON\2019\HUB12\20190717_MODULESB2_GPU\MODULEGPU.ASM 734 : Found opcode in column 1. (RETURN)
Message[302] C:\USERS\GERPE\ONEDRIVE\GER-PER 2016\DOCUMENTS\KENNYNEUTRON\2019\HUB12\20190717_MODULESB2_GPU\MODULEGPU.ASM 740 : Register in operand not in bank 0.  Ensure that bank bits are correct.
Warning[203] C:\USERS\GERPE\ONEDRIVE\GER-PER 2016\DOCUMENTS\KENNYNEUTRON\2019\HUB12\20190717_MODULESB2_GPU\MODULEGPU.ASM 750 : Found opcode in column 1. (RETURN)
Message[302] C:\USERS\GERPE\ONEDRIVE\GER-PER 2016\DOCUMENTS\KENNYNEUTRON\2019\HUB12\20190717_MODULESB2_GPU\MODULEGPU.ASM 755 : Register in operand not in bank 0.  Ensure that bank bits are correct.
Warning[203] C:\USERS\GERPE\ONEDRIVE\GER-PER 2016\DOCUMENTS\KENNYNEUTRON\2019\HUB12\20190717_MODULESB2_GPU\MODULEGPU.ASM 765 : Found opcode in column 1. (RETURN)
Warning[203] C:\USERS\GERPE\ONEDRIVE\GER-PER 2016\DOCUMENTS\KENNYNEUTRON\2019\HUB12\20190717_MODULESB2_GPU\MODULEGPU.ASM 818 : Found opcode in column 1. (DECFSZ)
Warning[203] C:\USERS\GERPE\ONEDRIVE\GER-PER 2016\DOCUMENTS\KENNYNEUTRON\2019\HUB12\20190717_MODULESB2_GPU\MODULEGPU.ASM 820 : Found opcode in column 1. (GOTO)
Warning[203] C:\USERS\GERPE\ONEDRIVE\GER-PER 2016\DOCUMENTS\KENNYNEUTRON\2019\HUB12\20190717_MODULESB2_GPU\MODULEGPU.ASM 822 : Found opcode in column 1. (RETURN)
Warning[203] C:\USERS\GERPE\ONEDRIVE\GER-PER 2016\DOCUMENTS\KENNYNEUTRON\2019\HUB12\20190717_MODULESB2_GPU\MODULEGPU.ASM 839 : Found opcode in column 1. (RETURN)
Warning[203] C:\USERS\GERPE\ONEDRIVE\GER-PER 2016\DOCUMENTS\KENNYNEUTRON\2019\HUB12\20190717_MODULESB2_GPU\MODULEGPU.ASM 851 : Found opcode in column 1. (RETURN)
Warning[205] C:\USERS\GERPE\ONEDRIVE\GER-PER 2016\DOCUMENTS\KENNYNEUTRON\2019\HUB12\20190717_MODULESB2_GPU\MODULEGPU.ASM 891 : Found directive in column 1. (ORG)
Warning[203] C:\USERS\GERPE\ONEDRIVE\GER-PER 2016\DOCUMENTS\KENNYNEUTRON\2019\HUB12\20190717_MODULESB2_GPU\MODULEGPU.ASM 923 : Found opcode in column 1. (GOTO)
Warning[203] C:\USERS\GERPE\ONEDRIVE\GER-PER 2016\DOCUMENTS\KENNYNEUTRON\2019\HUB12\20190717_MODULESB2_GPU\MODULEGPU.ASM 933 : Found opcode in column 1. (GOTO)
Warning[203] C:\USERS\GERPE\ONEDRIVE\GER-PER 2016\DOCUMENTS\KENNYNEUTRON\2019\HUB12\20190717_MODULESB2_GPU\MODULEGPU.ASM 941 : Found opcode in column 1. (GOTO)
Warning[203] C:\USERS\GERPE\ONEDRIVE\GER-PER 2016\DOCUMENTS\KENNYNEUTRON\2019\HUB12\20190717_MODULESB2_GPU\MODULEGPU.ASM 950 : Found opcode in column 1. (GOTO)
Warning[203] C:\USERS\GERPE\ONEDRIVE\GER-PER 2016\DOCUMENTS\KENNYNEUTRON\2019\HUB12\20190717_MODULESB2_GPU\MODULEGPU.ASM 958 : Found opcode in column 1. (GOTO)
Warning[203] C:\USERS\GERPE\ONEDRIVE\GER-PER 2016\DOCUMENTS\KENNYNEUTRON\2019\HUB12\20190717_MODULESB2_GPU\MODULEGPU.ASM 967 : Found opcode in column 1. (GOTO)
Warning[207] C:\USERS\GERPE\ONEDRIVE\GER-PER 2016\DOCUMENTS\KENNYNEUTRON\2019\HUB12\20190717_MODULESB2_GPU\MODULEGPU.ASM 1005 : Found label after column 1. (F0LN11)
Message[305] C:\USERS\GERPE\ONEDRIVE\GER-PER 2016\DOCUMENTS\KENNYNEUTRON\2019\HUB12\20190717_MODULESB2_GPU\MODULEGPU.ASM 1011 : Using default destination of 1 (file).
Message[305] C:\USERS\GERPE\ONEDRIVE\GER-PER 2016\DOCUMENTS\KENNYNEUTRON\2019\HUB12\20190717_MODULESB2_GPU\MODULEGPU.ASM 1012 : Using default destination of 1 (file).
Message[305] C:\USERS\GERPE\ONEDRIVE\GER-PER 2016\DOCUMENTS\KENNYNEUTRON\2019\HUB12\20190717_MODULESB2_GPU\MODULEGPU.ASM 1013 : Using default destination of 1 (file).
Warning[203] C:\USERS\GERPE\ONEDRIVE\GER-PER 2016\DOCUMENTS\KENNYNEUTRON\2019\HUB12\20190717_MODULESB2_GPU\MODULEGPU.ASM 1015 : Found opcode in column 1. (RETURN)
Warning[207] C:\USERS\GERPE\ONEDRIVE\GER-PER 2016\DOCUMENTS\KENNYNEUTRON\2019\HUB12\20190717_MODULESB2_GPU\MODULEGPU.ASM 1028 : Found label after column 1. (F0LN01)
Message[305] C:\USERS\GERPE\ONEDRIVE\GER-PER 2016\DOCUMENTS\KENNYNEUTRON\2019\HUB12\20190717_MODULESB2_GPU\MODULEGPU.ASM 1034 : Using default destination of 1 (file).
Message[305] C:\USERS\GERPE\ONEDRIVE\GER-PER 2016\DOCUMENTS\KENNYNEUTRON\2019\HUB12\20190717_MODULESB2_GPU\MODULEGPU.ASM 1035 : Using default destination of 1 (file).
Message[305] C:\USERS\GERPE\ONEDRIVE\GER-PER 2016\DOCUMENTS\KENNYNEUTRON\2019\HUB12\20190717_MODULESB2_GPU\MODULEGPU.ASM 1036 : Using default destination of 1 (file).
Warning[203] C:\USERS\GERPE\ONEDRIVE\GER-PER 2016\DOCUMENTS\KENNYNEUTRON\2019\HUB12\20190717_MODULESB2_GPU\MODULEGPU.ASM 1039 : Found opcode in column 1. (RETURN)
Warning[207] C:\USERS\GERPE\ONEDRIVE\GER-PER 2016\DOCUMENTS\KENNYNEUTRON\2019\HUB12\20190717_MODULESB2_GPU\MODULEGPU.ASM 1052 : Found label after column 1. (F0LN10)
Message[305] C:\USERS\GERPE\ONEDRIVE\GER-PER 2016\DOCUMENTS\KENNYNEUTRON\2019\HUB12\20190717_MODULESB2_GPU\MODULEGPU.ASM 1058 : Using default destination of 1 (file).
Message[305] C:\USERS\GERPE\ONEDRIVE\GER-PER 2016\DOCUMENTS\KENNYNEUTRON\2019\HUB12\20190717_MODULESB2_GPU\MODULEGPU.ASM 1059 : Using default destination of 1 (file).
Message[305] C:\USERS\GERPE\ONEDRIVE\GER-PER 2016\DOCUMENTS\KENNYNEUTRON\2019\HUB12\20190717_MODULESB2_GPU\MODULEGPU.ASM 1060 : Using default destination of 1 (file).
Warning[203] C:\USERS\GERPE\ONEDRIVE\GER-PER 2016\DOCUMENTS\KENNYNEUTRON\2019\HUB12\20190717_MODULESB2_GPU\MODULEGPU.ASM 1063 : Found opcode in column 1. (RETURN)
Warning[207] C:\USERS\GERPE\ONEDRIVE\GER-PER 2016\DOCUMENTS\KENNYNEUTRON\2019\HUB12\20190717_MODULESB2_GPU\MODULEGPU.ASM 1075 : Found label after column 1. (F0LN00)
Message[305] C:\USERS\GERPE\ONEDRIVE\GER-PER 2016\DOCUMENTS\KENNYNEUTRON\2019\HUB12\20190717_MODULESB2_GPU\MODULEGPU.ASM 1081 : Using default destination of 1 (file).
Message[305] C:\USERS\GERPE\ONEDRIVE\GER-PER 2016\DOCUMENTS\KENNYNEUTRON\2019\HUB12\20190717_MODULESB2_GPU\MODULEGPU.ASM 1082 : Using default destination of 1 (file).
Message[305] C:\USERS\GERPE\ONEDRIVE\GER-PER 2016\DOCUMENTS\KENNYNEUTRON\2019\HUB12\20190717_MODULESB2_GPU\MODULEGPU.ASM 1083 : Using default destination of 1 (file).
Warning[203] C:\USERS\GERPE\ONEDRIVE\GER-PER 2016\DOCUMENTS\KENNYNEUTRON\2019\HUB12\20190717_MODULESB2_GPU\MODULEGPU.ASM 1086 : Found opcode in column 1. (RETURN)
Warning[207] C:\USERS\GERPE\ONEDRIVE\GER-PER 2016\DOCUMENTS\KENNYNEUTRON\2019\HUB12\20190717_MODULESB2_GPU\MODULEGPU.ASM 1109 : Found label after column 1. (F1LN11)
Message[305] C:\USERS\GERPE\ONEDRIVE\GER-PER 2016\DOCUMENTS\KENNYNEUTRON\2019\HUB12\20190717_MODULESB2_GPU\MODULEGPU.ASM 1115 : Using default destination of 1 (file).
Message[305] C:\USERS\GERPE\ONEDRIVE\GER-PER 2016\DOCUMENTS\KENNYNEUTRON\2019\HUB12\20190717_MODULESB2_GPU\MODULEGPU.ASM 1116 : Using default destination of 1 (file).
Message[305] C:\USERS\GERPE\ONEDRIVE\GER-PER 2016\DOCUMENTS\KENNYNEUTRON\2019\HUB12\20190717_MODULESB2_GPU\MODULEGPU.ASM 1117 : Using default destination of 1 (file).
Warning[207] C:\USERS\GERPE\ONEDRIVE\GER-PER 2016\DOCUMENTS\KENNYNEUTRON\2019\HUB12\20190717_MODULESB2_GPU\MODULEGPU.ASM 1128 : Found label after column 1. (F1LN112)
Message[305] C:\USERS\GERPE\ONEDRIVE\GER-PER 2016\DOCUMENTS\KENNYNEUTRON\2019\HUB12\20190717_MODULESB2_GPU\MODULEGPU.ASM 1133 : Using default destination of 1 (file).
Message[305] C:\USERS\GERPE\ONEDRIVE\GER-PER 2016\DOCUMENTS\KENNYNEUTRON\2019\HUB12\20190717_MODULESB2_GPU\MODULEGPU.ASM 1134 : Using default destination of 1 (file).
Message[305] C:\USERS\GERPE\ONEDRIVE\GER-PER 2016\DOCUMENTS\KENNYNEUTRON\2019\HUB12\20190717_MODULESB2_GPU\MODULEGPU.ASM 1135 : Using default destination of 1 (file).
Warning[203] C:\USERS\GERPE\ONEDRIVE\GER-PER 2016\DOCUMENTS\KENNYNEUTRON\2019\HUB12\20190717_MODULESB2_GPU\MODULEGPU.ASM 1137 : Found opcode in column 1. (RETURN)
Warning[207] C:\USERS\GERPE\ONEDRIVE\GER-PER 2016\DOCUMENTS\KENNYNEUTRON\2019\HUB12\20190717_MODULESB2_GPU\MODULEGPU.ASM 1148 : Found label after column 1. (F1LN01)
Message[305] C:\USERS\GERPE\ONEDRIVE\GER-PER 2016\DOCUMENTS\KENNYNEUTRON\2019\HUB12\20190717_MODULESB2_GPU\MODULEGPU.ASM 1154 : Using default destination of 1 (file).
Message[305] C:\USERS\GERPE\ONEDRIVE\GER-PER 2016\DOCUMENTS\KENNYNEUTRON\2019\HUB12\20190717_MODULESB2_GPU\MODULEGPU.ASM 1155 : Using default destination of 1 (file).
Message[305] C:\USERS\GERPE\ONEDRIVE\GER-PER 2016\DOCUMENTS\KENNYNEUTRON\2019\HUB12\20190717_MODULESB2_GPU\MODULEGPU.ASM 1156 : Using default destination of 1 (file).
Warning[207] C:\USERS\GERPE\ONEDRIVE\GER-PER 2016\DOCUMENTS\KENNYNEUTRON\2019\HUB12\20190717_MODULESB2_GPU\MODULEGPU.ASM 1168 : Found label after column 1. (F1LN012)
Message[305] C:\USERS\GERPE\ONEDRIVE\GER-PER 2016\DOCUMENTS\KENNYNEUTRON\2019\HUB12\20190717_MODULESB2_GPU\MODULEGPU.ASM 1173 : Using default destination of 1 (file).
Message[305] C:\USERS\GERPE\ONEDRIVE\GER-PER 2016\DOCUMENTS\KENNYNEUTRON\2019\HUB12\20190717_MODULESB2_GPU\MODULEGPU.ASM 1174 : Using default destination of 1 (file).
Message[305] C:\USERS\GERPE\ONEDRIVE\GER-PER 2016\DOCUMENTS\KENNYNEUTRON\2019\HUB12\20190717_MODULESB2_GPU\MODULEGPU.ASM 1175 : Using default destination of 1 (file).
Warning[203] C:\USERS\GERPE\ONEDRIVE\GER-PER 2016\DOCUMENTS\KENNYNEUTRON\2019\HUB12\20190717_MODULESB2_GPU\MODULEGPU.ASM 1179 : Found opcode in column 1. (RETURN)
Warning[207] C:\USERS\GERPE\ONEDRIVE\GER-PER 2016\DOCUMENTS\KENNYNEUTRON\2019\HUB12\20190717_MODULESB2_GPU\MODULEGPU.ASM 1190 : Found label after column 1. (F1LN10)
Message[305] C:\USERS\GERPE\ONEDRIVE\GER-PER 2016\DOCUMENTS\KENNYNEUTRON\2019\HUB12\20190717_MODULESB2_GPU\MODULEGPU.ASM 1196 : Using default destination of 1 (file).
Message[305] C:\USERS\GERPE\ONEDRIVE\GER-PER 2016\DOCUMENTS\KENNYNEUTRON\2019\HUB12\20190717_MODULESB2_GPU\MODULEGPU.ASM 1197 : Using default destination of 1 (file).
Message[305] C:\USERS\GERPE\ONEDRIVE\GER-PER 2016\DOCUMENTS\KENNYNEUTRON\2019\HUB12\20190717_MODULESB2_GPU\MODULEGPU.ASM 1198 : Using default destination of 1 (file).
Warning[207] C:\USERS\GERPE\ONEDRIVE\GER-PER 2016\DOCUMENTS\KENNYNEUTRON\2019\HUB12\20190717_MODULESB2_GPU\MODULEGPU.ASM 1209 : Found label after column 1. (F1LN102)
Message[305] C:\USERS\GERPE\ONEDRIVE\GER-PER 2016\DOCUMENTS\KENNYNEUTRON\2019\HUB12\20190717_MODULESB2_GPU\MODULEGPU.ASM 1214 : Using default destination of 1 (file).
Message[305] C:\USERS\GERPE\ONEDRIVE\GER-PER 2016\DOCUMENTS\KENNYNEUTRON\2019\HUB12\20190717_MODULESB2_GPU\MODULEGPU.ASM 1215 : Using default destination of 1 (file).
Message[305] C:\USERS\GERPE\ONEDRIVE\GER-PER 2016\DOCUMENTS\KENNYNEUTRON\2019\HUB12\20190717_MODULESB2_GPU\MODULEGPU.ASM 1216 : Using default destination of 1 (file).
Warning[203] C:\USERS\GERPE\ONEDRIVE\GER-PER 2016\DOCUMENTS\KENNYNEUTRON\2019\HUB12\20190717_MODULESB2_GPU\MODULEGPU.ASM 1219 : Found opcode in column 1. (RETURN)
Warning[207] C:\USERS\GERPE\ONEDRIVE\GER-PER 2016\DOCUMENTS\KENNYNEUTRON\2019\HUB12\20190717_MODULESB2_GPU\MODULEGPU.ASM 1230 : Found label after column 1. (F1LN00)
Message[305] C:\USERS\GERPE\ONEDRIVE\GER-PER 2016\DOCUMENTS\KENNYNEUTRON\2019\HUB12\20190717_MODULESB2_GPU\MODULEGPU.ASM 1235 : Using default destination of 1 (file).
Message[305] C:\USERS\GERPE\ONEDRIVE\GER-PER 2016\DOCUMENTS\KENNYNEUTRON\2019\HUB12\20190717_MODULESB2_GPU\MODULEGPU.ASM 1236 : Using default destination of 1 (file).
Message[305] C:\USERS\GERPE\ONEDRIVE\GER-PER 2016\DOCUMENTS\KENNYNEUTRON\2019\HUB12\20190717_MODULESB2_GPU\MODULEGPU.ASM 1237 : Using default destination of 1 (file).
Warning[207] C:\USERS\GERPE\ONEDRIVE\GER-PER 2016\DOCUMENTS\KENNYNEUTRON\2019\HUB12\20190717_MODULESB2_GPU\MODULEGPU.ASM 1247 : Found label after column 1. (F1LN002)
Message[305] C:\USERS\GERPE\ONEDRIVE\GER-PER 2016\DOCUMENTS\KENNYNEUTRON\2019\HUB12\20190717_MODULESB2_GPU\MODULEGPU.ASM 1253 : Using default destination of 1 (file).
Message[305] C:\USERS\GERPE\ONEDRIVE\GER-PER 2016\DOCUMENTS\KENNYNEUTRON\2019\HUB12\20190717_MODULESB2_GPU\MODULEGPU.ASM 1254 : Using default destination of 1 (file).
Message[305] C:\USERS\GERPE\ONEDRIVE\GER-PER 2016\DOCUMENTS\KENNYNEUTRON\2019\HUB12\20190717_MODULESB2_GPU\MODULEGPU.ASM 1255 : Using default destination of 1 (file).
Warning[203] C:\USERS\GERPE\ONEDRIVE\GER-PER 2016\DOCUMENTS\KENNYNEUTRON\2019\HUB12\20190717_MODULESB2_GPU\MODULEGPU.ASM 1258 : Found opcode in column 1. (RETURN)
Warning[207] C:\USERS\GERPE\ONEDRIVE\GER-PER 2016\DOCUMENTS\KENNYNEUTRON\2019\HUB12\20190717_MODULESB2_GPU\MODULEGPU.ASM 1279 : Found label after column 1. (SHFDT0)
Message[305] C:\USERS\GERPE\ONEDRIVE\GER-PER 2016\DOCUMENTS\KENNYNEUTRON\2019\HUB12\20190717_MODULESB2_GPU\MODULEGPU.ASM 1281 : Using default destination of 1 (file).
Message[305] C:\USERS\GERPE\ONEDRIVE\GER-PER 2016\DOCUMENTS\KENNYNEUTRON\2019\HUB12\20190717_MODULESB2_GPU\MODULEGPU.ASM 1282 : Using default destination of 1 (file).
Message[305] C:\USERS\GERPE\ONEDRIVE\GER-PER 2016\DOCUMENTS\KENNYNEUTRON\2019\HUB12\20190717_MODULESB2_GPU\MODULEGPU.ASM 1287 : Using default destination of 1 (file).
Message[305] C:\USERS\GERPE\ONEDRIVE\GER-PER 2016\DOCUMENTS\KENNYNEUTRON\2019\HUB12\20190717_MODULESB2_GPU\MODULEGPU.ASM 1290 : Using default destination of 1 (file).
Message[305] C:\USERS\GERPE\ONEDRIVE\GER-PER 2016\DOCUMENTS\KENNYNEUTRON\2019\HUB12\20190717_MODULESB2_GPU\MODULEGPU.ASM 1293 : Using default destination of 1 (file).
Message[305] C:\USERS\GERPE\ONEDRIVE\GER-PER 2016\DOCUMENTS\KENNYNEUTRON\2019\HUB12\20190717_MODULESB2_GPU\MODULEGPU.ASM 1296 : Using default destination of 1 (file).
Message[305] C:\USERS\GERPE\ONEDRIVE\GER-PER 2016\DOCUMENTS\KENNYNEUTRON\2019\HUB12\20190717_MODULESB2_GPU\MODULEGPU.ASM 1304 : Using default destination of 1 (file).
Warning[203] C:\USERS\GERPE\ONEDRIVE\GER-PER 2016\DOCUMENTS\KENNYNEUTRON\2019\HUB12\20190717_MODULESB2_GPU\MODULEGPU.ASM 1306 : Found opcode in column 1. (RETURN)
Message[305] C:\USERS\GERPE\ONEDRIVE\GER-PER 2016\DOCUMENTS\KENNYNEUTRON\2019\HUB12\20190717_MODULESB2_GPU\MODULEGPU.ASM 1318 : Using default destination of 1 (file).
Message[305] C:\USERS\GERPE\ONEDRIVE\GER-PER 2016\DOCUMENTS\KENNYNEUTRON\2019\HUB12\20190717_MODULESB2_GPU\MODULEGPU.ASM 1325 : Using default destination of 1 (file).
Message[305] C:\USERS\GERPE\ONEDRIVE\GER-PER 2016\DOCUMENTS\KENNYNEUTRON\2019\HUB12\20190717_MODULESB2_GPU\MODULEGPU.ASM 1332 : Using default destination of 1 (file).
Message[305] C:\USERS\GERPE\ONEDRIVE\GER-PER 2016\DOCUMENTS\KENNYNEUTRON\2019\HUB12\20190717_MODULESB2_GPU\MODULEGPU.ASM 1333 : Using default destination of 1 (file).
Message[305] C:\USERS\GERPE\ONEDRIVE\GER-PER 2016\DOCUMENTS\KENNYNEUTRON\2019\HUB12\20190717_MODULESB2_GPU\MODULEGPU.ASM 1335 : Using default destination of 1 (file).
Message[305] C:\USERS\GERPE\ONEDRIVE\GER-PER 2016\DOCUMENTS\KENNYNEUTRON\2019\HUB12\20190717_MODULESB2_GPU\MODULEGPU.ASM 1342 : Using default destination of 1 (file).
Message[305] C:\USERS\GERPE\ONEDRIVE\GER-PER 2016\DOCUMENTS\KENNYNEUTRON\2019\HUB12\20190717_MODULESB2_GPU\MODULEGPU.ASM 1343 : Using default destination of 1 (file).
Message[305] C:\USERS\GERPE\ONEDRIVE\GER-PER 2016\DOCUMENTS\KENNYNEUTRON\2019\HUB12\20190717_MODULESB2_GPU\MODULEGPU.ASM 1345 : Using default destination of 1 (file).
Warning[203] C:\USERS\GERPE\ONEDRIVE\GER-PER 2016\DOCUMENTS\KENNYNEUTRON\2019\HUB12\20190717_MODULESB2_GPU\MODULEGPU.ASM 1346 : Found opcode in column 1. (GOTO)
Message[305] C:\USERS\GERPE\ONEDRIVE\GER-PER 2016\DOCUMENTS\KENNYNEUTRON\2019\HUB12\20190717_MODULESB2_GPU\MODULEGPU.ASM 1352 : Using default destination of 1 (file).
Message[305] C:\USERS\GERPE\ONEDRIVE\GER-PER 2016\DOCUMENTS\KENNYNEUTRON\2019\HUB12\20190717_MODULESB2_GPU\MODULEGPU.ASM 1353 : Using default destination of 1 (file).
Message[305] C:\USERS\GERPE\ONEDRIVE\GER-PER 2016\DOCUMENTS\KENNYNEUTRON\2019\HUB12\20190717_MODULESB2_GPU\MODULEGPU.ASM 1355 : Using default destination of 1 (file).
Warning[203] C:\USERS\GERPE\ONEDRIVE\GER-PER 2016\DOCUMENTS\KENNYNEUTRON\2019\HUB12\20190717_MODULESB2_GPU\MODULEGPU.ASM 1356 : Found opcode in column 1. (GOTO)
Warning[203] C:\USERS\GERPE\ONEDRIVE\GER-PER 2016\DOCUMENTS\KENNYNEUTRON\2019\HUB12\20190717_MODULESB2_GPU\MODULEGPU.ASM 1364 : Found opcode in column 1. (RETURN)
Warning[205] C:\USERS\GERPE\ONEDRIVE\GER-PER 2016\DOCUMENTS\KENNYNEUTRON\2019\HUB12\20190717_MODULESB2_GPU\MODULEGPU.ASM 1388 : Found directive in column 1. (ORG)
Warning[203] C:\USERS\GERPE\ONEDRIVE\GER-PER 2016\DOCUMENTS\KENNYNEUTRON\2019\HUB12\20190717_MODULESB2_GPU\MODULEGPU.ASM 1407 : Found opcode in column 1. (NOP)
Warning[203] C:\USERS\GERPE\ONEDRIVE\GER-PER 2016\DOCUMENTS\KENNYNEUTRON\2019\HUB12\20190717_MODULESB2_GPU\MODULEGPU.ASM 1408 : Found opcode in column 1. (NOP)
Warning[203] C:\USERS\GERPE\ONEDRIVE\GER-PER 2016\DOCUMENTS\KENNYNEUTRON\2019\HUB12\20190717_MODULESB2_GPU\MODULEGPU.ASM 1409 : Found opcode in column 1. (NOP)
Warning[203] C:\USERS\GERPE\ONEDRIVE\GER-PER 2016\DOCUMENTS\KENNYNEUTRON\2019\HUB12\20190717_MODULESB2_GPU\MODULEGPU.ASM 1410 : Found opcode in column 1. (NOP)
Message[305] C:\USERS\GERPE\ONEDRIVE\GER-PER 2016\DOCUMENTS\KENNYNEUTRON\2019\HUB12\20190717_MODULESB2_GPU\MODULEGPU.ASM 1412 : Using default destination of 1 (file).
Warning[207] C:\USERS\GERPE\ONEDRIVE\GER-PER 2016\DOCUMENTS\KENNYNEUTRON\2019\HUB12\20190717_MODULESB2_GPU\MODULEGPU.ASM 1416 : Found label after column 1. (T_ZERO)
Warning[207] C:\USERS\GERPE\ONEDRIVE\GER-PER 2016\DOCUMENTS\KENNYNEUTRON\2019\HUB12\20190717_MODULESB2_GPU\MODULEGPU.ASM 1438 : Found label after column 1. (T_ONE)
Message[305] C:\USERS\GERPE\ONEDRIVE\GER-PER 2016\DOCUMENTS\KENNYNEUTRON\2019\HUB12\20190717_MODULESB2_GPU\MODULEGPU.ASM 1440 : Using default destination of 1 (file).
Warning[207] C:\USERS\GERPE\ONEDRIVE\GER-PER 2016\DOCUMENTS\KENNYNEUTRON\2019\HUB12\20190717_MODULESB2_GPU\MODULEGPU.ASM 1460 : Found label after column 1. (T_TWO)
Warning[207] C:\USERS\GERPE\ONEDRIVE\GER-PER 2016\DOCUMENTS\KENNYNEUTRON\2019\HUB12\20190717_MODULESB2_GPU\MODULEGPU.ASM 1482 : Found label after column 1. (T_THREE)
Message[305] C:\USERS\GERPE\ONEDRIVE\GER-PER 2016\DOCUMENTS\KENNYNEUTRON\2019\HUB12\20190717_MODULESB2_GPU\MODULEGPU.ASM 1484 : Using default destination of 1 (file).
Warning[207] C:\USERS\GERPE\ONEDRIVE\GER-PER 2016\DOCUMENTS\KENNYNEUTRON\2019\HUB12\20190717_MODULESB2_GPU\MODULEGPU.ASM 1504 : Found label after column 1. (T_FOUR)
Message[305] C:\USERS\GERPE\ONEDRIVE\GER-PER 2016\DOCUMENTS\KENNYNEUTRON\2019\HUB12\20190717_MODULESB2_GPU\MODULEGPU.ASM 1506 : Using default destination of 1 (file).
Warning[207] C:\USERS\GERPE\ONEDRIVE\GER-PER 2016\DOCUMENTS\KENNYNEUTRON\2019\HUB12\20190717_MODULESB2_GPU\MODULEGPU.ASM 1526 : Found label after column 1. (T_FIVE)
Message[305] C:\USERS\GERPE\ONEDRIVE\GER-PER 2016\DOCUMENTS\KENNYNEUTRON\2019\HUB12\20190717_MODULESB2_GPU\MODULEGPU.ASM 1528 : Using default destination of 1 (file).
Warning[205] C:\USERS\GERPE\ONEDRIVE\GER-PER 2016\DOCUMENTS\KENNYNEUTRON\2019\HUB12\20190717_MODULESB2_GPU\MODULEGPU.ASM 1550 : Found directive in column 1. (ORG)
Warning[207] C:\USERS\GERPE\ONEDRIVE\GER-PER 2016\DOCUMENTS\KENNYNEUTRON\2019\HUB12\20190717_MODULESB2_GPU\MODULEGPU.ASM 1580 : Found label after column 1. (T_SIX)
Message[305] C:\USERS\GERPE\ONEDRIVE\GER-PER 2016\DOCUMENTS\KENNYNEUTRON\2019\HUB12\20190717_MODULESB2_GPU\MODULEGPU.ASM 1582 : Using default destination of 1 (file).
Warning[207] C:\USERS\GERPE\ONEDRIVE\GER-PER 2016\DOCUMENTS\KENNYNEUTRON\2019\HUB12\20190717_MODULESB2_GPU\MODULEGPU.ASM 1603 : Found label after column 1. (T_SEVEN)
Message[305] C:\USERS\GERPE\ONEDRIVE\GER-PER 2016\DOCUMENTS\KENNYNEUTRON\2019\HUB12\20190717_MODULESB2_GPU\MODULEGPU.ASM 1605 : Using default destination of 1 (file).
Warning[207] C:\USERS\GERPE\ONEDRIVE\GER-PER 2016\DOCUMENTS\KENNYNEUTRON\2019\HUB12\20190717_MODULESB2_GPU\MODULEGPU.ASM 1625 : Found label after column 1. (T_EIGHT)
Message[305] C:\USERS\GERPE\ONEDRIVE\GER-PER 2016\DOCUMENTS\KENNYNEUTRON\2019\HUB12\20190717_MODULESB2_GPU\MODULEGPU.ASM 1627 : Using default destination of 1 (file).
Warning[207] C:\USERS\GERPE\ONEDRIVE\GER-PER 2016\DOCUMENTS\KENNYNEUTRON\2019\HUB12\20190717_MODULESB2_GPU\MODULEGPU.ASM 1647 : Found label after column 1. (T_NINE)
Message[305] C:\USERS\GERPE\ONEDRIVE\GER-PER 2016\DOCUMENTS\KENNYNEUTRON\2019\HUB12\20190717_MODULESB2_GPU\MODULEGPU.ASM 1649 : Using default destination of 1 (file).
Warning[203] C:\USERS\GERPE\ONEDRIVE\GER-PER 2016\DOCUMENTS\KENNYNEUTRON\2019\HUB12\20190717_MODULESB2_GPU\MODULEGPU.ASM 1669 : Found opcode in column 1. (RETURN)
Message[305] C:\USERS\GERPE\ONEDRIVE\GER-PER 2016\DOCUMENTS\KENNYNEUTRON\2019\HUB12\20190717_MODULESB2_GPU\MODULEGPU.ASM 1699 : Using default destination of 1 (file).
Warning[207] C:\USERS\GERPE\ONEDRIVE\GER-PER 2016\DOCUMENTS\KENNYNEUTRON\2019\HUB12\20190717_MODULESB2_GPU\MODULEGPU.ASM 1706 : Found label after column 1. (ZERO)
Warning[207] C:\USERS\GERPE\ONEDRIVE\GER-PER 2016\DOCUMENTS\KENNYNEUTRON\2019\HUB12\20190717_MODULESB2_GPU\MODULEGPU.ASM 1730 : Found label after column 1. (ONE)
Warning[207] C:\USERS\GERPE\ONEDRIVE\GER-PER 2016\DOCUMENTS\KENNYNEUTRON\2019\HUB12\20190717_MODULESB2_GPU\MODULEGPU.ASM 1753 : Found label after column 1. (TWO)
Warning[207] C:\USERS\GERPE\ONEDRIVE\GER-PER 2016\DOCUMENTS\KENNYNEUTRON\2019\HUB12\20190717_MODULESB2_GPU\MODULEGPU.ASM 1781 : Found label after column 1. (THREE)
Warning[205] C:\USERS\GERPE\ONEDRIVE\GER-PER 2016\DOCUMENTS\KENNYNEUTRON\2019\HUB12\20190717_MODULESB2_GPU\MODULEGPU.ASM 1803 : Found directive in column 1. (ORG)
Warning[207] C:\USERS\GERPE\ONEDRIVE\GER-PER 2016\DOCUMENTS\KENNYNEUTRON\2019\HUB12\20190717_MODULESB2_GPU\MODULEGPU.ASM 1844 : Found label after column 1. (FOUR)
Warning[207] C:\USERS\GERPE\ONEDRIVE\GER-PER 2016\DOCUMENTS\KENNYNEUTRON\2019\HUB12\20190717_MODULESB2_GPU\MODULEGPU.ASM 1866 : Found label after column 1. (FIVE)
Warning[207] C:\USERS\GERPE\ONEDRIVE\GER-PER 2016\DOCUMENTS\KENNYNEUTRON\2019\HUB12\20190717_MODULESB2_GPU\MODULEGPU.ASM 1890 : Found label after column 1. (SIX)
Warning[207] C:\USERS\GERPE\ONEDRIVE\GER-PER 2016\DOCUMENTS\KENNYNEUTRON\2019\HUB12\20190717_MODULESB2_GPU\MODULEGPU.ASM 1912 : Found label after column 1. (SEVEN)
Warning[207] C:\USERS\GERPE\ONEDRIVE\GER-PER 2016\DOCUMENTS\KENNYNEUTRON\2019\HUB12\20190717_MODULESB2_GPU\MODULEGPU.ASM 1935 : Found label after column 1. (EIGHT)
Warning[207] C:\USERS\GERPE\ONEDRIVE\GER-PER 2016\DOCUMENTS\KENNYNEUTRON\2019\HUB12\20190717_MODULESB2_GPU\MODULEGPU.ASM 1958 : Found label after column 1. (NINE)
Warning[207] C:\USERS\GERPE\ONEDRIVE\GER-PER 2016\DOCUMENTS\KENNYNEUTRON\2019\HUB12\20190717_MODULESB2_GPU\MODULEGPU.ASM 1982 : Found label after column 1. (OT)
Warning[207] C:\USERS\GERPE\ONEDRIVE\GER-PER 2016\DOCUMENTS\KENNYNEUTRON\2019\HUB12\20190717_MODULESB2_GPU\MODULEGPU.ASM 2003 : Found label after column 1. (SCOLON)
Warning[207] C:\USERS\GERPE\ONEDRIVE\GER-PER 2016\DOCUMENTS\KENNYNEUTRON\2019\HUB12\20190717_MODULESB2_GPU\MODULEGPU.ASM 2026 : Found label after column 1. (DOT)
Warning[207] C:\USERS\GERPE\ONEDRIVE\GER-PER 2016\DOCUMENTS\KENNYNEUTRON\2019\HUB12\20190717_MODULESB2_GPU\MODULEGPU.ASM 2048 : Found label after column 1. (HOMEPOS)
Warning[207] C:\USERS\GERPE\ONEDRIVE\GER-PER 2016\DOCUMENTS\KENNYNEUTRON\2019\HUB12\20190717_MODULESB2_GPU\MODULEGPU.ASM 2071 : Found label after column 1. (GUESTPOS)
Warning[207] C:\USERS\GERPE\ONEDRIVE\GER-PER 2016\DOCUMENTS\KENNYNEUTRON\2019\HUB12\20190717_MODULESB2_GPU\MODULEGPU.ASM 2094 : Found label after column 1. (COLON)
Warning[205] C:\USERS\GERPE\ONEDRIVE\GER-PER 2016\DOCUMENTS\KENNYNEUTRON\2019\HUB12\20190717_MODULESB2_GPU\MODULEGPU.ASM 2118 : Found directive in column 1. (ORG)
Message[305] C:\USERS\GERPE\ONEDRIVE\GER-PER 2016\DOCUMENTS\KENNYNEUTRON\2019\HUB12\20190717_MODULESB2_GPU\MODULEGPU.ASM 2122 : Using default destination of 1 (file).
Message[305] C:\USERS\GERPE\ONEDRIVE\GER-PER 2016\DOCUMENTS\KENNYNEUTRON\2019\HUB12\20190717_MODULESB2_GPU\MODULEGPU.ASM 2147 : Using default destination of 1 (file).
Message[302] C:\USERS\GERPE\ONEDRIVE\GER-PER 2016\DOCUMENTS\KENNYNEUTRON\2019\HUB12\20190717_MODULESB2_GPU\MODULEGPU.ASM 2147 : Register in operand not in bank 0.  Ensure that bank bits are correct.
Message[305] C:\USERS\GERPE\ONEDRIVE\GER-PER 2016\DOCUMENTS\KENNYNEUTRON\2019\HUB12\20190717_MODULESB2_GPU\MODULEGPU.ASM 2154 : Using default destination of 1 (file).
Message[302] C:\USERS\GERPE\ONEDRIVE\GER-PER 2016\DOCUMENTS\KENNYNEUTRON\2019\HUB12\20190717_MODULESB2_GPU\MODULEGPU.ASM 2154 : Register in operand not in bank 0.  Ensure that bank bits are correct.
Message[305] C:\USERS\GERPE\ONEDRIVE\GER-PER 2016\DOCUMENTS\KENNYNEUTRON\2019\HUB12\20190717_MODULESB2_GPU\MODULEGPU.ASM 2161 : Using default destination of 1 (file).
Message[302] C:\USERS\GERPE\ONEDRIVE\GER-PER 2016\DOCUMENTS\KENNYNEUTRON\2019\HUB12\20190717_MODULESB2_GPU\MODULEGPU.ASM 2161 : Register in operand not in bank 0.  Ensure that bank bits are correct.
Message[305] C:\USERS\GERPE\ONEDRIVE\GER-PER 2016\DOCUMENTS\KENNYNEUTRON\2019\HUB12\20190717_MODULESB2_GPU\MODULEGPU.ASM 2167 : Using default destination of 1 (file).
Message[302] C:\USERS\GERPE\ONEDRIVE\GER-PER 2016\DOCUMENTS\KENNYNEUTRON\2019\HUB12\20190717_MODULESB2_GPU\MODULEGPU.ASM 2167 : Register in operand not in bank 0.  Ensure that bank bits are correct.
Message[305] C:\USERS\GERPE\ONEDRIVE\GER-PER 2016\DOCUMENTS\KENNYNEUTRON\2019\HUB12\20190717_MODULESB2_GPU\MODULEGPU.ASM 2174 : Using default destination of 1 (file).
Message[302] C:\USERS\GERPE\ONEDRIVE\GER-PER 2016\DOCUMENTS\KENNYNEUTRON\2019\HUB12\20190717_MODULESB2_GPU\MODULEGPU.ASM 2174 : Register in operand not in bank 0.  Ensure that bank bits are correct.
Warning[203] C:\USERS\GERPE\ONEDRIVE\GER-PER 2016\DOCUMENTS\KENNYNEUTRON\2019\HUB12\20190717_MODULESB2_GPU\MODULEGPU.ASM 2183 : Found opcode in column 1. (RETURN)
Message[305] C:\USERS\GERPE\ONEDRIVE\GER-PER 2016\DOCUMENTS\KENNYNEUTRON\2019\HUB12\20190717_MODULESB2_GPU\MODULEGPU.ASM 2190 : Using default destination of 1 (file).
Message[305] C:\USERS\GERPE\ONEDRIVE\GER-PER 2016\DOCUMENTS\KENNYNEUTRON\2019\HUB12\20190717_MODULESB2_GPU\MODULEGPU.ASM 2208 : Using default destination of 1 (file).
Message[302] C:\USERS\GERPE\ONEDRIVE\GER-PER 2016\DOCUMENTS\KENNYNEUTRON\2019\HUB12\20190717_MODULESB2_GPU\MODULEGPU.ASM 2208 : Register in operand not in bank 0.  Ensure that bank bits are correct.
Message[305] C:\USERS\GERPE\ONEDRIVE\GER-PER 2016\DOCUMENTS\KENNYNEUTRON\2019\HUB12\20190717_MODULESB2_GPU\MODULEGPU.ASM 2214 : Using default destination of 1 (file).
Message[302] C:\USERS\GERPE\ONEDRIVE\GER-PER 2016\DOCUMENTS\KENNYNEUTRON\2019\HUB12\20190717_MODULESB2_GPU\MODULEGPU.ASM 2214 : Register in operand not in bank 0.  Ensure that bank bits are correct.
Warning[203] C:\USERS\GERPE\ONEDRIVE\GER-PER 2016\DOCUMENTS\KENNYNEUTRON\2019\HUB12\20190717_MODULESB2_GPU\MODULEGPU.ASM 2224 : Found opcode in column 1. (RETURN)
