Warning[205] C:\USERS\GERPE\ONEDRIVE\GER-PER 2016\DOCUMENTS\KENNYNEUTRON\2019\HUB6\MAIN PROGRAMS\HUB6GPU18F4620\20191014_HUB6GPU18F4620V1.ASM 30 : Found directive in column 1. (CONFIG)
Warning[205] C:\USERS\GERPE\ONEDRIVE\GER-PER 2016\DOCUMENTS\KENNYNEUTRON\2019\HUB6\MAIN PROGRAMS\HUB6GPU18F4620\20191014_HUB6GPU18F4620V1.ASM 31 : Found directive in column 1. (CONFIG)
Warning[205] C:\USERS\GERPE\ONEDRIVE\GER-PER 2016\DOCUMENTS\KENNYNEUTRON\2019\HUB6\MAIN PROGRAMS\HUB6GPU18F4620\20191014_HUB6GPU18F4620V1.ASM 32 : Found directive in column 1. (CONFIG)
Warning[205] C:\USERS\GERPE\ONEDRIVE\GER-PER 2016\DOCUMENTS\KENNYNEUTRON\2019\HUB6\MAIN PROGRAMS\HUB6GPU18F4620\20191014_HUB6GPU18F4620V1.ASM 33 : Found directive in column 1. (CONFIG)
Warning[205] C:\USERS\GERPE\ONEDRIVE\GER-PER 2016\DOCUMENTS\KENNYNEUTRON\2019\HUB6\MAIN PROGRAMS\HUB6GPU18F4620\20191014_HUB6GPU18F4620V1.ASM 34 : Found directive in column 1. (CONFIG)
Warning[205] C:\USERS\GERPE\ONEDRIVE\GER-PER 2016\DOCUMENTS\KENNYNEUTRON\2019\HUB6\MAIN PROGRAMS\HUB6GPU18F4620\20191014_HUB6GPU18F4620V1.ASM 35 : Found directive in column 1. (CONFIG)
Warning[205] C:\USERS\GERPE\ONEDRIVE\GER-PER 2016\DOCUMENTS\KENNYNEUTRON\2019\HUB6\MAIN PROGRAMS\HUB6GPU18F4620\20191014_HUB6GPU18F4620V1.ASM 36 : Found directive in column 1. (CONFIG)
Warning[205] C:\USERS\GERPE\ONEDRIVE\GER-PER 2016\DOCUMENTS\KENNYNEUTRON\2019\HUB6\MAIN PROGRAMS\HUB6GPU18F4620\20191014_HUB6GPU18F4620V1.ASM 37 : Found directive in column 1. (CONFIG)
Warning[205] C:\USERS\GERPE\ONEDRIVE\GER-PER 2016\DOCUMENTS\KENNYNEUTRON\2019\HUB6\MAIN PROGRAMS\HUB6GPU18F4620\20191014_HUB6GPU18F4620V1.ASM 38 : Found directive in column 1. (CONFIG)
Warning[205] C:\USERS\GERPE\ONEDRIVE\GER-PER 2016\DOCUMENTS\KENNYNEUTRON\2019\HUB6\MAIN PROGRAMS\HUB6GPU18F4620\20191014_HUB6GPU18F4620V1.ASM 39 : Found directive in column 1. (CONFIG)
Warning[205] C:\USERS\GERPE\ONEDRIVE\GER-PER 2016\DOCUMENTS\KENNYNEUTRON\2019\HUB6\MAIN PROGRAMS\HUB6GPU18F4620\20191014_HUB6GPU18F4620V1.ASM 40 : Found directive in column 1. (CONFIG)
Warning[205] C:\USERS\GERPE\ONEDRIVE\GER-PER 2016\DOCUMENTS\KENNYNEUTRON\2019\HUB6\MAIN PROGRAMS\HUB6GPU18F4620\20191014_HUB6GPU18F4620V1.ASM 41 : Found directive in column 1. (CONFIG)
Warning[205] C:\USERS\GERPE\ONEDRIVE\GER-PER 2016\DOCUMENTS\KENNYNEUTRON\2019\HUB6\MAIN PROGRAMS\HUB6GPU18F4620\20191014_HUB6GPU18F4620V1.ASM 42 : Found directive in column 1. (CONFIG)
Warning[205] C:\USERS\GERPE\ONEDRIVE\GER-PER 2016\DOCUMENTS\KENNYNEUTRON\2019\HUB6\MAIN PROGRAMS\HUB6GPU18F4620\20191014_HUB6GPU18F4620V1.ASM 45 : Found directive in column 1. (CONFIG)
Warning[203] C:\USERS\GERPE\ONEDRIVE\GER-PER 2016\DOCUMENTS\KENNYNEUTRON\2019\HUB6\MAIN PROGRAMS\HUB6GPU18F4620\20191014_HUB6GPU18F4620V1.ASM 204 : Found opcode in column 1. (CLRF)
Warning[203] C:\USERS\GERPE\ONEDRIVE\GER-PER 2016\DOCUMENTS\KENNYNEUTRON\2019\HUB6\MAIN PROGRAMS\HUB6GPU18F4620\20191014_HUB6GPU18F4620V1.ASM 207 : Found opcode in column 1. (CLRF)
Warning[203] C:\USERS\GERPE\ONEDRIVE\GER-PER 2016\DOCUMENTS\KENNYNEUTRON\2019\HUB6\MAIN PROGRAMS\HUB6GPU18F4620\20191014_HUB6GPU18F4620V1.ASM 210 : Found opcode in column 1. (MOVLW)
Warning[203] C:\USERS\GERPE\ONEDRIVE\GER-PER 2016\DOCUMENTS\KENNYNEUTRON\2019\HUB6\MAIN PROGRAMS\HUB6GPU18F4620\20191014_HUB6GPU18F4620V1.ASM 211 : Found opcode in column 1. (MOVWF)
Warning[203] C:\USERS\GERPE\ONEDRIVE\GER-PER 2016\DOCUMENTS\KENNYNEUTRON\2019\HUB6\MAIN PROGRAMS\HUB6GPU18F4620\20191014_HUB6GPU18F4620V1.ASM 212 : Found opcode in column 1. (MOVWF)
Warning[203] C:\USERS\GERPE\ONEDRIVE\GER-PER 2016\DOCUMENTS\KENNYNEUTRON\2019\HUB6\MAIN PROGRAMS\HUB6GPU18F4620\20191014_HUB6GPU18F4620V1.ASM 213 : Found opcode in column 1. (MOVWF)
Warning[203] C:\USERS\GERPE\ONEDRIVE\GER-PER 2016\DOCUMENTS\KENNYNEUTRON\2019\HUB6\MAIN PROGRAMS\HUB6GPU18F4620\20191014_HUB6GPU18F4620V1.ASM 214 : Found opcode in column 1. (MOVLW)
Warning[203] C:\USERS\GERPE\ONEDRIVE\GER-PER 2016\DOCUMENTS\KENNYNEUTRON\2019\HUB6\MAIN PROGRAMS\HUB6GPU18F4620\20191014_HUB6GPU18F4620V1.ASM 217 : Found opcode in column 1. (MOVWF)
Warning[203] C:\USERS\GERPE\ONEDRIVE\GER-PER 2016\DOCUMENTS\KENNYNEUTRON\2019\HUB6\MAIN PROGRAMS\HUB6GPU18F4620\20191014_HUB6GPU18F4620V1.ASM 223 : Found opcode in column 1. (CLRF)
Warning[203] C:\USERS\GERPE\ONEDRIVE\GER-PER 2016\DOCUMENTS\KENNYNEUTRON\2019\HUB6\MAIN PROGRAMS\HUB6GPU18F4620\20191014_HUB6GPU18F4620V1.ASM 226 : Found opcode in column 1. (CLRF)
Warning[203] C:\USERS\GERPE\ONEDRIVE\GER-PER 2016\DOCUMENTS\KENNYNEUTRON\2019\HUB6\MAIN PROGRAMS\HUB6GPU18F4620\20191014_HUB6GPU18F4620V1.ASM 229 : Found opcode in column 1. (MOVLW)
Warning[203] C:\USERS\GERPE\ONEDRIVE\GER-PER 2016\DOCUMENTS\KENNYNEUTRON\2019\HUB6\MAIN PROGRAMS\HUB6GPU18F4620\20191014_HUB6GPU18F4620V1.ASM 230 : Found opcode in column 1. (MOVWF)
Warning[203] C:\USERS\GERPE\ONEDRIVE\GER-PER 2016\DOCUMENTS\KENNYNEUTRON\2019\HUB6\MAIN PROGRAMS\HUB6GPU18F4620\20191014_HUB6GPU18F4620V1.ASM 233 : Found opcode in column 1. (MOVLW)
Warning[203] C:\USERS\GERPE\ONEDRIVE\GER-PER 2016\DOCUMENTS\KENNYNEUTRON\2019\HUB6\MAIN PROGRAMS\HUB6GPU18F4620\20191014_HUB6GPU18F4620V1.ASM 236 : Found opcode in column 1. (MOVWF)
Warning[203] C:\USERS\GERPE\ONEDRIVE\GER-PER 2016\DOCUMENTS\KENNYNEUTRON\2019\HUB6\MAIN PROGRAMS\HUB6GPU18F4620\20191014_HUB6GPU18F4620V1.ASM 242 : Found opcode in column 1. (CLRF)
Warning[203] C:\USERS\GERPE\ONEDRIVE\GER-PER 2016\DOCUMENTS\KENNYNEUTRON\2019\HUB6\MAIN PROGRAMS\HUB6GPU18F4620\20191014_HUB6GPU18F4620V1.ASM 243 : Found opcode in column 1. (CLRF)
Warning[203] C:\USERS\GERPE\ONEDRIVE\GER-PER 2016\DOCUMENTS\KENNYNEUTRON\2019\HUB6\MAIN PROGRAMS\HUB6GPU18F4620\20191014_HUB6GPU18F4620V1.ASM 244 : Found opcode in column 1. (MOVLW)
Warning[203] C:\USERS\GERPE\ONEDRIVE\GER-PER 2016\DOCUMENTS\KENNYNEUTRON\2019\HUB6\MAIN PROGRAMS\HUB6GPU18F4620\20191014_HUB6GPU18F4620V1.ASM 245 : Found opcode in column 1. (MOVWF)
Warning[203] C:\USERS\GERPE\ONEDRIVE\GER-PER 2016\DOCUMENTS\KENNYNEUTRON\2019\HUB6\MAIN PROGRAMS\HUB6GPU18F4620\20191014_HUB6GPU18F4620V1.ASM 260 : Found opcode in column 1. (CLRF)
Warning[203] C:\USERS\GERPE\ONEDRIVE\GER-PER 2016\DOCUMENTS\KENNYNEUTRON\2019\HUB6\MAIN PROGRAMS\HUB6GPU18F4620\20191014_HUB6GPU18F4620V1.ASM 263 : Found opcode in column 1. (CLRF)
Warning[203] C:\USERS\GERPE\ONEDRIVE\GER-PER 2016\DOCUMENTS\KENNYNEUTRON\2019\HUB6\MAIN PROGRAMS\HUB6GPU18F4620\20191014_HUB6GPU18F4620V1.ASM 266 : Found opcode in column 1. (MOVLW)
Warning[203] C:\USERS\GERPE\ONEDRIVE\GER-PER 2016\DOCUMENTS\KENNYNEUTRON\2019\HUB6\MAIN PROGRAMS\HUB6GPU18F4620\20191014_HUB6GPU18F4620V1.ASM 269 : Found opcode in column 1. (MOVWF)
Warning[203] C:\USERS\GERPE\ONEDRIVE\GER-PER 2016\DOCUMENTS\KENNYNEUTRON\2019\HUB6\MAIN PROGRAMS\HUB6GPU18F4620\20191014_HUB6GPU18F4620V1.ASM 275 : Found opcode in column 1. (CLRF)
Warning[203] C:\USERS\GERPE\ONEDRIVE\GER-PER 2016\DOCUMENTS\KENNYNEUTRON\2019\HUB6\MAIN PROGRAMS\HUB6GPU18F4620\20191014_HUB6GPU18F4620V1.ASM 278 : Found opcode in column 1. (CLRF)
Warning[203] C:\USERS\GERPE\ONEDRIVE\GER-PER 2016\DOCUMENTS\KENNYNEUTRON\2019\HUB6\MAIN PROGRAMS\HUB6GPU18F4620\20191014_HUB6GPU18F4620V1.ASM 281 : Found opcode in column 1. (MOVLW)
Warning[203] C:\USERS\GERPE\ONEDRIVE\GER-PER 2016\DOCUMENTS\KENNYNEUTRON\2019\HUB6\MAIN PROGRAMS\HUB6GPU18F4620\20191014_HUB6GPU18F4620V1.ASM 282 : Found opcode in column 1. (MOVWF)
Warning[203] C:\USERS\GERPE\ONEDRIVE\GER-PER 2016\DOCUMENTS\KENNYNEUTRON\2019\HUB6\MAIN PROGRAMS\HUB6GPU18F4620\20191014_HUB6GPU18F4620V1.ASM 283 : Found opcode in column 1. (MOVLW)
Warning[203] C:\USERS\GERPE\ONEDRIVE\GER-PER 2016\DOCUMENTS\KENNYNEUTRON\2019\HUB6\MAIN PROGRAMS\HUB6GPU18F4620\20191014_HUB6GPU18F4620V1.ASM 286 : Found opcode in column 1. (MOVWF)
Warning[203] C:\USERS\GERPE\ONEDRIVE\GER-PER 2016\DOCUMENTS\KENNYNEUTRON\2019\HUB6\MAIN PROGRAMS\HUB6GPU18F4620\20191014_HUB6GPU18F4620V1.ASM 299 : Found opcode in column 1. (MOVLB)
Warning[203] C:\USERS\GERPE\ONEDRIVE\GER-PER 2016\DOCUMENTS\KENNYNEUTRON\2019\HUB6\MAIN PROGRAMS\HUB6GPU18F4620\20191014_HUB6GPU18F4620V1.ASM 300 : Found opcode in column 1. (BCF)
Warning[203] C:\USERS\GERPE\ONEDRIVE\GER-PER 2016\DOCUMENTS\KENNYNEUTRON\2019\HUB6\MAIN PROGRAMS\HUB6GPU18F4620\20191014_HUB6GPU18F4620V1.ASM 301 : Found opcode in column 1. (BCF)
Warning[203] C:\USERS\GERPE\ONEDRIVE\GER-PER 2016\DOCUMENTS\KENNYNEUTRON\2019\HUB6\MAIN PROGRAMS\HUB6GPU18F4620\20191014_HUB6GPU18F4620V1.ASM 302 : Found opcode in column 1. (BCF)
Warning[203] C:\USERS\GERPE\ONEDRIVE\GER-PER 2016\DOCUMENTS\KENNYNEUTRON\2019\HUB6\MAIN PROGRAMS\HUB6GPU18F4620\20191014_HUB6GPU18F4620V1.ASM 303 : Found opcode in column 1. (BCF)
Warning[203] C:\USERS\GERPE\ONEDRIVE\GER-PER 2016\DOCUMENTS\KENNYNEUTRON\2019\HUB6\MAIN PROGRAMS\HUB6GPU18F4620\20191014_HUB6GPU18F4620V1.ASM 305 : Found opcode in column 1. (BCF)
Warning[203] C:\USERS\GERPE\ONEDRIVE\GER-PER 2016\DOCUMENTS\KENNYNEUTRON\2019\HUB6\MAIN PROGRAMS\HUB6GPU18F4620\20191014_HUB6GPU18F4620V1.ASM 307 : Found opcode in column 1. (BCF)
Warning[203] C:\USERS\GERPE\ONEDRIVE\GER-PER 2016\DOCUMENTS\KENNYNEUTRON\2019\HUB6\MAIN PROGRAMS\HUB6GPU18F4620\20191014_HUB6GPU18F4620V1.ASM 308 : Found opcode in column 1. (BSF)
Warning[203] C:\USERS\GERPE\ONEDRIVE\GER-PER 2016\DOCUMENTS\KENNYNEUTRON\2019\HUB6\MAIN PROGRAMS\HUB6GPU18F4620\20191014_HUB6GPU18F4620V1.ASM 309 : Found opcode in column 1. (BSF)
Warning[203] C:\USERS\GERPE\ONEDRIVE\GER-PER 2016\DOCUMENTS\KENNYNEUTRON\2019\HUB6\MAIN PROGRAMS\HUB6GPU18F4620\20191014_HUB6GPU18F4620V1.ASM 310 : Found opcode in column 1. (BSF)
Warning[203] C:\USERS\GERPE\ONEDRIVE\GER-PER 2016\DOCUMENTS\KENNYNEUTRON\2019\HUB6\MAIN PROGRAMS\HUB6GPU18F4620\20191014_HUB6GPU18F4620V1.ASM 311 : Found opcode in column 1. (BSF)
Warning[203] C:\USERS\GERPE\ONEDRIVE\GER-PER 2016\DOCUMENTS\KENNYNEUTRON\2019\HUB6\MAIN PROGRAMS\HUB6GPU18F4620\20191014_HUB6GPU18F4620V1.ASM 313 : Found opcode in column 1. (MOVLW)
Warning[203] C:\USERS\GERPE\ONEDRIVE\GER-PER 2016\DOCUMENTS\KENNYNEUTRON\2019\HUB6\MAIN PROGRAMS\HUB6GPU18F4620\20191014_HUB6GPU18F4620V1.ASM 314 : Found opcode in column 1. (MOVWF)
Warning[203] C:\USERS\GERPE\ONEDRIVE\GER-PER 2016\DOCUMENTS\KENNYNEUTRON\2019\HUB6\MAIN PROGRAMS\HUB6GPU18F4620\20191014_HUB6GPU18F4620V1.ASM 316 : Found opcode in column 1. (MOVLW)
Warning[203] C:\USERS\GERPE\ONEDRIVE\GER-PER 2016\DOCUMENTS\KENNYNEUTRON\2019\HUB6\MAIN PROGRAMS\HUB6GPU18F4620\20191014_HUB6GPU18F4620V1.ASM 317 : Found opcode in column 1. (MOVWF)
Warning[203] C:\USERS\GERPE\ONEDRIVE\GER-PER 2016\DOCUMENTS\KENNYNEUTRON\2019\HUB6\MAIN PROGRAMS\HUB6GPU18F4620\20191014_HUB6GPU18F4620V1.ASM 319 : Found opcode in column 1. (MOVLW)
Warning[203] C:\USERS\GERPE\ONEDRIVE\GER-PER 2016\DOCUMENTS\KENNYNEUTRON\2019\HUB6\MAIN PROGRAMS\HUB6GPU18F4620\20191014_HUB6GPU18F4620V1.ASM 320 : Found opcode in column 1. (MOVWF)
Warning[203] C:\USERS\GERPE\ONEDRIVE\GER-PER 2016\DOCUMENTS\KENNYNEUTRON\2019\HUB6\MAIN PROGRAMS\HUB6GPU18F4620\20191014_HUB6GPU18F4620V1.ASM 324 : Found opcode in column 1. (CALL)
Warning[203] C:\USERS\GERPE\ONEDRIVE\GER-PER 2016\DOCUMENTS\KENNYNEUTRON\2019\HUB6\MAIN PROGRAMS\HUB6GPU18F4620\20191014_HUB6GPU18F4620V1.ASM 326 : Found opcode in column 1. (CALL)
Warning[203] C:\USERS\GERPE\ONEDRIVE\GER-PER 2016\DOCUMENTS\KENNYNEUTRON\2019\HUB6\MAIN PROGRAMS\HUB6GPU18F4620\20191014_HUB6GPU18F4620V1.ASM 328 : Found opcode in column 1. (CALL)
Warning[203] C:\USERS\GERPE\ONEDRIVE\GER-PER 2016\DOCUMENTS\KENNYNEUTRON\2019\HUB6\MAIN PROGRAMS\HUB6GPU18F4620\20191014_HUB6GPU18F4620V1.ASM 331 : Found opcode in column 1. (CALL)
Warning[203] C:\USERS\GERPE\ONEDRIVE\GER-PER 2016\DOCUMENTS\KENNYNEUTRON\2019\HUB6\MAIN PROGRAMS\HUB6GPU18F4620\20191014_HUB6GPU18F4620V1.ASM 490 : Found opcode in column 1. (MOVLB)
Warning[203] C:\USERS\GERPE\ONEDRIVE\GER-PER 2016\DOCUMENTS\KENNYNEUTRON\2019\HUB6\MAIN PROGRAMS\HUB6GPU18F4620\20191014_HUB6GPU18F4620V1.ASM 497 : Found opcode in column 1. (CALL)
Warning[203] C:\USERS\GERPE\ONEDRIVE\GER-PER 2016\DOCUMENTS\KENNYNEUTRON\2019\HUB6\MAIN PROGRAMS\HUB6GPU18F4620\20191014_HUB6GPU18F4620V1.ASM 499 : Found opcode in column 1. (CALL)
Warning[203] C:\USERS\GERPE\ONEDRIVE\GER-PER 2016\DOCUMENTS\KENNYNEUTRON\2019\HUB6\MAIN PROGRAMS\HUB6GPU18F4620\20191014_HUB6GPU18F4620V1.ASM 501 : Found opcode in column 1. (GOTO)
Warning[203] C:\USERS\GERPE\ONEDRIVE\GER-PER 2016\DOCUMENTS\KENNYNEUTRON\2019\HUB6\MAIN PROGRAMS\HUB6GPU18F4620\20191014_HUB6GPU18F4620V1.ASM 526 : Found opcode in column 1. (GOTO)
Warning[203] C:\USERS\GERPE\ONEDRIVE\GER-PER 2016\DOCUMENTS\KENNYNEUTRON\2019\HUB6\MAIN PROGRAMS\HUB6GPU18F4620\20191014_HUB6GPU18F4620V1.ASM 562 : Found opcode in column 1. (GOTO)
Warning[203] C:\USERS\GERPE\ONEDRIVE\GER-PER 2016\DOCUMENTS\KENNYNEUTRON\2019\HUB6\MAIN PROGRAMS\HUB6GPU18F4620\20191014_HUB6GPU18F4620V1.ASM 588 : Found opcode in column 1. (CALL)
Warning[203] C:\USERS\GERPE\ONEDRIVE\GER-PER 2016\DOCUMENTS\KENNYNEUTRON\2019\HUB6\MAIN PROGRAMS\HUB6GPU18F4620\20191014_HUB6GPU18F4620V1.ASM 590 : Found opcode in column 1. (CALL)
Warning[203] C:\USERS\GERPE\ONEDRIVE\GER-PER 2016\DOCUMENTS\KENNYNEUTRON\2019\HUB6\MAIN PROGRAMS\HUB6GPU18F4620\20191014_HUB6GPU18F4620V1.ASM 592 : Found opcode in column 1. (CALL)
Warning[203] C:\USERS\GERPE\ONEDRIVE\GER-PER 2016\DOCUMENTS\KENNYNEUTRON\2019\HUB6\MAIN PROGRAMS\HUB6GPU18F4620\20191014_HUB6GPU18F4620V1.ASM 595 : Found opcode in column 1. (CALL)
Warning[203] C:\USERS\GERPE\ONEDRIVE\GER-PER 2016\DOCUMENTS\KENNYNEUTRON\2019\HUB6\MAIN PROGRAMS\HUB6GPU18F4620\20191014_HUB6GPU18F4620V1.ASM 625 : Found opcode in column 1. (RETURN)
Warning[226] C:\USERS\GERPE\ONEDRIVE\GER-PER 2016\DOCUMENTS\KENNYNEUTRON\2019\HUB6\MAIN PROGRAMS\HUB6GPU18F4620\20191014_HUB6GPU18F4620V1.ASM 642 : Destination address must be word aligned
Warning[226] C:\USERS\GERPE\ONEDRIVE\GER-PER 2016\DOCUMENTS\KENNYNEUTRON\2019\HUB6\MAIN PROGRAMS\HUB6GPU18F4620\20191014_HUB6GPU18F4620V1.ASM 646 : Destination address must be word aligned
Warning[226] C:\USERS\GERPE\ONEDRIVE\GER-PER 2016\DOCUMENTS\KENNYNEUTRON\2019\HUB6\MAIN PROGRAMS\HUB6GPU18F4620\20191014_HUB6GPU18F4620V1.ASM 667 : Destination address must be word aligned
Warning[226] C:\USERS\GERPE\ONEDRIVE\GER-PER 2016\DOCUMENTS\KENNYNEUTRON\2019\HUB6\MAIN PROGRAMS\HUB6GPU18F4620\20191014_HUB6GPU18F4620V1.ASM 676 : Destination address must be word aligned
Warning[203] C:\USERS\GERPE\ONEDRIVE\GER-PER 2016\DOCUMENTS\KENNYNEUTRON\2019\HUB6\MAIN PROGRAMS\HUB6GPU18F4620\20191014_HUB6GPU18F4620V1.ASM 683 : Found opcode in column 1. (RETURN)
Warning[203] C:\USERS\GERPE\ONEDRIVE\GER-PER 2016\DOCUMENTS\KENNYNEUTRON\2019\HUB6\MAIN PROGRAMS\HUB6GPU18F4620\20191014_HUB6GPU18F4620V1.ASM 717 : Found opcode in column 1. (RETURN)
Warning[203] C:\USERS\GERPE\ONEDRIVE\GER-PER 2016\DOCUMENTS\KENNYNEUTRON\2019\HUB6\MAIN PROGRAMS\HUB6GPU18F4620\20191014_HUB6GPU18F4620V1.ASM 732 : Found opcode in column 1. (RETURN)
Warning[203] C:\USERS\GERPE\ONEDRIVE\GER-PER 2016\DOCUMENTS\KENNYNEUTRON\2019\HUB6\MAIN PROGRAMS\HUB6GPU18F4620\20191014_HUB6GPU18F4620V1.ASM 760 : Found opcode in column 1. (RETURN)
Warning[203] C:\USERS\GERPE\ONEDRIVE\GER-PER 2016\DOCUMENTS\KENNYNEUTRON\2019\HUB6\MAIN PROGRAMS\HUB6GPU18F4620\20191014_HUB6GPU18F4620V1.ASM 839 : Found opcode in column 1. (RETURN)
Warning[203] C:\USERS\GERPE\ONEDRIVE\GER-PER 2016\DOCUMENTS\KENNYNEUTRON\2019\HUB6\MAIN PROGRAMS\HUB6GPU18F4620\20191014_HUB6GPU18F4620V1.ASM 926 : Found opcode in column 1. (RETURN)
Warning[203] C:\USERS\GERPE\ONEDRIVE\GER-PER 2016\DOCUMENTS\KENNYNEUTRON\2019\HUB6\MAIN PROGRAMS\HUB6GPU18F4620\20191014_HUB6GPU18F4620V1.ASM 976 : Found opcode in column 1. (RETURN)
Warning[203] C:\USERS\GERPE\ONEDRIVE\GER-PER 2016\DOCUMENTS\KENNYNEUTRON\2019\HUB6\MAIN PROGRAMS\HUB6GPU18F4620\20191014_HUB6GPU18F4620V1.ASM 1005 : Found opcode in column 1. (RETURN)
Warning[203] C:\USERS\GERPE\ONEDRIVE\GER-PER 2016\DOCUMENTS\KENNYNEUTRON\2019\HUB6\MAIN PROGRAMS\HUB6GPU18F4620\20191014_HUB6GPU18F4620V1.ASM 1015 : Found opcode in column 1. (RETURN)
Warning[203] C:\USERS\GERPE\ONEDRIVE\GER-PER 2016\DOCUMENTS\KENNYNEUTRON\2019\HUB6\MAIN PROGRAMS\HUB6GPU18F4620\20191014_HUB6GPU18F4620V1.ASM 1033 : Found opcode in column 1. (RETURN)
Warning[203] C:\USERS\GERPE\ONEDRIVE\GER-PER 2016\DOCUMENTS\KENNYNEUTRON\2019\HUB6\MAIN PROGRAMS\HUB6GPU18F4620\20191014_HUB6GPU18F4620V1.ASM 1058 : Found opcode in column 1. (RETURN)
Warning[203] C:\USERS\GERPE\ONEDRIVE\GER-PER 2016\DOCUMENTS\KENNYNEUTRON\2019\HUB6\MAIN PROGRAMS\HUB6GPU18F4620\20191014_HUB6GPU18F4620V1.ASM 1082 : Found opcode in column 1. (RETURN)
Warning[203] C:\USERS\GERPE\ONEDRIVE\GER-PER 2016\DOCUMENTS\KENNYNEUTRON\2019\HUB6\MAIN PROGRAMS\HUB6GPU18F4620\20191014_HUB6GPU18F4620V1.ASM 1110 : Found opcode in column 1. (RETURN)
Warning[203] C:\USERS\GERPE\ONEDRIVE\GER-PER 2016\DOCUMENTS\KENNYNEUTRON\2019\HUB6\MAIN PROGRAMS\HUB6GPU18F4620\20191014_HUB6GPU18F4620V1.ASM 1165 : Found opcode in column 1. (RETURN)
Warning[203] C:\USERS\GERPE\ONEDRIVE\GER-PER 2016\DOCUMENTS\KENNYNEUTRON\2019\HUB6\MAIN PROGRAMS\HUB6GPU18F4620\20191014_HUB6GPU18F4620V1.ASM 1268 : Found opcode in column 1. (RETURN)
Warning[203] C:\USERS\GERPE\ONEDRIVE\GER-PER 2016\DOCUMENTS\KENNYNEUTRON\2019\HUB6\MAIN PROGRAMS\HUB6GPU18F4620\20191014_HUB6GPU18F4620V1.ASM 1353 : Found opcode in column 1. (RETURN)
Warning[203] C:\USERS\GERPE\ONEDRIVE\GER-PER 2016\DOCUMENTS\KENNYNEUTRON\2019\HUB6\MAIN PROGRAMS\HUB6GPU18F4620\20191014_HUB6GPU18F4620V1.ASM 1409 : Found opcode in column 1. (RETURN)
Warning[203] C:\USERS\GERPE\ONEDRIVE\GER-PER 2016\DOCUMENTS\KENNYNEUTRON\2019\HUB6\MAIN PROGRAMS\HUB6GPU18F4620\20191014_HUB6GPU18F4620V1.ASM 1438 : Found opcode in column 1. (RETURN)
Warning[203] C:\USERS\GERPE\ONEDRIVE\GER-PER 2016\DOCUMENTS\KENNYNEUTRON\2019\HUB6\MAIN PROGRAMS\HUB6GPU18F4620\20191014_HUB6GPU18F4620V1.ASM 1705 : Found opcode in column 1. (RETURN)
Warning[203] C:\USERS\GERPE\ONEDRIVE\GER-PER 2016\DOCUMENTS\KENNYNEUTRON\2019\HUB6\MAIN PROGRAMS\HUB6GPU18F4620\20191014_HUB6GPU18F4620V1.ASM 1790 : Found opcode in column 1. (RETURN)
Warning[203] C:\USERS\GERPE\ONEDRIVE\GER-PER 2016\DOCUMENTS\KENNYNEUTRON\2019\HUB6\MAIN PROGRAMS\HUB6GPU18F4620\20191014_HUB6GPU18F4620V1.ASM 1812 : Found opcode in column 1. (RETURN)
Warning[203] C:\USERS\GERPE\ONEDRIVE\GER-PER 2016\DOCUMENTS\KENNYNEUTRON\2019\HUB6\MAIN PROGRAMS\HUB6GPU18F4620\20191014_HUB6GPU18F4620V1.ASM 1827 : Found opcode in column 1. (RETURN)
Warning[203] C:\USERS\GERPE\ONEDRIVE\GER-PER 2016\DOCUMENTS\KENNYNEUTRON\2019\HUB6\MAIN PROGRAMS\HUB6GPU18F4620\20191014_HUB6GPU18F4620V1.ASM 1915 : Found opcode in column 1. (RETURN)
Warning[203] C:\USERS\GERPE\ONEDRIVE\GER-PER 2016\DOCUMENTS\KENNYNEUTRON\2019\HUB6\MAIN PROGRAMS\HUB6GPU18F4620\20191014_HUB6GPU18F4620V1.ASM 1937 : Found opcode in column 1. (RETURN)
Warning[203] C:\USERS\GERPE\ONEDRIVE\GER-PER 2016\DOCUMENTS\KENNYNEUTRON\2019\HUB6\MAIN PROGRAMS\HUB6GPU18F4620\20191014_HUB6GPU18F4620V1.ASM 1952 : Found opcode in column 1. (RETURN)
Warning[203] C:\USERS\GERPE\ONEDRIVE\GER-PER 2016\DOCUMENTS\KENNYNEUTRON\2019\HUB6\MAIN PROGRAMS\HUB6GPU18F4620\20191014_HUB6GPU18F4620V1.ASM 1971 : Found opcode in column 1. (RETURN)
Warning[203] C:\USERS\GERPE\ONEDRIVE\GER-PER 2016\DOCUMENTS\KENNYNEUTRON\2019\HUB6\MAIN PROGRAMS\HUB6GPU18F4620\20191014_HUB6GPU18F4620V1.ASM 1985 : Found opcode in column 1. (RETURN)
Warning[203] C:\USERS\GERPE\ONEDRIVE\GER-PER 2016\DOCUMENTS\KENNYNEUTRON\2019\HUB6\MAIN PROGRAMS\HUB6GPU18F4620\20191014_HUB6GPU18F4620V1.ASM 1999 : Found opcode in column 1. (RETURN)
Warning[203] C:\USERS\GERPE\ONEDRIVE\GER-PER 2016\DOCUMENTS\KENNYNEUTRON\2019\HUB6\MAIN PROGRAMS\HUB6GPU18F4620\20191014_HUB6GPU18F4620V1.ASM 2013 : Found opcode in column 1. (RETURN)
Warning[203] C:\USERS\GERPE\ONEDRIVE\GER-PER 2016\DOCUMENTS\KENNYNEUTRON\2019\HUB6\MAIN PROGRAMS\HUB6GPU18F4620\20191014_HUB6GPU18F4620V1.ASM 2026 : Found opcode in column 1. (RETURN)
Warning[203] C:\USERS\GERPE\ONEDRIVE\GER-PER 2016\DOCUMENTS\KENNYNEUTRON\2019\HUB6\MAIN PROGRAMS\HUB6GPU18F4620\20191014_HUB6GPU18F4620V1.ASM 2040 : Found opcode in column 1. (RETURN)
Warning[203] C:\USERS\GERPE\ONEDRIVE\GER-PER 2016\DOCUMENTS\KENNYNEUTRON\2019\HUB6\MAIN PROGRAMS\HUB6GPU18F4620\20191014_HUB6GPU18F4620V1.ASM 2055 : Found opcode in column 1. (RETURN)
Warning[203] C:\USERS\GERPE\ONEDRIVE\GER-PER 2016\DOCUMENTS\KENNYNEUTRON\2019\HUB6\MAIN PROGRAMS\HUB6GPU18F4620\20191014_HUB6GPU18F4620V1.ASM 2069 : Found opcode in column 1. (RETURN)
Warning[203] C:\USERS\GERPE\ONEDRIVE\GER-PER 2016\DOCUMENTS\KENNYNEUTRON\2019\HUB6\MAIN PROGRAMS\HUB6GPU18F4620\20191014_HUB6GPU18F4620V1.ASM 2072 : Found opcode in column 1. (RETURN)
Warning[205] C:\USERS\GERPE\ONEDRIVE\GER-PER 2016\DOCUMENTS\KENNYNEUTRON\2019\HUB6\MAIN PROGRAMS\HUB6GPU18F4620\20191014_HUB6GPU18F4620V1.ASM 2075 : Found directive in column 1. (ORG)
Warning[205] C:\USERS\GERPE\ONEDRIVE\GER-PER 2016\DOCUMENTS\KENNYNEUTRON\2019\HUB6\MAIN PROGRAMS\HUB6GPU18F4620\20191014_HUB6GPU18F4620V1.ASM 2203 : Found directive in column 1. (ORG)
Warning[205] C:\USERS\GERPE\ONEDRIVE\GER-PER 2016\DOCUMENTS\KENNYNEUTRON\2019\HUB6\MAIN PROGRAMS\HUB6GPU18F4620\20191014_HUB6GPU18F4620V1.ASM 2332 : Found directive in column 1. (ORG)
Warning[203] C:\USERS\GERPE\ONEDRIVE\GER-PER 2016\DOCUMENTS\KENNYNEUTRON\2019\HUB6\MAIN PROGRAMS\HUB6GPU18F4620\20191014_HUB6GPU18F4620V1.ASM 2464 : Found opcode in column 1. (RETURN)
Warning[205] C:\USERS\GERPE\ONEDRIVE\GER-PER 2016\DOCUMENTS\KENNYNEUTRON\2019\HUB6\MAIN PROGRAMS\HUB6GPU18F4620\20191014_HUB6GPU18F4620V1.ASM 2470 : Found directive in column 1. (ORG)
Warning[203] C:\USERS\GERPE\ONEDRIVE\GER-PER 2016\DOCUMENTS\KENNYNEUTRON\2019\HUB6\MAIN PROGRAMS\HUB6GPU18F4620\20191014_HUB6GPU18F4620V1.ASM 2605 : Found opcode in column 1. (RETURN)
Warning[205] C:\USERS\GERPE\ONEDRIVE\GER-PER 2016\DOCUMENTS\KENNYNEUTRON\2019\HUB6\MAIN PROGRAMS\HUB6GPU18F4620\20191014_HUB6GPU18F4620V1.ASM 2617 : Found directive in column 1. (ORG)
Warning[205] C:\USERS\GERPE\ONEDRIVE\GER-PER 2016\DOCUMENTS\KENNYNEUTRON\2019\HUB6\MAIN PROGRAMS\HUB6GPU18F4620\20191014_HUB6GPU18F4620V1.ASM 2682 : Found directive in column 1. (ORG)
Warning[205] C:\USERS\GERPE\ONEDRIVE\GER-PER 2016\DOCUMENTS\KENNYNEUTRON\2019\HUB6\MAIN PROGRAMS\HUB6GPU18F4620\20191014_HUB6GPU18F4620V1.ASM 2749 : Found directive in column 1. (ORG)
Warning[205] C:\USERS\GERPE\ONEDRIVE\GER-PER 2016\DOCUMENTS\KENNYNEUTRON\2019\HUB6\MAIN PROGRAMS\HUB6GPU18F4620\20191014_HUB6GPU18F4620V1.ASM 2816 : Found directive in column 1. (ORG)
Warning[205] C:\USERS\GERPE\ONEDRIVE\GER-PER 2016\DOCUMENTS\KENNYNEUTRON\2019\HUB6\MAIN PROGRAMS\HUB6GPU18F4620\20191014_HUB6GPU18F4620V1.ASM 2886 : Found directive in column 1. (ORG)
Warning[205] C:\USERS\GERPE\ONEDRIVE\GER-PER 2016\DOCUMENTS\KENNYNEUTRON\2019\HUB6\MAIN PROGRAMS\HUB6GPU18F4620\20191014_HUB6GPU18F4620V1.ASM 2955 : Found directive in column 1. (ORG)
Warning[205] C:\USERS\GERPE\ONEDRIVE\GER-PER 2016\DOCUMENTS\KENNYNEUTRON\2019\HUB6\MAIN PROGRAMS\HUB6GPU18F4620\20191014_HUB6GPU18F4620V1.ASM 3025 : Found directive in column 1. (ORG)
Warning[205] C:\USERS\GERPE\ONEDRIVE\GER-PER 2016\DOCUMENTS\KENNYNEUTRON\2019\HUB6\MAIN PROGRAMS\HUB6GPU18F4620\20191014_HUB6GPU18F4620V1.ASM 3094 : Found directive in column 1. (ORG)
Warning[205] C:\USERS\GERPE\ONEDRIVE\GER-PER 2016\DOCUMENTS\KENNYNEUTRON\2019\HUB6\MAIN PROGRAMS\HUB6GPU18F4620\20191014_HUB6GPU18F4620V1.ASM 3164 : Found directive in column 1. (ORG)
Warning[205] C:\USERS\GERPE\ONEDRIVE\GER-PER 2016\DOCUMENTS\KENNYNEUTRON\2019\HUB6\MAIN PROGRAMS\HUB6GPU18F4620\20191014_HUB6GPU18F4620V1.ASM 3233 : Found directive in column 1. (ORG)
Warning[205] C:\USERS\GERPE\ONEDRIVE\GER-PER 2016\DOCUMENTS\KENNYNEUTRON\2019\HUB6\MAIN PROGRAMS\HUB6GPU18F4620\20191014_HUB6GPU18F4620V1.ASM 3303 : Found directive in column 1. (ORG)
Warning[205] C:\USERS\GERPE\ONEDRIVE\GER-PER 2016\DOCUMENTS\KENNYNEUTRON\2019\HUB6\MAIN PROGRAMS\HUB6GPU18F4620\20191014_HUB6GPU18F4620V1.ASM 3372 : Found directive in column 1. (ORG)
Warning[205] C:\USERS\GERPE\ONEDRIVE\GER-PER 2016\DOCUMENTS\KENNYNEUTRON\2019\HUB6\MAIN PROGRAMS\HUB6GPU18F4620\20191014_HUB6GPU18F4620V1.ASM 3444 : Found directive in column 1. (ORG)
Warning[205] C:\USERS\GERPE\ONEDRIVE\GER-PER 2016\DOCUMENTS\KENNYNEUTRON\2019\HUB6\MAIN PROGRAMS\HUB6GPU18F4620\20191014_HUB6GPU18F4620V1.ASM 3511 : Found directive in column 1. (ORG)
Warning[205] C:\USERS\GERPE\ONEDRIVE\GER-PER 2016\DOCUMENTS\KENNYNEUTRON\2019\HUB6\MAIN PROGRAMS\HUB6GPU18F4620\20191014_HUB6GPU18F4620V1.ASM 3580 : Found directive in column 1. (ORG)
Warning[205] C:\USERS\GERPE\ONEDRIVE\GER-PER 2016\DOCUMENTS\KENNYNEUTRON\2019\HUB6\MAIN PROGRAMS\HUB6GPU18F4620\20191014_HUB6GPU18F4620V1.ASM 3650 : Found directive in column 1. (ORG)
Warning[205] C:\USERS\GERPE\ONEDRIVE\GER-PER 2016\DOCUMENTS\KENNYNEUTRON\2019\HUB6\MAIN PROGRAMS\HUB6GPU18F4620\20191014_HUB6GPU18F4620V1.ASM 3720 : Found directive in column 1. (ORG)
Warning[205] C:\USERS\GERPE\ONEDRIVE\GER-PER 2016\DOCUMENTS\KENNYNEUTRON\2019\HUB6\MAIN PROGRAMS\HUB6GPU18F4620\20191014_HUB6GPU18F4620V1.ASM 3790 : Found directive in column 1. (ORG)
Warning[205] C:\USERS\GERPE\ONEDRIVE\GER-PER 2016\DOCUMENTS\KENNYNEUTRON\2019\HUB6\MAIN PROGRAMS\HUB6GPU18F4620\20191014_HUB6GPU18F4620V1.ASM 3860 : Found directive in column 1. (ORG)
Warning[205] C:\USERS\GERPE\ONEDRIVE\GER-PER 2016\DOCUMENTS\KENNYNEUTRON\2019\HUB6\MAIN PROGRAMS\HUB6GPU18F4620\20191014_HUB6GPU18F4620V1.ASM 3929 : Found directive in column 1. (ORG)
Warning[205] C:\USERS\GERPE\ONEDRIVE\GER-PER 2016\DOCUMENTS\KENNYNEUTRON\2019\HUB6\MAIN PROGRAMS\HUB6GPU18F4620\20191014_HUB6GPU18F4620V1.ASM 3999 : Found directive in column 1. (ORG)
Warning[205] C:\USERS\GERPE\ONEDRIVE\GER-PER 2016\DOCUMENTS\KENNYNEUTRON\2019\HUB6\MAIN PROGRAMS\HUB6GPU18F4620\20191014_HUB6GPU18F4620V1.ASM 4067 : Found directive in column 1. (ORG)
Warning[205] C:\USERS\GERPE\ONEDRIVE\GER-PER 2016\DOCUMENTS\KENNYNEUTRON\2019\HUB6\MAIN PROGRAMS\HUB6GPU18F4620\20191014_HUB6GPU18F4620V1.ASM 4136 : Found directive in column 1. (ORG)
Warning[205] C:\USERS\GERPE\ONEDRIVE\GER-PER 2016\DOCUMENTS\KENNYNEUTRON\2019\HUB6\MAIN PROGRAMS\HUB6GPU18F4620\20191014_HUB6GPU18F4620V1.ASM 4205 : Found directive in column 1. (ORG)
Warning[205] C:\USERS\GERPE\ONEDRIVE\GER-PER 2016\DOCUMENTS\KENNYNEUTRON\2019\HUB6\MAIN PROGRAMS\HUB6GPU18F4620\20191014_HUB6GPU18F4620V1.ASM 4275 : Found directive in column 1. (ORG)
Warning[205] C:\USERS\GERPE\ONEDRIVE\GER-PER 2016\DOCUMENTS\KENNYNEUTRON\2019\HUB6\MAIN PROGRAMS\HUB6GPU18F4620\20191014_HUB6GPU18F4620V1.ASM 4345 : Found directive in column 1. (ORG)
Warning[205] C:\USERS\GERPE\ONEDRIVE\GER-PER 2016\DOCUMENTS\KENNYNEUTRON\2019\HUB6\MAIN PROGRAMS\HUB6GPU18F4620\20191014_HUB6GPU18F4620V1.ASM 4418 : Found directive in column 1. (ORG)
Warning[205] C:\USERS\GERPE\ONEDRIVE\GER-PER 2016\DOCUMENTS\KENNYNEUTRON\2019\HUB6\MAIN PROGRAMS\HUB6GPU18F4620\20191014_HUB6GPU18F4620V1.ASM 4487 : Found directive in column 1. (ORG)
Warning[205] C:\USERS\GERPE\ONEDRIVE\GER-PER 2016\DOCUMENTS\KENNYNEUTRON\2019\HUB6\MAIN PROGRAMS\HUB6GPU18F4620\20191014_HUB6GPU18F4620V1.ASM 4554 : Found directive in column 1. (ORG)
Warning[205] C:\USERS\GERPE\ONEDRIVE\GER-PER 2016\DOCUMENTS\KENNYNEUTRON\2019\HUB6\MAIN PROGRAMS\HUB6GPU18F4620\20191014_HUB6GPU18F4620V1.ASM 4622 : Found directive in column 1. (ORG)
Warning[205] C:\USERS\GERPE\ONEDRIVE\GER-PER 2016\DOCUMENTS\KENNYNEUTRON\2019\HUB6\MAIN PROGRAMS\HUB6GPU18F4620\20191014_HUB6GPU18F4620V1.ASM 4692 : Found directive in column 1. (ORG)
Warning[205] C:\USERS\GERPE\ONEDRIVE\GER-PER 2016\DOCUMENTS\KENNYNEUTRON\2019\HUB6\MAIN PROGRAMS\HUB6GPU18F4620\20191014_HUB6GPU18F4620V1.ASM 4762 : Found directive in column 1. (ORG)
Warning[205] C:\USERS\GERPE\ONEDRIVE\GER-PER 2016\DOCUMENTS\KENNYNEUTRON\2019\HUB6\MAIN PROGRAMS\HUB6GPU18F4620\20191014_HUB6GPU18F4620V1.ASM 4832 : Found directive in column 1. (ORG)
Warning[205] C:\USERS\GERPE\ONEDRIVE\GER-PER 2016\DOCUMENTS\KENNYNEUTRON\2019\HUB6\MAIN PROGRAMS\HUB6GPU18F4620\20191014_HUB6GPU18F4620V1.ASM 4901 : Found directive in column 1. (ORG)
Warning[205] C:\USERS\GERPE\ONEDRIVE\GER-PER 2016\DOCUMENTS\KENNYNEUTRON\2019\HUB6\MAIN PROGRAMS\HUB6GPU18F4620\20191014_HUB6GPU18F4620V1.ASM 4970 : Found directive in column 1. (ORG)
Warning[205] C:\USERS\GERPE\ONEDRIVE\GER-PER 2016\DOCUMENTS\KENNYNEUTRON\2019\HUB6\MAIN PROGRAMS\HUB6GPU18F4620\20191014_HUB6GPU18F4620V1.ASM 5038 : Found directive in column 1. (ORG)
Warning[205] C:\USERS\GERPE\ONEDRIVE\GER-PER 2016\DOCUMENTS\KENNYNEUTRON\2019\HUB6\MAIN PROGRAMS\HUB6GPU18F4620\20191014_HUB6GPU18F4620V1.ASM 5106 : Found directive in column 1. (ORG)
Warning[205] C:\USERS\GERPE\ONEDRIVE\GER-PER 2016\DOCUMENTS\KENNYNEUTRON\2019\HUB6\MAIN PROGRAMS\HUB6GPU18F4620\20191014_HUB6GPU18F4620V1.ASM 5175 : Found directive in column 1. (ORG)
Warning[205] C:\USERS\GERPE\ONEDRIVE\GER-PER 2016\DOCUMENTS\KENNYNEUTRON\2019\HUB6\MAIN PROGRAMS\HUB6GPU18F4620\20191014_HUB6GPU18F4620V1.ASM 5245 : Found directive in column 1. (ORG)
Warning[205] C:\USERS\GERPE\ONEDRIVE\GER-PER 2016\DOCUMENTS\KENNYNEUTRON\2019\HUB6\MAIN PROGRAMS\HUB6GPU18F4620\20191014_HUB6GPU18F4620V1.ASM 5313 : Found directive in column 1. (ORG)
Warning[205] C:\USERS\GERPE\ONEDRIVE\GER-PER 2016\DOCUMENTS\KENNYNEUTRON\2019\HUB6\MAIN PROGRAMS\HUB6GPU18F4620\20191014_HUB6GPU18F4620V1.ASM 5381 : Found directive in column 1. (ORG)
Warning[205] C:\USERS\GERPE\ONEDRIVE\GER-PER 2016\DOCUMENTS\KENNYNEUTRON\2019\HUB6\MAIN PROGRAMS\HUB6GPU18F4620\20191014_HUB6GPU18F4620V1.ASM 5448 : Found directive in column 1. (ORG)
Warning[205] C:\USERS\GERPE\ONEDRIVE\GER-PER 2016\DOCUMENTS\KENNYNEUTRON\2019\HUB6\MAIN PROGRAMS\HUB6GPU18F4620\20191014_HUB6GPU18F4620V1.ASM 5518 : Found directive in column 1. (ORG)
Warning[205] C:\USERS\GERPE\ONEDRIVE\GER-PER 2016\DOCUMENTS\KENNYNEUTRON\2019\HUB6\MAIN PROGRAMS\HUB6GPU18F4620\20191014_HUB6GPU18F4620V1.ASM 5587 : Found directive in column 1. (ORG)
Warning[205] C:\USERS\GERPE\ONEDRIVE\GER-PER 2016\DOCUMENTS\KENNYNEUTRON\2019\HUB6\MAIN PROGRAMS\HUB6GPU18F4620\20191014_HUB6GPU18F4620V1.ASM 5657 : Found directive in column 1. (ORG)
Warning[205] C:\USERS\GERPE\ONEDRIVE\GER-PER 2016\DOCUMENTS\KENNYNEUTRON\2019\HUB6\MAIN PROGRAMS\HUB6GPU18F4620\20191014_HUB6GPU18F4620V1.ASM 5725 : Found directive in column 1. (ORG)
Warning[205] C:\USERS\GERPE\ONEDRIVE\GER-PER 2016\DOCUMENTS\KENNYNEUTRON\2019\HUB6\MAIN PROGRAMS\HUB6GPU18F4620\20191014_HUB6GPU18F4620V1.ASM 5796 : Found directive in column 1. (ORG)
Warning[205] C:\USERS\GERPE\ONEDRIVE\GER-PER 2016\DOCUMENTS\KENNYNEUTRON\2019\HUB6\MAIN PROGRAMS\HUB6GPU18F4620\20191014_HUB6GPU18F4620V1.ASM 5866 : Found directive in column 1. (ORG)
Warning[205] C:\USERS\GERPE\ONEDRIVE\GER-PER 2016\DOCUMENTS\KENNYNEUTRON\2019\HUB6\MAIN PROGRAMS\HUB6GPU18F4620\20191014_HUB6GPU18F4620V1.ASM 5938 : Found directive in column 1. (ORG)
Warning[205] C:\USERS\GERPE\ONEDRIVE\GER-PER 2016\DOCUMENTS\KENNYNEUTRON\2019\HUB6\MAIN PROGRAMS\HUB6GPU18F4620\20191014_HUB6GPU18F4620V1.ASM 6007 : Found directive in column 1. (ORG)
Warning[205] C:\USERS\GERPE\ONEDRIVE\GER-PER 2016\DOCUMENTS\KENNYNEUTRON\2019\HUB6\MAIN PROGRAMS\HUB6GPU18F4620\20191014_HUB6GPU18F4620V1.ASM 6076 : Found directive in column 1. (ORG)
Warning[205] C:\USERS\GERPE\ONEDRIVE\GER-PER 2016\DOCUMENTS\KENNYNEUTRON\2019\HUB6\MAIN PROGRAMS\HUB6GPU18F4620\20191014_HUB6GPU18F4620V1.ASM 6145 : Found directive in column 1. (ORG)
Warning[205] C:\USERS\GERPE\ONEDRIVE\GER-PER 2016\DOCUMENTS\KENNYNEUTRON\2019\HUB6\MAIN PROGRAMS\HUB6GPU18F4620\20191014_HUB6GPU18F4620V1.ASM 6223 : Found directive in column 1. (ORG)
Warning[205] C:\USERS\GERPE\ONEDRIVE\GER-PER 2016\DOCUMENTS\KENNYNEUTRON\2019\HUB6\MAIN PROGRAMS\HUB6GPU18F4620\20191014_HUB6GPU18F4620V1.ASM 6258 : Found directive in column 1. (ORG)
Warning[205] C:\USERS\GERPE\ONEDRIVE\GER-PER 2016\DOCUMENTS\KENNYNEUTRON\2019\HUB6\MAIN PROGRAMS\HUB6GPU18F4620\20191014_HUB6GPU18F4620V1.ASM 6293 : Found directive in column 1. (ORG)
Warning[205] C:\USERS\GERPE\ONEDRIVE\GER-PER 2016\DOCUMENTS\KENNYNEUTRON\2019\HUB6\MAIN PROGRAMS\HUB6GPU18F4620\20191014_HUB6GPU18F4620V1.ASM 6328 : Found directive in column 1. (ORG)
Warning[205] C:\USERS\GERPE\ONEDRIVE\GER-PER 2016\DOCUMENTS\KENNYNEUTRON\2019\HUB6\MAIN PROGRAMS\HUB6GPU18F4620\20191014_HUB6GPU18F4620V1.ASM 6364 : Found directive in column 1. (ORG)
Warning[205] C:\USERS\GERPE\ONEDRIVE\GER-PER 2016\DOCUMENTS\KENNYNEUTRON\2019\HUB6\MAIN PROGRAMS\HUB6GPU18F4620\20191014_HUB6GPU18F4620V1.ASM 6399 : Found directive in column 1. (ORG)
Warning[205] C:\USERS\GERPE\ONEDRIVE\GER-PER 2016\DOCUMENTS\KENNYNEUTRON\2019\HUB6\MAIN PROGRAMS\HUB6GPU18F4620\20191014_HUB6GPU18F4620V1.ASM 6436 : Found directive in column 1. (ORG)
Warning[205] C:\USERS\GERPE\ONEDRIVE\GER-PER 2016\DOCUMENTS\KENNYNEUTRON\2019\HUB6\MAIN PROGRAMS\HUB6GPU18F4620\20191014_HUB6GPU18F4620V1.ASM 6471 : Found directive in column 1. (ORG)
Warning[205] C:\USERS\GERPE\ONEDRIVE\GER-PER 2016\DOCUMENTS\KENNYNEUTRON\2019\HUB6\MAIN PROGRAMS\HUB6GPU18F4620\20191014_HUB6GPU18F4620V1.ASM 6507 : Found directive in column 1. (ORG)
Warning[205] C:\USERS\GERPE\ONEDRIVE\GER-PER 2016\DOCUMENTS\KENNYNEUTRON\2019\HUB6\MAIN PROGRAMS\HUB6GPU18F4620\20191014_HUB6GPU18F4620V1.ASM 6541 : Found directive in column 1. (ORG)
Warning[205] C:\USERS\GERPE\ONEDRIVE\GER-PER 2016\DOCUMENTS\KENNYNEUTRON\2019\HUB6\MAIN PROGRAMS\HUB6GPU18F4620\20191014_HUB6GPU18F4620V1.ASM 6577 : Found directive in column 1. (ORG)
Warning[205] C:\USERS\GERPE\ONEDRIVE\GER-PER 2016\DOCUMENTS\KENNYNEUTRON\2019\HUB6\MAIN PROGRAMS\HUB6GPU18F4620\20191014_HUB6GPU18F4620V1.ASM 6610 : Found directive in column 1. (ORG)
Warning[205] C:\USERS\GERPE\ONEDRIVE\GER-PER 2016\DOCUMENTS\KENNYNEUTRON\2019\HUB6\MAIN PROGRAMS\HUB6GPU18F4620\20191014_HUB6GPU18F4620V1.ASM 6645 : Found directive in column 1. (ORG)
Warning[205] C:\USERS\GERPE\ONEDRIVE\GER-PER 2016\DOCUMENTS\KENNYNEUTRON\2019\HUB6\MAIN PROGRAMS\HUB6GPU18F4620\20191014_HUB6GPU18F4620V1.ASM 6679 : Found directive in column 1. (ORG)
Warning[205] C:\USERS\GERPE\ONEDRIVE\GER-PER 2016\DOCUMENTS\KENNYNEUTRON\2019\HUB6\MAIN PROGRAMS\HUB6GPU18F4620\20191014_HUB6GPU18F4620V1.ASM 6715 : Found directive in column 1. (ORG)
Warning[205] C:\USERS\GERPE\ONEDRIVE\GER-PER 2016\DOCUMENTS\KENNYNEUTRON\2019\HUB6\MAIN PROGRAMS\HUB6GPU18F4620\20191014_HUB6GPU18F4620V1.ASM 6749 : Found directive in column 1. (ORG)
Warning[205] C:\USERS\GERPE\ONEDRIVE\GER-PER 2016\DOCUMENTS\KENNYNEUTRON\2019\HUB6\MAIN PROGRAMS\HUB6GPU18F4620\20191014_HUB6GPU18F4620V1.ASM 6785 : Found directive in column 1. (ORG)
Warning[205] C:\USERS\GERPE\ONEDRIVE\GER-PER 2016\DOCUMENTS\KENNYNEUTRON\2019\HUB6\MAIN PROGRAMS\HUB6GPU18F4620\20191014_HUB6GPU18F4620V1.ASM 6818 : Found directive in column 1. (ORG)
Warning[205] C:\USERS\GERPE\ONEDRIVE\GER-PER 2016\DOCUMENTS\KENNYNEUTRON\2019\HUB6\MAIN PROGRAMS\HUB6GPU18F4620\20191014_HUB6GPU18F4620V1.ASM 6853 : Found directive in column 1. (ORG)
Warning[205] C:\USERS\GERPE\ONEDRIVE\GER-PER 2016\DOCUMENTS\KENNYNEUTRON\2019\HUB6\MAIN PROGRAMS\HUB6GPU18F4620\20191014_HUB6GPU18F4620V1.ASM 6886 : Found directive in column 1. (ORG)
Warning[205] C:\USERS\GERPE\ONEDRIVE\GER-PER 2016\DOCUMENTS\KENNYNEUTRON\2019\HUB6\MAIN PROGRAMS\HUB6GPU18F4620\20191014_HUB6GPU18F4620V1.ASM 6920 : Found directive in column 1. (ORG)
Warning[205] C:\USERS\GERPE\ONEDRIVE\GER-PER 2016\DOCUMENTS\KENNYNEUTRON\2019\HUB6\MAIN PROGRAMS\HUB6GPU18F4620\20191014_HUB6GPU18F4620V1.ASM 6986 : Found directive in column 1. (ORG)
Warning[205] C:\USERS\GERPE\ONEDRIVE\GER-PER 2016\DOCUMENTS\KENNYNEUTRON\2019\HUB6\MAIN PROGRAMS\HUB6GPU18F4620\20191014_HUB6GPU18F4620V1.ASM 7055 : Found directive in column 1. (ORG)
Warning[205] C:\USERS\GERPE\ONEDRIVE\GER-PER 2016\DOCUMENTS\KENNYNEUTRON\2019\HUB6\MAIN PROGRAMS\HUB6GPU18F4620\20191014_HUB6GPU18F4620V1.ASM 7121 : Found directive in column 1. (ORG)
Warning[205] C:\USERS\GERPE\ONEDRIVE\GER-PER 2016\DOCUMENTS\KENNYNEUTRON\2019\HUB6\MAIN PROGRAMS\HUB6GPU18F4620\20191014_HUB6GPU18F4620V1.ASM 7189 : Found directive in column 1. (ORG)
Warning[205] C:\USERS\GERPE\ONEDRIVE\GER-PER 2016\DOCUMENTS\KENNYNEUTRON\2019\HUB6\MAIN PROGRAMS\HUB6GPU18F4620\20191014_HUB6GPU18F4620V1.ASM 7254 : Found directive in column 1. (ORG)
Warning[205] C:\USERS\GERPE\ONEDRIVE\GER-PER 2016\DOCUMENTS\KENNYNEUTRON\2019\HUB6\MAIN PROGRAMS\HUB6GPU18F4620\20191014_HUB6GPU18F4620V1.ASM 7321 : Found directive in column 1. (ORG)
Warning[205] C:\USERS\GERPE\ONEDRIVE\GER-PER 2016\DOCUMENTS\KENNYNEUTRON\2019\HUB6\MAIN PROGRAMS\HUB6GPU18F4620\20191014_HUB6GPU18F4620V1.ASM 7388 : Found directive in column 1. (ORG)
Warning[205] C:\USERS\GERPE\ONEDRIVE\GER-PER 2016\DOCUMENTS\KENNYNEUTRON\2019\HUB6\MAIN PROGRAMS\HUB6GPU18F4620\20191014_HUB6GPU18F4620V1.ASM 7454 : Found directive in column 1. (ORG)
Warning[205] C:\USERS\GERPE\ONEDRIVE\GER-PER 2016\DOCUMENTS\KENNYNEUTRON\2019\HUB6\MAIN PROGRAMS\HUB6GPU18F4620\20191014_HUB6GPU18F4620V1.ASM 7522 : Found directive in column 1. (ORG)
Warning[205] C:\USERS\GERPE\ONEDRIVE\GER-PER 2016\DOCUMENTS\KENNYNEUTRON\2019\HUB6\MAIN PROGRAMS\HUB6GPU18F4620\20191014_HUB6GPU18F4620V1.ASM 7588 : Found directive in column 1. (ORG)
Warning[205] C:\USERS\GERPE\ONEDRIVE\GER-PER 2016\DOCUMENTS\KENNYNEUTRON\2019\HUB6\MAIN PROGRAMS\HUB6GPU18F4620\20191014_HUB6GPU18F4620V1.ASM 7656 : Found directive in column 1. (ORG)
Warning[205] C:\USERS\GERPE\ONEDRIVE\GER-PER 2016\DOCUMENTS\KENNYNEUTRON\2019\HUB6\MAIN PROGRAMS\HUB6GPU18F4620\20191014_HUB6GPU18F4620V1.ASM 7722 : Found directive in column 1. (ORG)
Warning[205] C:\USERS\GERPE\ONEDRIVE\GER-PER 2016\DOCUMENTS\KENNYNEUTRON\2019\HUB6\MAIN PROGRAMS\HUB6GPU18F4620\20191014_HUB6GPU18F4620V1.ASM 7757 : Found directive in column 1. (ORG)
Warning[205] C:\USERS\GERPE\ONEDRIVE\GER-PER 2016\DOCUMENTS\KENNYNEUTRON\2019\HUB6\MAIN PROGRAMS\HUB6GPU18F4620\20191014_HUB6GPU18F4620V1.ASM 7794 : Found directive in column 1. (ORG)
Warning[205] C:\USERS\GERPE\ONEDRIVE\GER-PER 2016\DOCUMENTS\KENNYNEUTRON\2019\HUB6\MAIN PROGRAMS\HUB6GPU18F4620\20191014_HUB6GPU18F4620V1.ASM 7925 : Found directive in column 1. (ORG)
Warning[203] C:\USERS\GERPE\ONEDRIVE\GER-PER 2016\DOCUMENTS\KENNYNEUTRON\2019\HUB6\MAIN PROGRAMS\HUB6GPU18F4620\20191014_HUB6GPU18F4620V1.ASM 7989 : Found opcode in column 1. (RETURN)
Warning[203] C:\USERS\GERPE\ONEDRIVE\GER-PER 2016\DOCUMENTS\KENNYNEUTRON\2019\HUB6\MAIN PROGRAMS\HUB6GPU18F4620\20191014_HUB6GPU18F4620V1.ASM 7996 : Found opcode in column 1. (RETURN)
Warning[203] C:\USERS\GERPE\ONEDRIVE\GER-PER 2016\DOCUMENTS\KENNYNEUTRON\2019\HUB6\MAIN PROGRAMS\HUB6GPU18F4620\20191014_HUB6GPU18F4620V1.ASM 8004 : Found opcode in column 1. (RETURN)
Warning[203] C:\USERS\GERPE\ONEDRIVE\GER-PER 2016\DOCUMENTS\KENNYNEUTRON\2019\HUB6\MAIN PROGRAMS\HUB6GPU18F4620\20191014_HUB6GPU18F4620V1.ASM 8011 : Found opcode in column 1. (RETURN)
Warning[203] C:\USERS\GERPE\ONEDRIVE\GER-PER 2016\DOCUMENTS\KENNYNEUTRON\2019\HUB6\MAIN PROGRAMS\HUB6GPU18F4620\20191014_HUB6GPU18F4620V1.ASM 8018 : Found opcode in column 1. (RETURN)
Warning[203] C:\USERS\GERPE\ONEDRIVE\GER-PER 2016\DOCUMENTS\KENNYNEUTRON\2019\HUB6\MAIN PROGRAMS\HUB6GPU18F4620\20191014_HUB6GPU18F4620V1.ASM 8038 : Found opcode in column 1. (RETURN)
Warning[203] C:\USERS\GERPE\ONEDRIVE\GER-PER 2016\DOCUMENTS\KENNYNEUTRON\2019\HUB6\MAIN PROGRAMS\HUB6GPU18F4620\20191014_HUB6GPU18F4620V1.ASM 8075 : Found opcode in column 1. (RETURN)
Warning[203] C:\USERS\GERPE\ONEDRIVE\GER-PER 2016\DOCUMENTS\KENNYNEUTRON\2019\HUB6\MAIN PROGRAMS\HUB6GPU18F4620\20191014_HUB6GPU18F4620V1.ASM 8082 : Found opcode in column 1. (RETURN)
Warning[203] C:\USERS\GERPE\ONEDRIVE\GER-PER 2016\DOCUMENTS\KENNYNEUTRON\2019\HUB6\MAIN PROGRAMS\HUB6GPU18F4620\20191014_HUB6GPU18F4620V1.ASM 8120 : Found opcode in column 1. (RETURN)
Warning[203] C:\USERS\GERPE\ONEDRIVE\GER-PER 2016\DOCUMENTS\KENNYNEUTRON\2019\HUB6\MAIN PROGRAMS\HUB6GPU18F4620\20191014_HUB6GPU18F4620V1.ASM 8146 : Found opcode in column 1. (RETURN)
Warning[205] C:\USERS\GERPE\ONEDRIVE\GER-PER 2016\DOCUMENTS\KENNYNEUTRON\2019\HUB6\MAIN PROGRAMS\HUB6GPU18F4620\20191014_HUB6GPU18F4620V1.ASM 8150 : Found directive in column 1. (END)
