Warning[205] C:\USERS\GERPE\ONEDRIVE\GER-PER 2016\DOCUMENTS\KENNYNEUTRON\HUB6\MAIN PROGRAMS\HUB6CPU16F690\20191109_HUB6CPU16F690V1.ASM 63 : Found directive in column 1. (CBLOCK)
Warning[210] C:\USERS\GERPE\ONEDRIVE\GER-PER 2016\DOCUMENTS\KENNYNEUTRON\HUB6\MAIN PROGRAMS\HUB6CPU16F690\20191109_HUB6CPU16F690V1.ASM 64 : Extra ","
Warning[205] C:\USERS\GERPE\ONEDRIVE\GER-PER 2016\DOCUMENTS\KENNYNEUTRON\HUB6\MAIN PROGRAMS\HUB6CPU16F690\20191109_HUB6CPU16F690V1.ASM 70 : Found directive in column 1. (ENDC)
Warning[205] C:\USERS\GERPE\ONEDRIVE\GER-PER 2016\DOCUMENTS\KENNYNEUTRON\HUB6\MAIN PROGRAMS\HUB6CPU16F690\20191109_HUB6CPU16F690V1.ASM 75 : Found directive in column 1. (CBLOCK)
Warning[205] C:\USERS\GERPE\ONEDRIVE\GER-PER 2016\DOCUMENTS\KENNYNEUTRON\HUB6\MAIN PROGRAMS\HUB6CPU16F690\20191109_HUB6CPU16F690V1.ASM 78 : Found directive in column 1. (ENDC)
Warning[205] C:\USERS\GERPE\ONEDRIVE\GER-PER 2016\DOCUMENTS\KENNYNEUTRON\HUB6\MAIN PROGRAMS\HUB6CPU16F690\20191109_HUB6CPU16F690V1.ASM 84 : Found directive in column 1. (CBLOCK)
Warning[205] C:\USERS\GERPE\ONEDRIVE\GER-PER 2016\DOCUMENTS\KENNYNEUTRON\HUB6\MAIN PROGRAMS\HUB6CPU16F690\20191109_HUB6CPU16F690V1.ASM 87 : Found directive in column 1. (ENDC)
Warning[205] C:\USERS\GERPE\ONEDRIVE\GER-PER 2016\DOCUMENTS\KENNYNEUTRON\HUB6\MAIN PROGRAMS\HUB6CPU16F690\20191109_HUB6CPU16F690V1.ASM 119 : Found directive in column 1. (BANKSEL)
Warning[203] C:\USERS\GERPE\ONEDRIVE\GER-PER 2016\DOCUMENTS\KENNYNEUTRON\HUB6\MAIN PROGRAMS\HUB6CPU16F690\20191109_HUB6CPU16F690V1.ASM 120 : Found opcode in column 1. (CLRW)
Warning[203] C:\USERS\GERPE\ONEDRIVE\GER-PER 2016\DOCUMENTS\KENNYNEUTRON\HUB6\MAIN PROGRAMS\HUB6CPU16F690\20191109_HUB6CPU16F690V1.ASM 121 : Found opcode in column 1. (MOVWF)
Message[302] C:\USERS\GERPE\ONEDRIVE\GER-PER 2016\DOCUMENTS\KENNYNEUTRON\HUB6\MAIN PROGRAMS\HUB6CPU16F690\20191109_HUB6CPU16F690V1.ASM 121 : Register in operand not in bank 0.  Ensure that bank bits are correct.
Warning[203] C:\USERS\GERPE\ONEDRIVE\GER-PER 2016\DOCUMENTS\KENNYNEUTRON\HUB6\MAIN PROGRAMS\HUB6CPU16F690\20191109_HUB6CPU16F690V1.ASM 122 : Found opcode in column 1. (MOVWF)
Message[302] C:\USERS\GERPE\ONEDRIVE\GER-PER 2016\DOCUMENTS\KENNYNEUTRON\HUB6\MAIN PROGRAMS\HUB6CPU16F690\20191109_HUB6CPU16F690V1.ASM 122 : Register in operand not in bank 0.  Ensure that bank bits are correct.
Warning[205] C:\USERS\GERPE\ONEDRIVE\GER-PER 2016\DOCUMENTS\KENNYNEUTRON\HUB6\MAIN PROGRAMS\HUB6CPU16F690\20191109_HUB6CPU16F690V1.ASM 126 : Found directive in column 1. (BANKSEL)
Warning[203] C:\USERS\GERPE\ONEDRIVE\GER-PER 2016\DOCUMENTS\KENNYNEUTRON\HUB6\MAIN PROGRAMS\HUB6CPU16F690\20191109_HUB6CPU16F690V1.ASM 127 : Found opcode in column 1. (MOVLW)
Warning[203] C:\USERS\GERPE\ONEDRIVE\GER-PER 2016\DOCUMENTS\KENNYNEUTRON\HUB6\MAIN PROGRAMS\HUB6CPU16F690\20191109_HUB6CPU16F690V1.ASM 128 : Found opcode in column 1. (MOVWF)
Message[302] C:\USERS\GERPE\ONEDRIVE\GER-PER 2016\DOCUMENTS\KENNYNEUTRON\HUB6\MAIN PROGRAMS\HUB6CPU16F690\20191109_HUB6CPU16F690V1.ASM 128 : Register in operand not in bank 0.  Ensure that bank bits are correct.
Message[302] C:\USERS\GERPE\ONEDRIVE\GER-PER 2016\DOCUMENTS\KENNYNEUTRON\HUB6\MAIN PROGRAMS\HUB6CPU16F690\20191109_HUB6CPU16F690V1.ASM 132 : Register in operand not in bank 0.  Ensure that bank bits are correct.
Message[302] C:\USERS\GERPE\ONEDRIVE\GER-PER 2016\DOCUMENTS\KENNYNEUTRON\HUB6\MAIN PROGRAMS\HUB6CPU16F690\20191109_HUB6CPU16F690V1.ASM 133 : Register in operand not in bank 0.  Ensure that bank bits are correct.
Message[302] C:\USERS\GERPE\ONEDRIVE\GER-PER 2016\DOCUMENTS\KENNYNEUTRON\HUB6\MAIN PROGRAMS\HUB6CPU16F690\20191109_HUB6CPU16F690V1.ASM 156 : Register in operand not in bank 0.  Ensure that bank bits are correct.
Message[302] C:\USERS\GERPE\ONEDRIVE\GER-PER 2016\DOCUMENTS\KENNYNEUTRON\HUB6\MAIN PROGRAMS\HUB6CPU16F690\20191109_HUB6CPU16F690V1.ASM 164 : Register in operand not in bank 0.  Ensure that bank bits are correct.
Message[302] C:\USERS\GERPE\ONEDRIVE\GER-PER 2016\DOCUMENTS\KENNYNEUTRON\HUB6\MAIN PROGRAMS\HUB6CPU16F690\20191109_HUB6CPU16F690V1.ASM 168 : Register in operand not in bank 0.  Ensure that bank bits are correct.
Warning[205] C:\USERS\GERPE\ONEDRIVE\GER-PER 2016\DOCUMENTS\KENNYNEUTRON\HUB6\MAIN PROGRAMS\HUB6CPU16F690\20191109_HUB6CPU16F690V1.ASM 186 : Found directive in column 1. (BANKSEL)
Warning[203] C:\USERS\GERPE\ONEDRIVE\GER-PER 2016\DOCUMENTS\KENNYNEUTRON\HUB6\MAIN PROGRAMS\HUB6CPU16F690\20191109_HUB6CPU16F690V1.ASM 187 : Found opcode in column 1. (BCF)
Warning[203] C:\USERS\GERPE\ONEDRIVE\GER-PER 2016\DOCUMENTS\KENNYNEUTRON\HUB6\MAIN PROGRAMS\HUB6CPU16F690\20191109_HUB6CPU16F690V1.ASM 206 : Found opcode in column 1. (GOTO)
Warning[203] C:\USERS\GERPE\ONEDRIVE\GER-PER 2016\DOCUMENTS\KENNYNEUTRON\HUB6\MAIN PROGRAMS\HUB6CPU16F690\20191109_HUB6CPU16F690V1.ASM 364 : Found opcode in column 1. (NOP)
Warning[203] C:\USERS\GERPE\ONEDRIVE\GER-PER 2016\DOCUMENTS\KENNYNEUTRON\HUB6\MAIN PROGRAMS\HUB6CPU16F690\20191109_HUB6CPU16F690V1.ASM 365 : Found opcode in column 1. (CLRWDT)
Warning[203] C:\USERS\GERPE\ONEDRIVE\GER-PER 2016\DOCUMENTS\KENNYNEUTRON\HUB6\MAIN PROGRAMS\HUB6CPU16F690\20191109_HUB6CPU16F690V1.ASM 366 : Found opcode in column 1. (GOTO)
Warning[203] C:\USERS\GERPE\ONEDRIVE\GER-PER 2016\DOCUMENTS\KENNYNEUTRON\HUB6\MAIN PROGRAMS\HUB6CPU16F690\20191109_HUB6CPU16F690V1.ASM 374 : Found opcode in column 1. (BSF)
Warning[203] C:\USERS\GERPE\ONEDRIVE\GER-PER 2016\DOCUMENTS\KENNYNEUTRON\HUB6\MAIN PROGRAMS\HUB6CPU16F690\20191109_HUB6CPU16F690V1.ASM 381 : Found opcode in column 1. (MOVLW)
Warning[203] C:\USERS\GERPE\ONEDRIVE\GER-PER 2016\DOCUMENTS\KENNYNEUTRON\HUB6\MAIN PROGRAMS\HUB6CPU16F690\20191109_HUB6CPU16F690V1.ASM 382 : Found opcode in column 1. (CALL)
Warning[203] C:\USERS\GERPE\ONEDRIVE\GER-PER 2016\DOCUMENTS\KENNYNEUTRON\HUB6\MAIN PROGRAMS\HUB6CPU16F690\20191109_HUB6CPU16F690V1.ASM 384 : Found opcode in column 1. (BCF)
Warning[203] C:\USERS\GERPE\ONEDRIVE\GER-PER 2016\DOCUMENTS\KENNYNEUTRON\HUB6\MAIN PROGRAMS\HUB6CPU16F690\20191109_HUB6CPU16F690V1.ASM 386 : Found opcode in column 1. (BCF)
Warning[203] C:\USERS\GERPE\ONEDRIVE\GER-PER 2016\DOCUMENTS\KENNYNEUTRON\HUB6\MAIN PROGRAMS\HUB6CPU16F690\20191109_HUB6CPU16F690V1.ASM 389 : Found opcode in column 1. (MOVLW)
Warning[203] C:\USERS\GERPE\ONEDRIVE\GER-PER 2016\DOCUMENTS\KENNYNEUTRON\HUB6\MAIN PROGRAMS\HUB6CPU16F690\20191109_HUB6CPU16F690V1.ASM 390 : Found opcode in column 1. (MOVWF)
Message[305] C:\USERS\GERPE\ONEDRIVE\GER-PER 2016\DOCUMENTS\KENNYNEUTRON\HUB6\MAIN PROGRAMS\HUB6CPU16F690\20191109_HUB6CPU16F690V1.ASM 394 : Using default destination of 1 (file).
Warning[203] C:\USERS\GERPE\ONEDRIVE\GER-PER 2016\DOCUMENTS\KENNYNEUTRON\HUB6\MAIN PROGRAMS\HUB6CPU16F690\20191109_HUB6CPU16F690V1.ASM 407 : Found opcode in column 1. (NOP)
Warning[203] C:\USERS\GERPE\ONEDRIVE\GER-PER 2016\DOCUMENTS\KENNYNEUTRON\HUB6\MAIN PROGRAMS\HUB6CPU16F690\20191109_HUB6CPU16F690V1.ASM 424 : Found opcode in column 1. (BCF)
Warning[203] C:\USERS\GERPE\ONEDRIVE\GER-PER 2016\DOCUMENTS\KENNYNEUTRON\HUB6\MAIN PROGRAMS\HUB6CPU16F690\20191109_HUB6CPU16F690V1.ASM 427 : Found opcode in column 1. (BSF)
Warning[203] C:\USERS\GERPE\ONEDRIVE\GER-PER 2016\DOCUMENTS\KENNYNEUTRON\HUB6\MAIN PROGRAMS\HUB6CPU16F690\20191109_HUB6CPU16F690V1.ASM 428 : Found opcode in column 1. (BSF)
Warning[203] C:\USERS\GERPE\ONEDRIVE\GER-PER 2016\DOCUMENTS\KENNYNEUTRON\HUB6\MAIN PROGRAMS\HUB6CPU16F690\20191109_HUB6CPU16F690V1.ASM 436 : Found opcode in column 1. (RETURN)
Warning[203] C:\USERS\GERPE\ONEDRIVE\GER-PER 2016\DOCUMENTS\KENNYNEUTRON\HUB6\MAIN PROGRAMS\HUB6CPU16F690\20191109_HUB6CPU16F690V1.ASM 462 : Found opcode in column 1. (DECFSZ)
Warning[203] C:\USERS\GERPE\ONEDRIVE\GER-PER 2016\DOCUMENTS\KENNYNEUTRON\HUB6\MAIN PROGRAMS\HUB6CPU16F690\20191109_HUB6CPU16F690V1.ASM 464 : Found opcode in column 1. (GOTO)
Warning[203] C:\USERS\GERPE\ONEDRIVE\GER-PER 2016\DOCUMENTS\KENNYNEUTRON\HUB6\MAIN PROGRAMS\HUB6CPU16F690\20191109_HUB6CPU16F690V1.ASM 466 : Found opcode in column 1. (RETURN)
Warning[203] C:\USERS\GERPE\ONEDRIVE\GER-PER 2016\DOCUMENTS\KENNYNEUTRON\HUB6\MAIN PROGRAMS\HUB6CPU16F690\20191109_HUB6CPU16F690V1.ASM 483 : Found opcode in column 1. (RETURN)
Warning[203] C:\USERS\GERPE\ONEDRIVE\GER-PER 2016\DOCUMENTS\KENNYNEUTRON\HUB6\MAIN PROGRAMS\HUB6CPU16F690\20191109_HUB6CPU16F690V1.ASM 495 : Found opcode in column 1. (RETURN)
Warning[203] C:\USERS\GERPE\ONEDRIVE\GER-PER 2016\DOCUMENTS\KENNYNEUTRON\HUB6\MAIN PROGRAMS\HUB6CPU16F690\20191109_HUB6CPU16F690V1.ASM 508 : Found opcode in column 1. (RETURN)
Warning[203] C:\USERS\GERPE\ONEDRIVE\GER-PER 2016\DOCUMENTS\KENNYNEUTRON\HUB6\MAIN PROGRAMS\HUB6CPU16F690\20191109_HUB6CPU16F690V1.ASM 519 : Found opcode in column 1. (RETURN)
