Warning[205] C:\USERS\GERPE\ONEDRIVE\GER-PER 2016\DOCUMENTS\KENNYNEUTRON\2021\NRF24L01_GYRO_SCOREBOARD\NRF_GYRO_RECIEVER\NRF_GYRO_RECIEVER_20201017\NRF_GYRO_REICIEVERV0.ASM 16 : Found directive in column 1. (__CONFIG)
Warning[205] C:\USERS\GERPE\ONEDRIVE\GER-PER 2016\DOCUMENTS\KENNYNEUTRON\2021\NRF24L01_GYRO_SCOREBOARD\NRF_GYRO_RECIEVER\NRF_GYRO_RECIEVER_20201017\NRF_GYRO_REICIEVERV0.ASM 58 : Found directive in column 1. (CBLOCK)
Warning[205] C:\USERS\GERPE\ONEDRIVE\GER-PER 2016\DOCUMENTS\KENNYNEUTRON\2021\NRF24L01_GYRO_SCOREBOARD\NRF_GYRO_RECIEVER\NRF_GYRO_RECIEVER_20201017\NRF_GYRO_REICIEVERV0.ASM 109 : Found directive in column 1. (ENDC)
Warning[205] C:\USERS\GERPE\ONEDRIVE\GER-PER 2016\DOCUMENTS\KENNYNEUTRON\2021\NRF24L01_GYRO_SCOREBOARD\NRF_GYRO_RECIEVER\NRF_GYRO_RECIEVER_20201017\NRF_GYRO_REICIEVERV0.ASM 113 : Found directive in column 1. (CBLOCK)
Warning[205] C:\USERS\GERPE\ONEDRIVE\GER-PER 2016\DOCUMENTS\KENNYNEUTRON\2021\NRF24L01_GYRO_SCOREBOARD\NRF_GYRO_RECIEVER\NRF_GYRO_RECIEVER_20201017\NRF_GYRO_REICIEVERV0.ASM 121 : Found directive in column 1. (ENDC)
Message[302] C:\USERS\GERPE\ONEDRIVE\GER-PER 2016\DOCUMENTS\KENNYNEUTRON\2021\NRF24L01_GYRO_SCOREBOARD\NRF_GYRO_RECIEVER\NRF_GYRO_RECIEVER_20201017\NRF_GYRO_REICIEVERV0.ASM 160 : Register in operand not in bank 0.  Ensure that bank bits are correct.
Message[302] C:\USERS\GERPE\ONEDRIVE\GER-PER 2016\DOCUMENTS\KENNYNEUTRON\2021\NRF24L01_GYRO_SCOREBOARD\NRF_GYRO_RECIEVER\NRF_GYRO_RECIEVER_20201017\NRF_GYRO_REICIEVERV0.ASM 161 : Register in operand not in bank 0.  Ensure that bank bits are correct.
Message[302] C:\USERS\GERPE\ONEDRIVE\GER-PER 2016\DOCUMENTS\KENNYNEUTRON\2021\NRF24L01_GYRO_SCOREBOARD\NRF_GYRO_RECIEVER\NRF_GYRO_RECIEVER_20201017\NRF_GYRO_REICIEVERV0.ASM 166 : Register in operand not in bank 0.  Ensure that bank bits are correct.
Message[302] C:\USERS\GERPE\ONEDRIVE\GER-PER 2016\DOCUMENTS\KENNYNEUTRON\2021\NRF24L01_GYRO_SCOREBOARD\NRF_GYRO_RECIEVER\NRF_GYRO_RECIEVER_20201017\NRF_GYRO_REICIEVERV0.ASM 169 : Register in operand not in bank 0.  Ensure that bank bits are correct.
Message[302] C:\USERS\GERPE\ONEDRIVE\GER-PER 2016\DOCUMENTS\KENNYNEUTRON\2021\NRF24L01_GYRO_SCOREBOARD\NRF_GYRO_RECIEVER\NRF_GYRO_RECIEVER_20201017\NRF_GYRO_REICIEVERV0.ASM 172 : Register in operand not in bank 0.  Ensure that bank bits are correct.
Warning[205] C:\USERS\GERPE\ONEDRIVE\GER-PER 2016\DOCUMENTS\KENNYNEUTRON\2021\NRF24L01_GYRO_SCOREBOARD\NRF_GYRO_RECIEVER\NRF_GYRO_RECIEVER_20201017\NRF_GYRO_REICIEVERV0.ASM 185 : Found directive in column 1. (BANKSEL)
Message[302] C:\USERS\GERPE\ONEDRIVE\GER-PER 2016\DOCUMENTS\KENNYNEUTRON\2021\NRF24L01_GYRO_SCOREBOARD\NRF_GYRO_RECIEVER\NRF_GYRO_RECIEVER_20201017\NRF_GYRO_REICIEVERV0.ASM 187 : Register in operand not in bank 0.  Ensure that bank bits are correct.
Message[302] C:\USERS\GERPE\ONEDRIVE\GER-PER 2016\DOCUMENTS\KENNYNEUTRON\2021\NRF24L01_GYRO_SCOREBOARD\NRF_GYRO_RECIEVER\NRF_GYRO_RECIEVER_20201017\NRF_GYRO_REICIEVERV0.ASM 188 : Register in operand not in bank 0.  Ensure that bank bits are correct.
Warning[205] C:\USERS\GERPE\ONEDRIVE\GER-PER 2016\DOCUMENTS\KENNYNEUTRON\2021\NRF24L01_GYRO_SCOREBOARD\NRF_GYRO_RECIEVER\NRF_GYRO_RECIEVER_20201017\NRF_GYRO_REICIEVERV0.ASM 190 : Found directive in column 1. (BANKSEL)
Message[306] C:\USERS\GERPE\ONEDRIVE\GER-PER 2016\DOCUMENTS\KENNYNEUTRON\2021\NRF24L01_GYRO_SCOREBOARD\NRF_GYRO_RECIEVER\NRF_GYRO_RECIEVER_20201017\NRF_GYRO_REICIEVERV0.ASM 225 : Crossing page boundary -- ensure page bits are set.
Message[306] C:\USERS\GERPE\ONEDRIVE\GER-PER 2016\DOCUMENTS\KENNYNEUTRON\2021\NRF24L01_GYRO_SCOREBOARD\NRF_GYRO_RECIEVER\NRF_GYRO_RECIEVER_20201017\NRF_GYRO_REICIEVERV0.ASM 228 : Crossing page boundary -- ensure page bits are set.
Warning[203] C:\USERS\GERPE\ONEDRIVE\GER-PER 2016\DOCUMENTS\KENNYNEUTRON\2021\NRF24L01_GYRO_SCOREBOARD\NRF_GYRO_RECIEVER\NRF_GYRO_RECIEVER_20201017\NRF_GYRO_REICIEVERV0.ASM 237 : Found opcode in column 1. (GOTO)
Message[306] C:\USERS\GERPE\ONEDRIVE\GER-PER 2016\DOCUMENTS\KENNYNEUTRON\2021\NRF24L01_GYRO_SCOREBOARD\NRF_GYRO_RECIEVER\NRF_GYRO_RECIEVER_20201017\NRF_GYRO_REICIEVERV0.ASM 252 : Crossing page boundary -- ensure page bits are set.
Message[302] C:\USERS\GERPE\ONEDRIVE\GER-PER 2016\DOCUMENTS\KENNYNEUTRON\2021\NRF24L01_GYRO_SCOREBOARD\NRF_GYRO_RECIEVER\NRF_GYRO_RECIEVER_20201017\NRF_GYRO_REICIEVERV0.ASM 256 : Register in operand not in bank 0.  Ensure that bank bits are correct.
Message[302] C:\USERS\GERPE\ONEDRIVE\GER-PER 2016\DOCUMENTS\KENNYNEUTRON\2021\NRF24L01_GYRO_SCOREBOARD\NRF_GYRO_RECIEVER\NRF_GYRO_RECIEVER_20201017\NRF_GYRO_REICIEVERV0.ASM 270 : Register in operand not in bank 0.  Ensure that bank bits are correct.
Message[305] C:\USERS\GERPE\ONEDRIVE\GER-PER 2016\DOCUMENTS\KENNYNEUTRON\2021\NRF24L01_GYRO_SCOREBOARD\NRF_GYRO_RECIEVER\NRF_GYRO_RECIEVER_20201017\NRF_GYRO_REICIEVERV0.ASM 283 : Using default destination of 1 (file).
Message[305] C:\USERS\GERPE\ONEDRIVE\GER-PER 2016\DOCUMENTS\KENNYNEUTRON\2021\NRF24L01_GYRO_SCOREBOARD\NRF_GYRO_RECIEVER\NRF_GYRO_RECIEVER_20201017\NRF_GYRO_REICIEVERV0.ASM 289 : Using default destination of 1 (file).
Message[302] C:\USERS\GERPE\ONEDRIVE\GER-PER 2016\DOCUMENTS\KENNYNEUTRON\2021\NRF24L01_GYRO_SCOREBOARD\NRF_GYRO_RECIEVER\NRF_GYRO_RECIEVER_20201017\NRF_GYRO_REICIEVERV0.ASM 388 : Register in operand not in bank 0.  Ensure that bank bits are correct.
Warning[203] C:\USERS\GERPE\ONEDRIVE\GER-PER 2016\DOCUMENTS\KENNYNEUTRON\2021\NRF24L01_GYRO_SCOREBOARD\NRF_GYRO_RECIEVER\NRF_GYRO_RECIEVER_20201017\NRF_GYRO_REICIEVERV0.ASM 390 : Found opcode in column 1. (GOTO)
Warning[203] C:\USERS\GERPE\ONEDRIVE\GER-PER 2016\DOCUMENTS\KENNYNEUTRON\2021\NRF24L01_GYRO_SCOREBOARD\NRF_GYRO_RECIEVER\NRF_GYRO_RECIEVER_20201017\NRF_GYRO_REICIEVERV0.ASM 433 : Found opcode in column 1. (RETURN)
Warning[203] C:\USERS\GERPE\ONEDRIVE\GER-PER 2016\DOCUMENTS\KENNYNEUTRON\2021\NRF24L01_GYRO_SCOREBOARD\NRF_GYRO_RECIEVER\NRF_GYRO_RECIEVER_20201017\NRF_GYRO_REICIEVERV0.ASM 454 : Found opcode in column 1. (RETURN)
Warning[203] C:\USERS\GERPE\ONEDRIVE\GER-PER 2016\DOCUMENTS\KENNYNEUTRON\2021\NRF24L01_GYRO_SCOREBOARD\NRF_GYRO_RECIEVER\NRF_GYRO_RECIEVER_20201017\NRF_GYRO_REICIEVERV0.ASM 475 : Found opcode in column 1. (RETURN)
Warning[203] C:\USERS\GERPE\ONEDRIVE\GER-PER 2016\DOCUMENTS\KENNYNEUTRON\2021\NRF24L01_GYRO_SCOREBOARD\NRF_GYRO_RECIEVER\NRF_GYRO_RECIEVER_20201017\NRF_GYRO_REICIEVERV0.ASM 496 : Found opcode in column 1. (RETURN)
Warning[203] C:\USERS\GERPE\ONEDRIVE\GER-PER 2016\DOCUMENTS\KENNYNEUTRON\2021\NRF24L01_GYRO_SCOREBOARD\NRF_GYRO_RECIEVER\NRF_GYRO_RECIEVER_20201017\NRF_GYRO_REICIEVERV0.ASM 517 : Found opcode in column 1. (RETURN)
Warning[203] C:\USERS\GERPE\ONEDRIVE\GER-PER 2016\DOCUMENTS\KENNYNEUTRON\2021\NRF24L01_GYRO_SCOREBOARD\NRF_GYRO_RECIEVER\NRF_GYRO_RECIEVER_20201017\NRF_GYRO_REICIEVERV0.ASM 538 : Found opcode in column 1. (RETURN)
Warning[203] C:\USERS\GERPE\ONEDRIVE\GER-PER 2016\DOCUMENTS\KENNYNEUTRON\2021\NRF24L01_GYRO_SCOREBOARD\NRF_GYRO_RECIEVER\NRF_GYRO_RECIEVER_20201017\NRF_GYRO_REICIEVERV0.ASM 559 : Found opcode in column 1. (RETURN)
Warning[203] C:\USERS\GERPE\ONEDRIVE\GER-PER 2016\DOCUMENTS\KENNYNEUTRON\2021\NRF24L01_GYRO_SCOREBOARD\NRF_GYRO_RECIEVER\NRF_GYRO_RECIEVER_20201017\NRF_GYRO_REICIEVERV0.ASM 589 : Found opcode in column 1. (RETURN)
Warning[203] C:\USERS\GERPE\ONEDRIVE\GER-PER 2016\DOCUMENTS\KENNYNEUTRON\2021\NRF24L01_GYRO_SCOREBOARD\NRF_GYRO_RECIEVER\NRF_GYRO_RECIEVER_20201017\NRF_GYRO_REICIEVERV0.ASM 624 : Found opcode in column 1. (RETURN)
Warning[203] C:\USERS\GERPE\ONEDRIVE\GER-PER 2016\DOCUMENTS\KENNYNEUTRON\2021\NRF24L01_GYRO_SCOREBOARD\NRF_GYRO_RECIEVER\NRF_GYRO_RECIEVER_20201017\NRF_GYRO_REICIEVERV0.ASM 657 : Found opcode in column 1. (RETURN)
Warning[203] C:\USERS\GERPE\ONEDRIVE\GER-PER 2016\DOCUMENTS\KENNYNEUTRON\2021\NRF24L01_GYRO_SCOREBOARD\NRF_GYRO_RECIEVER\NRF_GYRO_RECIEVER_20201017\NRF_GYRO_REICIEVERV0.ASM 693 : Found opcode in column 1. (RETURN)
Warning[203] C:\USERS\GERPE\ONEDRIVE\GER-PER 2016\DOCUMENTS\KENNYNEUTRON\2021\NRF24L01_GYRO_SCOREBOARD\NRF_GYRO_RECIEVER\NRF_GYRO_RECIEVER_20201017\NRF_GYRO_REICIEVERV0.ASM 732 : Found opcode in column 1. (RETURN)
Message[306] C:\USERS\GERPE\ONEDRIVE\GER-PER 2016\DOCUMENTS\KENNYNEUTRON\2021\NRF24L01_GYRO_SCOREBOARD\NRF_GYRO_RECIEVER\NRF_GYRO_RECIEVER_20201017\NRF_GYRO_REICIEVERV0.ASM 761 : Crossing page boundary -- ensure page bits are set.
Message[306] C:\USERS\GERPE\ONEDRIVE\GER-PER 2016\DOCUMENTS\KENNYNEUTRON\2021\NRF24L01_GYRO_SCOREBOARD\NRF_GYRO_RECIEVER\NRF_GYRO_RECIEVER_20201017\NRF_GYRO_REICIEVERV0.ASM 763 : Crossing page boundary -- ensure page bits are set.
Warning[203] C:\USERS\GERPE\ONEDRIVE\GER-PER 2016\DOCUMENTS\KENNYNEUTRON\2021\NRF24L01_GYRO_SCOREBOARD\NRF_GYRO_RECIEVER\NRF_GYRO_RECIEVER_20201017\NRF_GYRO_REICIEVERV0.ASM 768 : Found opcode in column 1. (RETURN)
Warning[203] C:\USERS\GERPE\ONEDRIVE\GER-PER 2016\DOCUMENTS\KENNYNEUTRON\2021\NRF24L01_GYRO_SCOREBOARD\NRF_GYRO_RECIEVER\NRF_GYRO_RECIEVER_20201017\NRF_GYRO_REICIEVERV0.ASM 811 : Found opcode in column 1. (RETURN)
Warning[203] C:\USERS\GERPE\ONEDRIVE\GER-PER 2016\DOCUMENTS\KENNYNEUTRON\2021\NRF24L01_GYRO_SCOREBOARD\NRF_GYRO_RECIEVER\NRF_GYRO_RECIEVER_20201017\NRF_GYRO_REICIEVERV0.ASM 825 : Found opcode in column 1. (RETURN)
Warning[203] C:\USERS\GERPE\ONEDRIVE\GER-PER 2016\DOCUMENTS\KENNYNEUTRON\2021\NRF24L01_GYRO_SCOREBOARD\NRF_GYRO_RECIEVER\NRF_GYRO_RECIEVER_20201017\NRF_GYRO_REICIEVERV0.ASM 845 : Found opcode in column 1. (RETURN)
Warning[203] C:\USERS\GERPE\ONEDRIVE\GER-PER 2016\DOCUMENTS\KENNYNEUTRON\2021\NRF24L01_GYRO_SCOREBOARD\NRF_GYRO_RECIEVER\NRF_GYRO_RECIEVER_20201017\NRF_GYRO_REICIEVERV0.ASM 853 : Found opcode in column 1. (RETURN)
Warning[203] C:\USERS\GERPE\ONEDRIVE\GER-PER 2016\DOCUMENTS\KENNYNEUTRON\2021\NRF24L01_GYRO_SCOREBOARD\NRF_GYRO_RECIEVER\NRF_GYRO_RECIEVER_20201017\NRF_GYRO_REICIEVERV0.ASM 867 : Found opcode in column 1. (RETURN)
Warning[205] C:\USERS\GERPE\ONEDRIVE\GER-PER 2016\DOCUMENTS\KENNYNEUTRON\2021\NRF24L01_GYRO_SCOREBOARD\NRF_GYRO_RECIEVER\NRF_GYRO_RECIEVER_20201017\NRF_GYRO_REICIEVERV0.ASM 908 : Found directive in column 1. (ORG)
Warning[203] C:\USERS\GERPE\ONEDRIVE\GER-PER 2016\DOCUMENTS\KENNYNEUTRON\2021\NRF24L01_GYRO_SCOREBOARD\NRF_GYRO_RECIEVER\NRF_GYRO_RECIEVER_20201017\NRF_GYRO_REICIEVERV0.ASM 914 : Found opcode in column 1. (RETURN)
Warning[203] C:\USERS\GERPE\ONEDRIVE\GER-PER 2016\DOCUMENTS\KENNYNEUTRON\2021\NRF24L01_GYRO_SCOREBOARD\NRF_GYRO_RECIEVER\NRF_GYRO_RECIEVER_20201017\NRF_GYRO_REICIEVERV0.ASM 922 : Found opcode in column 1. (RETURN)
Warning[205] C:\USERS\GERPE\ONEDRIVE\GER-PER 2016\DOCUMENTS\KENNYNEUTRON\2021\NRF24L01_GYRO_SCOREBOARD\NRF_GYRO_RECIEVER\NRF_GYRO_RECIEVER_20201017\NRF_GYRO_REICIEVERV0.ASM 930 : Found directive in column 1. (ORG)
Message[305] C:\USERS\GERPE\ONEDRIVE\GER-PER 2016\DOCUMENTS\KENNYNEUTRON\2021\NRF24L01_GYRO_SCOREBOARD\NRF_GYRO_RECIEVER\NRF_GYRO_RECIEVER_20201017\NRF_GYRO_REICIEVERV0.ASM 954 : Using default destination of 1 (file).
Warning[203] C:\USERS\GERPE\ONEDRIVE\GER-PER 2016\DOCUMENTS\KENNYNEUTRON\2021\NRF24L01_GYRO_SCOREBOARD\NRF_GYRO_RECIEVER\NRF_GYRO_RECIEVER_20201017\NRF_GYRO_REICIEVERV0.ASM 991 : Found opcode in column 1. (RETURN)
Warning[203] C:\USERS\GERPE\ONEDRIVE\GER-PER 2016\DOCUMENTS\KENNYNEUTRON\2021\NRF24L01_GYRO_SCOREBOARD\NRF_GYRO_RECIEVER\NRF_GYRO_RECIEVER_20201017\NRF_GYRO_REICIEVERV0.ASM 1023 : Found opcode in column 1. (RETURN)
Warning[203] C:\USERS\GERPE\ONEDRIVE\GER-PER 2016\DOCUMENTS\KENNYNEUTRON\2021\NRF24L01_GYRO_SCOREBOARD\NRF_GYRO_RECIEVER\NRF_GYRO_RECIEVER_20201017\NRF_GYRO_REICIEVERV0.ASM 1037 : Found opcode in column 1. (RETURN)
Message[305] C:\USERS\GERPE\ONEDRIVE\GER-PER 2016\DOCUMENTS\KENNYNEUTRON\2021\NRF24L01_GYRO_SCOREBOARD\NRF_GYRO_RECIEVER\NRF_GYRO_RECIEVER_20201017\NRF_GYRO_REICIEVERV0.ASM 1059 : Using default destination of 1 (file).
Warning[203] C:\USERS\GERPE\ONEDRIVE\GER-PER 2016\DOCUMENTS\KENNYNEUTRON\2021\NRF24L01_GYRO_SCOREBOARD\NRF_GYRO_RECIEVER\NRF_GYRO_RECIEVER_20201017\NRF_GYRO_REICIEVERV0.ASM 1063 : Found opcode in column 1. (RETURN)
Warning[203] C:\USERS\GERPE\ONEDRIVE\GER-PER 2016\DOCUMENTS\KENNYNEUTRON\2021\NRF24L01_GYRO_SCOREBOARD\NRF_GYRO_RECIEVER\NRF_GYRO_RECIEVER_20201017\NRF_GYRO_REICIEVERV0.ASM 1074 : Found opcode in column 1. (RETURN)
Warning[203] C:\USERS\GERPE\ONEDRIVE\GER-PER 2016\DOCUMENTS\KENNYNEUTRON\2021\NRF24L01_GYRO_SCOREBOARD\NRF_GYRO_RECIEVER\NRF_GYRO_RECIEVER_20201017\NRF_GYRO_REICIEVERV0.ASM 1085 : Found opcode in column 1. (RETURN)
Warning[203] C:\USERS\GERPE\ONEDRIVE\GER-PER 2016\DOCUMENTS\KENNYNEUTRON\2021\NRF24L01_GYRO_SCOREBOARD\NRF_GYRO_RECIEVER\NRF_GYRO_RECIEVER_20201017\NRF_GYRO_REICIEVERV0.ASM 1108 : Found opcode in column 1. (RETURN)
Warning[203] C:\USERS\GERPE\ONEDRIVE\GER-PER 2016\DOCUMENTS\KENNYNEUTRON\2021\NRF24L01_GYRO_SCOREBOARD\NRF_GYRO_RECIEVER\NRF_GYRO_RECIEVER_20201017\NRF_GYRO_REICIEVERV0.ASM 1193 : Found opcode in column 1. (RETURN)
Warning[203] C:\USERS\GERPE\ONEDRIVE\GER-PER 2016\DOCUMENTS\KENNYNEUTRON\2021\NRF24L01_GYRO_SCOREBOARD\NRF_GYRO_RECIEVER\NRF_GYRO_RECIEVER_20201017\NRF_GYRO_REICIEVERV0.ASM 1225 : Found opcode in column 1. (RETURN)
Warning[203] C:\USERS\GERPE\ONEDRIVE\GER-PER 2016\DOCUMENTS\KENNYNEUTRON\2021\NRF24L01_GYRO_SCOREBOARD\NRF_GYRO_RECIEVER\NRF_GYRO_RECIEVER_20201017\NRF_GYRO_REICIEVERV0.ASM 1256 : Found opcode in column 1. (RETURN)
Warning[203] C:\USERS\GERPE\ONEDRIVE\GER-PER 2016\DOCUMENTS\KENNYNEUTRON\2021\NRF24L01_GYRO_SCOREBOARD\NRF_GYRO_RECIEVER\NRF_GYRO_RECIEVER_20201017\NRF_GYRO_REICIEVERV0.ASM 1275 : Found opcode in column 1. (RETURN)
Warning[203] C:\USERS\GERPE\ONEDRIVE\GER-PER 2016\DOCUMENTS\KENNYNEUTRON\2021\NRF24L01_GYRO_SCOREBOARD\NRF_GYRO_RECIEVER\NRF_GYRO_RECIEVER_20201017\NRF_GYRO_REICIEVERV0.ASM 1293 : Found opcode in column 1. (RETURN)
Message[305] C:\USERS\GERPE\ONEDRIVE\GER-PER 2016\DOCUMENTS\KENNYNEUTRON\2021\NRF24L01_GYRO_SCOREBOARD\NRF_GYRO_RECIEVER\NRF_GYRO_RECIEVER_20201017\NRF_GYRO_REICIEVERV0.ASM 1303 : Using default destination of 1 (file).
Warning[203] C:\USERS\GERPE\ONEDRIVE\GER-PER 2016\DOCUMENTS\KENNYNEUTRON\2021\NRF24L01_GYRO_SCOREBOARD\NRF_GYRO_RECIEVER\NRF_GYRO_RECIEVER_20201017\NRF_GYRO_REICIEVERV0.ASM 1316 : Found opcode in column 1. (NOP)
Warning[203] C:\USERS\GERPE\ONEDRIVE\GER-PER 2016\DOCUMENTS\KENNYNEUTRON\2021\NRF24L01_GYRO_SCOREBOARD\NRF_GYRO_RECIEVER\NRF_GYRO_RECIEVER_20201017\NRF_GYRO_REICIEVERV0.ASM 1326 : Found opcode in column 1. (RETURN)
Message[305] C:\USERS\GERPE\ONEDRIVE\GER-PER 2016\DOCUMENTS\KENNYNEUTRON\2021\NRF24L01_GYRO_SCOREBOARD\NRF_GYRO_RECIEVER\NRF_GYRO_RECIEVER_20201017\NRF_GYRO_REICIEVERV0.ASM 1352 : Using default destination of 1 (file).
Warning[203] C:\USERS\GERPE\ONEDRIVE\GER-PER 2016\DOCUMENTS\KENNYNEUTRON\2021\NRF24L01_GYRO_SCOREBOARD\NRF_GYRO_RECIEVER\NRF_GYRO_RECIEVER_20201017\NRF_GYRO_REICIEVERV0.ASM 1364 : Found opcode in column 1. (RETURN)
Warning[203] C:\USERS\GERPE\ONEDRIVE\GER-PER 2016\DOCUMENTS\KENNYNEUTRON\2021\NRF24L01_GYRO_SCOREBOARD\NRF_GYRO_RECIEVER\NRF_GYRO_RECIEVER_20201017\NRF_GYRO_REICIEVERV0.ASM 1387 : Found opcode in column 1. (RETURN)
Warning[203] C:\USERS\GERPE\ONEDRIVE\GER-PER 2016\DOCUMENTS\KENNYNEUTRON\2021\NRF24L01_GYRO_SCOREBOARD\NRF_GYRO_RECIEVER\NRF_GYRO_RECIEVER_20201017\NRF_GYRO_REICIEVERV0.ASM 1404 : Found opcode in column 1. (RETURN)
Warning[203] C:\USERS\GERPE\ONEDRIVE\GER-PER 2016\DOCUMENTS\KENNYNEUTRON\2021\NRF24L01_GYRO_SCOREBOARD\NRF_GYRO_RECIEVER\NRF_GYRO_RECIEVER_20201017\NRF_GYRO_REICIEVERV0.ASM 1416 : Found opcode in column 1. (RETURN)
