;/////////////////////////////////////////////////////////////////////////////////
;// Code Generator: BoostC Compiler - http://www.sourceboost.com
;// Version       : 7.03
;// License Type  : Pro License
;// Limitations   : PIC12,PIC16 max code size:Unlimited, max RAM banks:Unlimited
;/////////////////////////////////////////////////////////////////////////////////

	ORG 0x00000000
0000  2BA3  	GOTO	_startup
	ORG 0x00000004
0004  00FF  	MOVWF Int1Context
0005  0E03  	SWAPF STATUS, W
0006  1283  	BCF STATUS, RP0
0007  1303  	BCF STATUS, RP1
0008  00B4  	MOVWF Int1BContext
0009  0E0A  	SWAPF PCLATH, W
000A  00B5  	MOVWF Int1BContext+D'1'
000B  0E04  	SWAPF FSR, W
000C  00B6  	MOVWF Int1BContext+D'2'
000D  118A  	BCF PCLATH,3
000E  120A  	BCF PCLATH,4
000F  2BDB  	GOTO	interrupt
	ORG 0x00000010
0010        delay_us_00000
0010        ; { delay_us ; function begin
0010        label1
0010  0000  	NOP
0011  0000  	NOP
0012  0BE8  	DECFSZ delay_us_00000_arg_del, F
0013  2810  	GOTO	label1
0014  0008  	RETURN
0015        ; } delay_us function end

	ORG 0x00000015
0015        FC_CAL_UAR_0005B
0015        ; { FC_CAL_UART_Receive_1 ; function begin
0015  30FF  	MOVLW 0xFF
0016  00E2  	MOVWF FC_CAL_UAR_0005B_1_retVal
0017  01E3  	CLRF FC_CAL_UAR_0005B_1_delay1
0018  01E4  	CLRF FC_CAL_UAR_0005B_1_regcheck
0019  01E5  	CLRF FC_CAL_UAR_0005B_1_bWaitForever
001A  01E6  	CLRF FC_CAL_UAR_0005B_1_rxStatus
001B  01E7  	CLRF FC_CAL_UAR_0005B_1_dummy
001C  0A61  	INCF FC_CAL_UAR_0005B_arg_nTimeout, W
001D  1D03  	BTFSS STATUS,Z
001E  2821  	GOTO	label2
001F  3001  	MOVLW 0x01
0020  00E5  	MOVWF FC_CAL_UAR_0005B_1_bWaitForever
0021        label2
0021  08E6  	MOVF FC_CAL_UAR_0005B_1_rxStatus, F
0022  1D03  	BTFSS STATUS,Z
0023  2843  	GOTO	label5
0024  08E5  	MOVF FC_CAL_UAR_0005B_1_bWaitForever, F
0025  1D03  	BTFSS STATUS,Z
0026  283A  	GOTO	label4
0027  08E1  	MOVF FC_CAL_UAR_0005B_arg_nTimeout, F
0028  1D03  	BTFSS STATUS,Z
0029  282D  	GOTO	label3
002A  3001  	MOVLW 0x01
002B  00E6  	MOVWF FC_CAL_UAR_0005B_1_rxStatus
002C  283A  	GOTO	label4
002D        label3
002D  300A  	MOVLW 0x0A
002E  00E8  	MOVWF delay_us_00000_arg_del
002F  2010  	CALL delay_us_00000
0030  0A63  	INCF FC_CAL_UAR_0005B_1_delay1, W
0031  00E3  	MOVWF FC_CAL_UAR_0005B_1_delay1
0032  0863  	MOVF FC_CAL_UAR_0005B_1_delay1, W
0033  3A64  	XORLW 0x64
0034  1D03  	BTFSS STATUS,Z
0035  283A  	GOTO	label4
0036  0361  	DECF FC_CAL_UAR_0005B_arg_nTimeout, W
0037  00E1  	MOVWF FC_CAL_UAR_0005B_arg_nTimeout
0038  0064  	CLRWDT
0039  01E3  	CLRF FC_CAL_UAR_0005B_1_delay1
003A        label4
003A  3020  	MOVLW 0x20
003B  050C  	ANDWF gbl_pir1, W
003C  00E4  	MOVWF FC_CAL_UAR_0005B_1_regcheck
003D  08E4  	MOVF FC_CAL_UAR_0005B_1_regcheck, F
003E  1903  	BTFSC STATUS,Z
003F  2821  	GOTO	label2
0040  3002  	MOVLW 0x02
0041  00E6  	MOVWF FC_CAL_UAR_0005B_1_rxStatus
0042  2821  	GOTO	label2
0043        label5
0043  0866  	MOVF FC_CAL_UAR_0005B_1_rxStatus, W
0044  3A02  	XORLW 0x02
0045  1D03  	BTFSS STATUS,Z
0046  285D  	GOTO	label8
0047  3004  	MOVLW 0x04
0048  0518  	ANDWF gbl_rcsta, W
0049  00E4  	MOVWF FC_CAL_UAR_0005B_1_regcheck
004A  08E4  	MOVF FC_CAL_UAR_0005B_1_regcheck, F
004B  1903  	BTFSC STATUS,Z
004C  2850  	GOTO	label6
004D  081A  	MOVF gbl_rcreg, W
004E  00E7  	MOVWF FC_CAL_UAR_0005B_1_dummy
004F  285D  	GOTO	label8
0050        label6
0050  3002  	MOVLW 0x02
0051  0518  	ANDWF gbl_rcsta, W
0052  00E4  	MOVWF FC_CAL_UAR_0005B_1_regcheck
0053  08E4  	MOVF FC_CAL_UAR_0005B_1_regcheck, F
0054  1903  	BTFSC STATUS,Z
0055  2859  	GOTO	label7
0056  1218  	BCF gbl_rcsta,4
0057  1618  	BSF gbl_rcsta,4
0058  285D  	GOTO	label8
0059        label7
0059  01E2  	CLRF FC_CAL_UAR_0005B_1_retVal
005A  081A  	MOVF gbl_rcreg, W
005B  0462  	IORWF FC_CAL_UAR_0005B_1_retVal, W
005C  00E2  	MOVWF FC_CAL_UAR_0005B_1_retVal
005D        label8
005D  0862  	MOVF FC_CAL_UAR_0005B_1_retVal, W
005E  00E8  	MOVWF CompTempVarRet2210
005F  01E9  	CLRF CompTempVarRet2210+D'1'
0060  0008  	RETURN
0061        ; } FC_CAL_UART_Receive_1 function end

	ORG 0x00000061
0061        FCM_time_d_00056
0061        ; { FCM_time_data_register ; function begin
0061  1283  	BCF STATUS, RP0
0062  1303  	BCF STATUS, RP1
0063  01D6  	CLRF gbl_FCLV_LOOP2
0064        label9
0064  3008  	MOVLW 0x08
0065  0256  	SUBWF gbl_FCLV_LOOP2, W
0066  1803  	BTFSC STATUS,C
0067  0008  	RETURN
0068  3001  	MOVLW 0x01
0069  0549  	ANDWF gbl_FCV_BITS, W
006A  00DA  	MOVWF CompTempVar2198
006B  01DB  	CLRF CompTempVar2199
006C  08DA  	MOVF CompTempVar2198, F
006D  1D03  	BTFSS STATUS,Z
006E  145B  	BSF CompTempVar2199,0
006F  1043  	BCF gbl_FCV_DAT,0
0070  085B  	MOVF CompTempVar2199, W
0071  1D03  	BTFSS STATUS,Z
0072  1443  	BSF gbl_FCV_DAT,0
0073  30FB  	MOVLW 0xFB
0074  1683  	BSF STATUS, RP0
0075  0507  	ANDWF gbl_trisc, W
0076  0087  	MOVWF gbl_trisc
0077  1283  	BCF STATUS, RP0
0078  1C43  	BTFSS gbl_FCV_DAT,0
0079  2881  	GOTO	label10
007A  30FB  	MOVLW 0xFB
007B  0507  	ANDWF gbl_portc, W
007C  00DA  	MOVWF CompTempVar2200
007D  3004  	MOVLW 0x04
007E  045A  	IORWF CompTempVar2200, W
007F  0087  	MOVWF gbl_portc
0080  2884  	GOTO	label11
0081        label10
0081  30FB  	MOVLW 0xFB
0082  0507  	ANDWF gbl_portc, W
0083  0087  	MOVWF gbl_portc
0084        label11
0084  30FE  	MOVLW 0xFE
0085  1683  	BSF STATUS, RP0
0086  0507  	ANDWF gbl_trisc, W
0087  0087  	MOVWF gbl_trisc
0088  30FE  	MOVLW 0xFE
0089  1283  	BCF STATUS, RP0
008A  0507  	ANDWF gbl_portc, W
008B  00DA  	MOVWF CompTempVar2201
008C  3001  	MOVLW 0x01
008D  045A  	IORWF CompTempVar2201, W
008E  0087  	MOVWF gbl_portc
008F  30FE  	MOVLW 0xFE
0090  1683  	BSF STATUS, RP0
0091  0507  	ANDWF gbl_trisc, W
0092  0087  	MOVWF gbl_trisc
0093  30FE  	MOVLW 0xFE
0094  1283  	BCF STATUS, RP0
0095  0507  	ANDWF gbl_portc, W
0096  0087  	MOVWF gbl_portc
0097  08C9  	MOVF gbl_FCV_BITS, F
0098  1003  	BCF STATUS,C
0099  0CC9  	RRF gbl_FCV_BITS, F
009A  0AD6  	INCF gbl_FCLV_LOOP2, F
009B  2864  	GOTO	label9
009C        ; } FCM_time_data_register function end

	ORG 0x0000009C
009C        FCM_score__00053
009C        ; { FCM_score_data_register ; function begin
009C  1283  	BCF STATUS, RP0
009D  1303  	BCF STATUS, RP1
009E  01D5  	CLRF gbl_FCLV_LOOP1
009F        label12
009F  3008  	MOVLW 0x08
00A0  0255  	SUBWF gbl_FCLV_LOOP1, W
00A1  1803  	BTFSC STATUS,C
00A2  0008  	RETURN
00A3  3001  	MOVLW 0x01
00A4  0549  	ANDWF gbl_FCV_BITS, W
00A5  00DA  	MOVWF CompTempVar2189
00A6  01DB  	CLRF CompTempVar2190
00A7  08DA  	MOVF CompTempVar2189, F
00A8  1D03  	BTFSS STATUS,Z
00A9  145B  	BSF CompTempVar2190,0
00AA  1043  	BCF gbl_FCV_DAT,0
00AB  085B  	MOVF CompTempVar2190, W
00AC  1D03  	BTFSS STATUS,Z
00AD  1443  	BSF gbl_FCV_DAT,0
00AE  30F7  	MOVLW 0xF7
00AF  1683  	BSF STATUS, RP0
00B0  0507  	ANDWF gbl_trisc, W
00B1  0087  	MOVWF gbl_trisc
00B2  1283  	BCF STATUS, RP0
00B3  1C43  	BTFSS gbl_FCV_DAT,0
00B4  28BC  	GOTO	label13
00B5  30F7  	MOVLW 0xF7
00B6  0507  	ANDWF gbl_portc, W
00B7  00DA  	MOVWF CompTempVar2191
00B8  3008  	MOVLW 0x08
00B9  045A  	IORWF CompTempVar2191, W
00BA  0087  	MOVWF gbl_portc
00BB  28BF  	GOTO	label14
00BC        label13
00BC  30F7  	MOVLW 0xF7
00BD  0507  	ANDWF gbl_portc, W
00BE  0087  	MOVWF gbl_portc
00BF        label14
00BF  30FE  	MOVLW 0xFE
00C0  1683  	BSF STATUS, RP0
00C1  0507  	ANDWF gbl_trisc, W
00C2  0087  	MOVWF gbl_trisc
00C3  30FE  	MOVLW 0xFE
00C4  1283  	BCF STATUS, RP0
00C5  0507  	ANDWF gbl_portc, W
00C6  00DA  	MOVWF CompTempVar2192
00C7  3001  	MOVLW 0x01
00C8  045A  	IORWF CompTempVar2192, W
00C9  0087  	MOVWF gbl_portc
00CA  30FE  	MOVLW 0xFE
00CB  1683  	BSF STATUS, RP0
00CC  0507  	ANDWF gbl_trisc, W
00CD  0087  	MOVWF gbl_trisc
00CE  30FE  	MOVLW 0xFE
00CF  1283  	BCF STATUS, RP0
00D0  0507  	ANDWF gbl_portc, W
00D1  0087  	MOVWF gbl_portc
00D2  08C9  	MOVF gbl_FCV_BITS, F
00D3  1003  	BCF STATUS,C
00D4  0CC9  	RRF gbl_FCV_BITS, F
00D5  0AD5  	INCF gbl_FCLV_LOOP1, F
00D6  289F  	GOTO	label12
00D7        ; } FCM_score_data_register function end

	ORG 0x000000D7
00D7        FCM_off_al_00051
00D7        ; { FCM_off_all ; function begin
00D7  30FE  	MOVLW 0xFE
00D8  1683  	BSF STATUS, RP0
00D9  1303  	BCF STATUS, RP1
00DA  0508  	ANDWF gbl_trisd, W
00DB  0088  	MOVWF gbl_trisd
00DC  30FE  	MOVLW 0xFE
00DD  1283  	BCF STATUS, RP0
00DE  0508  	ANDWF gbl_portd, W
00DF  0088  	MOVWF gbl_portd
00E0  30FD  	MOVLW 0xFD
00E1  1683  	BSF STATUS, RP0
00E2  0508  	ANDWF gbl_trisd, W
00E3  0088  	MOVWF gbl_trisd
00E4  30FD  	MOVLW 0xFD
00E5  1283  	BCF STATUS, RP0
00E6  0508  	ANDWF gbl_portd, W
00E7  0088  	MOVWF gbl_portd
00E8  0008  	RETURN
00E9        ; } FCM_off_all function end

	ORG 0x000000E9
00E9        FCM_latch_00000
00E9        ; { FCM_latch ; function begin
00E9  30FD  	MOVLW 0xFD
00EA  1683  	BSF STATUS, RP0
00EB  1303  	BCF STATUS, RP1
00EC  0507  	ANDWF gbl_trisc, W
00ED  0087  	MOVWF gbl_trisc
00EE  30FD  	MOVLW 0xFD
00EF  1283  	BCF STATUS, RP0
00F0  0507  	ANDWF gbl_portc, W
00F1  00DA  	MOVWF CompTempVar2188
00F2  3002  	MOVLW 0x02
00F3  045A  	IORWF CompTempVar2188, W
00F4  0087  	MOVWF gbl_portc
00F5  30FD  	MOVLW 0xFD
00F6  1683  	BSF STATUS, RP0
00F7  0507  	ANDWF gbl_trisc, W
00F8  0087  	MOVWF gbl_trisc
00F9  30FD  	MOVLW 0xFD
00FA  1283  	BCF STATUS, RP0
00FB  0507  	ANDWF gbl_portc, W
00FC  0087  	MOVWF gbl_portc
00FD  0008  	RETURN
00FE        ; } FCM_latch function end

	ORG 0x000000FE
00FE        FCM_foulpe_00057
00FE        ; { FCM_foulperiod_data_register ; function begin
00FE  1283  	BCF STATUS, RP0
00FF  1303  	BCF STATUS, RP1
0100  01D7  	CLRF gbl_FCLV_LOOP3
0101        label15
0101  3008  	MOVLW 0x08
0102  0257  	SUBWF gbl_FCLV_LOOP3, W
0103  1803  	BTFSC STATUS,C
0104  0008  	RETURN
0105  3001  	MOVLW 0x01
0106  0549  	ANDWF gbl_FCV_BITS, W
0107  00DA  	MOVWF CompTempVar2203
0108  01DB  	CLRF CompTempVar2204
0109  08DA  	MOVF CompTempVar2203, F
010A  1D03  	BTFSS STATUS,Z
010B  145B  	BSF CompTempVar2204,0
010C  1043  	BCF gbl_FCV_DAT,0
010D  085B  	MOVF CompTempVar2204, W
010E  1D03  	BTFSS STATUS,Z
010F  1443  	BSF gbl_FCV_DAT,0
0110  30EF  	MOVLW 0xEF
0111  1683  	BSF STATUS, RP0
0112  0507  	ANDWF gbl_trisc, W
0113  0087  	MOVWF gbl_trisc
0114  1283  	BCF STATUS, RP0
0115  1C43  	BTFSS gbl_FCV_DAT,0
0116  291E  	GOTO	label16
0117  30EF  	MOVLW 0xEF
0118  0507  	ANDWF gbl_portc, W
0119  00DA  	MOVWF CompTempVar2205
011A  3010  	MOVLW 0x10
011B  045A  	IORWF CompTempVar2205, W
011C  0087  	MOVWF gbl_portc
011D  2921  	GOTO	label17
011E        label16
011E  30EF  	MOVLW 0xEF
011F  0507  	ANDWF gbl_portc, W
0120  0087  	MOVWF gbl_portc
0121        label17
0121  30FE  	MOVLW 0xFE
0122  1683  	BSF STATUS, RP0
0123  0507  	ANDWF gbl_trisc, W
0124  0087  	MOVWF gbl_trisc
0125  30FE  	MOVLW 0xFE
0126  1283  	BCF STATUS, RP0
0127  0507  	ANDWF gbl_portc, W
0128  00DA  	MOVWF CompTempVar2206
0129  3001  	MOVLW 0x01
012A  045A  	IORWF CompTempVar2206, W
012B  0087  	MOVWF gbl_portc
012C  30FE  	MOVLW 0xFE
012D  1683  	BSF STATUS, RP0
012E  0507  	ANDWF gbl_trisc, W
012F  0087  	MOVWF gbl_trisc
0130  30FE  	MOVLW 0xFE
0131  1283  	BCF STATUS, RP0
0132  0507  	ANDWF gbl_portc, W
0133  0087  	MOVWF gbl_portc
0134  08C9  	MOVF gbl_FCV_BITS, F
0135  1003  	BCF STATUS,C
0136  0CC9  	RRF gbl_FCV_BITS, F
0137  0AD7  	INCF gbl_FCLV_LOOP3, F
0138  2901  	GOTO	label15
0139        ; } FCM_foulperiod_data_register function end

	ORG 0x00000139
0139        FCM_data_b_00052
0139        ; { FCM_data_bank ; function begin
0139  1283  	BCF STATUS, RP0
013A  1303  	BCF STATUS, RP1
013B  084D  	MOVF gbl_FCV_DIGIT, W
013C  3A01  	XORLW 0x01
013D  1903  	BTFSC STATUS,Z
013E  295B  	GOTO	label18
013F  3A03  	XORLW 0x03
0140  1903  	BTFSC STATUS,Z
0141  295E  	GOTO	label19
0142  3A01  	XORLW 0x01
0143  1903  	BTFSC STATUS,Z
0144  2961  	GOTO	label20
0145  3A07  	XORLW 0x07
0146  1903  	BTFSC STATUS,Z
0147  2964  	GOTO	label21
0148  3A01  	XORLW 0x01
0149  1903  	BTFSC STATUS,Z
014A  2967  	GOTO	label22
014B  3A03  	XORLW 0x03
014C  1903  	BTFSC STATUS,Z
014D  296A  	GOTO	label23
014E  3A01  	XORLW 0x01
014F  1903  	BTFSC STATUS,Z
0150  296D  	GOTO	label24
0151  3A0F  	XORLW 0x0F
0152  1903  	BTFSC STATUS,Z
0153  2970  	GOTO	label25
0154  3A01  	XORLW 0x01
0155  1903  	BTFSC STATUS,Z
0156  2973  	GOTO	label26
0157  3A09  	XORLW 0x09
0158  1903  	BTFSC STATUS,Z
0159  2976  	GOTO	label27
015A  0008  	RETURN
015B        label18
015B  3006  	MOVLW 0x06
015C  00C9  	MOVWF gbl_FCV_BITS
015D  0008  	RETURN
015E        label19
015E  305B  	MOVLW 0x5B
015F  00C9  	MOVWF gbl_FCV_BITS
0160  0008  	RETURN
0161        label20
0161  304F  	MOVLW 0x4F
0162  00C9  	MOVWF gbl_FCV_BITS
0163  0008  	RETURN
0164        label21
0164  3066  	MOVLW 0x66
0165  00C9  	MOVWF gbl_FCV_BITS
0166  0008  	RETURN
0167        label22
0167  306D  	MOVLW 0x6D
0168  00C9  	MOVWF gbl_FCV_BITS
0169  0008  	RETURN
016A        label23
016A  307D  	MOVLW 0x7D
016B  00C9  	MOVWF gbl_FCV_BITS
016C  0008  	RETURN
016D        label24
016D  3007  	MOVLW 0x07
016E  00C9  	MOVWF gbl_FCV_BITS
016F  0008  	RETURN
0170        label25
0170  307F  	MOVLW 0x7F
0171  00C9  	MOVWF gbl_FCV_BITS
0172  0008  	RETURN
0173        label26
0173  306F  	MOVLW 0x6F
0174  00C9  	MOVWF gbl_FCV_BITS
0175  0008  	RETURN
0176        label27
0176  303F  	MOVLW 0x3F
0177  00C9  	MOVWF gbl_FCV_BITS
0178  0008  	RETURN
0179        ; } FCM_data_bank function end

	ORG 0x00000179
0179        __rem_8_8_00000
0179        ; { __rem_8_8 ; function begin
0179  01DE  	CLRF CompTempVarRet220
017A  01DC  	CLRF __rem_8_8_00000_1_c
017B  01DD  	CLRF __rem_8_8_00000_1_i
017C        label28
017C  19DD  	BTFSC __rem_8_8_00000_1_i,3
017D  0008  	RETURN
017E  1003  	BCF STATUS,C
017F  0DDC  	RLF __rem_8_8_00000_1_c, F
0180  0DDA  	RLF __rem_8_8_00000_arg_a, F
0181  0DDE  	RLF CompTempVarRet220, F
0182  085B  	MOVF __rem_8_8_00000_arg_b, W
0183  025E  	SUBWF CompTempVarRet220, W
0184  1C03  	BTFSS STATUS,C
0185  2988  	GOTO	label29
0186  00DE  	MOVWF CompTempVarRet220
0187  145C  	BSF __rem_8_8_00000_1_c,0
0188        label29
0188  0ADD  	INCF __rem_8_8_00000_1_i, F
0189  297C  	GOTO	label28
018A        ; } __rem_8_8 function end

	ORG 0x0000018A
018A        __div_8_8_00000
018A        ; { __div_8_8 ; function begin
018A  01DC  	CLRF __div_8_8_00000_1_r
018B  01DE  	CLRF CompTempVarRet218
018C  01DD  	CLRF __div_8_8_00000_1_i
018D        label30
018D  19DD  	BTFSC __div_8_8_00000_1_i,3
018E  0008  	RETURN
018F  1003  	BCF STATUS,C
0190  0DDE  	RLF CompTempVarRet218, F
0191  0DDA  	RLF __div_8_8_00000_arg_a, F
0192  0DDC  	RLF __div_8_8_00000_1_r, F
0193  085B  	MOVF __div_8_8_00000_arg_b, W
0194  025C  	SUBWF __div_8_8_00000_1_r, W
0195  1C03  	BTFSS STATUS,C
0196  2999  	GOTO	label31
0197  00DC  	MOVWF __div_8_8_00000_1_r
0198  145E  	BSF CompTempVarRet218,0
0199        label31
0199  0ADD  	INCF __div_8_8_00000_1_i, F
019A  298D  	GOTO	label30
019B        ; } __div_8_8 function end

	ORG 0x0000019B
019B        FC_CAL_UAR_00059
019B        ; { FC_CAL_UART_Init_1 ; function begin
019B  1683  	BSF STATUS, RP0
019C  1303  	BCF STATUS, RP1
019D  1518  	BSF gbl_txsta,2
019E  3081  	MOVLW 0x81
019F  0099  	MOVWF gbl_spbrg
01A0  1283  	BCF STATUS, RP0
01A1  0198  	CLRF gbl_rcsta
01A2  1798  	BSF gbl_rcsta,7
01A3  1683  	BSF STATUS, RP0
01A4  1698  	BSF gbl_txsta,5
01A5  1283  	BCF STATUS, RP0
01A6  1618  	BSF gbl_rcsta,4
01A7  1683  	BSF STATUS, RP0
01A8  128C  	BCF gbl_pie1,5
01A9  0008  	RETURN
01AA        ; } FC_CAL_UART_Init_1 function end

	ORG 0x000001AA
01AA        FCM_foulpe_00058
01AA        ; { FCM_foulperiod_display ; function begin
01AA  20D7  	CALL FCM_off_al_00051
01AB  0854  	MOVF gbl_FCV_AWAY_FOUL, W
01AC  00CD  	MOVWF gbl_FCV_DIGIT
01AD  2139  	CALL FCM_data_b_00052
01AE  20FE  	CALL FCM_foulpe_00057
01AF  0844  	MOVF gbl_FCV_PERIOD, W
01B0  00CD  	MOVWF gbl_FCV_DIGIT
01B1  2139  	CALL FCM_data_b_00052
01B2  20FE  	CALL FCM_foulpe_00057
01B3  20E9  	CALL FCM_latch_00000
01B4  30FE  	MOVLW 0xFE
01B5  1683  	BSF STATUS, RP0
01B6  0508  	ANDWF gbl_trisd, W
01B7  0088  	MOVWF gbl_trisd
01B8  30FE  	MOVLW 0xFE
01B9  1283  	BCF STATUS, RP0
01BA  0508  	ANDWF gbl_portd, W
01BB  0088  	MOVWF gbl_portd
01BC  30FD  	MOVLW 0xFD
01BD  1683  	BSF STATUS, RP0
01BE  0508  	ANDWF gbl_trisd, W
01BF  0088  	MOVWF gbl_trisd
01C0  30FD  	MOVLW 0xFD
01C1  1283  	BCF STATUS, RP0
01C2  0508  	ANDWF gbl_portd, W
01C3  00DA  	MOVWF CompTempVar2208
01C4  3002  	MOVLW 0x02
01C5  045A  	IORWF CompTempVar2208, W
01C6  0088  	MOVWF gbl_portd
01C7  20D7  	CALL FCM_off_al_00051
01C8  0846  	MOVF gbl_FCV_HOME_FOUL, W
01C9  00CD  	MOVWF gbl_FCV_DIGIT
01CA  2139  	CALL FCM_data_b_00052
01CB  20FE  	CALL FCM_foulpe_00057
01CC  0844  	MOVF gbl_FCV_PERIOD, W
01CD  00CD  	MOVWF gbl_FCV_DIGIT
01CE  2139  	CALL FCM_data_b_00052
01CF  20FE  	CALL FCM_foulpe_00057
01D0  20E9  	CALL FCM_latch_00000
01D1  30FE  	MOVLW 0xFE
01D2  1683  	BSF STATUS, RP0
01D3  0508  	ANDWF gbl_trisd, W
01D4  0088  	MOVWF gbl_trisd
01D5  30FE  	MOVLW 0xFE
01D6  1283  	BCF STATUS, RP0
01D7  0508  	ANDWF gbl_portd, W
01D8  00DA  	MOVWF CompTempVar2209
01D9  3001  	MOVLW 0x01
01DA  045A  	IORWF CompTempVar2209, W
01DB  0088  	MOVWF gbl_portd
01DC  30FD  	MOVLW 0xFD
01DD  1683  	BSF STATUS, RP0
01DE  0508  	ANDWF gbl_trisd, W
01DF  0088  	MOVWF gbl_trisd
01E0  30FD  	MOVLW 0xFD
01E1  1283  	BCF STATUS, RP0
01E2  0508  	ANDWF gbl_portd, W
01E3  0088  	MOVWF gbl_portd
01E4  0008  	RETURN
01E5        ; } FCM_foulperiod_display function end

	ORG 0x000001E5
01E5        FCM_displa_00055
01E5        ; { FCM_display_time ; function begin
01E5  20D7  	CALL FCM_off_al_00051
01E6  084E  	MOVF gbl_FCV_MINUTE_ONES, W
01E7  00CD  	MOVWF gbl_FCV_DIGIT
01E8  2139  	CALL FCM_data_b_00052
01E9  2061  	CALL FCM_time_d_00056
01EA  0851  	MOVF gbl_FCV_SECONDS_ONES, W
01EB  00CD  	MOVWF gbl_FCV_DIGIT
01EC  2139  	CALL FCM_data_b_00052
01ED  2061  	CALL FCM_time_d_00056
01EE  20E9  	CALL FCM_latch_00000
01EF  30FE  	MOVLW 0xFE
01F0  1683  	BSF STATUS, RP0
01F1  0508  	ANDWF gbl_trisd, W
01F2  0088  	MOVWF gbl_trisd
01F3  30FE  	MOVLW 0xFE
01F4  1283  	BCF STATUS, RP0
01F5  0508  	ANDWF gbl_portd, W
01F6  0088  	MOVWF gbl_portd
01F7  30FD  	MOVLW 0xFD
01F8  1683  	BSF STATUS, RP0
01F9  0508  	ANDWF gbl_trisd, W
01FA  0088  	MOVWF gbl_trisd
01FB  30FD  	MOVLW 0xFD
01FC  1283  	BCF STATUS, RP0
01FD  0508  	ANDWF gbl_portd, W
01FE  00DA  	MOVWF CompTempVar2196
01FF  3002  	MOVLW 0x02
0200  045A  	IORWF CompTempVar2196, W
0201  0088  	MOVWF gbl_portd
0202  20D7  	CALL FCM_off_al_00051
0203  0847  	MOVF gbl_FCV_MINUTE_TENS, W
0204  00CD  	MOVWF gbl_FCV_DIGIT
0205  2139  	CALL FCM_data_b_00052
0206  2061  	CALL FCM_time_d_00056
0207  084B  	MOVF gbl_FCV_SECONDS_TENS, W
0208  00CD  	MOVWF gbl_FCV_DIGIT
0209  2139  	CALL FCM_data_b_00052
020A  2061  	CALL FCM_time_d_00056
020B  20E9  	CALL FCM_latch_00000
020C  30FE  	MOVLW 0xFE
020D  1683  	BSF STATUS, RP0
020E  0508  	ANDWF gbl_trisd, W
020F  0088  	MOVWF gbl_trisd
0210  30FE  	MOVLW 0xFE
0211  1283  	BCF STATUS, RP0
0212  0508  	ANDWF gbl_portd, W
0213  00DA  	MOVWF CompTempVar2197
0214  3001  	MOVLW 0x01
0215  045A  	IORWF CompTempVar2197, W
0216  0088  	MOVWF gbl_portd
0217  30FD  	MOVLW 0xFD
0218  1683  	BSF STATUS, RP0
0219  0508  	ANDWF gbl_trisd, W
021A  0088  	MOVWF gbl_trisd
021B  30FD  	MOVLW 0xFD
021C  1283  	BCF STATUS, RP0
021D  0508  	ANDWF gbl_portd, W
021E  0088  	MOVWF gbl_portd
021F  0008  	RETURN
0220        ; } FCM_display_time function end

	ORG 0x00000220
0220        FCM_displa_00054
0220        ; { FCM_display_score ; function begin
0220  20D7  	CALL FCM_off_al_00051
0221  084F  	MOVF gbl_FCV_AWAY_ONES, W
0222  00CD  	MOVWF gbl_FCV_DIGIT
0223  2139  	CALL FCM_data_b_00052
0224  209C  	CALL FCM_score__00053
0225  0842  	MOVF gbl_FCV_HOME_ONES, W
0226  00CD  	MOVWF gbl_FCV_DIGIT
0227  2139  	CALL FCM_data_b_00052
0228  209C  	CALL FCM_score__00053
0229  20E9  	CALL FCM_latch_00000
022A  30FE  	MOVLW 0xFE
022B  1683  	BSF STATUS, RP0
022C  0508  	ANDWF gbl_trisd, W
022D  0088  	MOVWF gbl_trisd
022E  30FE  	MOVLW 0xFE
022F  1283  	BCF STATUS, RP0
0230  0508  	ANDWF gbl_portd, W
0231  0088  	MOVWF gbl_portd
0232  30FD  	MOVLW 0xFD
0233  1683  	BSF STATUS, RP0
0234  0508  	ANDWF gbl_trisd, W
0235  0088  	MOVWF gbl_trisd
0236  30FD  	MOVLW 0xFD
0237  1283  	BCF STATUS, RP0
0238  0508  	ANDWF gbl_portd, W
0239  00DA  	MOVWF CompTempVar2194
023A  3002  	MOVLW 0x02
023B  045A  	IORWF CompTempVar2194, W
023C  0088  	MOVWF gbl_portd
023D  20D7  	CALL FCM_off_al_00051
023E  0848  	MOVF gbl_FCV_AWAY_TENS, W
023F  00CD  	MOVWF gbl_FCV_DIGIT
0240  2139  	CALL FCM_data_b_00052
0241  209C  	CALL FCM_score__00053
0242  0850  	MOVF gbl_FCV_HOME_TENS, W
0243  00CD  	MOVWF gbl_FCV_DIGIT
0244  2139  	CALL FCM_data_b_00052
0245  209C  	CALL FCM_score__00053
0246  20E9  	CALL FCM_latch_00000
0247  30FE  	MOVLW 0xFE
0248  1683  	BSF STATUS, RP0
0249  0508  	ANDWF gbl_trisd, W
024A  0088  	MOVWF gbl_trisd
024B  30FE  	MOVLW 0xFE
024C  1283  	BCF STATUS, RP0
024D  0508  	ANDWF gbl_portd, W
024E  00DA  	MOVWF CompTempVar2195
024F  3001  	MOVLW 0x01
0250  045A  	IORWF CompTempVar2195, W
0251  0088  	MOVWF gbl_portd
0252  30FD  	MOVLW 0xFD
0253  1683  	BSF STATUS, RP0
0254  0508  	ANDWF gbl_trisd, W
0255  0088  	MOVWF gbl_trisd
0256  30FD  	MOVLW 0xFD
0257  1283  	BCF STATUS, RP0
0258  0508  	ANDWF gbl_portd, W
0259  0088  	MOVWF gbl_portd
025A  0008  	RETURN
025B        ; } FCM_display_score function end

	ORG 0x0000025B
025B        FCD_RS2320_00060
025B        ; { FCD_RS2320_ReceiveRS232Char ; function begin
025B  0860  	MOVF FCD_RS2320_00060_arg_nTimeout, W
025C  00E1  	MOVWF FC_CAL_UAR_0005B_arg_nTimeout
025D  2015  	CALL FC_CAL_UAR_0005B
025E  0868  	MOVF CompTempVarRet2210, W
025F  00E1  	MOVWF CompTempVarRet2215
0260  0869  	MOVF CompTempVarRet2210+D'1', W
0261  00E2  	MOVWF CompTempVarRet2215+D'1'
0262  0008  	RETURN
0263        ; } FCD_RS2320_ReceiveRS232Char function end

	ORG 0x00000263
0263        main
0263        ; { main ; function begin
0263  1683  	BSF STATUS, RP0
0264  1703  	BSF STATUS, RP1
0265  0188  	CLRF gbl_ansel
0266  0189  	CLRF gbl_anselh
0267  219B  	CALL FC_CAL_UAR_00059
0268  30C0  	MOVLW 0xC0
0269  0081  	MOVWF gbl_option_reg
026A  30FB  	MOVLW 0xFB
026B  0508  	ANDWF gbl_trisd, W
026C  0088  	MOVWF gbl_trisd
026D  30FB  	MOVLW 0xFB
026E  1283  	BCF STATUS, RP0
026F  0508  	ANDWF gbl_portd, W
0270  0088  	MOVWF gbl_portd
0271  30F7  	MOVLW 0xF7
0272  1683  	BSF STATUS, RP0
0273  0508  	ANDWF gbl_trisd, W
0274  0088  	MOVWF gbl_trisd
0275  30F7  	MOVLW 0xF7
0276  1283  	BCF STATUS, RP0
0277  0508  	ANDWF gbl_portd, W
0278  0088  	MOVWF gbl_portd
0279  30FE  	MOVLW 0xFE
027A  1683  	BSF STATUS, RP0
027B  0507  	ANDWF gbl_trisc, W
027C  0087  	MOVWF gbl_trisc
027D  30FE  	MOVLW 0xFE
027E  1283  	BCF STATUS, RP0
027F  0507  	ANDWF gbl_portc, W
0280  0087  	MOVWF gbl_portc
0281  30FD  	MOVLW 0xFD
0282  1683  	BSF STATUS, RP0
0283  0507  	ANDWF gbl_trisc, W
0284  0087  	MOVWF gbl_trisc
0285  30FD  	MOVLW 0xFD
0286  1283  	BCF STATUS, RP0
0287  0507  	ANDWF gbl_portc, W
0288  0087  	MOVWF gbl_portc
0289  30FE  	MOVLW 0xFE
028A  1683  	BSF STATUS, RP0
028B  0508  	ANDWF gbl_trisd, W
028C  0088  	MOVWF gbl_trisd
028D  30FE  	MOVLW 0xFE
028E  1283  	BCF STATUS, RP0
028F  0508  	ANDWF gbl_portd, W
0290  0088  	MOVWF gbl_portd
0291  30FD  	MOVLW 0xFD
0292  1683  	BSF STATUS, RP0
0293  0508  	ANDWF gbl_trisd, W
0294  0088  	MOVWF gbl_trisd
0295  30FD  	MOVLW 0xFD
0296  1283  	BCF STATUS, RP0
0297  0508  	ANDWF gbl_portd, W
0298  00D8  	MOVWF CompTempVar2220
0299  3002  	MOVLW 0x02
029A  0458  	IORWF CompTempVar2220, W
029B  0088  	MOVWF gbl_portd
029C  30DF  	MOVLW 0xDF
029D  1683  	BSF STATUS, RP0
029E  0508  	ANDWF gbl_trisd, W
029F  0088  	MOVWF gbl_trisd
02A0  30DF  	MOVLW 0xDF
02A1  1283  	BCF STATUS, RP0
02A2  0508  	ANDWF gbl_portd, W
02A3  0088  	MOVWF gbl_portd
02A4  30EF  	MOVLW 0xEF
02A5  1683  	BSF STATUS, RP0
02A6  0508  	ANDWF gbl_trisd, W
02A7  0088  	MOVWF gbl_trisd
02A8  30EF  	MOVLW 0xEF
02A9  1283  	BCF STATUS, RP0
02AA  0508  	ANDWF gbl_portd, W
02AB  00D8  	MOVWF CompTempVar2221
02AC  3010  	MOVLW 0x10
02AD  0458  	IORWF CompTempVar2221, W
02AE  0088  	MOVWF gbl_portd
02AF  30FB  	MOVLW 0xFB
02B0  1683  	BSF STATUS, RP0
02B1  0508  	ANDWF gbl_trisd, W
02B2  0088  	MOVWF gbl_trisd
02B3  30FB  	MOVLW 0xFB
02B4  1283  	BCF STATUS, RP0
02B5  0508  	ANDWF gbl_portd, W
02B6  00D8  	MOVWF CompTempVar2222
02B7  3004  	MOVLW 0x04
02B8  0458  	IORWF CompTempVar2222, W
02B9  0088  	MOVWF gbl_portd
02BA  30F7  	MOVLW 0xF7
02BB  1683  	BSF STATUS, RP0
02BC  0508  	ANDWF gbl_trisd, W
02BD  0088  	MOVWF gbl_trisd
02BE  30F7  	MOVLW 0xF7
02BF  1283  	BCF STATUS, RP0
02C0  0508  	ANDWF gbl_portd, W
02C1  00D8  	MOVWF CompTempVar2223
02C2  3008  	MOVLW 0x08
02C3  0458  	IORWF CompTempVar2223, W
02C4  0088  	MOVWF gbl_portd
02C5  1143  	BCF gbl_FCV_FLAG,2
02C6  3001  	MOVLW 0x01
02C7  00C4  	MOVWF gbl_FCV_PERIOD
02C8        label32
02C8  3001  	MOVLW 0x01
02C9  00E0  	MOVWF FCD_RS2320_00060_arg_nTimeout
02CA  225B  	CALL FCD_RS2320_00060
02CB  0861  	MOVF CompTempVarRet2215, W
02CC  00CA  	MOVWF gbl_FCV_RX
02CD  01D9  	CLRF CompTempVar2225
02CE  084A  	MOVF gbl_FCV_RX, W
02CF  3C30  	SUBLW 0x30
02D0  1C03  	BTFSS STATUS,C
02D1  0AD9  	INCF CompTempVar2225, F
02D2  01D8  	CLRF CompTempVar2224
02D3  305A  	MOVLW 0x5A
02D4  024A  	SUBWF gbl_FCV_RX, W
02D5  1C03  	BTFSS STATUS,C
02D6  0AD8  	INCF CompTempVar2224, F
02D7  0858  	MOVF CompTempVar2224, W
02D8  0559  	ANDWF CompTempVar2225, W
02D9  1903  	BTFSC STATUS,Z
02DA  2B83  	GOTO	label41
02DB  084A  	MOVF gbl_FCV_RX, W
02DC  3A41  	XORLW 0x41
02DD  1D03  	BTFSS STATUS,Z
02DE  2AC8  	GOTO	label32
02DF  3001  	MOVLW 0x01
02E0  00E0  	MOVWF FCD_RS2320_00060_arg_nTimeout
02E1  225B  	CALL FCD_RS2320_00060
02E2  0861  	MOVF CompTempVarRet2215, W
02E3  00CA  	MOVWF gbl_FCV_RX
02E4  01DB  	CLRF CompTempVar2227
02E5  084A  	MOVF gbl_FCV_RX, W
02E6  3C2F  	SUBLW 0x2F
02E7  1C03  	BTFSS STATUS,C
02E8  0ADB  	INCF CompTempVar2227, F
02E9  01DA  	CLRF CompTempVar2226
02EA  303A  	MOVLW 0x3A
02EB  024A  	SUBWF gbl_FCV_RX, W
02EC  1C03  	BTFSS STATUS,C
02ED  0ADA  	INCF CompTempVar2226, F
02EE  085A  	MOVF CompTempVar2226, W
02EF  055B  	ANDWF CompTempVar2227, W
02F0  1903  	BTFSC STATUS,Z
02F1  2AF5  	GOTO	label33
02F2  3030  	MOVLW 0x30
02F3  024A  	SUBWF gbl_FCV_RX, W
02F4  00C7  	MOVWF gbl_FCV_MINUTE_TENS
02F5        label33
02F5  3001  	MOVLW 0x01
02F6  00E0  	MOVWF FCD_RS2320_00060_arg_nTimeout
02F7  225B  	CALL FCD_RS2320_00060
02F8  0861  	MOVF CompTempVarRet2215, W
02F9  00CA  	MOVWF gbl_FCV_RX
02FA  01DD  	CLRF CompTempVar2229
02FB  084A  	MOVF gbl_FCV_RX, W
02FC  3C2F  	SUBLW 0x2F
02FD  1C03  	BTFSS STATUS,C
02FE  0ADD  	INCF CompTempVar2229, F
02FF  01DC  	CLRF CompTempVar2228
0300  303A  	MOVLW 0x3A
0301  024A  	SUBWF gbl_FCV_RX, W
0302  1C03  	BTFSS STATUS,C
0303  0ADC  	INCF CompTempVar2228, F
0304  085C  	MOVF CompTempVar2228, W
0305  055D  	ANDWF CompTempVar2229, W
0306  1903  	BTFSC STATUS,Z
0307  2B0B  	GOTO	label34
0308  3030  	MOVLW 0x30
0309  024A  	SUBWF gbl_FCV_RX, W
030A  00CE  	MOVWF gbl_FCV_MINUTE_ONES
030B        label34
030B  3001  	MOVLW 0x01
030C  00E0  	MOVWF FCD_RS2320_00060_arg_nTimeout
030D  225B  	CALL FCD_RS2320_00060
030E  0861  	MOVF CompTempVarRet2215, W
030F  00CA  	MOVWF gbl_FCV_RX
0310  084A  	MOVF gbl_FCV_RX, W
0311  3A42  	XORLW 0x42
0312  1D03  	BTFSS STATUS,Z
0313  2B0B  	GOTO	label34
0314        label35
0314  3001  	MOVLW 0x01
0315  00E0  	MOVWF FCD_RS2320_00060_arg_nTimeout
0316  225B  	CALL FCD_RS2320_00060
0317  0861  	MOVF CompTempVarRet2215, W
0318  00CA  	MOVWF gbl_FCV_RX
0319  01DF  	CLRF CompTempVar2231
031A  084A  	MOVF gbl_FCV_RX, W
031B  3C2F  	SUBLW 0x2F
031C  1C03  	BTFSS STATUS,C
031D  0ADF  	INCF CompTempVar2231, F
031E  01DE  	CLRF CompTempVar2230
031F  303A  	MOVLW 0x3A
0320  024A  	SUBWF gbl_FCV_RX, W
0321  1C03  	BTFSS STATUS,C
0322  0ADE  	INCF CompTempVar2230, F
0323  085E  	MOVF CompTempVar2230, W
0324  055F  	ANDWF CompTempVar2231, W
0325  1903  	BTFSC STATUS,Z
0326  2B14  	GOTO	label35
0327  3030  	MOVLW 0x30
0328  024A  	SUBWF gbl_FCV_RX, W
0329  00CB  	MOVWF gbl_FCV_SECONDS_TENS
032A        label36
032A  3001  	MOVLW 0x01
032B  00E0  	MOVWF FCD_RS2320_00060_arg_nTimeout
032C  225B  	CALL FCD_RS2320_00060
032D  0861  	MOVF CompTempVarRet2215, W
032E  00CA  	MOVWF gbl_FCV_RX
032F  01DF  	CLRF CompTempVar2233
0330  084A  	MOVF gbl_FCV_RX, W
0331  3C2F  	SUBLW 0x2F
0332  1C03  	BTFSS STATUS,C
0333  0ADF  	INCF CompTempVar2233, F
0334  01DE  	CLRF CompTempVar2232
0335  303A  	MOVLW 0x3A
0336  024A  	SUBWF gbl_FCV_RX, W
0337  1C03  	BTFSS STATUS,C
0338  0ADE  	INCF CompTempVar2232, F
0339  085E  	MOVF CompTempVar2232, W
033A  055F  	ANDWF CompTempVar2233, W
033B  1903  	BTFSC STATUS,Z
033C  2B2A  	GOTO	label36
033D  3030  	MOVLW 0x30
033E  024A  	SUBWF gbl_FCV_RX, W
033F  00D1  	MOVWF gbl_FCV_SECONDS_ONES
0340        label37
0340  3001  	MOVLW 0x01
0341  00E0  	MOVWF FCD_RS2320_00060_arg_nTimeout
0342  225B  	CALL FCD_RS2320_00060
0343  0861  	MOVF CompTempVarRet2215, W
0344  00CA  	MOVWF gbl_FCV_RX
0345  084A  	MOVF gbl_FCV_RX, W
0346  3A43  	XORLW 0x43
0347  1D03  	BTFSS STATUS,Z
0348  2B40  	GOTO	label37
0349        label38
0349  3001  	MOVLW 0x01
034A  00E0  	MOVWF FCD_RS2320_00060_arg_nTimeout
034B  225B  	CALL FCD_RS2320_00060
034C  0861  	MOVF CompTempVarRet2215, W
034D  00CA  	MOVWF gbl_FCV_RX
034E  01DF  	CLRF CompTempVar2235
034F  084A  	MOVF gbl_FCV_RX, W
0350  3C2F  	SUBLW 0x2F
0351  1C03  	BTFSS STATUS,C
0352  0ADF  	INCF CompTempVar2235, F
0353  01DE  	CLRF CompTempVar2234
0354  303A  	MOVLW 0x3A
0355  024A  	SUBWF gbl_FCV_RX, W
0356  1C03  	BTFSS STATUS,C
0357  0ADE  	INCF CompTempVar2234, F
0358  085E  	MOVF CompTempVar2234, W
0359  055F  	ANDWF CompTempVar2235, W
035A  1903  	BTFSC STATUS,Z
035B  2B49  	GOTO	label38
035C  3030  	MOVLW 0x30
035D  024A  	SUBWF gbl_FCV_RX, W
035E  00C6  	MOVWF gbl_FCV_HOME_FOUL
035F        label39
035F  3001  	MOVLW 0x01
0360  00E0  	MOVWF FCD_RS2320_00060_arg_nTimeout
0361  225B  	CALL FCD_RS2320_00060
0362  0861  	MOVF CompTempVarRet2215, W
0363  00CA  	MOVWF gbl_FCV_RX
0364  084A  	MOVF gbl_FCV_RX, W
0365  3A44  	XORLW 0x44
0366  1D03  	BTFSS STATUS,Z
0367  2B5F  	GOTO	label39
0368        label40
0368  3001  	MOVLW 0x01
0369  00E0  	MOVWF FCD_RS2320_00060_arg_nTimeout
036A  225B  	CALL FCD_RS2320_00060
036B  0861  	MOVF CompTempVarRet2215, W
036C  00CA  	MOVWF gbl_FCV_RX
036D  01DF  	CLRF CompTempVar2237
036E  084A  	MOVF gbl_FCV_RX, W
036F  3C2F  	SUBLW 0x2F
0370  1C03  	BTFSS STATUS,C
0371  0ADF  	INCF CompTempVar2237, F
0372  01DE  	CLRF CompTempVar2236
0373  303A  	MOVLW 0x3A
0374  024A  	SUBWF gbl_FCV_RX, W
0375  1C03  	BTFSS STATUS,C
0376  0ADE  	INCF CompTempVar2236, F
0377  085E  	MOVF CompTempVar2236, W
0378  055F  	ANDWF CompTempVar2237, W
0379  1903  	BTFSC STATUS,Z
037A  2B68  	GOTO	label40
037B  3030  	MOVLW 0x30
037C  024A  	SUBWF gbl_FCV_RX, W
037D  00C4  	MOVWF gbl_FCV_PERIOD
037E  3059  	MOVLW 0x59
037F  00CC  	MOVWF gbl_FCV_SCORE_AWAY
0380  3047  	MOVLW 0x47
0381  00D2  	MOVWF gbl_FCV_SCORE_HOME
0382  1543  	BSF gbl_FCV_FLAG,2
0383        label41
0383  084C  	MOVF gbl_FCV_SCORE_AWAY, W
0384  00DA  	MOVWF __div_8_8_00000_arg_a
0385  300A  	MOVLW 0x0A
0386  00DB  	MOVWF __div_8_8_00000_arg_b
0387  218A  	CALL __div_8_8_00000
0388  085E  	MOVF CompTempVarRet218, W
0389  00C8  	MOVWF gbl_FCV_AWAY_TENS
038A  084C  	MOVF gbl_FCV_SCORE_AWAY, W
038B  00DA  	MOVWF __rem_8_8_00000_arg_a
038C  300A  	MOVLW 0x0A
038D  00DB  	MOVWF __rem_8_8_00000_arg_b
038E  2179  	CALL __rem_8_8_00000
038F  085E  	MOVF CompTempVarRet220, W
0390  00CF  	MOVWF gbl_FCV_AWAY_ONES
0391  0852  	MOVF gbl_FCV_SCORE_HOME, W
0392  00DA  	MOVWF __div_8_8_00000_arg_a
0393  300A  	MOVLW 0x0A
0394  00DB  	MOVWF __div_8_8_00000_arg_b
0395  218A  	CALL __div_8_8_00000
0396  085E  	MOVF CompTempVarRet218, W
0397  00D0  	MOVWF gbl_FCV_HOME_TENS
0398  0852  	MOVF gbl_FCV_SCORE_HOME, W
0399  00DA  	MOVWF __rem_8_8_00000_arg_a
039A  300A  	MOVLW 0x0A
039B  00DB  	MOVWF __rem_8_8_00000_arg_b
039C  2179  	CALL __rem_8_8_00000
039D  085E  	MOVF CompTempVarRet220, W
039E  00C2  	MOVWF gbl_FCV_HOME_ONES
039F  2220  	CALL FCM_displa_00054
03A0  21E5  	CALL FCM_displa_00055
03A1  21AA  	CALL FCM_foulpe_00058
03A2  2AC8  	GOTO	label32
03A3        ; } main function end

	ORG 0x000003A3
03A3        _startup
03A3  30D5  	MOVLW 0xD5
03A4  1283  	BCF STATUS, RP0
03A5  1303  	BCF STATUS, RP1
03A6  00A0  	MOVWF gbl_14_LSR
03A7  30C4  	MOVLW 0xC4
03A8  00A1  	MOVWF gbl_14_LSR+D'1'
03A9  30BB  	MOVLW 0xBB
03AA  00A2  	MOVWF gbl_14_LSR+D'2'
03AB  30DC  	MOVLW 0xDC
03AC  00A3  	MOVWF gbl_14_LSR+D'3'
03AD  01A4  	CLRF gbl_15_gbl_aSig
03AE  01A5  	CLRF gbl_15_gbl_aSig+D'1'
03AF  01A6  	CLRF gbl_15_gbl_aSig+D'2'
03B0  01A7  	CLRF gbl_15_gbl_aSig+D'3'
03B1  01A8  	CLRF gbl_15_gbl_bSig
03B2  01A9  	CLRF gbl_15_gbl_bSig+D'1'
03B3  01AA  	CLRF gbl_15_gbl_bSig+D'2'
03B4  01AB  	CLRF gbl_15_gbl_bSig+D'3'
03B5  01AC  	CLRF gbl_15_gbl_zSig
03B6  01AD  	CLRF gbl_15_gbl_zSig+D'1'
03B7  01AE  	CLRF gbl_15_gbl_zSig+D'2'
03B8  01AF  	CLRF gbl_15_gbl_zSig+D'3'
03B9  01BC  	CLRF gbl_15_gbl_aExp
03BA  01BD  	CLRF gbl_15_gbl_bExp
03BB  01B7  	CLRF gbl_15_gbl_zExp
03BC  01B8  	CLRF gbl_15_gbl_zExp+D'1'
03BD  01BE  	CLRF gbl_15_gbl_aSign
03BE  01BF  	CLRF gbl_15_gbl_bSign
03BF  01C0  	CLRF gbl_15_gbl_zSign
03C0  01C1  	CLRF gbl_15_gbl_zSigZero
03C1  01B0  	CLRF gbl_15_gbl_ret
03C2  01B1  	CLRF gbl_15_gbl_ret+D'1'
03C3  01B2  	CLRF gbl_15_gbl_ret+D'2'
03C4  01B3  	CLRF gbl_15_gbl_ret+D'3'
03C5  01BA  	CLRF gbl_float_rounding_mode
03C6  01BB  	CLRF gbl_float_exception_flags
03C7  01B9  	CLRF gbl_float_detect_tininess
03C8  01C2  	CLRF gbl_FCV_HOME_ONES
03C9  01C4  	CLRF gbl_FCV_PERIOD
03CA  01C5  	CLRF gbl_FCV_MINUTES
03CB  01C6  	CLRF gbl_FCV_HOME_FOUL
03CC  01C8  	CLRF gbl_FCV_AWAY_TENS
03CD  01C9  	CLRF gbl_FCV_BITS
03CE  01CA  	CLRF gbl_FCV_RX
03CF  01CC  	CLRF gbl_FCV_SCORE_AWAY
03D0  01CD  	CLRF gbl_FCV_DIGIT
03D1  10C3  	BCF gbl_FCV_HOME_HUNDRED,1
03D2  01D0  	CLRF gbl_FCV_HOME_TENS
03D3  1143  	BCF gbl_FCV_FLAG,2
03D4  11C3  	BCF gbl_FCV_AWAY_HUNDREDS,3
03D5  01D2  	CLRF gbl_FCV_SCORE_HOME
03D6  01D3  	CLRF gbl_FCV_IHAP
03D7  01D4  	CLRF gbl_FCV_AWAY_FOUL
03D8  118A  	BCF PCLATH,3
03D9  120A  	BCF PCLATH,4
03DA  2A63  	GOTO	main
	ORG 0x000003DB
03DB        interrupt
03DB        ; { interrupt ; function begin
03DB  1283  	BCF STATUS, RP0
03DC  1303  	BCF STATUS, RP1
03DD  0E36  	SWAPF Int1BContext+D'2', W
03DE  0084  	MOVWF FSR
03DF  0E35  	SWAPF Int1BContext+D'1', W
03E0  008A  	MOVWF PCLATH
03E1  0E34  	SWAPF Int1BContext, W
03E2  0083  	MOVWF STATUS
03E3  0EFF  	SWAPF Int1Context, F
03E4  0E7F  	SWAPF Int1Context, W
03E5  0009  	RETFIE
03E6        ; } interrupt function end

	ORG 0x00002007
2007  20C2  	DW 0x20C2
2008  3EFF  	DW 0x3EFF
