Warning[205] C:\USERS\GERPE\ONEDRIVE\GER-PER 2016\DOCUMENTS\KENNYNEUTRON\HUB6\HUB6DISPLAYV2\20191009HUB6DISPLAYV3.ASM 92 : Found directive in column 1. (CBLOCK)
Warning[210] C:\USERS\GERPE\ONEDRIVE\GER-PER 2016\DOCUMENTS\KENNYNEUTRON\HUB6\HUB6DISPLAYV2\20191009HUB6DISPLAYV3.ASM 93 : Extra ","
Warning[205] C:\USERS\GERPE\ONEDRIVE\GER-PER 2016\DOCUMENTS\KENNYNEUTRON\HUB6\HUB6DISPLAYV2\20191009HUB6DISPLAYV3.ASM 112 : Found directive in column 1. (ENDC)
Warning[205] C:\USERS\GERPE\ONEDRIVE\GER-PER 2016\DOCUMENTS\KENNYNEUTRON\HUB6\HUB6DISPLAYV2\20191009HUB6DISPLAYV3.ASM 117 : Found directive in column 1. (CBLOCK)
Warning[205] C:\USERS\GERPE\ONEDRIVE\GER-PER 2016\DOCUMENTS\KENNYNEUTRON\HUB6\HUB6DISPLAYV2\20191009HUB6DISPLAYV3.ASM 120 : Found directive in column 1. (ENDC)
Warning[205] C:\USERS\GERPE\ONEDRIVE\GER-PER 2016\DOCUMENTS\KENNYNEUTRON\HUB6\HUB6DISPLAYV2\20191009HUB6DISPLAYV3.ASM 126 : Found directive in column 1. (CBLOCK)
Warning[205] C:\USERS\GERPE\ONEDRIVE\GER-PER 2016\DOCUMENTS\KENNYNEUTRON\HUB6\HUB6DISPLAYV2\20191009HUB6DISPLAYV3.ASM 129 : Found directive in column 1. (ENDC)
Warning[205] C:\USERS\GERPE\ONEDRIVE\GER-PER 2016\DOCUMENTS\KENNYNEUTRON\HUB6\HUB6DISPLAYV2\20191009HUB6DISPLAYV3.ASM 157 : Found directive in column 1. (BANKSEL)
Warning[203] C:\USERS\GERPE\ONEDRIVE\GER-PER 2016\DOCUMENTS\KENNYNEUTRON\HUB6\HUB6DISPLAYV2\20191009HUB6DISPLAYV3.ASM 158 : Found opcode in column 1. (CLRW)
Warning[203] C:\USERS\GERPE\ONEDRIVE\GER-PER 2016\DOCUMENTS\KENNYNEUTRON\HUB6\HUB6DISPLAYV2\20191009HUB6DISPLAYV3.ASM 159 : Found opcode in column 1. (MOVWF)
Message[302] C:\USERS\GERPE\ONEDRIVE\GER-PER 2016\DOCUMENTS\KENNYNEUTRON\HUB6\HUB6DISPLAYV2\20191009HUB6DISPLAYV3.ASM 159 : Register in operand not in bank 0.  Ensure that bank bits are correct.
Warning[203] C:\USERS\GERPE\ONEDRIVE\GER-PER 2016\DOCUMENTS\KENNYNEUTRON\HUB6\HUB6DISPLAYV2\20191009HUB6DISPLAYV3.ASM 160 : Found opcode in column 1. (MOVWF)
Message[302] C:\USERS\GERPE\ONEDRIVE\GER-PER 2016\DOCUMENTS\KENNYNEUTRON\HUB6\HUB6DISPLAYV2\20191009HUB6DISPLAYV3.ASM 160 : Register in operand not in bank 0.  Ensure that bank bits are correct.
Warning[205] C:\USERS\GERPE\ONEDRIVE\GER-PER 2016\DOCUMENTS\KENNYNEUTRON\HUB6\HUB6DISPLAYV2\20191009HUB6DISPLAYV3.ASM 162 : Found directive in column 1. (BANKSEL)
Warning[203] C:\USERS\GERPE\ONEDRIVE\GER-PER 2016\DOCUMENTS\KENNYNEUTRON\HUB6\HUB6DISPLAYV2\20191009HUB6DISPLAYV3.ASM 164 : Found opcode in column 1. (MOVLW)
Warning[203] C:\USERS\GERPE\ONEDRIVE\GER-PER 2016\DOCUMENTS\KENNYNEUTRON\HUB6\HUB6DISPLAYV2\20191009HUB6DISPLAYV3.ASM 165 : Found opcode in column 1. (MOVWF)
Message[302] C:\USERS\GERPE\ONEDRIVE\GER-PER 2016\DOCUMENTS\KENNYNEUTRON\HUB6\HUB6DISPLAYV2\20191009HUB6DISPLAYV3.ASM 165 : Register in operand not in bank 0.  Ensure that bank bits are correct.
Warning[203] C:\USERS\GERPE\ONEDRIVE\GER-PER 2016\DOCUMENTS\KENNYNEUTRON\HUB6\HUB6DISPLAYV2\20191009HUB6DISPLAYV3.ASM 167 : Found opcode in column 1. (MOVLW)
Warning[203] C:\USERS\GERPE\ONEDRIVE\GER-PER 2016\DOCUMENTS\KENNYNEUTRON\HUB6\HUB6DISPLAYV2\20191009HUB6DISPLAYV3.ASM 168 : Found opcode in column 1. (MOVWF)
Message[302] C:\USERS\GERPE\ONEDRIVE\GER-PER 2016\DOCUMENTS\KENNYNEUTRON\HUB6\HUB6DISPLAYV2\20191009HUB6DISPLAYV3.ASM 168 : Register in operand not in bank 0.  Ensure that bank bits are correct.
Warning[203] C:\USERS\GERPE\ONEDRIVE\GER-PER 2016\DOCUMENTS\KENNYNEUTRON\HUB6\HUB6DISPLAYV2\20191009HUB6DISPLAYV3.ASM 170 : Found opcode in column 1. (MOVLW)
Warning[203] C:\USERS\GERPE\ONEDRIVE\GER-PER 2016\DOCUMENTS\KENNYNEUTRON\HUB6\HUB6DISPLAYV2\20191009HUB6DISPLAYV3.ASM 171 : Found opcode in column 1. (MOVWF)
Message[302] C:\USERS\GERPE\ONEDRIVE\GER-PER 2016\DOCUMENTS\KENNYNEUTRON\HUB6\HUB6DISPLAYV2\20191009HUB6DISPLAYV3.ASM 171 : Register in operand not in bank 0.  Ensure that bank bits are correct.
Warning[205] C:\USERS\GERPE\ONEDRIVE\GER-PER 2016\DOCUMENTS\KENNYNEUTRON\HUB6\HUB6DISPLAYV2\20191009HUB6DISPLAYV3.ASM 175 : Found directive in column 1. (BANKSEL)
Warning[203] C:\USERS\GERPE\ONEDRIVE\GER-PER 2016\DOCUMENTS\KENNYNEUTRON\HUB6\HUB6DISPLAYV2\20191009HUB6DISPLAYV3.ASM 176 : Found opcode in column 1. (BCF)
Warning[203] C:\USERS\GERPE\ONEDRIVE\GER-PER 2016\DOCUMENTS\KENNYNEUTRON\HUB6\HUB6DISPLAYV2\20191009HUB6DISPLAYV3.ASM 177 : Found opcode in column 1. (BCF)
Warning[203] C:\USERS\GERPE\ONEDRIVE\GER-PER 2016\DOCUMENTS\KENNYNEUTRON\HUB6\HUB6DISPLAYV2\20191009HUB6DISPLAYV3.ASM 178 : Found opcode in column 1. (BCF)
Warning[203] C:\USERS\GERPE\ONEDRIVE\GER-PER 2016\DOCUMENTS\KENNYNEUTRON\HUB6\HUB6DISPLAYV2\20191009HUB6DISPLAYV3.ASM 179 : Found opcode in column 1. (BCF)
Warning[203] C:\USERS\GERPE\ONEDRIVE\GER-PER 2016\DOCUMENTS\KENNYNEUTRON\HUB6\HUB6DISPLAYV2\20191009HUB6DISPLAYV3.ASM 180 : Found opcode in column 1. (BCF)
Warning[203] C:\USERS\GERPE\ONEDRIVE\GER-PER 2016\DOCUMENTS\KENNYNEUTRON\HUB6\HUB6DISPLAYV2\20191009HUB6DISPLAYV3.ASM 181 : Found opcode in column 1. (BCF)
Warning[203] C:\USERS\GERPE\ONEDRIVE\GER-PER 2016\DOCUMENTS\KENNYNEUTRON\HUB6\HUB6DISPLAYV2\20191009HUB6DISPLAYV3.ASM 182 : Found opcode in column 1. (BCF)
Warning[203] C:\USERS\GERPE\ONEDRIVE\GER-PER 2016\DOCUMENTS\KENNYNEUTRON\HUB6\HUB6DISPLAYV2\20191009HUB6DISPLAYV3.ASM 184 : Found opcode in column 1. (BCF)
Warning[203] C:\USERS\GERPE\ONEDRIVE\GER-PER 2016\DOCUMENTS\KENNYNEUTRON\HUB6\HUB6DISPLAYV2\20191009HUB6DISPLAYV3.ASM 186 : Found opcode in column 1. (BCF)
Warning[203] C:\USERS\GERPE\ONEDRIVE\GER-PER 2016\DOCUMENTS\KENNYNEUTRON\HUB6\HUB6DISPLAYV2\20191009HUB6DISPLAYV3.ASM 188 : Found opcode in column 1. (CALL)
Warning[203] C:\USERS\GERPE\ONEDRIVE\GER-PER 2016\DOCUMENTS\KENNYNEUTRON\HUB6\HUB6DISPLAYV2\20191009HUB6DISPLAYV3.ASM 190 : Found opcode in column 1. (MOVLW)
Warning[203] C:\USERS\GERPE\ONEDRIVE\GER-PER 2016\DOCUMENTS\KENNYNEUTRON\HUB6\HUB6DISPLAYV2\20191009HUB6DISPLAYV3.ASM 191 : Found opcode in column 1. (MOVWF)
Message[302] C:\USERS\GERPE\ONEDRIVE\GER-PER 2016\DOCUMENTS\KENNYNEUTRON\HUB6\HUB6DISPLAYV2\20191009HUB6DISPLAYV3.ASM 191 : Register in operand not in bank 0.  Ensure that bank bits are correct.
Warning[203] C:\USERS\GERPE\ONEDRIVE\GER-PER 2016\DOCUMENTS\KENNYNEUTRON\HUB6\HUB6DISPLAYV2\20191009HUB6DISPLAYV3.ASM 193 : Found opcode in column 1. (MOVLW)
Warning[203] C:\USERS\GERPE\ONEDRIVE\GER-PER 2016\DOCUMENTS\KENNYNEUTRON\HUB6\HUB6DISPLAYV2\20191009HUB6DISPLAYV3.ASM 194 : Found opcode in column 1. (MOVWF)
Message[302] C:\USERS\GERPE\ONEDRIVE\GER-PER 2016\DOCUMENTS\KENNYNEUTRON\HUB6\HUB6DISPLAYV2\20191009HUB6DISPLAYV3.ASM 194 : Register in operand not in bank 0.  Ensure that bank bits are correct.
Warning[203] C:\USERS\GERPE\ONEDRIVE\GER-PER 2016\DOCUMENTS\KENNYNEUTRON\HUB6\HUB6DISPLAYV2\20191009HUB6DISPLAYV3.ASM 199 : Found opcode in column 1. (CALL)
Warning[203] C:\USERS\GERPE\ONEDRIVE\GER-PER 2016\DOCUMENTS\KENNYNEUTRON\HUB6\HUB6DISPLAYV2\20191009HUB6DISPLAYV3.ASM 200 : Found opcode in column 1. (MOVLW)
Warning[203] C:\USERS\GERPE\ONEDRIVE\GER-PER 2016\DOCUMENTS\KENNYNEUTRON\HUB6\HUB6DISPLAYV2\20191009HUB6DISPLAYV3.ASM 201 : Found opcode in column 1. (MOVWF)
Warning[203] C:\USERS\GERPE\ONEDRIVE\GER-PER 2016\DOCUMENTS\KENNYNEUTRON\HUB6\HUB6DISPLAYV2\20191009HUB6DISPLAYV3.ASM 233 : Found opcode in column 1. (GOTO)
Warning[203] C:\USERS\GERPE\ONEDRIVE\GER-PER 2016\DOCUMENTS\KENNYNEUTRON\HUB6\HUB6DISPLAYV2\20191009HUB6DISPLAYV3.ASM 241 : Found opcode in column 1. (RETURN)
Warning[203] C:\USERS\GERPE\ONEDRIVE\GER-PER 2016\DOCUMENTS\KENNYNEUTRON\HUB6\HUB6DISPLAYV2\20191009HUB6DISPLAYV3.ASM 250 : Found opcode in column 1. (RETURN)
Message[305] C:\USERS\GERPE\ONEDRIVE\GER-PER 2016\DOCUMENTS\KENNYNEUTRON\HUB6\HUB6DISPLAYV2\20191009HUB6DISPLAYV3.ASM 272 : Using default destination of 1 (file).
Warning[203] C:\USERS\GERPE\ONEDRIVE\GER-PER 2016\DOCUMENTS\KENNYNEUTRON\HUB6\HUB6DISPLAYV2\20191009HUB6DISPLAYV3.ASM 278 : Found opcode in column 1. (RETURN)
Warning[203] C:\USERS\GERPE\ONEDRIVE\GER-PER 2016\DOCUMENTS\KENNYNEUTRON\HUB6\HUB6DISPLAYV2\20191009HUB6DISPLAYV3.ASM 349 : Found opcode in column 1. (RETURN)
Warning[203] C:\USERS\GERPE\ONEDRIVE\GER-PER 2016\DOCUMENTS\KENNYNEUTRON\HUB6\HUB6DISPLAYV2\20191009HUB6DISPLAYV3.ASM 390 : Found opcode in column 1. (RETURN)
Message[305] C:\USERS\GERPE\ONEDRIVE\GER-PER 2016\DOCUMENTS\KENNYNEUTRON\HUB6\HUB6DISPLAYV2\20191009HUB6DISPLAYV3.ASM 426 : Using default destination of 1 (file).
Message[305] C:\USERS\GERPE\ONEDRIVE\GER-PER 2016\DOCUMENTS\KENNYNEUTRON\HUB6\HUB6DISPLAYV2\20191009HUB6DISPLAYV3.ASM 439 : Using default destination of 1 (file).
Message[305] C:\USERS\GERPE\ONEDRIVE\GER-PER 2016\DOCUMENTS\KENNYNEUTRON\HUB6\HUB6DISPLAYV2\20191009HUB6DISPLAYV3.ASM 454 : Using default destination of 1 (file).
Message[305] C:\USERS\GERPE\ONEDRIVE\GER-PER 2016\DOCUMENTS\KENNYNEUTRON\HUB6\HUB6DISPLAYV2\20191009HUB6DISPLAYV3.ASM 470 : Using default destination of 1 (file).
Message[305] C:\USERS\GERPE\ONEDRIVE\GER-PER 2016\DOCUMENTS\KENNYNEUTRON\HUB6\HUB6DISPLAYV2\20191009HUB6DISPLAYV3.ASM 493 : Using default destination of 1 (file).
Warning[203] C:\USERS\GERPE\ONEDRIVE\GER-PER 2016\DOCUMENTS\KENNYNEUTRON\HUB6\HUB6DISPLAYV2\20191009HUB6DISPLAYV3.ASM 497 : Found opcode in column 1. (RETURN)
Message[305] C:\USERS\GERPE\ONEDRIVE\GER-PER 2016\DOCUMENTS\KENNYNEUTRON\HUB6\HUB6DISPLAYV2\20191009HUB6DISPLAYV3.ASM 524 : Using default destination of 1 (file).
Message[305] C:\USERS\GERPE\ONEDRIVE\GER-PER 2016\DOCUMENTS\KENNYNEUTRON\HUB6\HUB6DISPLAYV2\20191009HUB6DISPLAYV3.ASM 525 : Using default destination of 1 (file).
Message[305] C:\USERS\GERPE\ONEDRIVE\GER-PER 2016\DOCUMENTS\KENNYNEUTRON\HUB6\HUB6DISPLAYV2\20191009HUB6DISPLAYV3.ASM 533 : Using default destination of 1 (file).
Message[305] C:\USERS\GERPE\ONEDRIVE\GER-PER 2016\DOCUMENTS\KENNYNEUTRON\HUB6\HUB6DISPLAYV2\20191009HUB6DISPLAYV3.ASM 540 : Using default destination of 1 (file).
Message[305] C:\USERS\GERPE\ONEDRIVE\GER-PER 2016\DOCUMENTS\KENNYNEUTRON\HUB6\HUB6DISPLAYV2\20191009HUB6DISPLAYV3.ASM 548 : Using default destination of 1 (file).
Message[305] C:\USERS\GERPE\ONEDRIVE\GER-PER 2016\DOCUMENTS\KENNYNEUTRON\HUB6\HUB6DISPLAYV2\20191009HUB6DISPLAYV3.ASM 549 : Using default destination of 1 (file).
Message[305] C:\USERS\GERPE\ONEDRIVE\GER-PER 2016\DOCUMENTS\KENNYNEUTRON\HUB6\HUB6DISPLAYV2\20191009HUB6DISPLAYV3.ASM 552 : Using default destination of 1 (file).
Message[305] C:\USERS\GERPE\ONEDRIVE\GER-PER 2016\DOCUMENTS\KENNYNEUTRON\HUB6\HUB6DISPLAYV2\20191009HUB6DISPLAYV3.ASM 560 : Using default destination of 1 (file).
Message[305] C:\USERS\GERPE\ONEDRIVE\GER-PER 2016\DOCUMENTS\KENNYNEUTRON\HUB6\HUB6DISPLAYV2\20191009HUB6DISPLAYV3.ASM 567 : Using default destination of 1 (file).
Warning[203] C:\USERS\GERPE\ONEDRIVE\GER-PER 2016\DOCUMENTS\KENNYNEUTRON\HUB6\HUB6DISPLAYV2\20191009HUB6DISPLAYV3.ASM 590 : Found opcode in column 1. (RETURN)
Message[305] C:\USERS\GERPE\ONEDRIVE\GER-PER 2016\DOCUMENTS\KENNYNEUTRON\HUB6\HUB6DISPLAYV2\20191009HUB6DISPLAYV3.ASM 606 : Using default destination of 1 (file).
Message[305] C:\USERS\GERPE\ONEDRIVE\GER-PER 2016\DOCUMENTS\KENNYNEUTRON\HUB6\HUB6DISPLAYV2\20191009HUB6DISPLAYV3.ASM 607 : Using default destination of 1 (file).
Message[305] C:\USERS\GERPE\ONEDRIVE\GER-PER 2016\DOCUMENTS\KENNYNEUTRON\HUB6\HUB6DISPLAYV2\20191009HUB6DISPLAYV3.ASM 608 : Using default destination of 1 (file).
Message[305] C:\USERS\GERPE\ONEDRIVE\GER-PER 2016\DOCUMENTS\KENNYNEUTRON\HUB6\HUB6DISPLAYV2\20191009HUB6DISPLAYV3.ASM 610 : Using default destination of 1 (file).
Message[305] C:\USERS\GERPE\ONEDRIVE\GER-PER 2016\DOCUMENTS\KENNYNEUTRON\HUB6\HUB6DISPLAYV2\20191009HUB6DISPLAYV3.ASM 611 : Using default destination of 1 (file).
Message[305] C:\USERS\GERPE\ONEDRIVE\GER-PER 2016\DOCUMENTS\KENNYNEUTRON\HUB6\HUB6DISPLAYV2\20191009HUB6DISPLAYV3.ASM 612 : Using default destination of 1 (file).
Message[305] C:\USERS\GERPE\ONEDRIVE\GER-PER 2016\DOCUMENTS\KENNYNEUTRON\HUB6\HUB6DISPLAYV2\20191009HUB6DISPLAYV3.ASM 626 : Using default destination of 1 (file).
Message[305] C:\USERS\GERPE\ONEDRIVE\GER-PER 2016\DOCUMENTS\KENNYNEUTRON\HUB6\HUB6DISPLAYV2\20191009HUB6DISPLAYV3.ASM 629 : Using default destination of 1 (file).
Message[305] C:\USERS\GERPE\ONEDRIVE\GER-PER 2016\DOCUMENTS\KENNYNEUTRON\HUB6\HUB6DISPLAYV2\20191009HUB6DISPLAYV3.ASM 640 : Using default destination of 1 (file).
Message[305] C:\USERS\GERPE\ONEDRIVE\GER-PER 2016\DOCUMENTS\KENNYNEUTRON\HUB6\HUB6DISPLAYV2\20191009HUB6DISPLAYV3.ASM 642 : Using default destination of 1 (file).
Message[305] C:\USERS\GERPE\ONEDRIVE\GER-PER 2016\DOCUMENTS\KENNYNEUTRON\HUB6\HUB6DISPLAYV2\20191009HUB6DISPLAYV3.ASM 645 : Using default destination of 1 (file).
Message[305] C:\USERS\GERPE\ONEDRIVE\GER-PER 2016\DOCUMENTS\KENNYNEUTRON\HUB6\HUB6DISPLAYV2\20191009HUB6DISPLAYV3.ASM 647 : Using default destination of 1 (file).
Message[305] C:\USERS\GERPE\ONEDRIVE\GER-PER 2016\DOCUMENTS\KENNYNEUTRON\HUB6\HUB6DISPLAYV2\20191009HUB6DISPLAYV3.ASM 650 : Using default destination of 1 (file).
Message[305] C:\USERS\GERPE\ONEDRIVE\GER-PER 2016\DOCUMENTS\KENNYNEUTRON\HUB6\HUB6DISPLAYV2\20191009HUB6DISPLAYV3.ASM 652 : Using default destination of 1 (file).
Message[305] C:\USERS\GERPE\ONEDRIVE\GER-PER 2016\DOCUMENTS\KENNYNEUTRON\HUB6\HUB6DISPLAYV2\20191009HUB6DISPLAYV3.ASM 653 : Using default destination of 1 (file).
Message[305] C:\USERS\GERPE\ONEDRIVE\GER-PER 2016\DOCUMENTS\KENNYNEUTRON\HUB6\HUB6DISPLAYV2\20191009HUB6DISPLAYV3.ASM 657 : Using default destination of 1 (file).
Message[305] C:\USERS\GERPE\ONEDRIVE\GER-PER 2016\DOCUMENTS\KENNYNEUTRON\HUB6\HUB6DISPLAYV2\20191009HUB6DISPLAYV3.ASM 659 : Using default destination of 1 (file).
Message[305] C:\USERS\GERPE\ONEDRIVE\GER-PER 2016\DOCUMENTS\KENNYNEUTRON\HUB6\HUB6DISPLAYV2\20191009HUB6DISPLAYV3.ASM 662 : Using default destination of 1 (file).
Message[305] C:\USERS\GERPE\ONEDRIVE\GER-PER 2016\DOCUMENTS\KENNYNEUTRON\HUB6\HUB6DISPLAYV2\20191009HUB6DISPLAYV3.ASM 664 : Using default destination of 1 (file).
Message[305] C:\USERS\GERPE\ONEDRIVE\GER-PER 2016\DOCUMENTS\KENNYNEUTRON\HUB6\HUB6DISPLAYV2\20191009HUB6DISPLAYV3.ASM 667 : Using default destination of 1 (file).
Warning[203] C:\USERS\GERPE\ONEDRIVE\GER-PER 2016\DOCUMENTS\KENNYNEUTRON\HUB6\HUB6DISPLAYV2\20191009HUB6DISPLAYV3.ASM 668 : Found opcode in column 1. (RETURN)
Message[305] C:\USERS\GERPE\ONEDRIVE\GER-PER 2016\DOCUMENTS\KENNYNEUTRON\HUB6\HUB6DISPLAYV2\20191009HUB6DISPLAYV3.ASM 672 : Using default destination of 1 (file).
Message[305] C:\USERS\GERPE\ONEDRIVE\GER-PER 2016\DOCUMENTS\KENNYNEUTRON\HUB6\HUB6DISPLAYV2\20191009HUB6DISPLAYV3.ASM 674 : Using default destination of 1 (file).
Message[305] C:\USERS\GERPE\ONEDRIVE\GER-PER 2016\DOCUMENTS\KENNYNEUTRON\HUB6\HUB6DISPLAYV2\20191009HUB6DISPLAYV3.ASM 677 : Using default destination of 1 (file).
Message[305] C:\USERS\GERPE\ONEDRIVE\GER-PER 2016\DOCUMENTS\KENNYNEUTRON\HUB6\HUB6DISPLAYV2\20191009HUB6DISPLAYV3.ASM 679 : Using default destination of 1 (file).
Message[305] C:\USERS\GERPE\ONEDRIVE\GER-PER 2016\DOCUMENTS\KENNYNEUTRON\HUB6\HUB6DISPLAYV2\20191009HUB6DISPLAYV3.ASM 682 : Using default destination of 1 (file).
Message[305] C:\USERS\GERPE\ONEDRIVE\GER-PER 2016\DOCUMENTS\KENNYNEUTRON\HUB6\HUB6DISPLAYV2\20191009HUB6DISPLAYV3.ASM 684 : Using default destination of 1 (file).
Message[305] C:\USERS\GERPE\ONEDRIVE\GER-PER 2016\DOCUMENTS\KENNYNEUTRON\HUB6\HUB6DISPLAYV2\20191009HUB6DISPLAYV3.ASM 685 : Using default destination of 1 (file).
Message[305] C:\USERS\GERPE\ONEDRIVE\GER-PER 2016\DOCUMENTS\KENNYNEUTRON\HUB6\HUB6DISPLAYV2\20191009HUB6DISPLAYV3.ASM 689 : Using default destination of 1 (file).
Message[305] C:\USERS\GERPE\ONEDRIVE\GER-PER 2016\DOCUMENTS\KENNYNEUTRON\HUB6\HUB6DISPLAYV2\20191009HUB6DISPLAYV3.ASM 691 : Using default destination of 1 (file).
Message[305] C:\USERS\GERPE\ONEDRIVE\GER-PER 2016\DOCUMENTS\KENNYNEUTRON\HUB6\HUB6DISPLAYV2\20191009HUB6DISPLAYV3.ASM 694 : Using default destination of 1 (file).
Message[305] C:\USERS\GERPE\ONEDRIVE\GER-PER 2016\DOCUMENTS\KENNYNEUTRON\HUB6\HUB6DISPLAYV2\20191009HUB6DISPLAYV3.ASM 696 : Using default destination of 1 (file).
Message[305] C:\USERS\GERPE\ONEDRIVE\GER-PER 2016\DOCUMENTS\KENNYNEUTRON\HUB6\HUB6DISPLAYV2\20191009HUB6DISPLAYV3.ASM 699 : Using default destination of 1 (file).
Message[305] C:\USERS\GERPE\ONEDRIVE\GER-PER 2016\DOCUMENTS\KENNYNEUTRON\HUB6\HUB6DISPLAYV2\20191009HUB6DISPLAYV3.ASM 703 : Using default destination of 1 (file).
Message[305] C:\USERS\GERPE\ONEDRIVE\GER-PER 2016\DOCUMENTS\KENNYNEUTRON\HUB6\HUB6DISPLAYV2\20191009HUB6DISPLAYV3.ASM 704 : Using default destination of 1 (file).
Message[305] C:\USERS\GERPE\ONEDRIVE\GER-PER 2016\DOCUMENTS\KENNYNEUTRON\HUB6\HUB6DISPLAYV2\20191009HUB6DISPLAYV3.ASM 708 : Using default destination of 1 (file).
Message[305] C:\USERS\GERPE\ONEDRIVE\GER-PER 2016\DOCUMENTS\KENNYNEUTRON\HUB6\HUB6DISPLAYV2\20191009HUB6DISPLAYV3.ASM 710 : Using default destination of 1 (file).
Message[305] C:\USERS\GERPE\ONEDRIVE\GER-PER 2016\DOCUMENTS\KENNYNEUTRON\HUB6\HUB6DISPLAYV2\20191009HUB6DISPLAYV3.ASM 713 : Using default destination of 1 (file).
Message[305] C:\USERS\GERPE\ONEDRIVE\GER-PER 2016\DOCUMENTS\KENNYNEUTRON\HUB6\HUB6DISPLAYV2\20191009HUB6DISPLAYV3.ASM 715 : Using default destination of 1 (file).
Message[305] C:\USERS\GERPE\ONEDRIVE\GER-PER 2016\DOCUMENTS\KENNYNEUTRON\HUB6\HUB6DISPLAYV2\20191009HUB6DISPLAYV3.ASM 718 : Using default destination of 1 (file).
Message[305] C:\USERS\GERPE\ONEDRIVE\GER-PER 2016\DOCUMENTS\KENNYNEUTRON\HUB6\HUB6DISPLAYV2\20191009HUB6DISPLAYV3.ASM 721 : Using default destination of 1 (file).
Message[305] C:\USERS\GERPE\ONEDRIVE\GER-PER 2016\DOCUMENTS\KENNYNEUTRON\HUB6\HUB6DISPLAYV2\20191009HUB6DISPLAYV3.ASM 722 : Using default destination of 1 (file).
Message[305] C:\USERS\GERPE\ONEDRIVE\GER-PER 2016\DOCUMENTS\KENNYNEUTRON\HUB6\HUB6DISPLAYV2\20191009HUB6DISPLAYV3.ASM 726 : Using default destination of 1 (file).
Message[305] C:\USERS\GERPE\ONEDRIVE\GER-PER 2016\DOCUMENTS\KENNYNEUTRON\HUB6\HUB6DISPLAYV2\20191009HUB6DISPLAYV3.ASM 728 : Using default destination of 1 (file).
Message[305] C:\USERS\GERPE\ONEDRIVE\GER-PER 2016\DOCUMENTS\KENNYNEUTRON\HUB6\HUB6DISPLAYV2\20191009HUB6DISPLAYV3.ASM 731 : Using default destination of 1 (file).
Message[305] C:\USERS\GERPE\ONEDRIVE\GER-PER 2016\DOCUMENTS\KENNYNEUTRON\HUB6\HUB6DISPLAYV2\20191009HUB6DISPLAYV3.ASM 733 : Using default destination of 1 (file).
Message[305] C:\USERS\GERPE\ONEDRIVE\GER-PER 2016\DOCUMENTS\KENNYNEUTRON\HUB6\HUB6DISPLAYV2\20191009HUB6DISPLAYV3.ASM 736 : Using default destination of 1 (file).
Warning[203] C:\USERS\GERPE\ONEDRIVE\GER-PER 2016\DOCUMENTS\KENNYNEUTRON\HUB6\HUB6DISPLAYV2\20191009HUB6DISPLAYV3.ASM 742 : Found opcode in column 1. (RETURN)
Message[305] C:\USERS\GERPE\ONEDRIVE\GER-PER 2016\DOCUMENTS\KENNYNEUTRON\HUB6\HUB6DISPLAYV2\20191009HUB6DISPLAYV3.ASM 759 : Using default destination of 1 (file).
Warning[203] C:\USERS\GERPE\ONEDRIVE\GER-PER 2016\DOCUMENTS\KENNYNEUTRON\HUB6\HUB6DISPLAYV2\20191009HUB6DISPLAYV3.ASM 770 : Found opcode in column 1. (RETURN)
Message[305] C:\USERS\GERPE\ONEDRIVE\GER-PER 2016\DOCUMENTS\KENNYNEUTRON\HUB6\HUB6DISPLAYV2\20191009HUB6DISPLAYV3.ASM 781 : Using default destination of 1 (file).
Message[305] C:\USERS\GERPE\ONEDRIVE\GER-PER 2016\DOCUMENTS\KENNYNEUTRON\HUB6\HUB6DISPLAYV2\20191009HUB6DISPLAYV3.ASM 792 : Using default destination of 1 (file).
Warning[203] C:\USERS\GERPE\ONEDRIVE\GER-PER 2016\DOCUMENTS\KENNYNEUTRON\HUB6\HUB6DISPLAYV2\20191009HUB6DISPLAYV3.ASM 797 : Found opcode in column 1. (RETURN)
Message[305] C:\USERS\GERPE\ONEDRIVE\GER-PER 2016\DOCUMENTS\KENNYNEUTRON\HUB6\HUB6DISPLAYV2\20191009HUB6DISPLAYV3.ASM 808 : Using default destination of 1 (file).
Message[305] C:\USERS\GERPE\ONEDRIVE\GER-PER 2016\DOCUMENTS\KENNYNEUTRON\HUB6\HUB6DISPLAYV2\20191009HUB6DISPLAYV3.ASM 819 : Using default destination of 1 (file).
Warning[203] C:\USERS\GERPE\ONEDRIVE\GER-PER 2016\DOCUMENTS\KENNYNEUTRON\HUB6\HUB6DISPLAYV2\20191009HUB6DISPLAYV3.ASM 824 : Found opcode in column 1. (RETURN)
Message[305] C:\USERS\GERPE\ONEDRIVE\GER-PER 2016\DOCUMENTS\KENNYNEUTRON\HUB6\HUB6DISPLAYV2\20191009HUB6DISPLAYV3.ASM 835 : Using default destination of 1 (file).
Message[305] C:\USERS\GERPE\ONEDRIVE\GER-PER 2016\DOCUMENTS\KENNYNEUTRON\HUB6\HUB6DISPLAYV2\20191009HUB6DISPLAYV3.ASM 846 : Using default destination of 1 (file).
Warning[203] C:\USERS\GERPE\ONEDRIVE\GER-PER 2016\DOCUMENTS\KENNYNEUTRON\HUB6\HUB6DISPLAYV2\20191009HUB6DISPLAYV3.ASM 851 : Found opcode in column 1. (RETURN)
Message[305] C:\USERS\GERPE\ONEDRIVE\GER-PER 2016\DOCUMENTS\KENNYNEUTRON\HUB6\HUB6DISPLAYV2\20191009HUB6DISPLAYV3.ASM 861 : Using default destination of 1 (file).
Message[305] C:\USERS\GERPE\ONEDRIVE\GER-PER 2016\DOCUMENTS\KENNYNEUTRON\HUB6\HUB6DISPLAYV2\20191009HUB6DISPLAYV3.ASM 872 : Using default destination of 1 (file).
Warning[203] C:\USERS\GERPE\ONEDRIVE\GER-PER 2016\DOCUMENTS\KENNYNEUTRON\HUB6\HUB6DISPLAYV2\20191009HUB6DISPLAYV3.ASM 877 : Found opcode in column 1. (RETURN)
Message[305] C:\USERS\GERPE\ONEDRIVE\GER-PER 2016\DOCUMENTS\KENNYNEUTRON\HUB6\HUB6DISPLAYV2\20191009HUB6DISPLAYV3.ASM 888 : Using default destination of 1 (file).
Message[305] C:\USERS\GERPE\ONEDRIVE\GER-PER 2016\DOCUMENTS\KENNYNEUTRON\HUB6\HUB6DISPLAYV2\20191009HUB6DISPLAYV3.ASM 899 : Using default destination of 1 (file).
Warning[203] C:\USERS\GERPE\ONEDRIVE\GER-PER 2016\DOCUMENTS\KENNYNEUTRON\HUB6\HUB6DISPLAYV2\20191009HUB6DISPLAYV3.ASM 906 : Found opcode in column 1. (RETURN)
Message[305] C:\USERS\GERPE\ONEDRIVE\GER-PER 2016\DOCUMENTS\KENNYNEUTRON\HUB6\HUB6DISPLAYV2\20191009HUB6DISPLAYV3.ASM 916 : Using default destination of 1 (file).
Message[305] C:\USERS\GERPE\ONEDRIVE\GER-PER 2016\DOCUMENTS\KENNYNEUTRON\HUB6\HUB6DISPLAYV2\20191009HUB6DISPLAYV3.ASM 927 : Using default destination of 1 (file).
Warning[203] C:\USERS\GERPE\ONEDRIVE\GER-PER 2016\DOCUMENTS\KENNYNEUTRON\HUB6\HUB6DISPLAYV2\20191009HUB6DISPLAYV3.ASM 932 : Found opcode in column 1. (RETURN)
Message[305] C:\USERS\GERPE\ONEDRIVE\GER-PER 2016\DOCUMENTS\KENNYNEUTRON\HUB6\HUB6DISPLAYV2\20191009HUB6DISPLAYV3.ASM 943 : Using default destination of 1 (file).
Message[305] C:\USERS\GERPE\ONEDRIVE\GER-PER 2016\DOCUMENTS\KENNYNEUTRON\HUB6\HUB6DISPLAYV2\20191009HUB6DISPLAYV3.ASM 954 : Using default destination of 1 (file).
Warning[203] C:\USERS\GERPE\ONEDRIVE\GER-PER 2016\DOCUMENTS\KENNYNEUTRON\HUB6\HUB6DISPLAYV2\20191009HUB6DISPLAYV3.ASM 959 : Found opcode in column 1. (RETURN)
Message[305] C:\USERS\GERPE\ONEDRIVE\GER-PER 2016\DOCUMENTS\KENNYNEUTRON\HUB6\HUB6DISPLAYV2\20191009HUB6DISPLAYV3.ASM 970 : Using default destination of 1 (file).
Message[305] C:\USERS\GERPE\ONEDRIVE\GER-PER 2016\DOCUMENTS\KENNYNEUTRON\HUB6\HUB6DISPLAYV2\20191009HUB6DISPLAYV3.ASM 983 : Using default destination of 1 (file).
Warning[203] C:\USERS\GERPE\ONEDRIVE\GER-PER 2016\DOCUMENTS\KENNYNEUTRON\HUB6\HUB6DISPLAYV2\20191009HUB6DISPLAYV3.ASM 988 : Found opcode in column 1. (RETURN)
Warning[205] C:\USERS\GERPE\ONEDRIVE\GER-PER 2016\DOCUMENTS\KENNYNEUTRON\HUB6\HUB6DISPLAYV2\20191009HUB6DISPLAYV3.ASM 1002 : Found directive in column 1. (ORG)
Warning[203] C:\USERS\GERPE\ONEDRIVE\GER-PER 2016\DOCUMENTS\KENNYNEUTRON\HUB6\HUB6DISPLAYV2\20191009HUB6DISPLAYV3.ASM 1015 : Found opcode in column 1. (GOTO)
Warning[203] C:\USERS\GERPE\ONEDRIVE\GER-PER 2016\DOCUMENTS\KENNYNEUTRON\HUB6\HUB6DISPLAYV2\20191009HUB6DISPLAYV3.ASM 1016 : Found opcode in column 1. (GOTO)
Warning[203] C:\USERS\GERPE\ONEDRIVE\GER-PER 2016\DOCUMENTS\KENNYNEUTRON\HUB6\HUB6DISPLAYV2\20191009HUB6DISPLAYV3.ASM 1017 : Found opcode in column 1. (GOTO)
Warning[203] C:\USERS\GERPE\ONEDRIVE\GER-PER 2016\DOCUMENTS\KENNYNEUTRON\HUB6\HUB6DISPLAYV2\20191009HUB6DISPLAYV3.ASM 1018 : Found opcode in column 1. (GOTO)
Warning[203] C:\USERS\GERPE\ONEDRIVE\GER-PER 2016\DOCUMENTS\KENNYNEUTRON\HUB6\HUB6DISPLAYV2\20191009HUB6DISPLAYV3.ASM 1019 : Found opcode in column 1. (GOTO)
Warning[203] C:\USERS\GERPE\ONEDRIVE\GER-PER 2016\DOCUMENTS\KENNYNEUTRON\HUB6\HUB6DISPLAYV2\20191009HUB6DISPLAYV3.ASM 1020 : Found opcode in column 1. (GOTO)
Warning[203] C:\USERS\GERPE\ONEDRIVE\GER-PER 2016\DOCUMENTS\KENNYNEUTRON\HUB6\HUB6DISPLAYV2\20191009HUB6DISPLAYV3.ASM 1021 : Found opcode in column 1. (GOTO)
Warning[203] C:\USERS\GERPE\ONEDRIVE\GER-PER 2016\DOCUMENTS\KENNYNEUTRON\HUB6\HUB6DISPLAYV2\20191009HUB6DISPLAYV3.ASM 1022 : Found opcode in column 1. (GOTO)
Warning[203] C:\USERS\GERPE\ONEDRIVE\GER-PER 2016\DOCUMENTS\KENNYNEUTRON\HUB6\HUB6DISPLAYV2\20191009HUB6DISPLAYV3.ASM 1023 : Found opcode in column 1. (GOTO)
Warning[203] C:\USERS\GERPE\ONEDRIVE\GER-PER 2016\DOCUMENTS\KENNYNEUTRON\HUB6\HUB6DISPLAYV2\20191009HUB6DISPLAYV3.ASM 1024 : Found opcode in column 1. (GOTO)
Warning[203] C:\USERS\GERPE\ONEDRIVE\GER-PER 2016\DOCUMENTS\KENNYNEUTRON\HUB6\HUB6DISPLAYV2\20191009HUB6DISPLAYV3.ASM 1025 : Found opcode in column 1. (GOTO)
Warning[203] C:\USERS\GERPE\ONEDRIVE\GER-PER 2016\DOCUMENTS\KENNYNEUTRON\HUB6\HUB6DISPLAYV2\20191009HUB6DISPLAYV3.ASM 1026 : Found opcode in column 1. (GOTO)
Warning[203] C:\USERS\GERPE\ONEDRIVE\GER-PER 2016\DOCUMENTS\KENNYNEUTRON\HUB6\HUB6DISPLAYV2\20191009HUB6DISPLAYV3.ASM 1027 : Found opcode in column 1. (GOTO)
Warning[203] C:\USERS\GERPE\ONEDRIVE\GER-PER 2016\DOCUMENTS\KENNYNEUTRON\HUB6\HUB6DISPLAYV2\20191009HUB6DISPLAYV3.ASM 1028 : Found opcode in column 1. (GOTO)
Warning[203] C:\USERS\GERPE\ONEDRIVE\GER-PER 2016\DOCUMENTS\KENNYNEUTRON\HUB6\HUB6DISPLAYV2\20191009HUB6DISPLAYV3.ASM 1029 : Found opcode in column 1. (GOTO)
Warning[203] C:\USERS\GERPE\ONEDRIVE\GER-PER 2016\DOCUMENTS\KENNYNEUTRON\HUB6\HUB6DISPLAYV2\20191009HUB6DISPLAYV3.ASM 1030 : Found opcode in column 1. (GOTO)
Warning[203] C:\USERS\GERPE\ONEDRIVE\GER-PER 2016\DOCUMENTS\KENNYNEUTRON\HUB6\HUB6DISPLAYV2\20191009HUB6DISPLAYV3.ASM 1031 : Found opcode in column 1. (GOTO)
Warning[203] C:\USERS\GERPE\ONEDRIVE\GER-PER 2016\DOCUMENTS\KENNYNEUTRON\HUB6\HUB6DISPLAYV2\20191009HUB6DISPLAYV3.ASM 1032 : Found opcode in column 1. (GOTO)
Warning[203] C:\USERS\GERPE\ONEDRIVE\GER-PER 2016\DOCUMENTS\KENNYNEUTRON\HUB6\HUB6DISPLAYV2\20191009HUB6DISPLAYV3.ASM 1033 : Found opcode in column 1. (GOTO)
Warning[203] C:\USERS\GERPE\ONEDRIVE\GER-PER 2016\DOCUMENTS\KENNYNEUTRON\HUB6\HUB6DISPLAYV2\20191009HUB6DISPLAYV3.ASM 1034 : Found opcode in column 1. (GOTO)
Warning[203] C:\USERS\GERPE\ONEDRIVE\GER-PER 2016\DOCUMENTS\KENNYNEUTRON\HUB6\HUB6DISPLAYV2\20191009HUB6DISPLAYV3.ASM 1035 : Found opcode in column 1. (GOTO)
Warning[203] C:\USERS\GERPE\ONEDRIVE\GER-PER 2016\DOCUMENTS\KENNYNEUTRON\HUB6\HUB6DISPLAYV2\20191009HUB6DISPLAYV3.ASM 1036 : Found opcode in column 1. (GOTO)
Warning[203] C:\USERS\GERPE\ONEDRIVE\GER-PER 2016\DOCUMENTS\KENNYNEUTRON\HUB6\HUB6DISPLAYV2\20191009HUB6DISPLAYV3.ASM 1037 : Found opcode in column 1. (GOTO)
Warning[203] C:\USERS\GERPE\ONEDRIVE\GER-PER 2016\DOCUMENTS\KENNYNEUTRON\HUB6\HUB6DISPLAYV2\20191009HUB6DISPLAYV3.ASM 1038 : Found opcode in column 1. (GOTO)
Message[306] C:\USERS\GERPE\ONEDRIVE\GER-PER 2016\DOCUMENTS\KENNYNEUTRON\HUB6\HUB6DISPLAYV2\20191009HUB6DISPLAYV3.ASM 1052 : Crossing page boundary -- ensure page bits are set.
Message[306] C:\USERS\GERPE\ONEDRIVE\GER-PER 2016\DOCUMENTS\KENNYNEUTRON\HUB6\HUB6DISPLAYV2\20191009HUB6DISPLAYV3.ASM 1055 : Crossing page boundary -- ensure page bits are set.
Message[306] C:\USERS\GERPE\ONEDRIVE\GER-PER 2016\DOCUMENTS\KENNYNEUTRON\HUB6\HUB6DISPLAYV2\20191009HUB6DISPLAYV3.ASM 1058 : Crossing page boundary -- ensure page bits are set.
Message[306] C:\USERS\GERPE\ONEDRIVE\GER-PER 2016\DOCUMENTS\KENNYNEUTRON\HUB6\HUB6DISPLAYV2\20191009HUB6DISPLAYV3.ASM 1061 : Crossing page boundary -- ensure page bits are set.
Message[306] C:\USERS\GERPE\ONEDRIVE\GER-PER 2016\DOCUMENTS\KENNYNEUTRON\HUB6\HUB6DISPLAYV2\20191009HUB6DISPLAYV3.ASM 1064 : Crossing page boundary -- ensure page bits are set.
Message[306] C:\USERS\GERPE\ONEDRIVE\GER-PER 2016\DOCUMENTS\KENNYNEUTRON\HUB6\HUB6DISPLAYV2\20191009HUB6DISPLAYV3.ASM 1067 : Crossing page boundary -- ensure page bits are set.
Message[306] C:\USERS\GERPE\ONEDRIVE\GER-PER 2016\DOCUMENTS\KENNYNEUTRON\HUB6\HUB6DISPLAYV2\20191009HUB6DISPLAYV3.ASM 1070 : Crossing page boundary -- ensure page bits are set.
Message[306] C:\USERS\GERPE\ONEDRIVE\GER-PER 2016\DOCUMENTS\KENNYNEUTRON\HUB6\HUB6DISPLAYV2\20191009HUB6DISPLAYV3.ASM 1073 : Crossing page boundary -- ensure page bits are set.
Warning[207] C:\USERS\GERPE\ONEDRIVE\GER-PER 2016\DOCUMENTS\KENNYNEUTRON\HUB6\HUB6DISPLAYV2\20191009HUB6DISPLAYV3.ASM 1075 : Found label after column 1. (FONT02_CAP_A)
Warning[207] C:\USERS\GERPE\ONEDRIVE\GER-PER 2016\DOCUMENTS\KENNYNEUTRON\HUB6\HUB6DISPLAYV2\20191009HUB6DISPLAYV3.ASM 1112 : Found label after column 1. (FONT02_CAP_B)
Warning[205] C:\USERS\GERPE\ONEDRIVE\GER-PER 2016\DOCUMENTS\KENNYNEUTRON\HUB6\HUB6DISPLAYV2\20191009HUB6DISPLAYV3.ASM 1151 : Found directive in column 1. (ORG)
Warning[205] C:\USERS\GERPE\ONEDRIVE\GER-PER 2016\DOCUMENTS\KENNYNEUTRON\HUB6\HUB6DISPLAYV2\20191009HUB6DISPLAYV3.ASM 1246 : Found directive in column 1. (ORG)
Warning[205] C:\USERS\GERPE\ONEDRIVE\GER-PER 2016\DOCUMENTS\KENNYNEUTRON\HUB6\HUB6DISPLAYV2\20191009HUB6DISPLAYV3.ASM 1337 : Found directive in column 1. (ORG)
Warning[205] C:\USERS\GERPE\ONEDRIVE\GER-PER 2016\DOCUMENTS\KENNYNEUTRON\HUB6\HUB6DISPLAYV2\20191009HUB6DISPLAYV3.ASM 1429 : Found directive in column 1. (ORG)
Warning[205] C:\USERS\GERPE\ONEDRIVE\GER-PER 2016\DOCUMENTS\KENNYNEUTRON\HUB6\HUB6DISPLAYV2\20191009HUB6DISPLAYV3.ASM 1524 : Found directive in column 1. (ORG)
Warning[205] C:\USERS\GERPE\ONEDRIVE\GER-PER 2016\DOCUMENTS\KENNYNEUTRON\HUB6\HUB6DISPLAYV2\20191009HUB6DISPLAYV3.ASM 1623 : Found directive in column 1. (ORG)
Warning[205] C:\USERS\GERPE\ONEDRIVE\GER-PER 2016\DOCUMENTS\KENNYNEUTRON\HUB6\HUB6DISPLAYV2\20191009HUB6DISPLAYV3.ASM 1724 : Found directive in column 1. (ORG)
Warning[205] C:\USERS\GERPE\ONEDRIVE\GER-PER 2016\DOCUMENTS\KENNYNEUTRON\HUB6\HUB6DISPLAYV2\20191009HUB6DISPLAYV3.ASM 1827 : Found directive in column 1. (ORG)
Warning[205] C:\USERS\GERPE\ONEDRIVE\GER-PER 2016\DOCUMENTS\KENNYNEUTRON\HUB6\HUB6DISPLAYV2\20191009HUB6DISPLAYV3.ASM 1931 : Found directive in column 1. (ORG)
Warning[205] C:\USERS\GERPE\ONEDRIVE\GER-PER 2016\DOCUMENTS\KENNYNEUTRON\HUB6\HUB6DISPLAYV2\20191009HUB6DISPLAYV3.ASM 2039 : Found directive in column 1. (ORG)
Warning[205] C:\USERS\GERPE\ONEDRIVE\GER-PER 2016\DOCUMENTS\KENNYNEUTRON\HUB6\HUB6DISPLAYV2\20191009HUB6DISPLAYV3.ASM 2151 : Found directive in column 1. (ORG)
Message[305] C:\USERS\GERPE\ONEDRIVE\GER-PER 2016\DOCUMENTS\KENNYNEUTRON\HUB6\HUB6DISPLAYV2\20191009HUB6DISPLAYV3.ASM 2229 : Using default destination of 1 (file).
Warning[205] C:\USERS\GERPE\ONEDRIVE\GER-PER 2016\DOCUMENTS\KENNYNEUTRON\HUB6\HUB6DISPLAYV2\20191009HUB6DISPLAYV3.ASM 2265 : Found directive in column 1. (ORG)
Message[305] C:\USERS\GERPE\ONEDRIVE\GER-PER 2016\DOCUMENTS\KENNYNEUTRON\HUB6\HUB6DISPLAYV2\20191009HUB6DISPLAYV3.ASM 2344 : Using default destination of 1 (file).
