Warning[205] C:\USERS\GERPE\ONEDRIVE\GER-PER 2016\DOCUMENTS\KENNYNEUTRON\2020\2X2 P10 SCOREBOARD\2X2P10SB_V0.ASM 39 : Found directive in column 1. (CONFIG)
Warning[205] C:\USERS\GERPE\ONEDRIVE\GER-PER 2016\DOCUMENTS\KENNYNEUTRON\2020\2X2 P10 SCOREBOARD\2X2P10SB_V0.ASM 40 : Found directive in column 1. (CONFIG)
Warning[205] C:\USERS\GERPE\ONEDRIVE\GER-PER 2016\DOCUMENTS\KENNYNEUTRON\2020\2X2 P10 SCOREBOARD\2X2P10SB_V0.ASM 41 : Found directive in column 1. (CONFIG)
Warning[205] C:\USERS\GERPE\ONEDRIVE\GER-PER 2016\DOCUMENTS\KENNYNEUTRON\2020\2X2 P10 SCOREBOARD\2X2P10SB_V0.ASM 42 : Found directive in column 1. (CONFIG)
Warning[205] C:\USERS\GERPE\ONEDRIVE\GER-PER 2016\DOCUMENTS\KENNYNEUTRON\2020\2X2 P10 SCOREBOARD\2X2P10SB_V0.ASM 43 : Found directive in column 1. (CONFIG)
Warning[205] C:\USERS\GERPE\ONEDRIVE\GER-PER 2016\DOCUMENTS\KENNYNEUTRON\2020\2X2 P10 SCOREBOARD\2X2P10SB_V0.ASM 44 : Found directive in column 1. (CONFIG)
Warning[205] C:\USERS\GERPE\ONEDRIVE\GER-PER 2016\DOCUMENTS\KENNYNEUTRON\2020\2X2 P10 SCOREBOARD\2X2P10SB_V0.ASM 45 : Found directive in column 1. (CONFIG)
Warning[205] C:\USERS\GERPE\ONEDRIVE\GER-PER 2016\DOCUMENTS\KENNYNEUTRON\2020\2X2 P10 SCOREBOARD\2X2P10SB_V0.ASM 46 : Found directive in column 1. (CONFIG)
Warning[205] C:\USERS\GERPE\ONEDRIVE\GER-PER 2016\DOCUMENTS\KENNYNEUTRON\2020\2X2 P10 SCOREBOARD\2X2P10SB_V0.ASM 47 : Found directive in column 1. (CONFIG)
Warning[205] C:\USERS\GERPE\ONEDRIVE\GER-PER 2016\DOCUMENTS\KENNYNEUTRON\2020\2X2 P10 SCOREBOARD\2X2P10SB_V0.ASM 48 : Found directive in column 1. (CONFIG)
Warning[205] C:\USERS\GERPE\ONEDRIVE\GER-PER 2016\DOCUMENTS\KENNYNEUTRON\2020\2X2 P10 SCOREBOARD\2X2P10SB_V0.ASM 49 : Found directive in column 1. (CONFIG)
Warning[205] C:\USERS\GERPE\ONEDRIVE\GER-PER 2016\DOCUMENTS\KENNYNEUTRON\2020\2X2 P10 SCOREBOARD\2X2P10SB_V0.ASM 50 : Found directive in column 1. (CONFIG)
Warning[205] C:\USERS\GERPE\ONEDRIVE\GER-PER 2016\DOCUMENTS\KENNYNEUTRON\2020\2X2 P10 SCOREBOARD\2X2P10SB_V0.ASM 51 : Found directive in column 1. (CONFIG)
Warning[210] C:\USERS\GERPE\ONEDRIVE\GER-PER 2016\DOCUMENTS\KENNYNEUTRON\2020\2X2 P10 SCOREBOARD\2X2P10SB_V0.ASM 80 : Extra ","
Warning[203] C:\USERS\GERPE\ONEDRIVE\GER-PER 2016\DOCUMENTS\KENNYNEUTRON\2020\2X2 P10 SCOREBOARD\2X2P10SB_V0.ASM 162 : Found opcode in column 1. (CLRF)
Warning[203] C:\USERS\GERPE\ONEDRIVE\GER-PER 2016\DOCUMENTS\KENNYNEUTRON\2020\2X2 P10 SCOREBOARD\2X2P10SB_V0.ASM 165 : Found opcode in column 1. (CLRF)
Warning[203] C:\USERS\GERPE\ONEDRIVE\GER-PER 2016\DOCUMENTS\KENNYNEUTRON\2020\2X2 P10 SCOREBOARD\2X2P10SB_V0.ASM 168 : Found opcode in column 1. (MOVLW)
Warning[203] C:\USERS\GERPE\ONEDRIVE\GER-PER 2016\DOCUMENTS\KENNYNEUTRON\2020\2X2 P10 SCOREBOARD\2X2P10SB_V0.ASM 171 : Found opcode in column 1. (MOVWF)
Warning[203] C:\USERS\GERPE\ONEDRIVE\GER-PER 2016\DOCUMENTS\KENNYNEUTRON\2020\2X2 P10 SCOREBOARD\2X2P10SB_V0.ASM 176 : Found opcode in column 1. (MOVLB)
Warning[203] C:\USERS\GERPE\ONEDRIVE\GER-PER 2016\DOCUMENTS\KENNYNEUTRON\2020\2X2 P10 SCOREBOARD\2X2P10SB_V0.ASM 178 : Found opcode in column 1. (BCF)
Warning[203] C:\USERS\GERPE\ONEDRIVE\GER-PER 2016\DOCUMENTS\KENNYNEUTRON\2020\2X2 P10 SCOREBOARD\2X2P10SB_V0.ASM 179 : Found opcode in column 1. (BCF)
Warning[203] C:\USERS\GERPE\ONEDRIVE\GER-PER 2016\DOCUMENTS\KENNYNEUTRON\2020\2X2 P10 SCOREBOARD\2X2P10SB_V0.ASM 180 : Found opcode in column 1. (BCF)
Warning[203] C:\USERS\GERPE\ONEDRIVE\GER-PER 2016\DOCUMENTS\KENNYNEUTRON\2020\2X2 P10 SCOREBOARD\2X2P10SB_V0.ASM 182 : Found opcode in column 1. (BSF)
Warning[203] C:\USERS\GERPE\ONEDRIVE\GER-PER 2016\DOCUMENTS\KENNYNEUTRON\2020\2X2 P10 SCOREBOARD\2X2P10SB_V0.ASM 183 : Found opcode in column 1. (BSF)
Warning[203] C:\USERS\GERPE\ONEDRIVE\GER-PER 2016\DOCUMENTS\KENNYNEUTRON\2020\2X2 P10 SCOREBOARD\2X2P10SB_V0.ASM 192 : Found opcode in column 1. (GOTO)
