Warning[205] C:\USERS\GERPE\ONEDRIVE\GER-PER 2016\DOCUMENTS\KENNYNEUTRON\2020\2X2 P10 SCOREBOARD\2X2P10SCOREBOARD32K.ASM 30 : Found directive in column 1. (CONFIG)
Warning[205] C:\USERS\GERPE\ONEDRIVE\GER-PER 2016\DOCUMENTS\KENNYNEUTRON\2020\2X2 P10 SCOREBOARD\2X2P10SCOREBOARD32K.ASM 31 : Found directive in column 1. (CONFIG)
Warning[205] C:\USERS\GERPE\ONEDRIVE\GER-PER 2016\DOCUMENTS\KENNYNEUTRON\2020\2X2 P10 SCOREBOARD\2X2P10SCOREBOARD32K.ASM 32 : Found directive in column 1. (CONFIG)
Warning[205] C:\USERS\GERPE\ONEDRIVE\GER-PER 2016\DOCUMENTS\KENNYNEUTRON\2020\2X2 P10 SCOREBOARD\2X2P10SCOREBOARD32K.ASM 33 : Found directive in column 1. (CONFIG)
Warning[205] C:\USERS\GERPE\ONEDRIVE\GER-PER 2016\DOCUMENTS\KENNYNEUTRON\2020\2X2 P10 SCOREBOARD\2X2P10SCOREBOARD32K.ASM 34 : Found directive in column 1. (CONFIG)
Warning[205] C:\USERS\GERPE\ONEDRIVE\GER-PER 2016\DOCUMENTS\KENNYNEUTRON\2020\2X2 P10 SCOREBOARD\2X2P10SCOREBOARD32K.ASM 35 : Found directive in column 1. (CONFIG)
Warning[205] C:\USERS\GERPE\ONEDRIVE\GER-PER 2016\DOCUMENTS\KENNYNEUTRON\2020\2X2 P10 SCOREBOARD\2X2P10SCOREBOARD32K.ASM 36 : Found directive in column 1. (CONFIG)
Warning[205] C:\USERS\GERPE\ONEDRIVE\GER-PER 2016\DOCUMENTS\KENNYNEUTRON\2020\2X2 P10 SCOREBOARD\2X2P10SCOREBOARD32K.ASM 37 : Found directive in column 1. (CONFIG)
Warning[205] C:\USERS\GERPE\ONEDRIVE\GER-PER 2016\DOCUMENTS\KENNYNEUTRON\2020\2X2 P10 SCOREBOARD\2X2P10SCOREBOARD32K.ASM 38 : Found directive in column 1. (CONFIG)
Warning[205] C:\USERS\GERPE\ONEDRIVE\GER-PER 2016\DOCUMENTS\KENNYNEUTRON\2020\2X2 P10 SCOREBOARD\2X2P10SCOREBOARD32K.ASM 39 : Found directive in column 1. (CONFIG)
Warning[205] C:\USERS\GERPE\ONEDRIVE\GER-PER 2016\DOCUMENTS\KENNYNEUTRON\2020\2X2 P10 SCOREBOARD\2X2P10SCOREBOARD32K.ASM 40 : Found directive in column 1. (CONFIG)
Warning[205] C:\USERS\GERPE\ONEDRIVE\GER-PER 2016\DOCUMENTS\KENNYNEUTRON\2020\2X2 P10 SCOREBOARD\2X2P10SCOREBOARD32K.ASM 41 : Found directive in column 1. (CONFIG)
Warning[205] C:\USERS\GERPE\ONEDRIVE\GER-PER 2016\DOCUMENTS\KENNYNEUTRON\2020\2X2 P10 SCOREBOARD\2X2P10SCOREBOARD32K.ASM 42 : Found directive in column 1. (CONFIG)
Warning[205] C:\USERS\GERPE\ONEDRIVE\GER-PER 2016\DOCUMENTS\KENNYNEUTRON\2020\2X2 P10 SCOREBOARD\2X2P10SCOREBOARD32K.ASM 43 : Found directive in column 1. (CONFIG)
Warning[205] C:\USERS\GERPE\ONEDRIVE\GER-PER 2016\DOCUMENTS\KENNYNEUTRON\2020\2X2 P10 SCOREBOARD\2X2P10SCOREBOARD32K.ASM 44 : Found directive in column 1. (CONFIG)
Warning[205] C:\USERS\GERPE\ONEDRIVE\GER-PER 2016\DOCUMENTS\KENNYNEUTRON\2020\2X2 P10 SCOREBOARD\2X2P10SCOREBOARD32K.ASM 45 : Found directive in column 1. (CONFIG)
Warning[205] C:\USERS\GERPE\ONEDRIVE\GER-PER 2016\DOCUMENTS\KENNYNEUTRON\2020\2X2 P10 SCOREBOARD\2X2P10SCOREBOARD32K.ASM 46 : Found directive in column 1. (CONFIG)
Warning[205] C:\USERS\GERPE\ONEDRIVE\GER-PER 2016\DOCUMENTS\KENNYNEUTRON\2020\2X2 P10 SCOREBOARD\2X2P10SCOREBOARD32K.ASM 54 : Found directive in column 1. (CONFIG)
Warning[210] C:\USERS\GERPE\ONEDRIVE\GER-PER 2016\DOCUMENTS\KENNYNEUTRON\2020\2X2 P10 SCOREBOARD\2X2P10SCOREBOARD32K.ASM 94 : Extra ","
Warning[203] C:\USERS\GERPE\ONEDRIVE\GER-PER 2016\DOCUMENTS\KENNYNEUTRON\2020\2X2 P10 SCOREBOARD\2X2P10SCOREBOARD32K.ASM 192 : Found opcode in column 1. (CLRF)
Warning[203] C:\USERS\GERPE\ONEDRIVE\GER-PER 2016\DOCUMENTS\KENNYNEUTRON\2020\2X2 P10 SCOREBOARD\2X2P10SCOREBOARD32K.ASM 195 : Found opcode in column 1. (CLRF)
Warning[203] C:\USERS\GERPE\ONEDRIVE\GER-PER 2016\DOCUMENTS\KENNYNEUTRON\2020\2X2 P10 SCOREBOARD\2X2P10SCOREBOARD32K.ASM 198 : Found opcode in column 1. (MOVLW)
Warning[203] C:\USERS\GERPE\ONEDRIVE\GER-PER 2016\DOCUMENTS\KENNYNEUTRON\2020\2X2 P10 SCOREBOARD\2X2P10SCOREBOARD32K.ASM 199 : Found opcode in column 1. (MOVWF)
Warning[203] C:\USERS\GERPE\ONEDRIVE\GER-PER 2016\DOCUMENTS\KENNYNEUTRON\2020\2X2 P10 SCOREBOARD\2X2P10SCOREBOARD32K.ASM 200 : Found opcode in column 1. (MOVWF)
Warning[203] C:\USERS\GERPE\ONEDRIVE\GER-PER 2016\DOCUMENTS\KENNYNEUTRON\2020\2X2 P10 SCOREBOARD\2X2P10SCOREBOARD32K.ASM 201 : Found opcode in column 1. (MOVWF)
Warning[203] C:\USERS\GERPE\ONEDRIVE\GER-PER 2016\DOCUMENTS\KENNYNEUTRON\2020\2X2 P10 SCOREBOARD\2X2P10SCOREBOARD32K.ASM 202 : Found opcode in column 1. (MOVLW)
Warning[203] C:\USERS\GERPE\ONEDRIVE\GER-PER 2016\DOCUMENTS\KENNYNEUTRON\2020\2X2 P10 SCOREBOARD\2X2P10SCOREBOARD32K.ASM 205 : Found opcode in column 1. (MOVWF)
Warning[203] C:\USERS\GERPE\ONEDRIVE\GER-PER 2016\DOCUMENTS\KENNYNEUTRON\2020\2X2 P10 SCOREBOARD\2X2P10SCOREBOARD32K.ASM 211 : Found opcode in column 1. (CLRF)
Warning[203] C:\USERS\GERPE\ONEDRIVE\GER-PER 2016\DOCUMENTS\KENNYNEUTRON\2020\2X2 P10 SCOREBOARD\2X2P10SCOREBOARD32K.ASM 214 : Found opcode in column 1. (CLRF)
Warning[203] C:\USERS\GERPE\ONEDRIVE\GER-PER 2016\DOCUMENTS\KENNYNEUTRON\2020\2X2 P10 SCOREBOARD\2X2P10SCOREBOARD32K.ASM 217 : Found opcode in column 1. (MOVLW)
Warning[203] C:\USERS\GERPE\ONEDRIVE\GER-PER 2016\DOCUMENTS\KENNYNEUTRON\2020\2X2 P10 SCOREBOARD\2X2P10SCOREBOARD32K.ASM 218 : Found opcode in column 1. (MOVWF)
Warning[203] C:\USERS\GERPE\ONEDRIVE\GER-PER 2016\DOCUMENTS\KENNYNEUTRON\2020\2X2 P10 SCOREBOARD\2X2P10SCOREBOARD32K.ASM 221 : Found opcode in column 1. (MOVLW)
Warning[203] C:\USERS\GERPE\ONEDRIVE\GER-PER 2016\DOCUMENTS\KENNYNEUTRON\2020\2X2 P10 SCOREBOARD\2X2P10SCOREBOARD32K.ASM 224 : Found opcode in column 1. (MOVWF)
Warning[203] C:\USERS\GERPE\ONEDRIVE\GER-PER 2016\DOCUMENTS\KENNYNEUTRON\2020\2X2 P10 SCOREBOARD\2X2P10SCOREBOARD32K.ASM 231 : Found opcode in column 1. (CLRF)
Warning[203] C:\USERS\GERPE\ONEDRIVE\GER-PER 2016\DOCUMENTS\KENNYNEUTRON\2020\2X2 P10 SCOREBOARD\2X2P10SCOREBOARD32K.ASM 234 : Found opcode in column 1. (CLRF)
Warning[203] C:\USERS\GERPE\ONEDRIVE\GER-PER 2016\DOCUMENTS\KENNYNEUTRON\2020\2X2 P10 SCOREBOARD\2X2P10SCOREBOARD32K.ASM 237 : Found opcode in column 1. (MOVLW)
Warning[203] C:\USERS\GERPE\ONEDRIVE\GER-PER 2016\DOCUMENTS\KENNYNEUTRON\2020\2X2 P10 SCOREBOARD\2X2P10SCOREBOARD32K.ASM 240 : Found opcode in column 1. (MOVWF)
Warning[203] C:\USERS\GERPE\ONEDRIVE\GER-PER 2016\DOCUMENTS\KENNYNEUTRON\2020\2X2 P10 SCOREBOARD\2X2P10SCOREBOARD32K.ASM 246 : Found opcode in column 1. (CLRF)
Warning[203] C:\USERS\GERPE\ONEDRIVE\GER-PER 2016\DOCUMENTS\KENNYNEUTRON\2020\2X2 P10 SCOREBOARD\2X2P10SCOREBOARD32K.ASM 249 : Found opcode in column 1. (CLRF)
Warning[203] C:\USERS\GERPE\ONEDRIVE\GER-PER 2016\DOCUMENTS\KENNYNEUTRON\2020\2X2 P10 SCOREBOARD\2X2P10SCOREBOARD32K.ASM 252 : Found opcode in column 1. (MOVLW)
Warning[203] C:\USERS\GERPE\ONEDRIVE\GER-PER 2016\DOCUMENTS\KENNYNEUTRON\2020\2X2 P10 SCOREBOARD\2X2P10SCOREBOARD32K.ASM 253 : Found opcode in column 1. (MOVWF)
Warning[203] C:\USERS\GERPE\ONEDRIVE\GER-PER 2016\DOCUMENTS\KENNYNEUTRON\2020\2X2 P10 SCOREBOARD\2X2P10SCOREBOARD32K.ASM 254 : Found opcode in column 1. (MOVLW)
Warning[203] C:\USERS\GERPE\ONEDRIVE\GER-PER 2016\DOCUMENTS\KENNYNEUTRON\2020\2X2 P10 SCOREBOARD\2X2P10SCOREBOARD32K.ASM 257 : Found opcode in column 1. (MOVWF)
Warning[203] C:\USERS\GERPE\ONEDRIVE\GER-PER 2016\DOCUMENTS\KENNYNEUTRON\2020\2X2 P10 SCOREBOARD\2X2P10SCOREBOARD32K.ASM 264 : Found opcode in column 1. (CLRF)
Warning[203] C:\USERS\GERPE\ONEDRIVE\GER-PER 2016\DOCUMENTS\KENNYNEUTRON\2020\2X2 P10 SCOREBOARD\2X2P10SCOREBOARD32K.ASM 265 : Found opcode in column 1. (CLRF)
Warning[203] C:\USERS\GERPE\ONEDRIVE\GER-PER 2016\DOCUMENTS\KENNYNEUTRON\2020\2X2 P10 SCOREBOARD\2X2P10SCOREBOARD32K.ASM 266 : Found opcode in column 1. (MOVLW)
Warning[203] C:\USERS\GERPE\ONEDRIVE\GER-PER 2016\DOCUMENTS\KENNYNEUTRON\2020\2X2 P10 SCOREBOARD\2X2P10SCOREBOARD32K.ASM 267 : Found opcode in column 1. (MOVWF)
Warning[203] C:\USERS\GERPE\ONEDRIVE\GER-PER 2016\DOCUMENTS\KENNYNEUTRON\2020\2X2 P10 SCOREBOARD\2X2P10SCOREBOARD32K.ASM 269 : Found opcode in column 1. (MOVLB)
Warning[203] C:\USERS\GERPE\ONEDRIVE\GER-PER 2016\DOCUMENTS\KENNYNEUTRON\2020\2X2 P10 SCOREBOARD\2X2P10SCOREBOARD32K.ASM 310 : Found opcode in column 1. (MOVLB)
Warning[203] C:\USERS\GERPE\ONEDRIVE\GER-PER 2016\DOCUMENTS\KENNYNEUTRON\2020\2X2 P10 SCOREBOARD\2X2P10SCOREBOARD32K.ASM 312 : Found opcode in column 1. (BSF)
Warning[203] C:\USERS\GERPE\ONEDRIVE\GER-PER 2016\DOCUMENTS\KENNYNEUTRON\2020\2X2 P10 SCOREBOARD\2X2P10SCOREBOARD32K.ASM 313 : Found opcode in column 1. (BCF)
Warning[203] C:\USERS\GERPE\ONEDRIVE\GER-PER 2016\DOCUMENTS\KENNYNEUTRON\2020\2X2 P10 SCOREBOARD\2X2P10SCOREBOARD32K.ASM 314 : Found opcode in column 1. (BCF)
Warning[203] C:\USERS\GERPE\ONEDRIVE\GER-PER 2016\DOCUMENTS\KENNYNEUTRON\2020\2X2 P10 SCOREBOARD\2X2P10SCOREBOARD32K.ASM 316 : Found opcode in column 1. (CALL)
Warning[203] C:\USERS\GERPE\ONEDRIVE\GER-PER 2016\DOCUMENTS\KENNYNEUTRON\2020\2X2 P10 SCOREBOARD\2X2P10SCOREBOARD32K.ASM 317 : Found opcode in column 1. (CALL)
Warning[203] C:\USERS\GERPE\ONEDRIVE\GER-PER 2016\DOCUMENTS\KENNYNEUTRON\2020\2X2 P10 SCOREBOARD\2X2P10SCOREBOARD32K.ASM 318 : Found opcode in column 1. (CALL)
Warning[203] C:\USERS\GERPE\ONEDRIVE\GER-PER 2016\DOCUMENTS\KENNYNEUTRON\2020\2X2 P10 SCOREBOARD\2X2P10SCOREBOARD32K.ASM 320 : Found opcode in column 1. (MOVLW)
Warning[203] C:\USERS\GERPE\ONEDRIVE\GER-PER 2016\DOCUMENTS\KENNYNEUTRON\2020\2X2 P10 SCOREBOARD\2X2P10SCOREBOARD32K.ASM 321 : Found opcode in column 1. (MOVWF)
Warning[203] C:\USERS\GERPE\ONEDRIVE\GER-PER 2016\DOCUMENTS\KENNYNEUTRON\2020\2X2 P10 SCOREBOARD\2X2P10SCOREBOARD32K.ASM 323 : Found opcode in column 1. (MOVLW)
Warning[203] C:\USERS\GERPE\ONEDRIVE\GER-PER 2016\DOCUMENTS\KENNYNEUTRON\2020\2X2 P10 SCOREBOARD\2X2P10SCOREBOARD32K.ASM 324 : Found opcode in column 1. (MOVWF)
Warning[203] C:\USERS\GERPE\ONEDRIVE\GER-PER 2016\DOCUMENTS\KENNYNEUTRON\2020\2X2 P10 SCOREBOARD\2X2P10SCOREBOARD32K.ASM 326 : Found opcode in column 1. (MOVLW)
Warning[203] C:\USERS\GERPE\ONEDRIVE\GER-PER 2016\DOCUMENTS\KENNYNEUTRON\2020\2X2 P10 SCOREBOARD\2X2P10SCOREBOARD32K.ASM 327 : Found opcode in column 1. (MOVWF)
Warning[203] C:\USERS\GERPE\ONEDRIVE\GER-PER 2016\DOCUMENTS\KENNYNEUTRON\2020\2X2 P10 SCOREBOARD\2X2P10SCOREBOARD32K.ASM 329 : Found opcode in column 1. (MOVLW)
Warning[203] C:\USERS\GERPE\ONEDRIVE\GER-PER 2016\DOCUMENTS\KENNYNEUTRON\2020\2X2 P10 SCOREBOARD\2X2P10SCOREBOARD32K.ASM 330 : Found opcode in column 1. (MOVWF)
Warning[203] C:\USERS\GERPE\ONEDRIVE\GER-PER 2016\DOCUMENTS\KENNYNEUTRON\2020\2X2 P10 SCOREBOARD\2X2P10SCOREBOARD32K.ASM 332 : Found opcode in column 1. (MOVLW)
Warning[203] C:\USERS\GERPE\ONEDRIVE\GER-PER 2016\DOCUMENTS\KENNYNEUTRON\2020\2X2 P10 SCOREBOARD\2X2P10SCOREBOARD32K.ASM 333 : Found opcode in column 1. (MOVWF)
Warning[203] C:\USERS\GERPE\ONEDRIVE\GER-PER 2016\DOCUMENTS\KENNYNEUTRON\2020\2X2 P10 SCOREBOARD\2X2P10SCOREBOARD32K.ASM 335 : Found opcode in column 1. (MOVLW)
Warning[203] C:\USERS\GERPE\ONEDRIVE\GER-PER 2016\DOCUMENTS\KENNYNEUTRON\2020\2X2 P10 SCOREBOARD\2X2P10SCOREBOARD32K.ASM 336 : Found opcode in column 1. (MOVWF)
Warning[203] C:\USERS\GERPE\ONEDRIVE\GER-PER 2016\DOCUMENTS\KENNYNEUTRON\2020\2X2 P10 SCOREBOARD\2X2P10SCOREBOARD32K.ASM 338 : Found opcode in column 1. (MOVLW)
Warning[203] C:\USERS\GERPE\ONEDRIVE\GER-PER 2016\DOCUMENTS\KENNYNEUTRON\2020\2X2 P10 SCOREBOARD\2X2P10SCOREBOARD32K.ASM 339 : Found opcode in column 1. (MOVWF)
Warning[203] C:\USERS\GERPE\ONEDRIVE\GER-PER 2016\DOCUMENTS\KENNYNEUTRON\2020\2X2 P10 SCOREBOARD\2X2P10SCOREBOARD32K.ASM 341 : Found opcode in column 1. (MOVLW)
Warning[203] C:\USERS\GERPE\ONEDRIVE\GER-PER 2016\DOCUMENTS\KENNYNEUTRON\2020\2X2 P10 SCOREBOARD\2X2P10SCOREBOARD32K.ASM 342 : Found opcode in column 1. (MOVWF)
Warning[203] C:\USERS\GERPE\ONEDRIVE\GER-PER 2016\DOCUMENTS\KENNYNEUTRON\2020\2X2 P10 SCOREBOARD\2X2P10SCOREBOARD32K.ASM 344 : Found opcode in column 1. (MOVLW)
Warning[203] C:\USERS\GERPE\ONEDRIVE\GER-PER 2016\DOCUMENTS\KENNYNEUTRON\2020\2X2 P10 SCOREBOARD\2X2P10SCOREBOARD32K.ASM 345 : Found opcode in column 1. (MOVWF)
Warning[203] C:\USERS\GERPE\ONEDRIVE\GER-PER 2016\DOCUMENTS\KENNYNEUTRON\2020\2X2 P10 SCOREBOARD\2X2P10SCOREBOARD32K.ASM 347 : Found opcode in column 1. (MOVLW)
Warning[203] C:\USERS\GERPE\ONEDRIVE\GER-PER 2016\DOCUMENTS\KENNYNEUTRON\2020\2X2 P10 SCOREBOARD\2X2P10SCOREBOARD32K.ASM 348 : Found opcode in column 1. (MOVWF)
Warning[203] C:\USERS\GERPE\ONEDRIVE\GER-PER 2016\DOCUMENTS\KENNYNEUTRON\2020\2X2 P10 SCOREBOARD\2X2P10SCOREBOARD32K.ASM 350 : Found opcode in column 1. (MOVLW)
Warning[203] C:\USERS\GERPE\ONEDRIVE\GER-PER 2016\DOCUMENTS\KENNYNEUTRON\2020\2X2 P10 SCOREBOARD\2X2P10SCOREBOARD32K.ASM 351 : Found opcode in column 1. (MOVWF)
Warning[203] C:\USERS\GERPE\ONEDRIVE\GER-PER 2016\DOCUMENTS\KENNYNEUTRON\2020\2X2 P10 SCOREBOARD\2X2P10SCOREBOARD32K.ASM 353 : Found opcode in column 1. (MOVLW)
Warning[203] C:\USERS\GERPE\ONEDRIVE\GER-PER 2016\DOCUMENTS\KENNYNEUTRON\2020\2X2 P10 SCOREBOARD\2X2P10SCOREBOARD32K.ASM 354 : Found opcode in column 1. (MOVWF)
Warning[203] C:\USERS\GERPE\ONEDRIVE\GER-PER 2016\DOCUMENTS\KENNYNEUTRON\2020\2X2 P10 SCOREBOARD\2X2P10SCOREBOARD32K.ASM 356 : Found opcode in column 1. (MOVLW)
Warning[203] C:\USERS\GERPE\ONEDRIVE\GER-PER 2016\DOCUMENTS\KENNYNEUTRON\2020\2X2 P10 SCOREBOARD\2X2P10SCOREBOARD32K.ASM 357 : Found opcode in column 1. (MOVWF)
Warning[203] C:\USERS\GERPE\ONEDRIVE\GER-PER 2016\DOCUMENTS\KENNYNEUTRON\2020\2X2 P10 SCOREBOARD\2X2P10SCOREBOARD32K.ASM 359 : Found opcode in column 1. (MOVLW)
Warning[203] C:\USERS\GERPE\ONEDRIVE\GER-PER 2016\DOCUMENTS\KENNYNEUTRON\2020\2X2 P10 SCOREBOARD\2X2P10SCOREBOARD32K.ASM 360 : Found opcode in column 1. (MOVWF)
Warning[203] C:\USERS\GERPE\ONEDRIVE\GER-PER 2016\DOCUMENTS\KENNYNEUTRON\2020\2X2 P10 SCOREBOARD\2X2P10SCOREBOARD32K.ASM 362 : Found opcode in column 1. (MOVLW)
Warning[203] C:\USERS\GERPE\ONEDRIVE\GER-PER 2016\DOCUMENTS\KENNYNEUTRON\2020\2X2 P10 SCOREBOARD\2X2P10SCOREBOARD32K.ASM 363 : Found opcode in column 1. (MOVWF)
Warning[203] C:\USERS\GERPE\ONEDRIVE\GER-PER 2016\DOCUMENTS\KENNYNEUTRON\2020\2X2 P10 SCOREBOARD\2X2P10SCOREBOARD32K.ASM 366 : Found opcode in column 1. (MOVLW)
Warning[203] C:\USERS\GERPE\ONEDRIVE\GER-PER 2016\DOCUMENTS\KENNYNEUTRON\2020\2X2 P10 SCOREBOARD\2X2P10SCOREBOARD32K.ASM 367 : Found opcode in column 1. (MOVWF)
Warning[203] C:\USERS\GERPE\ONEDRIVE\GER-PER 2016\DOCUMENTS\KENNYNEUTRON\2020\2X2 P10 SCOREBOARD\2X2P10SCOREBOARD32K.ASM 369 : Found opcode in column 1. (MOVLW)
Warning[203] C:\USERS\GERPE\ONEDRIVE\GER-PER 2016\DOCUMENTS\KENNYNEUTRON\2020\2X2 P10 SCOREBOARD\2X2P10SCOREBOARD32K.ASM 370 : Found opcode in column 1. (MOVWF)
Warning[203] C:\USERS\GERPE\ONEDRIVE\GER-PER 2016\DOCUMENTS\KENNYNEUTRON\2020\2X2 P10 SCOREBOARD\2X2P10SCOREBOARD32K.ASM 372 : Found opcode in column 1. (MOVLW)
Warning[203] C:\USERS\GERPE\ONEDRIVE\GER-PER 2016\DOCUMENTS\KENNYNEUTRON\2020\2X2 P10 SCOREBOARD\2X2P10SCOREBOARD32K.ASM 373 : Found opcode in column 1. (MOVWF)
Warning[203] C:\USERS\GERPE\ONEDRIVE\GER-PER 2016\DOCUMENTS\KENNYNEUTRON\2020\2X2 P10 SCOREBOARD\2X2P10SCOREBOARD32K.ASM 376 : Found opcode in column 1. (CALL)
Warning[203] C:\USERS\GERPE\ONEDRIVE\GER-PER 2016\DOCUMENTS\KENNYNEUTRON\2020\2X2 P10 SCOREBOARD\2X2P10SCOREBOARD32K.ASM 377 : Found opcode in column 1. (CALL)
Warning[203] C:\USERS\GERPE\ONEDRIVE\GER-PER 2016\DOCUMENTS\KENNYNEUTRON\2020\2X2 P10 SCOREBOARD\2X2P10SCOREBOARD32K.ASM 378 : Found opcode in column 1. (CALL)
Warning[203] C:\USERS\GERPE\ONEDRIVE\GER-PER 2016\DOCUMENTS\KENNYNEUTRON\2020\2X2 P10 SCOREBOARD\2X2P10SCOREBOARD32K.ASM 382 : Found opcode in column 1. (MOVLW)
Warning[203] C:\USERS\GERPE\ONEDRIVE\GER-PER 2016\DOCUMENTS\KENNYNEUTRON\2020\2X2 P10 SCOREBOARD\2X2P10SCOREBOARD32K.ASM 383 : Found opcode in column 1. (MOVWF)
Warning[203] C:\USERS\GERPE\ONEDRIVE\GER-PER 2016\DOCUMENTS\KENNYNEUTRON\2020\2X2 P10 SCOREBOARD\2X2P10SCOREBOARD32K.ASM 386 : Found opcode in column 1. (MOVLW)
Warning[203] C:\USERS\GERPE\ONEDRIVE\GER-PER 2016\DOCUMENTS\KENNYNEUTRON\2020\2X2 P10 SCOREBOARD\2X2P10SCOREBOARD32K.ASM 387 : Found opcode in column 1. (MOVWF)
Warning[203] C:\USERS\GERPE\ONEDRIVE\GER-PER 2016\DOCUMENTS\KENNYNEUTRON\2020\2X2 P10 SCOREBOARD\2X2P10SCOREBOARD32K.ASM 388 : Found opcode in column 1. (MOVLW)
Warning[203] C:\USERS\GERPE\ONEDRIVE\GER-PER 2016\DOCUMENTS\KENNYNEUTRON\2020\2X2 P10 SCOREBOARD\2X2P10SCOREBOARD32K.ASM 389 : Found opcode in column 1. (MOVWF)
Warning[203] C:\USERS\GERPE\ONEDRIVE\GER-PER 2016\DOCUMENTS\KENNYNEUTRON\2020\2X2 P10 SCOREBOARD\2X2P10SCOREBOARD32K.ASM 394 : Found opcode in column 1. (BCF)
Warning[203] C:\USERS\GERPE\ONEDRIVE\GER-PER 2016\DOCUMENTS\KENNYNEUTRON\2020\2X2 P10 SCOREBOARD\2X2P10SCOREBOARD32K.ASM 395 : Found opcode in column 1. (BCF)
Warning[203] C:\USERS\GERPE\ONEDRIVE\GER-PER 2016\DOCUMENTS\KENNYNEUTRON\2020\2X2 P10 SCOREBOARD\2X2P10SCOREBOARD32K.ASM 401 : Found opcode in column 1. (GOTO)
Warning[203] C:\USERS\GERPE\ONEDRIVE\GER-PER 2016\DOCUMENTS\KENNYNEUTRON\2020\2X2 P10 SCOREBOARD\2X2P10SCOREBOARD32K.ASM 419 : Found opcode in column 1. (RETURN)
Warning[203] C:\USERS\GERPE\ONEDRIVE\GER-PER 2016\DOCUMENTS\KENNYNEUTRON\2020\2X2 P10 SCOREBOARD\2X2P10SCOREBOARD32K.ASM 433 : Found opcode in column 1. (DECFSZ)
Warning[203] C:\USERS\GERPE\ONEDRIVE\GER-PER 2016\DOCUMENTS\KENNYNEUTRON\2020\2X2 P10 SCOREBOARD\2X2P10SCOREBOARD32K.ASM 435 : Found opcode in column 1. (GOTO)
Warning[203] C:\USERS\GERPE\ONEDRIVE\GER-PER 2016\DOCUMENTS\KENNYNEUTRON\2020\2X2 P10 SCOREBOARD\2X2P10SCOREBOARD32K.ASM 437 : Found opcode in column 1. (RETURN)
Warning[203] C:\USERS\GERPE\ONEDRIVE\GER-PER 2016\DOCUMENTS\KENNYNEUTRON\2020\2X2 P10 SCOREBOARD\2X2P10SCOREBOARD32K.ASM 454 : Found opcode in column 1. (RETURN)
Warning[203] C:\USERS\GERPE\ONEDRIVE\GER-PER 2016\DOCUMENTS\KENNYNEUTRON\2020\2X2 P10 SCOREBOARD\2X2P10SCOREBOARD32K.ASM 466 : Found opcode in column 1. (RETURN)
Warning[203] C:\USERS\GERPE\ONEDRIVE\GER-PER 2016\DOCUMENTS\KENNYNEUTRON\2020\2X2 P10 SCOREBOARD\2X2P10SCOREBOARD32K.ASM 479 : Found opcode in column 1. (RETURN)
Warning[203] C:\USERS\GERPE\ONEDRIVE\GER-PER 2016\DOCUMENTS\KENNYNEUTRON\2020\2X2 P10 SCOREBOARD\2X2P10SCOREBOARD32K.ASM 490 : Found opcode in column 1. (RETURN)
Warning[203] C:\USERS\GERPE\ONEDRIVE\GER-PER 2016\DOCUMENTS\KENNYNEUTRON\2020\2X2 P10 SCOREBOARD\2X2P10SCOREBOARD32K.ASM 548 : Found opcode in column 1. (CALL)
Warning[203] C:\USERS\GERPE\ONEDRIVE\GER-PER 2016\DOCUMENTS\KENNYNEUTRON\2020\2X2 P10 SCOREBOARD\2X2P10SCOREBOARD32K.ASM 550 : Found opcode in column 1. (CALL)
Warning[203] C:\USERS\GERPE\ONEDRIVE\GER-PER 2016\DOCUMENTS\KENNYNEUTRON\2020\2X2 P10 SCOREBOARD\2X2P10SCOREBOARD32K.ASM 569 : Found opcode in column 1. (CALL)
Warning[203] C:\USERS\GERPE\ONEDRIVE\GER-PER 2016\DOCUMENTS\KENNYNEUTRON\2020\2X2 P10 SCOREBOARD\2X2P10SCOREBOARD32K.ASM 571 : Found opcode in column 1. (CALL)
Warning[203] C:\USERS\GERPE\ONEDRIVE\GER-PER 2016\DOCUMENTS\KENNYNEUTRON\2020\2X2 P10 SCOREBOARD\2X2P10SCOREBOARD32K.ASM 588 : Found opcode in column 1. (CALL)
Warning[203] C:\USERS\GERPE\ONEDRIVE\GER-PER 2016\DOCUMENTS\KENNYNEUTRON\2020\2X2 P10 SCOREBOARD\2X2P10SCOREBOARD32K.ASM 590 : Found opcode in column 1. (CALL)
Warning[203] C:\USERS\GERPE\ONEDRIVE\GER-PER 2016\DOCUMENTS\KENNYNEUTRON\2020\2X2 P10 SCOREBOARD\2X2P10SCOREBOARD32K.ASM 608 : Found opcode in column 1. (CALL)
Warning[203] C:\USERS\GERPE\ONEDRIVE\GER-PER 2016\DOCUMENTS\KENNYNEUTRON\2020\2X2 P10 SCOREBOARD\2X2P10SCOREBOARD32K.ASM 609 : Found opcode in column 1. (CALL)
Warning[203] C:\USERS\GERPE\ONEDRIVE\GER-PER 2016\DOCUMENTS\KENNYNEUTRON\2020\2X2 P10 SCOREBOARD\2X2P10SCOREBOARD32K.ASM 610 : Found opcode in column 1. (CALL)
Warning[203] C:\USERS\GERPE\ONEDRIVE\GER-PER 2016\DOCUMENTS\KENNYNEUTRON\2020\2X2 P10 SCOREBOARD\2X2P10SCOREBOARD32K.ASM 627 : Found opcode in column 1. (RETURN)
Warning[203] C:\USERS\GERPE\ONEDRIVE\GER-PER 2016\DOCUMENTS\KENNYNEUTRON\2020\2X2 P10 SCOREBOARD\2X2P10SCOREBOARD32K.ASM 664 : Found opcode in column 1. (RETURN)
Warning[203] C:\USERS\GERPE\ONEDRIVE\GER-PER 2016\DOCUMENTS\KENNYNEUTRON\2020\2X2 P10 SCOREBOARD\2X2P10SCOREBOARD32K.ASM 696 : Found opcode in column 1. (NOP)
Warning[203] C:\USERS\GERPE\ONEDRIVE\GER-PER 2016\DOCUMENTS\KENNYNEUTRON\2020\2X2 P10 SCOREBOARD\2X2P10SCOREBOARD32K.ASM 716 : Found opcode in column 1. (RETURN)
Warning[205] C:\USERS\GERPE\ONEDRIVE\GER-PER 2016\DOCUMENTS\KENNYNEUTRON\2020\2X2 P10 SCOREBOARD\2X2P10SCOREBOARD32K.ASM 749 : Found directive in column 1. (ORG)
Warning[203] C:\USERS\GERPE\ONEDRIVE\GER-PER 2016\DOCUMENTS\KENNYNEUTRON\2020\2X2 P10 SCOREBOARD\2X2P10SCOREBOARD32K.ASM 804 : Found opcode in column 1. (RETURN)
Warning[203] C:\USERS\GERPE\ONEDRIVE\GER-PER 2016\DOCUMENTS\KENNYNEUTRON\2020\2X2 P10 SCOREBOARD\2X2P10SCOREBOARD32K.ASM 839 : Found opcode in column 1. (RETURN)
Warning[203] C:\USERS\GERPE\ONEDRIVE\GER-PER 2016\DOCUMENTS\KENNYNEUTRON\2020\2X2 P10 SCOREBOARD\2X2P10SCOREBOARD32K.ASM 875 : Found opcode in column 1. (RETURN)
Warning[203] C:\USERS\GERPE\ONEDRIVE\GER-PER 2016\DOCUMENTS\KENNYNEUTRON\2020\2X2 P10 SCOREBOARD\2X2P10SCOREBOARD32K.ASM 879 : Found opcode in column 1. (RETURN)
Warning[203] C:\USERS\GERPE\ONEDRIVE\GER-PER 2016\DOCUMENTS\KENNYNEUTRON\2020\2X2 P10 SCOREBOARD\2X2P10SCOREBOARD32K.ASM 930 : Found opcode in column 1. (RETURN)
Warning[203] C:\USERS\GERPE\ONEDRIVE\GER-PER 2016\DOCUMENTS\KENNYNEUTRON\2020\2X2 P10 SCOREBOARD\2X2P10SCOREBOARD32K.ASM 1068 : Found opcode in column 1. (RETURN)
Warning[203] C:\USERS\GERPE\ONEDRIVE\GER-PER 2016\DOCUMENTS\KENNYNEUTRON\2020\2X2 P10 SCOREBOARD\2X2P10SCOREBOARD32K.ASM 1128 : Found opcode in column 1. (RETURN)
Warning[203] C:\USERS\GERPE\ONEDRIVE\GER-PER 2016\DOCUMENTS\KENNYNEUTRON\2020\2X2 P10 SCOREBOARD\2X2P10SCOREBOARD32K.ASM 1152 : Found opcode in column 1. (RETURN)
Warning[205] C:\USERS\GERPE\ONEDRIVE\GER-PER 2016\DOCUMENTS\KENNYNEUTRON\2020\2X2 P10 SCOREBOARD\2X2P10SCOREBOARD32K.ASM 1160 : Found directive in column 1. (ORG)
Warning[205] C:\USERS\GERPE\ONEDRIVE\GER-PER 2016\DOCUMENTS\KENNYNEUTRON\2020\2X2 P10 SCOREBOARD\2X2P10SCOREBOARD32K.ASM 1234 : Found directive in column 1. (ORG)
Warning[205] C:\USERS\GERPE\ONEDRIVE\GER-PER 2016\DOCUMENTS\KENNYNEUTRON\2020\2X2 P10 SCOREBOARD\2X2P10SCOREBOARD32K.ASM 1299 : Found directive in column 1. (ORG)
Warning[205] C:\USERS\GERPE\ONEDRIVE\GER-PER 2016\DOCUMENTS\KENNYNEUTRON\2020\2X2 P10 SCOREBOARD\2X2P10SCOREBOARD32K.ASM 1357 : Found directive in column 1. (ORG)
Warning[205] C:\USERS\GERPE\ONEDRIVE\GER-PER 2016\DOCUMENTS\KENNYNEUTRON\2020\2X2 P10 SCOREBOARD\2X2P10SCOREBOARD32K.ASM 1420 : Found directive in column 1. (ORG)
Warning[205] C:\USERS\GERPE\ONEDRIVE\GER-PER 2016\DOCUMENTS\KENNYNEUTRON\2020\2X2 P10 SCOREBOARD\2X2P10SCOREBOARD32K.ASM 1483 : Found directive in column 1. (ORG)
Warning[205] C:\USERS\GERPE\ONEDRIVE\GER-PER 2016\DOCUMENTS\KENNYNEUTRON\2020\2X2 P10 SCOREBOARD\2X2P10SCOREBOARD32K.ASM 1543 : Found directive in column 1. (ORG)
Warning[205] C:\USERS\GERPE\ONEDRIVE\GER-PER 2016\DOCUMENTS\KENNYNEUTRON\2020\2X2 P10 SCOREBOARD\2X2P10SCOREBOARD32K.ASM 1601 : Found directive in column 1. (ORG)
Warning[205] C:\USERS\GERPE\ONEDRIVE\GER-PER 2016\DOCUMENTS\KENNYNEUTRON\2020\2X2 P10 SCOREBOARD\2X2P10SCOREBOARD32K.ASM 1660 : Found directive in column 1. (ORG)
Warning[205] C:\USERS\GERPE\ONEDRIVE\GER-PER 2016\DOCUMENTS\KENNYNEUTRON\2020\2X2 P10 SCOREBOARD\2X2P10SCOREBOARD32K.ASM 1719 : Found directive in column 1. (ORG)
Warning[205] C:\USERS\GERPE\ONEDRIVE\GER-PER 2016\DOCUMENTS\KENNYNEUTRON\2020\2X2 P10 SCOREBOARD\2X2P10SCOREBOARD32K.ASM 1778 : Found directive in column 1. (ORG)
Warning[205] C:\USERS\GERPE\ONEDRIVE\GER-PER 2016\DOCUMENTS\KENNYNEUTRON\2020\2X2 P10 SCOREBOARD\2X2P10SCOREBOARD32K.ASM 1838 : Found directive in column 1. (ORG)
Warning[205] C:\USERS\GERPE\ONEDRIVE\GER-PER 2016\DOCUMENTS\KENNYNEUTRON\2020\2X2 P10 SCOREBOARD\2X2P10SCOREBOARD32K.ASM 1898 : Found directive in column 1. (ORG)
Warning[205] C:\USERS\GERPE\ONEDRIVE\GER-PER 2016\DOCUMENTS\KENNYNEUTRON\2020\2X2 P10 SCOREBOARD\2X2P10SCOREBOARD32K.ASM 1957 : Found directive in column 1. (ORG)
Warning[205] C:\USERS\GERPE\ONEDRIVE\GER-PER 2016\DOCUMENTS\KENNYNEUTRON\2020\2X2 P10 SCOREBOARD\2X2P10SCOREBOARD32K.ASM 2015 : Found directive in column 1. (ORG)
Warning[205] C:\USERS\GERPE\ONEDRIVE\GER-PER 2016\DOCUMENTS\KENNYNEUTRON\2020\2X2 P10 SCOREBOARD\2X2P10SCOREBOARD32K.ASM 2048 : Found directive in column 1. (ORG)
Warning[205] C:\USERS\GERPE\ONEDRIVE\GER-PER 2016\DOCUMENTS\KENNYNEUTRON\2020\2X2 P10 SCOREBOARD\2X2P10SCOREBOARD32K.ASM 2078 : Found directive in column 1. (ORG)
Warning[205] C:\USERS\GERPE\ONEDRIVE\GER-PER 2016\DOCUMENTS\KENNYNEUTRON\2020\2X2 P10 SCOREBOARD\2X2P10SCOREBOARD32K.ASM 2110 : Found directive in column 1. (ORG)
Warning[205] C:\USERS\GERPE\ONEDRIVE\GER-PER 2016\DOCUMENTS\KENNYNEUTRON\2020\2X2 P10 SCOREBOARD\2X2P10SCOREBOARD32K.ASM 2142 : Found directive in column 1. (ORG)
Warning[205] C:\USERS\GERPE\ONEDRIVE\GER-PER 2016\DOCUMENTS\KENNYNEUTRON\2020\2X2 P10 SCOREBOARD\2X2P10SCOREBOARD32K.ASM 2173 : Found directive in column 1. (ORG)
Warning[205] C:\USERS\GERPE\ONEDRIVE\GER-PER 2016\DOCUMENTS\KENNYNEUTRON\2020\2X2 P10 SCOREBOARD\2X2P10SCOREBOARD32K.ASM 2203 : Found directive in column 1. (ORG)
Warning[205] C:\USERS\GERPE\ONEDRIVE\GER-PER 2016\DOCUMENTS\KENNYNEUTRON\2020\2X2 P10 SCOREBOARD\2X2P10SCOREBOARD32K.ASM 2233 : Found directive in column 1. (ORG)
Warning[205] C:\USERS\GERPE\ONEDRIVE\GER-PER 2016\DOCUMENTS\KENNYNEUTRON\2020\2X2 P10 SCOREBOARD\2X2P10SCOREBOARD32K.ASM 2265 : Found directive in column 1. (ORG)
Warning[205] C:\USERS\GERPE\ONEDRIVE\GER-PER 2016\DOCUMENTS\KENNYNEUTRON\2020\2X2 P10 SCOREBOARD\2X2P10SCOREBOARD32K.ASM 2296 : Found directive in column 1. (ORG)
Warning[205] C:\USERS\GERPE\ONEDRIVE\GER-PER 2016\DOCUMENTS\KENNYNEUTRON\2020\2X2 P10 SCOREBOARD\2X2P10SCOREBOARD32K.ASM 2329 : Found directive in column 1. (ORG)
Warning[205] C:\USERS\GERPE\ONEDRIVE\GER-PER 2016\DOCUMENTS\KENNYNEUTRON\2020\2X2 P10 SCOREBOARD\2X2P10SCOREBOARD32K.ASM 2361 : Found directive in column 1. (ORG)
Warning[205] C:\USERS\GERPE\ONEDRIVE\GER-PER 2016\DOCUMENTS\KENNYNEUTRON\2020\2X2 P10 SCOREBOARD\2X2P10SCOREBOARD32K.ASM 2397 : Found directive in column 1. (ORG)
Warning[205] C:\USERS\GERPE\ONEDRIVE\GER-PER 2016\DOCUMENTS\KENNYNEUTRON\2020\2X2 P10 SCOREBOARD\2X2P10SCOREBOARD32K.ASM 2429 : Found directive in column 1. (ORG)
Warning[205] C:\USERS\GERPE\ONEDRIVE\GER-PER 2016\DOCUMENTS\KENNYNEUTRON\2020\2X2 P10 SCOREBOARD\2X2P10SCOREBOARD32K.ASM 2461 : Found directive in column 1. (ORG)
Warning[205] C:\USERS\GERPE\ONEDRIVE\GER-PER 2016\DOCUMENTS\KENNYNEUTRON\2020\2X2 P10 SCOREBOARD\2X2P10SCOREBOARD32K.ASM 2492 : Found directive in column 1. (ORG)
Warning[205] C:\USERS\GERPE\ONEDRIVE\GER-PER 2016\DOCUMENTS\KENNYNEUTRON\2020\2X2 P10 SCOREBOARD\2X2P10SCOREBOARD32K.ASM 2524 : Found directive in column 1. (ORG)
Warning[205] C:\USERS\GERPE\ONEDRIVE\GER-PER 2016\DOCUMENTS\KENNYNEUTRON\2020\2X2 P10 SCOREBOARD\2X2P10SCOREBOARD32K.ASM 2556 : Found directive in column 1. (ORG)
Warning[205] C:\USERS\GERPE\ONEDRIVE\GER-PER 2016\DOCUMENTS\KENNYNEUTRON\2020\2X2 P10 SCOREBOARD\2X2P10SCOREBOARD32K.ASM 2587 : Found directive in column 1. (ORG)
Warning[205] C:\USERS\GERPE\ONEDRIVE\GER-PER 2016\DOCUMENTS\KENNYNEUTRON\2020\2X2 P10 SCOREBOARD\2X2P10SCOREBOARD32K.ASM 2618 : Found directive in column 1. (ORG)
Warning[205] C:\USERS\GERPE\ONEDRIVE\GER-PER 2016\DOCUMENTS\KENNYNEUTRON\2020\2X2 P10 SCOREBOARD\2X2P10SCOREBOARD32K.ASM 2651 : Found directive in column 1. (ORG)
Warning[203] C:\USERS\GERPE\ONEDRIVE\GER-PER 2016\DOCUMENTS\KENNYNEUTRON\2020\2X2 P10 SCOREBOARD\2X2P10SCOREBOARD32K.ASM 2661 : Found opcode in column 1. (GOTO)
Warning[203] C:\USERS\GERPE\ONEDRIVE\GER-PER 2016\DOCUMENTS\KENNYNEUTRON\2020\2X2 P10 SCOREBOARD\2X2P10SCOREBOARD32K.ASM 2965 : Found opcode in column 1. (NOP)
Warning[203] C:\USERS\GERPE\ONEDRIVE\GER-PER 2016\DOCUMENTS\KENNYNEUTRON\2020\2X2 P10 SCOREBOARD\2X2P10SCOREBOARD32K.ASM 3011 : Found opcode in column 1. (RETURN)
Warning[203] C:\USERS\GERPE\ONEDRIVE\GER-PER 2016\DOCUMENTS\KENNYNEUTRON\2020\2X2 P10 SCOREBOARD\2X2P10SCOREBOARD32K.ASM 3060 : Found opcode in column 1. (BSF)
Warning[203] C:\USERS\GERPE\ONEDRIVE\GER-PER 2016\DOCUMENTS\KENNYNEUTRON\2020\2X2 P10 SCOREBOARD\2X2P10SCOREBOARD32K.ASM 3062 : Found opcode in column 1. (RETURN)
Warning[203] C:\USERS\GERPE\ONEDRIVE\GER-PER 2016\DOCUMENTS\KENNYNEUTRON\2020\2X2 P10 SCOREBOARD\2X2P10SCOREBOARD32K.ASM 3137 : Found opcode in column 1. (RETFIE)
Warning[203] C:\USERS\GERPE\ONEDRIVE\GER-PER 2016\DOCUMENTS\KENNYNEUTRON\2020\2X2 P10 SCOREBOARD\2X2P10SCOREBOARD32K.ASM 3153 : Found opcode in column 1. (CALL)
Warning[203] C:\USERS\GERPE\ONEDRIVE\GER-PER 2016\DOCUMENTS\KENNYNEUTRON\2020\2X2 P10 SCOREBOARD\2X2P10SCOREBOARD32K.ASM 3176 : Found opcode in column 1. (CALL)
Warning[203] C:\USERS\GERPE\ONEDRIVE\GER-PER 2016\DOCUMENTS\KENNYNEUTRON\2020\2X2 P10 SCOREBOARD\2X2P10SCOREBOARD32K.ASM 3198 : Found opcode in column 1. (CALL)
Warning[203] C:\USERS\GERPE\ONEDRIVE\GER-PER 2016\DOCUMENTS\KENNYNEUTRON\2020\2X2 P10 SCOREBOARD\2X2P10SCOREBOARD32K.ASM 3220 : Found opcode in column 1. (CALL)
Warning[203] C:\USERS\GERPE\ONEDRIVE\GER-PER 2016\DOCUMENTS\KENNYNEUTRON\2020\2X2 P10 SCOREBOARD\2X2P10SCOREBOARD32K.ASM 3221 : Found opcode in column 1. (CALL)
Warning[203] C:\USERS\GERPE\ONEDRIVE\GER-PER 2016\DOCUMENTS\KENNYNEUTRON\2020\2X2 P10 SCOREBOARD\2X2P10SCOREBOARD32K.ASM 3241 : Found opcode in column 1. (RETURN)
Warning[203] C:\USERS\GERPE\ONEDRIVE\GER-PER 2016\DOCUMENTS\KENNYNEUTRON\2020\2X2 P10 SCOREBOARD\2X2P10SCOREBOARD32K.ASM 3496 : Found opcode in column 1. (RETURN)
Warning[203] C:\USERS\GERPE\ONEDRIVE\GER-PER 2016\DOCUMENTS\KENNYNEUTRON\2020\2X2 P10 SCOREBOARD\2X2P10SCOREBOARD32K.ASM 3503 : Found opcode in column 1. (MOVLW)
Warning[203] C:\USERS\GERPE\ONEDRIVE\GER-PER 2016\DOCUMENTS\KENNYNEUTRON\2020\2X2 P10 SCOREBOARD\2X2P10SCOREBOARD32K.ASM 3504 : Found opcode in column 1. (MOVWF)
Warning[203] C:\USERS\GERPE\ONEDRIVE\GER-PER 2016\DOCUMENTS\KENNYNEUTRON\2020\2X2 P10 SCOREBOARD\2X2P10SCOREBOARD32K.ASM 3506 : Found opcode in column 1. (MOVLW)
Warning[203] C:\USERS\GERPE\ONEDRIVE\GER-PER 2016\DOCUMENTS\KENNYNEUTRON\2020\2X2 P10 SCOREBOARD\2X2P10SCOREBOARD32K.ASM 3507 : Found opcode in column 1. (MOVWF)
Warning[203] C:\USERS\GERPE\ONEDRIVE\GER-PER 2016\DOCUMENTS\KENNYNEUTRON\2020\2X2 P10 SCOREBOARD\2X2P10SCOREBOARD32K.ASM 3510 : Found opcode in column 1. (MOVLW)
Warning[203] C:\USERS\GERPE\ONEDRIVE\GER-PER 2016\DOCUMENTS\KENNYNEUTRON\2020\2X2 P10 SCOREBOARD\2X2P10SCOREBOARD32K.ASM 3511 : Found opcode in column 1. (MOVWF)
Warning[203] C:\USERS\GERPE\ONEDRIVE\GER-PER 2016\DOCUMENTS\KENNYNEUTRON\2020\2X2 P10 SCOREBOARD\2X2P10SCOREBOARD32K.ASM 3512 : Found opcode in column 1. (DECF)
Warning[203] C:\USERS\GERPE\ONEDRIVE\GER-PER 2016\DOCUMENTS\KENNYNEUTRON\2020\2X2 P10 SCOREBOARD\2X2P10SCOREBOARD32K.ASM 3514 : Found opcode in column 1. (CALL)
Warning[203] C:\USERS\GERPE\ONEDRIVE\GER-PER 2016\DOCUMENTS\KENNYNEUTRON\2020\2X2 P10 SCOREBOARD\2X2P10SCOREBOARD32K.ASM 3515 : Found opcode in column 1. (DECFSZ)
Warning[203] C:\USERS\GERPE\ONEDRIVE\GER-PER 2016\DOCUMENTS\KENNYNEUTRON\2020\2X2 P10 SCOREBOARD\2X2P10SCOREBOARD32K.ASM 3516 : Found opcode in column 1. (GOTO)
Warning[203] C:\USERS\GERPE\ONEDRIVE\GER-PER 2016\DOCUMENTS\KENNYNEUTRON\2020\2X2 P10 SCOREBOARD\2X2P10SCOREBOARD32K.ASM 3518 : Found opcode in column 1. (DECFSZ)
Warning[203] C:\USERS\GERPE\ONEDRIVE\GER-PER 2016\DOCUMENTS\KENNYNEUTRON\2020\2X2 P10 SCOREBOARD\2X2P10SCOREBOARD32K.ASM 3519 : Found opcode in column 1. (GOTO)
Warning[203] C:\USERS\GERPE\ONEDRIVE\GER-PER 2016\DOCUMENTS\KENNYNEUTRON\2020\2X2 P10 SCOREBOARD\2X2P10SCOREBOARD32K.ASM 3523 : Found opcode in column 1. (MOVLW)
Warning[203] C:\USERS\GERPE\ONEDRIVE\GER-PER 2016\DOCUMENTS\KENNYNEUTRON\2020\2X2 P10 SCOREBOARD\2X2P10SCOREBOARD32K.ASM 3524 : Found opcode in column 1. (MOVWF)
Warning[203] C:\USERS\GERPE\ONEDRIVE\GER-PER 2016\DOCUMENTS\KENNYNEUTRON\2020\2X2 P10 SCOREBOARD\2X2P10SCOREBOARD32K.ASM 3527 : Found opcode in column 1. (MOVLW)
Warning[203] C:\USERS\GERPE\ONEDRIVE\GER-PER 2016\DOCUMENTS\KENNYNEUTRON\2020\2X2 P10 SCOREBOARD\2X2P10SCOREBOARD32K.ASM 3528 : Found opcode in column 1. (MOVWF)
Warning[203] C:\USERS\GERPE\ONEDRIVE\GER-PER 2016\DOCUMENTS\KENNYNEUTRON\2020\2X2 P10 SCOREBOARD\2X2P10SCOREBOARD32K.ASM 3530 : Found opcode in column 1. (CALL)
Warning[203] C:\USERS\GERPE\ONEDRIVE\GER-PER 2016\DOCUMENTS\KENNYNEUTRON\2020\2X2 P10 SCOREBOARD\2X2P10SCOREBOARD32K.ASM 3531 : Found opcode in column 1. (DECFSZ)
Warning[203] C:\USERS\GERPE\ONEDRIVE\GER-PER 2016\DOCUMENTS\KENNYNEUTRON\2020\2X2 P10 SCOREBOARD\2X2P10SCOREBOARD32K.ASM 3532 : Found opcode in column 1. (GOTO)
Warning[203] C:\USERS\GERPE\ONEDRIVE\GER-PER 2016\DOCUMENTS\KENNYNEUTRON\2020\2X2 P10 SCOREBOARD\2X2P10SCOREBOARD32K.ASM 3534 : Found opcode in column 1. (DECFSZ)
Warning[203] C:\USERS\GERPE\ONEDRIVE\GER-PER 2016\DOCUMENTS\KENNYNEUTRON\2020\2X2 P10 SCOREBOARD\2X2P10SCOREBOARD32K.ASM 3535 : Found opcode in column 1. (GOTO)
Warning[203] C:\USERS\GERPE\ONEDRIVE\GER-PER 2016\DOCUMENTS\KENNYNEUTRON\2020\2X2 P10 SCOREBOARD\2X2P10SCOREBOARD32K.ASM 3540 : Found opcode in column 1. (MOVLW)
Warning[203] C:\USERS\GERPE\ONEDRIVE\GER-PER 2016\DOCUMENTS\KENNYNEUTRON\2020\2X2 P10 SCOREBOARD\2X2P10SCOREBOARD32K.ASM 3541 : Found opcode in column 1. (MOVWF)
Warning[203] C:\USERS\GERPE\ONEDRIVE\GER-PER 2016\DOCUMENTS\KENNYNEUTRON\2020\2X2 P10 SCOREBOARD\2X2P10SCOREBOARD32K.ASM 3544 : Found opcode in column 1. (MOVLW)
Warning[203] C:\USERS\GERPE\ONEDRIVE\GER-PER 2016\DOCUMENTS\KENNYNEUTRON\2020\2X2 P10 SCOREBOARD\2X2P10SCOREBOARD32K.ASM 3545 : Found opcode in column 1. (MOVWF)
Warning[203] C:\USERS\GERPE\ONEDRIVE\GER-PER 2016\DOCUMENTS\KENNYNEUTRON\2020\2X2 P10 SCOREBOARD\2X2P10SCOREBOARD32K.ASM 3546 : Found opcode in column 1. (INCF)
Warning[203] C:\USERS\GERPE\ONEDRIVE\GER-PER 2016\DOCUMENTS\KENNYNEUTRON\2020\2X2 P10 SCOREBOARD\2X2P10SCOREBOARD32K.ASM 3548 : Found opcode in column 1. (CALL)
Warning[203] C:\USERS\GERPE\ONEDRIVE\GER-PER 2016\DOCUMENTS\KENNYNEUTRON\2020\2X2 P10 SCOREBOARD\2X2P10SCOREBOARD32K.ASM 3549 : Found opcode in column 1. (DECFSZ)
Warning[203] C:\USERS\GERPE\ONEDRIVE\GER-PER 2016\DOCUMENTS\KENNYNEUTRON\2020\2X2 P10 SCOREBOARD\2X2P10SCOREBOARD32K.ASM 3550 : Found opcode in column 1. (GOTO)
Warning[203] C:\USERS\GERPE\ONEDRIVE\GER-PER 2016\DOCUMENTS\KENNYNEUTRON\2020\2X2 P10 SCOREBOARD\2X2P10SCOREBOARD32K.ASM 3552 : Found opcode in column 1. (DECFSZ)
Warning[203] C:\USERS\GERPE\ONEDRIVE\GER-PER 2016\DOCUMENTS\KENNYNEUTRON\2020\2X2 P10 SCOREBOARD\2X2P10SCOREBOARD32K.ASM 3553 : Found opcode in column 1. (GOTO)
Warning[203] C:\USERS\GERPE\ONEDRIVE\GER-PER 2016\DOCUMENTS\KENNYNEUTRON\2020\2X2 P10 SCOREBOARD\2X2P10SCOREBOARD32K.ASM 3557 : Found opcode in column 1. (RETURN)
Warning[205] C:\USERS\GERPE\ONEDRIVE\GER-PER 2016\DOCUMENTS\KENNYNEUTRON\2020\2X2 P10 SCOREBOARD\2X2P10SCOREBOARD32K.ASM 3566 : Found directive in column 1. (END)
