MPASM  5.51       20191114_HUB6CONTROLLER.ASM   11-19-2019  13:26:08         PAGE  1


LOC  OBJECT CODE     LINE SOURCE TEXT
  VALUE

                      00001 ;**********************************************************************
                      00002 ;                                                                     *
                      00003 ;    FILENAME:      HUB6CONTROLLER.ASM                                *
                      00004 ;    DATE:              2019.11.14                                        *
                      00005 ;    FILE VERSION:                                                    *
                      00006 ;                                                                     *
                      00007 ;    AUTHOR:        KENNYNEUTRON                                      *
                      00008 ;    COMPANY:       GER-PER ENGINEERING                               *
                      00009 ;                                                                     * 
                      00010 ;                                                                     *
                      00011 ;**********************************************************************
                      00012 ;                                                                     *
                      00013 ;    FILES REQUIRED: P16F690.INC                                      *
                      00014 ;                                                                     *
                      00015 ;**********************************************************************
                      00016 ;                                                                     *
                      00017 ;    NOTES:                                                           *
                      00018 ;                                                                     *
                      00019 ;**********************************************************************
                      00020 
                      00021 
                      00022 
                      00023         LIST            P=16F690                ; LIST DIRECTIVE TO DEFINE PROCESSOR
                      00024         #INCLUDE        <P16F690.INC>           ; PROCESSOR SPECIFIC VARIABLE DEFINITIONS
                      00001         LIST
                      00002 
                      00003 ;==========================================================================
                      00004 ;  MPASM PIC16F690 processor include
                      00005 ; 
                      00006 ;  (c) Copyright 1999-2013 Microchip Technology, All rights reserved
                      00007 ;==========================================================================
                      00008 
                      00756         LIST
                      00025         
2007   30C2           00026         __CONFIG    _CP_OFF & _CPD_OFF & _BOR_OFF & _PWRTE_ON & _WDT_OFF & _HS_OSC & _MCLRE_OFF & _FCMEN
                            _OFF & _IESO_OFF
                      00027 
                      00028 ; '__CONFIG' DIRECTIVE IS USED TO EMBED CONFIGURATION DATA WITHIN .ASM FILE.
                      00029 ; THE LABELS FOLLOWING THE DIRECTIVE ARE LOCATED IN THE RESPECTIVE .INC FILE.
                      00030 ; SEE RESPECTIVE DATA SHEET FOR ADDITIONAL INFORMATION ON CONFIGURATION WORD.
                      00031 
                      00032 
                      00033 
                      00034 
                      00035 
                      00036 
                      00037 ;***** VARIABLE DEFINITIONS
  0000007D            00038 W_TEMP          EQU     0X7D                    ; VARIABLE USED FOR CONTEXT SAVING
  0000007E            00039 STATUS_TEMP     EQU     0X7E                    ; VARIABLE USED FOR CONTEXT SAVING
  0000007F            00040 PCLATH_TEMP     EQU     0X7F                    ; VARIABLE USED FOR CONTEXT SAVING
  00000020            00041 TXREG_T EQU 0x20
  00000021            00042 CNT0 EQU 0x21
  00000022            00043 CNT1 EQU 0x22
MPASM  5.51       20191114_HUB6CONTROLLER.ASM   11-19-2019  13:26:08         PAGE  2


LOC  OBJECT CODE     LINE SOURCE TEXT
  VALUE

                      00044         #DEFINE BANK0           BANKSEL PORTA
                      00045         #DEFINE BANK1           BANKSEL ADRESL
                      00046         #DEFINE BANK2           BANKSEL ANSELH
                      00047 
                      00048 
                      00049 ;============================   BANK    0       ===========================
Warning[205]: Found directive in column 1. (CBLOCK)
                      00050 CBLOCK 0x20
                      00051                         ;DRAM: .80
  00000020            00052                         LOOP
Warning[210]: Extra ","
  00000021            00053                         DELAYUS, DELAYMS,  MILSEC, SEC,DELAYS,  ;DELAY VARIABLES
                      00054                         ;=======================================================
                      00055 ;                       LINE
                      00056 ;                       POINTER
                      00057 ;                       FONT,NUMBER,BTCOUNT
                      00058 ;                       HUB,STPT0,STPT1
                      00059 ;                       CURSORX,LOOP,VAR
                      00060 
Warning[205]: Found directive in column 1. (ENDC)
                      00061 ENDC
                      00062 ;======================================================================
                      00063 
                      00064 
                      00065 ;**********************************************************************
0000                  00066         ORG             0X000                   ; PROCESSOR RESET VECTOR
0000   2810           00067                 GOTO    INIT                    ; GO TO BEGINNING OF PROGRAM
                      00068 
                      00069 
0004                  00070         ORG             0X004                           ; INTERRUPT VECTOR LOCATION
0004   00FD           00071         MOVWF           W_TEMP                  ; SAVE OFF CURRENT W REGISTER CONTENTS
0005   0803           00072         MOVF            STATUS,W                ; MOVE STATUS REGISTER INTO W REGISTER
0006   00FE           00073         MOVWF           STATUS_TEMP             ; SAVE OFF CONTENTS OF STATUS REGISTER
0007   080A           00074         MOVF            PCLATH,W                ; MOVE PCLATH REGISTER INTO W REGISTER
0008   00FF           00075         MOVWF           PCLATH_TEMP             ; SAVE OFF CONTENTS OF PCLATH REGISTER
                      00076 
                      00077 ; ISR CODE CAN GO HERE OR BE LOCATED AS A CALL SUBROUTINE ELSEWHERE
                      00078 
0009   087F           00079         MOVF            PCLATH_TEMP,W   ; RETRIEVE COPY OF PCLATH REGISTER
000A   008A           00080         MOVWF           PCLATH                  ; RESTORE PRE-ISR PCLATH REGISTER CONTENTS      
000B   087E           00081         MOVF            STATUS_TEMP,W   ; RETRIEVE COPY OF STATUS REGISTER
000C   0083           00082         MOVWF           STATUS                  ; RESTORE PRE-ISR STATUS REGISTER CONTENTS
000D   0EFD           00083         SWAPF           W_TEMP,F
000E   0E7D           00084         SWAPF           W_TEMP,W                ; RESTORE PRE-ISR W REGISTER CONTENTS
000F   0009           00085         RETFIE                                          ; RETURN FROM INTERRUPT
                      00086 
                      00087 
0010                  00088 INIT
0010   1283 1303      00089         BANK0
0012   0187           00090         CLRF    PORTC
0013   0186           00091         CLRF    PORTB
                      00092 
                      00093 
MPASM  5.51       20191114_HUB6CONTROLLER.ASM   11-19-2019  13:26:08         PAGE  3


LOC  OBJECT CODE     LINE SOURCE TEXT
  VALUE

0014   1683 1303      00094         BANKSEL TRISB
Message[302]: Register in operand not in bank 0.  Ensure that bank bits are correct.
0016   0186           00095         CLRF    TRISB
                      00096 
                      00097         
0017   1683           00098         BSF STATUS, RP0 ;SWITCH TO BANK 01
                      00099 
                      00100 
                      00101 
                      00102         
                      00103         ;---CONFIGURE SPBRG FOR DESIRED BAUD RATE
0018   3081           00104         MOVLW .129 ;WE WILL USE 4800bps 
Message[302]: Register in operand not in bank 0.  Ensure that bank bits are correct.
0019   0099           00105         MOVWF SPBRG ;BAUD AT 4MHZ
                      00106 
                      00107         
                      00108         ;---CONFIGURE TXSTA
001A   3024           00109         MOVLW B'00100100' ;CONFIGURE TXSTA AS :
Message[302]: Register in operand not in bank 0.  Ensure that bank bits are correct.
001B   0098           00110         MOVWF TXSTA ;
                      00111         ;8 BIT TRANSMISSION - 6.BIT
                      00112         ;TRANSMIT ENABLED - 5.BIT
                      00113         ;ASYNCHRONOUS MODE - 4.BIT
                      00114         ;ENABLE HIGH SPEED BAUD RATE - 2.BIT
                      00115 
001C   1283           00116         BCF STATUS, RP0 ;SWITCH TO BANK 00
                      00117         
001D   3080           00118         MOVLW B'10000000' ;ENABLE SERIAL PORT
001E   0098           00119         MOVWF RCSTA ;RECEIVE STATUS REG
                      00120         
001F   303A           00121         MOVLW 0x3A
0020   00A0           00122         MOVWF TXREG_T ;TO TXREG
                      00123 
0021   204E           00124         CALL DELAY
0022   204E           00125         CALL DELAY
0023   204E           00126         CALL DELAY
0024   204E           00127         CALL DELAY
0025   204E           00128         CALL DELAY
                      00129 
0026                  00130 MAIN:
                      00131 
                      00132         
0026   30AA           00133         MOVLW   0XAA                            ;HEADER
0027   2047           00134         CALL    TRANSMIT_CONT2CPU
                      00135 
0028   30A0           00136         MOVLW   0XA0                            ;CURSORX
0029   2047           00137         CALL    TRANSMIT_CONT2CPU
                      00138 
                      00139 
002A   3001           00140         MOVLW   0X01                            ;CURSORX_L
002B   2047           00141         CALL    TRANSMIT_CONT2CPU
                      00142 
002C   3004           00143         MOVLW   0X04                            ;CURSORX_H
MPASM  5.51       20191114_HUB6CONTROLLER.ASM   11-19-2019  13:26:08         PAGE  4


LOC  OBJECT CODE     LINE SOURCE TEXT
  VALUE

002D   2047           00144         CALL    TRANSMIT_CONT2CPU
                      00145 
002E   30A1           00146         MOVLW   0XA1                            ;COLOR
002F   2047           00147         CALL    TRANSMIT_CONT2CPU
                      00148 
0030   3000           00149         MOVLW   0X00                            ;00=RED 01=GREEN 02= YELLOW ELSE=ERR
0031   2047           00150         CALL    TRANSMIT_CONT2CPU
                      00151 
                      00152 
0032   30A1           00153         MOVLW   0XA1                            ;COLOR
0033   2047           00154         CALL    TRANSMIT_CONT2CPU
                      00155 
0034   3000           00156         MOVLW   0X00                            ;00=RED 01=GREEN 02= YELLOW ELSE=ERR
0035   2047           00157         CALL    TRANSMIT_CONT2CPU
                      00158 
                      00159 
                      00160 
                      00161 
                      00162 
0036   30A2           00163         MOVLW   0XA2                            ;CHAR
0037   2047           00164         CALL    TRANSMIT_CONT2CPU
                      00165 
0038   300A           00166         MOVLW   0X0A                            ;CAP_K
0039   2047           00167         CALL    TRANSMIT_CONT2CPU
                      00168 
                      00169 
003A   30A2           00170         MOVLW   0XA2                            ;CHAR
003B   2047           00171         CALL    TRANSMIT_CONT2CPU
                      00172 
003C   3004           00173         MOVLW   0X04                            ;CAP_E
003D   2047           00174         CALL    TRANSMIT_CONT2CPU
                      00175 
                      00176 
                      00177 
                      00178 
                      00179 
                      00180 
003E   30A3           00181         MOVLW   0XA3                            ;SCROLL
003F   2047           00182         CALL    TRANSMIT_CONT2CPU       
                      00183 
0040   3000           00184         MOVLW   0X00                            ;01 = SCROLL    00 = NO SCROLL   ELSE=ERROR
0041   2047           00185         CALL    TRANSMIT_CONT2CPU
                      00186 
0042   30FE           00187         MOVLW   0XFE                            ;ENDC
0043   2047           00188         CALL    TRANSMIT_CONT2CPU
                      00189         
0044   30BB           00190         MOVLW   0XBB                            ;FOOTER
0045   2047           00191         CALL    TRANSMIT_CONT2CPU
                      00192 
                      00193                         
0046   2826           00194         GOTO MAIN
                      00195 
                      00196 
MPASM  5.51       20191114_HUB6CONTROLLER.ASM   11-19-2019  13:26:08         PAGE  5


LOC  OBJECT CODE     LINE SOURCE TEXT
  VALUE

                      00197 
                      00198 
                      00199 
0047                  00200 TRANSMIT_CONT2CPU
0047   0099           00201         MOVWF TXREG ;TO TXREG
                      00202         
0048                  00203 TRANSWT:
0048   1683           00204         BSF STATUS, RP0
0049                  00205 WTHERE:
Message[302]: Register in operand not in bank 0.  Ensure that bank bits are correct.
0049   1C98           00206         BTFSS TXSTA, TRMT
004A   2849           00207     GOTO WTHERE
                      00208 
004B   1283           00209     BCF STATUS, RP0
                      00210         
004C   205F           00211         CALL     DELAY_ONEMS
                      00212 
Warning[203]: Found opcode in column 1. (RETURN)
004D   0008           00213 RETURN
                      00214 
                      00215 
                      00216 
                      00217 
                      00218 
                      00219 
                      00220 
                      00221 
                      00222 
                      00223 
                      00224 
004E                  00225 DELAY:
004E   30F0           00226         MOVLW 0xF0
004F   00A2           00227         MOVWF CNT1
0050                  00228 D1:
0050   30FA           00229         MOVLW 0xFA
0051   00A1           00230         MOVWF CNT0
0052                  00231 D0:
Message[305]: Using default destination of 1 (file).
0052   0BA1           00232         DECFSZ CNT0
0053   2852           00233         GOTO D0
                      00234         
Message[305]: Using default destination of 1 (file).
0054   0BA2           00235         DECFSZ CNT1
0055   2850           00236         GOTO D1
                      00237 
0056   0008           00238         RETURN
                      00239 
                      00240 
                      00241 
                      00242 
                      00243 ;==========     DELAY USEC =========
0057                  00244 DELAY_US
                      00245 
MPASM  5.51       20191114_HUB6CONTROLLER.ASM   11-19-2019  13:26:08         PAGE  6


LOC  OBJECT CODE     LINE SOURCE TEXT
  VALUE

0057   00A1           00246         MOVWF   DELAYUS
                      00247 
0058                  00248 USEC
                      00249 
0058   0000           00250         NOP
0059   0000           00251         NOP
005A   0000           00252         NOP
005B   0000           00253         NOP
Warning[203]: Found opcode in column 1. (DECFSZ)
005C   0BA1           00254 DECFSZ  DELAYUS,F
                      00255 
Warning[203]: Found opcode in column 1. (GOTO)
005D   2858           00256 GOTO    USEC
                      00257 
Warning[203]: Found opcode in column 1. (RETURN)
005E   0008           00258 RETURN
                      00259 ;=================================
                      00260 
                      00261 
                      00262 
                      00263 ;=========== DELAY ONE MS ========
005F                  00264 DELAY_ONEMS
                      00265 
005F   3005           00266         MOVLW   .5
0060   00A0           00267         MOVWF   LOOP
                      00268 
0061                  00269 MSEC
0061   30C8           00270         MOVLW   .200
0062   2057           00271         CALL    DELAY_US
0063   0BA0           00272         DECFSZ  LOOP,F
0064   2861           00273         GOTO    MSEC
                      00274 
Warning[203]: Found opcode in column 1. (RETURN)
0065   0008           00275 RETURN
                      00276 ;==================================
                      00277 
                      00278 
                      00279 ;=========== DELAY MS   ==========
0066                  00280 DELAY_MS
                      00281         
0066   00A2           00282         MOVWF   DELAYMS
0067                  00283 MSEC0
0067   205F           00284         CALL    DELAY_ONEMS
0068   0BA2           00285         DECFSZ  DELAYMS,F
0069   2867           00286         GOTO    MSEC0
Warning[203]: Found opcode in column 1. (RETURN)
006A   0008           00287 RETURN
                      00288 ;=================================
                      00289 
                      00290 ;=========== DELAY      ONE     SECOND ===
006B                  00291 DELAY_ONESEC
                      00292 
006B   3005           00293         MOVLW   .5
MPASM  5.51       20191114_HUB6CONTROLLER.ASM   11-19-2019  13:26:08         PAGE  7


LOC  OBJECT CODE     LINE SOURCE TEXT
  VALUE

006C   00A4           00294         MOVWF   SEC
006D                  00295 SEC0
006D   30C8           00296         MOVLW   .200
006E   2066           00297         CALL    DELAY_MS
006F   0BA4           00298         DECFSZ  SEC,F
0070   286D           00299         GOTO    SEC0
Warning[203]: Found opcode in column 1. (RETURN)
0071   0008           00300 RETURN
                      00301 ;=================================
                      00302 
                      00303 ;========== DELAY SEC ============
0072                  00304 DELAY_SEC
                      00305 
0072   00A5           00306         MOVWF   DELAYS
0073                  00307 SEC1
0073   206B           00308         CALL    DELAY_ONESEC
0074   0BA5           00309         DECFSZ  DELAYS,F
0075   2873           00310         GOTO    SEC1
Warning[203]: Found opcode in column 1. (RETURN)
0076   0008           00311 RETURN
                      00312 ;=================================
                      00313 
                      00314 
                      00315 
                      00316 
                      00317 
                      00318 
                      00319 
                      00320 
                      00321 
                      00322 
                      00323 
                      00324 
                      00325 
                      00326         END
MPASM  5.51       20191114_HUB6CONTROLLER.ASM   11-19-2019  13:26:08         PAGE  8


SYMBOL TABLE
  LABEL                             VALUE 

ABDEN                             00000000
ABDOVF                            00000007
ADCON0                            0000001F
ADCON1                            0000009F
ADCS0                             00000004
ADCS1                             00000005
ADCS2                             00000006
ADDEN                             00000003
ADFM                              00000007
ADIE                              00000006
ADIF                              00000006
ADON                              00000000
ADRESH                            0000001E
ADRESL                            0000009E
ANS0                              00000000
ANS1                              00000001
ANS10                             00000002
ANS11                             00000003
ANS2                              00000002
ANS3                              00000003
ANS4                              00000004
ANS5                              00000005
ANS6                              00000006
ANS7                              00000007
ANS8                              00000000
ANS9                              00000001
ANSEL                             0000011E
ANSELH                            0000011F
BANK0                             BANKSEL PORTA
BANK1                             BANKSEL ADRESL
BANK2                             BANKSEL ANSELH
BAUDCTL                           0000009B
BF                                00000000
BRG0                              00000000
BRG1                              00000001
BRG10                             00000002
BRG11                             00000003
BRG12                             00000004
BRG13                             00000005
BRG14                             00000006
BRG15                             00000007
BRG16                             00000003
BRG2                              00000002
BRG3                              00000003
BRG4                              00000004
BRG5                              00000005
BRG6                              00000006
BRG7                              00000007
BRG8                              00000000
BRG9                              00000001
BRGH                              00000002
C                                 00000000
C1CH0                             00000000
MPASM  5.51       20191114_HUB6CONTROLLER.ASM   11-19-2019  13:26:08         PAGE  9


SYMBOL TABLE
  LABEL                             VALUE 

C1CH1                             00000001
C1IE                              00000005
C1IF                              00000005
C1OE                              00000005
C1ON                              00000007
C1OUT                             00000006
C1POL                             00000004
C1R                               00000002
C1SEN                             00000005
C1VREN                            00000007
C2CH0                             00000000
C2CH1                             00000001
C2IE                              00000006
C2IF                              00000006
C2OE                              00000005
C2ON                              00000007
C2OUT                             00000006
C2POL                             00000004
C2R                               00000002
C2REN                             00000004
C2SYNC                            00000000
C2VREN                            00000006
CCP1CON                           00000017
CCP1IE                            00000002
CCP1IF                            00000002
CCP1M0                            00000000
CCP1M1                            00000001
CCP1M2                            00000002
CCP1M3                            00000003
CCPR                              00000015
CCPR1H                            00000016
CCPR1L                            00000015
CHS0                              00000002
CHS1                              00000003
CHS2                              00000004
CHS3                              00000005
CKE                               00000006
CKP                               00000004
CM1CON0                           00000119
CM2CON0                           0000011A
CM2CON1                           0000011B
CNT0                              00000021
CNT1                              00000022
CREN                              00000004
CSRC                              00000007
D                                 00000005
D0                                00000052
D1                                00000050
DATA_ADDRESS                      00000005
DC                                00000001
DC1B0                             00000004
DC1B1                             00000005
DELAY                             0000004E
MPASM  5.51       20191114_HUB6CONTROLLER.ASM   11-19-2019  13:26:08         PAGE 10


SYMBOL TABLE
  LABEL                             VALUE 

DELAYMS                           00000022
DELAYS                            00000025
DELAYUS                           00000021
DELAY_MS                          00000066
DELAY_ONEMS                       0000005F
DELAY_ONESEC                      0000006B
DELAY_SEC                         00000072
DELAY_US                          00000057
D_A                               00000005
D_NOT_A                           00000005
ECCPAS                            0000001D
ECCPAS0                           00000004
ECCPAS1                           00000005
ECCPAS2                           00000006
ECCPASE                           00000007
EEADR                             0000010D
EEADRH                            0000010F
EECON1                            0000018C
EECON2                            0000018D
EEDAT                             0000010C
EEDATA                            0000010C
EEDATH                            0000010E
EEIE                              00000004
EEIF                              00000004
EEPGD                             00000007
F                                 00000001
FERR                              00000002
FSR                               00000004
GIE                               00000007
GO                                00000001
GO_DONE                           00000001
GO_NOT_DONE                       00000001
HTS                               00000002
I2C_DATA                          00000005
I2C_READ                          00000002
I2C_START                         00000003
I2C_STOP                          00000004
INDF                              00000000
INIT                              00000010
INTCON                            0000000B
INTE                              00000004
INTEDG                            00000006
INTF                              00000001
IOC                               00000096
IOC0                              00000000
IOC1                              00000001
IOC2                              00000002
IOC3                              00000003
IOC4                              00000004
IOC5                              00000005
IOCA                              00000096
IOCA0                             00000000
IOCA1                             00000001
MPASM  5.51       20191114_HUB6CONTROLLER.ASM   11-19-2019  13:26:08         PAGE 11


SYMBOL TABLE
  LABEL                             VALUE 

IOCA2                             00000002
IOCA3                             00000003
IOCA4                             00000004
IOCA5                             00000005
IOCB                              00000116
IOCB4                             00000004
IOCB5                             00000005
IOCB6                             00000006
IOCB7                             00000007
IRCF0                             00000004
IRCF1                             00000005
IRCF2                             00000006
IRP                               00000007
LOOP                              00000020
LTS                               00000001
MAIN                              00000026
MC1OUT                            00000007
MC2OUT                            00000006
MILSEC                            00000023
MSEC                              00000061
MSEC0                             00000067
MSK                               00000093
MSK0                              00000000
MSK1                              00000001
MSK2                              00000002
MSK3                              00000003
MSK4                              00000004
MSK5                              00000005
MSK6                              00000006
MSK7                              00000007
NOT_A                             00000005
NOT_ADDRESS                       00000005
NOT_BOR                           00000000
NOT_DONE                          00000001
NOT_PD                            00000003
NOT_POR                           00000001
NOT_RABPU                         00000007
NOT_T1SYNC                        00000002
NOT_TO                            00000004
NOT_W                             00000002
NOT_WRITE                         00000002
OERR                              00000001
OPTION_REG                        00000081
OSCCON                            0000008F
OSCTUNE                           00000090
OSFIE                             00000007
OSFIF                             00000007
OSTS                              00000003
P                                 00000004
P1M0                              00000006
P1M1                              00000007
PCL                               00000002
PCLATH                            0000000A
MPASM  5.51       20191114_HUB6CONTROLLER.ASM   11-19-2019  13:26:08         PAGE 12


SYMBOL TABLE
  LABEL                             VALUE 

PCLATH_TEMP                       0000007F
PCON                              0000008E
PDC0                              00000000
PDC1                              00000001
PDC2                              00000002
PDC3                              00000003
PDC4                              00000004
PDC5                              00000005
PDC6                              00000006
PEIE                              00000006
PIE1                              0000008C
PIE2                              0000008D
PIR1                              0000000C
PIR2                              0000000D
PORTA                             00000005
PORTB                             00000006
PORTC                             00000007
PR2                               00000092
PRSEN                             00000007
PS0                               00000000
PS1                               00000001
PS2                               00000002
PSA                               00000003
PSSAC0                            00000002
PSSAC1                            00000003
PSSBD0                            00000000
PSSBD1                            00000001
PSTRCON                           0000019D
PULSR                             00000002
PULSS                             00000003
PWM1CON                           0000001C
R                                 00000002
RA0                               00000000
RA1                               00000001
RA2                               00000002
RA3                               00000003
RA4                               00000004
RA5                               00000005
RABIE                             00000003
RABIF                             00000000
RB4                               00000004
RB5                               00000005
RB6                               00000006
RB7                               00000007
RC0                               00000000
RC1                               00000001
RC2                               00000002
RC3                               00000003
RC4                               00000004
RC5                               00000005
RC6                               00000006
RC7                               00000007
RCIDL                             00000006
MPASM  5.51       20191114_HUB6CONTROLLER.ASM   11-19-2019  13:26:08         PAGE 13


SYMBOL TABLE
  LABEL                             VALUE 

RCIE                              00000005
RCIF                              00000005
RCREG                             0000001A
RCSTA                             00000018
RD                                00000000
READ_WRITE                        00000002
RP0                               00000005
RP1                               00000006
RX9                               00000006
RX9D                              00000000
R_NOT_W                           00000002
R_W                               00000002
S                                 00000003
SBOREN                            00000004
SCKP                              00000004
SCS                               00000000
SEC                               00000024
SEC0                              0000006D
SEC1                              00000073
SENB                              00000003
SENDB                             00000003
SMP                               00000007
SPBRG                             00000099
SPBRGH                            0000009A
SPEN                              00000007
SR0                               00000006
SR1                               00000007
SRCON                             0000019E
SREN                              00000005
SSPADD                            00000093
SSPBUF                            00000013
SSPCON                            00000014
SSPEN                             00000005
SSPIE                             00000003
SSPIF                             00000003
SSPM0                             00000000
SSPM1                             00000001
SSPM2                             00000002
SSPM3                             00000003
SSPMSK                            00000093
SSPOV                             00000006
SSPSTAT                           00000094
STATUS                            00000003
STATUS_TEMP                       0000007E
STRA                              00000000
STRB                              00000001
STRC                              00000002
STRD                              00000003
STRSYNC                           00000004
SWDTEN                            00000000
SYNC                              00000004
T0CS                              00000005
T0IE                              00000005
MPASM  5.51       20191114_HUB6CONTROLLER.ASM   11-19-2019  13:26:08         PAGE 14


SYMBOL TABLE
  LABEL                             VALUE 

T0IF                              00000002
T0SE                              00000004
T1CKPS0                           00000004
T1CKPS1                           00000005
T1CON                             00000010
T1GINV                            00000007
T1GSS                             00000001
T1IE                              00000000
T1IF                              00000000
T1OSCEN                           00000003
T2CKPS0                           00000000
T2CKPS1                           00000001
T2CON                             00000012
T2IE                              00000001
T2IF                              00000001
TMR0                              00000001
TMR1                              0000000E
TMR1CS                            00000001
TMR1GE                            00000006
TMR1H                             0000000F
TMR1IE                            00000000
TMR1IF                            00000000
TMR1L                             0000000E
TMR1ON                            00000000
TMR2                              00000011
TMR2IE                            00000001
TMR2IF                            00000001
TMR2ON                            00000002
TOUTPS0                           00000003
TOUTPS1                           00000004
TOUTPS2                           00000005
TOUTPS3                           00000006
TRANSMIT_CONT2CPU                 00000047
TRANSWT                           00000048
TRISA                             00000085
TRISA0                            00000000
TRISA1                            00000001
TRISA2                            00000002
TRISA3                            00000003
TRISA4                            00000004
TRISA5                            00000005
TRISB                             00000086
TRISB4                            00000004
TRISB5                            00000005
TRISB6                            00000006
TRISB7                            00000007
TRISC                             00000087
TRISC0                            00000000
TRISC1                            00000001
TRISC2                            00000002
TRISC3                            00000003
TRISC4                            00000004
TRISC5                            00000005
MPASM  5.51       20191114_HUB6CONTROLLER.ASM   11-19-2019  13:26:08         PAGE 15


SYMBOL TABLE
  LABEL                             VALUE 

TRISC6                            00000006
TRISC7                            00000007
TRMT                              00000001
TUN0                              00000000
TUN1                              00000001
TUN2                              00000002
TUN3                              00000003
TUN4                              00000004
TX9                               00000006
TX9D                              00000000
TXEN                              00000005
TXIE                              00000004
TXIF                              00000004
TXREG                             00000019
TXREG_T                           00000020
TXSTA                             00000098
UA                                00000001
ULPWUE                            00000005
USEC                              00000058
VCFG                              00000006
VP6EN                             00000004
VR0                               00000000
VR1                               00000001
VR2                               00000002
VR3                               00000003
VRCON                             00000118
VRR                               00000005
W                                 00000000
WCOL                              00000007
WDTCON                            00000097
WDTPS0                            00000001
WDTPS1                            00000002
WDTPS2                            00000003
WDTPS3                            00000004
WPU                               00000095
WPU0                              00000000
WPU1                              00000001
WPU2                              00000002
WPU4                              00000004
WPU5                              00000005
WPUA                              00000095
WPUA0                             00000000
WPUA1                             00000001
WPUA2                             00000002
WPUA4                             00000004
WPUA5                             00000005
WPUB                              00000115
WPUB4                             00000004
WPUB5                             00000005
WPUB6                             00000006
WPUB7                             00000007
WR                                00000001
WREN                              00000002
MPASM  5.51       20191114_HUB6CONTROLLER.ASM   11-19-2019  13:26:08         PAGE 16


SYMBOL TABLE
  LABEL                             VALUE 

WRERR                             00000003
WTHERE                            00000049
WUE                               00000001
W_TEMP                            0000007D
Z                                 00000002
_BOD_NSLEEP                       00003EFF
_BOD_OFF                          00003CFF
_BOD_ON                           00003FFF
_BOD_SBODEN                       00003DFF
_BOREN_NSLEEP                     00003EFF
_BOREN_OFF                        00003CFF
_BOREN_ON                         00003FFF
_BOREN_SBODEN                     00003DFF
_BOR_NSLEEP                       00003EFF
_BOR_OFF                          00003CFF
_BOR_ON                           00003FFF
_BOR_SBODEN                       00003DFF
_CONFIG                           00002007
_CPD_OFF                          00003FFF
_CPD_ON                           00003F7F
_CP_OFF                           00003FFF
_CP_ON                            00003FBF
_DEVID1                           00002006
_EC_OSC                           00003FFB
_EXTRC                            00003FFF
_EXTRCIO                          00003FFE
_EXTRC_OSC_CLKOUT                 00003FFF
_EXTRC_OSC_NOCLKOUT               00003FFE
_FCMEN_OFF                        000037FF
_FCMEN_ON                         00003FFF
_FOSC_EC                          00003FFB
_FOSC_EXTRCCLK                    00003FFF
_FOSC_EXTRCIO                     00003FFE
_FOSC_HS                          00003FFA
_FOSC_INTRCCLK                    00003FFD
_FOSC_INTRCIO                     00003FFC
_FOSC_LP                          00003FF8
_FOSC_XT                          00003FF9
_HS_OSC                           00003FFA
_IDLOC0                           00002000
_IDLOC1                           00002001
_IDLOC2                           00002002
_IDLOC3                           00002003
_IESO_OFF                         00003BFF
_IESO_ON                          00003FFF
_INTOSC                           00003FFD
_INTOSCIO                         00003FFC
_INTRC_OSC_CLKOUT                 00003FFD
_INTRC_OSC_NOCLKOUT               00003FFC
_LP_OSC                           00003FF8
_MCLRE_OFF                        00003FDF
_MCLRE_ON                         00003FFF
_PWRTE_OFF                        00003FFF
MPASM  5.51       20191114_HUB6CONTROLLER.ASM   11-19-2019  13:26:08         PAGE 17


SYMBOL TABLE
  LABEL                             VALUE 

_PWRTE_ON                         00003FEF
_WDTE_OFF                         00003FF7
_WDTE_ON                          00003FFF
_WDT_OFF                          00003FF7
_WDT_ON                           00003FFF
_XT_OSC                           00003FF9
__16F690                          00000001
__DEBUG                           1


MEMORY USAGE MAP ('X' = Used,  '-' = Unused)

0000 : X---XXXXXXXXXXXX XXXXXXXXXXXXXXXX XXXXXXXXXXXXXXXX XXXXXXXXXXXXXXXX
0040 : XXXXXXXXXXXXXXXX XXXXXXXXXXXXXXXX XXXXXXXXXXXXXXXX XXXXXXX---------
2000 : -------X-------- ---------------- ---------------- ----------------

All other memory blocks unused.

Program Memory Words Used:   116
Program Memory Words Free:  3980


Errors   :     0
Warnings :    11 reported,     0 suppressed
Messages :     6 reported,     0 suppressed

