Warning[205] D:\KENNYNEUTRON\BLINK0\BLINK1.ASM 111 : Found directive in column 1. (BANKSEL)
Warning[203] D:\KENNYNEUTRON\BLINK0\BLINK1.ASM 112 : Found opcode in column 1. (MOVLW)
Warning[203] D:\KENNYNEUTRON\BLINK0\BLINK1.ASM 113 : Found opcode in column 1. (MOVWF)
Message[302] D:\KENNYNEUTRON\BLINK0\BLINK1.ASM 113 : Register in operand not in bank 0.  Ensure that bank bits are correct.
Warning[203] D:\KENNYNEUTRON\BLINK0\BLINK1.ASM 114 : Found opcode in column 1. (MOVWF)
Message[302] D:\KENNYNEUTRON\BLINK0\BLINK1.ASM 114 : Register in operand not in bank 0.  Ensure that bank bits are correct.
Warning[203] D:\KENNYNEUTRON\BLINK0\BLINK1.ASM 115 : Found opcode in column 1. (MOVLW)
Warning[203] D:\KENNYNEUTRON\BLINK0\BLINK1.ASM 116 : Found opcode in column 1. (TRIS)
Warning[224] D:\KENNYNEUTRON\BLINK0\BLINK1.ASM 116 : Use of this instruction is not recommended.
Warning[203] D:\KENNYNEUTRON\BLINK0\BLINK1.ASM 117 : Found opcode in column 1. (GOTO)
Warning[203] D:\KENNYNEUTRON\BLINK0\BLINK1.ASM 134 : Found opcode in column 1. (GOTO)
Warning[203] D:\KENNYNEUTRON\BLINK0\BLINK1.ASM 141 : Found opcode in column 1. (MOVLW)
Warning[203] D:\KENNYNEUTRON\BLINK0\BLINK1.ASM 167 : Found opcode in column 1. (RETURN)
Warning[203] D:\KENNYNEUTRON\BLINK0\BLINK1.ASM 203 : Found opcode in column 1. (RETURN)
Warning[203] D:\KENNYNEUTRON\BLINK0\BLINK1.ASM 223 : Found opcode in column 1. (DECFSZ)
Warning[203] D:\KENNYNEUTRON\BLINK0\BLINK1.ASM 225 : Found opcode in column 1. (GOTO)
Warning[203] D:\KENNYNEUTRON\BLINK0\BLINK1.ASM 227 : Found opcode in column 1. (RETURN)
Warning[203] D:\KENNYNEUTRON\BLINK0\BLINK1.ASM 244 : Found opcode in column 1. (RETURN)
Warning[203] D:\KENNYNEUTRON\BLINK0\BLINK1.ASM 256 : Found opcode in column 1. (RETURN)
Warning[203] D:\KENNYNEUTRON\BLINK0\BLINK1.ASM 269 : Found opcode in column 1. (RETURN)
Warning[203] D:\KENNYNEUTRON\BLINK0\BLINK1.ASM 280 : Found opcode in column 1. (RETURN)
