MPASM  5.51                        BLINK1.ASM   4-23-2019  15:29:20         PAGE  1


LOC  OBJECT CODE     LINE SOURCE TEXT
  VALUE

                      00001 ;**********************************************************************
                      00002 ;   This file is a basic code template for assembly code generation   *
                      00003 ;   on the PIC16F690. This file contains the basic code               *
                      00004 ;   building blocks to build upon.                                    *  
                      00005 ;                                                                     *
                      00006 ;   Refer to the MPASM User's Guide for additional information on     *
                      00007 ;   features of the assembler (Document DS33014).                     *
                      00008 ;                                                                     *
                      00009 ;   Refer to the respective PIC data sheet for additional             *
                      00010 ;   information on the instruction set.                               *
                      00011 ;                                                                     *
                      00012 ;**********************************************************************
                      00013 ;                                                                     *
                      00014 ;    Filename:      xxx.asm                                           *
                      00015 ;    Date:                                                            *
                      00016 ;    File Version:                                                    *
                      00017 ;                                                                     *
                      00018 ;    Author:                                                          *
                      00019 ;    Company:                                                         *
                      00020 ;                                                                     * 
                      00021 ;                                                                     *
                      00022 ;**********************************************************************
                      00023 ;                                                                     *
                      00024 ;    Files Required: P16F690.INC                                      *
                      00025 ;                                                                     *
                      00026 ;**********************************************************************
                      00027 ;                                                                     *
                      00028 ;    Notes:                                                           *
                      00029 ;                                                                     *
                      00030 ;**********************************************************************
                      00031 
                      00032 
                      00033         LIST            P=16F690                ; list directive to define processor
                      00034         #INCLUDE        <P16F690.INC>           ; processor specific variable definitions
                      00001         LIST
                      00002 
                      00003 ;==========================================================================
                      00004 ;  MPASM PIC16F690 processor include
                      00005 ; 
                      00006 ;  (c) Copyright 1999-2013 Microchip Technology, All rights reserved
                      00007 ;==========================================================================
                      00008 
                      00756         LIST
                      00035         
2007   30C2           00036         __CONFIG    _CP_OFF & _CPD_OFF & _BOR_OFF & _PWRTE_ON & _WDT_OFF & _HS_OSC & _MCLRE_OFF & _FCMEN
                            _OFF & _IESO_OFF
                      00037 
                      00038 
                      00039 ; '__CONFIG' directive is used to embed configuration data within .asm file.
                      00040 ; The labels following the directive are located in the respective .inc file.
                      00041 ; See respective data sheet for additional information on configuration word.
                      00042 
                      00043 
MPASM  5.51                        BLINK1.ASM   4-23-2019  15:29:20         PAGE  2


LOC  OBJECT CODE     LINE SOURCE TEXT
  VALUE

                      00044 
                      00045 
                      00046 
                      00047 
                      00048 ;***** VARIABLE DEFINITIONS
  0000007D            00049 W_TEMP          EQU     0X7D                    ; variable used for context saving
  0000007E            00050 STATUS_TEMP     EQU     0X7E                    ; variable used for context saving
  0000007F            00051 PCLATH_TEMP     EQU     0X7F                    ; variable used for context saving
                      00052         
                      00053 
                      00054         ;#DEFINE C0_ON          BSF PORTC,      0       PORTC0=====>HI
                      00055         ;#DEFINE C0_OFF         BCF PORTC,      0       PORTC0=====>LO
                      00056 
                      00057         #DEFINE A_ON            BSF     PORTC,  0
                      00058         #DEFINE A_OFF           BCF     PORTC,  0
                      00059         
                      00060         #DEFINE B_ON            BSF     PORTC,  1
                      00061         #DEFINE B_OFF           BCF     PORTC,  1
                      00062 
                      00063         #DEFINE DAT_ON          BSF     PORTC,  2
                      00064         #DEFINE DAT_OFF         BCF     PORTC,  2
                      00065 
                      00066         #DEFINE CLK_ON          BSF     PORTC,  7
                      00067         #DEFINE CLK_OFF         BCF     PORTC,  7
                      00068         
                      00069         #DEFINE REG_ON          BSF     PORTC,  4
                      00070         #DEFINE REG_OFF         BCF     PORTC,  4
                      00071         
                      00072         #DEFINE OE_ON           BSF     PORTC,  5
                      00073         #DEFINE OE_OFF          BCF     PORTC,  5
                      00074         
                      00075         CBLOCK 0X20
                      00076 
  00000020            00077                         DELAYUS, DELAYMS, DELAYS, MILSEC, SEC   ;DELAY VARIABLES
                      00078                         ;=======================================================
                      00079                         
  00000025            00080                         COUNT0, COUNT1, COUNT2
                      00081                         
  00000028            00082                         VAR0
  00000029            00083                         SAMBIT, CARR
                      00084 
                      00085         ENDC
                      00086 ;**********************************************************************
                      00087         
0000                  00088         ORG             0X000                   ; processor reset vector
0000   2810           00089         GOTO    INIT                    ; go to beginning of program
                      00090 
0004                  00091         ORG             0X004                   ; interrupt vector location
0004   00FD           00092         MOVWF           W_TEMP                  ; save off current W register contents
0005   0803           00093         MOVF            STATUS,W                ; move status register into W register
0006   00FE           00094         MOVWF           STATUS_TEMP             ; save off contents of STATUS register
0007   080A           00095         MOVF            PCLATH,W                ; move pclath register into W register
0008   00FF           00096         MOVWF           PCLATH_TEMP             ; save off contents of PCLATH register
MPASM  5.51                        BLINK1.ASM   4-23-2019  15:29:20         PAGE  3


LOC  OBJECT CODE     LINE SOURCE TEXT
  VALUE

                      00097 
                      00098 
                      00099 ; isr code can go here or be located as a call subroutine elsewhere
                      00100 
0009   087F           00101         MOVF            PCLATH_TEMP,W           ; retrieve copy of PCLATH registerz`
000A   008A           00102         MOVWF           PCLATH                  ; restore pre-isr PCLATH register contents      
000B   087E           00103         MOVF            STATUS_TEMP,W           ; retrieve copy of STATUS register
000C   0083           00104         MOVWF           STATUS                  ; restore pre-isr STATUS register contents
000D   0EFD           00105         SWAPF           W_TEMP,F
000E   0E7D           00106         SWAPF           W_TEMP,W                ; restore pre-isr W register contents
000F   0009           00107         RETFIE                                  ; return from interrupt
                      00108 
                      00109 ;DECLARE PORTC AS OUTPUT HERE:
0010                  00110 INIT
Warning[205]: Found directive in column 1. (BANKSEL)
0010   1283 1703      00111 BANKSEL ANSEL
Warning[203]: Found opcode in column 1. (MOVLW)
0012   3000           00112 MOVLW   B'00000000'
Warning[203]: Found opcode in column 1. (MOVWF)
Message[302]: Register in operand not in bank 0.  Ensure that bank bits are correct.
0013   009E           00113 MOVWF   ANSEL
Warning[203]: Found opcode in column 1. (MOVWF)
Message[302]: Register in operand not in bank 0.  Ensure that bank bits are correct.
0014   009F           00114 MOVWF   ANSELH
Warning[203]: Found opcode in column 1. (MOVLW)
0015   3000           00115 MOVLW   B'00000000'
Warning[203]: Found opcode in column 1. (TRIS)
Warning[224]: Use of this instruction is not recommended.
0016   0067           00116 TRIS    PORTC
Warning[203]: Found opcode in column 1. (GOTO)
0017   2818           00117 GOTO    MAIN
                      00118 
                      00119 
                      00120 ;#######################        MAIN    ###########################
0018                  00121 MAIN
0018   1407           00122         A_ON
0019   1487           00123         B_ON
001A   2025           00124         CALL    ANIMATE
001B   1007           00125         A_OFF
001C   1487           00126         B_ON
001D   2025           00127         CALL    ANIMATE
001E   1407           00128         A_ON
001F   1087           00129         B_OFF
0020   2025           00130         CALL    ANIMATE
0021   1007           00131         A_OFF
0022   1087           00132         B_OFF
0023   2025           00133         CALL    ANIMATE
Warning[203]: Found opcode in column 1. (GOTO)
0024   2818           00134 GOTO MAIN
                      00135 ;###############################################################
                      00136 
                      00137 
                      00138 
MPASM  5.51                        BLINK1.ASM   4-23-2019  15:29:20         PAGE  4


LOC  OBJECT CODE     LINE SOURCE TEXT
  VALUE

                      00139 ;##################### ANIMATE #################################
0025                  00140 ANIMATE
Warning[203]: Found opcode in column 1. (MOVLW)
0025   3010           00141 MOVLW   .16
0026   00A6           00142         MOVWF   COUNT1
                      00143 
0027                  00144 CNT1
0027   3055           00145         MOVLW   B'01010101'
0028   00A8           00146         MOVWF   VAR0
0029   2038           00147         CALL    DATALATCH
002A   0BA6           00148         DECFSZ  COUNT1,F
002B   2827           00149         GOTO    CNT1
                      00150 
002C   1687           00151         OE_ON
002D   2060           00152         CALL    DELAY_ONESEC
                      00153         
002E   3010           00154         MOVLW   .16
002F   00A7           00155         MOVWF   COUNT2
                      00156         
0030                  00157 CNT2
0030   30AA           00158         MOVLW   B'10101010'
0031   00A8           00159         MOVWF   VAR0
0032   2038           00160         CALL    DATALATCH
0033   0BA7           00161         DECFSZ  COUNT2,F
0034   2830           00162         GOTO    CNT2
                      00163         
0035   1687           00164         OE_ON
0036   2060           00165         CALL    DELAY_ONESEC
                      00166 
Warning[203]: Found opcode in column 1. (RETURN)
0037   0008           00167 RETURN
                      00168 ;############################################################
                      00169 
                      00170 
                      00171 
                      00172 ;============   DATA    LATCH   ================================
0038                  00173 DATALATCH
0038   1387           00174         CLK_OFF
0039   1207           00175         REG_OFF
003A   1287           00176         OE_OFF
                      00177 
003B   3008           00178         MOVLW   .8
003C   00A5           00179         MOVWF   COUNT0
                      00180 
003D                  00181 DL0
003D   0CA8           00182         RRF VAR0,F      ; Rotate "Var" one place to the left
003E   1C03           00183         BTFSS STATUS,C  ; Is carry 1?
003F   2841           00184         GOTO    D0
0040   2843           00185         GOTO    D1
                      00186 
0041                  00187 D0
0041   1507           00188         DAT_ON
0042   2845           00189         GOTO DL1
MPASM  5.51                        BLINK1.ASM   4-23-2019  15:29:20         PAGE  5


LOC  OBJECT CODE     LINE SOURCE TEXT
  VALUE

0043                  00190 D1
0043   1107           00191         DAT_OFF
0044   2845           00192         GOTO DL1
                      00193         
0045                  00194 DL1
0045   1787           00195         CLK_ON
0046   1387           00196         CLK_OFF
0047   0BA5           00197         DECFSZ  COUNT0,F
0048   283D           00198         GOTO    DL0
0049   1607           00199         REG_ON
004A   1207           00200         REG_OFF 
                      00201         
                      00202 
Warning[203]: Found opcode in column 1. (RETURN)
004B   0008           00203 RETURN
                      00204 ;===============================================================
                      00205 
                      00206 
                      00207 
                      00208 
                      00209 
                      00210 
                      00211 
                      00212 ;==========     DELAY USEC =========
004C                  00213 DELAY_US
                      00214 
004C   00A0           00215         MOVWF   DELAYUS
                      00216 
004D                  00217 USEC
                      00218 
004D   0000           00219         NOP
004E   0000           00220         NOP
004F   0000           00221         NOP
0050   0000           00222         NOP
Warning[203]: Found opcode in column 1. (DECFSZ)
0051   0BA0           00223 DECFSZ  DELAYUS,F
                      00224 
Warning[203]: Found opcode in column 1. (GOTO)
0052   284D           00225 GOTO    USEC
                      00226 
Warning[203]: Found opcode in column 1. (RETURN)
0053   0008           00227 RETURN
                      00228 ;=================================
                      00229 
                      00230 
                      00231 
                      00232 ;=========== DELAY ONE MS ========
0054                  00233 DELAY_ONEMS
                      00234 
0054   3005           00235         MOVLW   .5
0055   00A3           00236         MOVWF   MILSEC
                      00237 
0056                  00238 MSEC
MPASM  5.51                        BLINK1.ASM   4-23-2019  15:29:20         PAGE  6


LOC  OBJECT CODE     LINE SOURCE TEXT
  VALUE

0056   30C8           00239         MOVLW   .200
0057   204C           00240         CALL    DELAY_US
0058   0BA3           00241         DECFSZ  MILSEC,F
0059   2856           00242         GOTO    MSEC
                      00243 
Warning[203]: Found opcode in column 1. (RETURN)
005A   0008           00244 RETURN
                      00245 ;==================================
                      00246 
                      00247 
                      00248 ;=========== DELAY MS   ===========
005B                  00249 DELAY_MS
                      00250         
005B   00A1           00251         MOVWF   DELAYMS
005C                  00252 MSEC0
005C   2054           00253         CALL    DELAY_ONEMS
005D   0BA1           00254         DECFSZ  DELAYMS,F
005E   285C           00255         GOTO    MSEC0
Warning[203]: Found opcode in column 1. (RETURN)
005F   0008           00256 RETURN
                      00257 ;==================================
                      00258 
                      00259 ;=========== DELAY      ONE     SECOND ====
0060                  00260 DELAY_ONESEC
                      00261 
0060   3005           00262         MOVLW   .5
0061   00A4           00263         MOVWF   SEC
0062                  00264 SEC0
0062   30C8           00265         MOVLW   .200
0063   205B           00266         CALL    DELAY_MS
0064   0BA4           00267         DECFSZ  SEC,F
0065   2862           00268         GOTO    SEC0
Warning[203]: Found opcode in column 1. (RETURN)
0066   0008           00269 RETURN
                      00270 ;==================================
                      00271 
                      00272 ;==========     DELAY SEC =============
0067                  00273 DELAY_SEC
                      00274 
0067   00A2           00275         MOVWF   DELAYS
0068                  00276 SEC1
0068   2060           00277         CALL    DELAY_ONESEC
0069   0BA2           00278         DECFSZ  DELAYS,F
006A   2868           00279         GOTO    SEC1
Warning[203]: Found opcode in column 1. (RETURN)
006B   0008           00280 RETURN
                      00281 ;==================================
                      00282 
                      00283 
                      00284 
2100                  00285         ORG     0X2100                          ; data EEPROM location
2100   0001 0002 0003 00286         DE      1,2,3,4                         ; define first four EEPROM locations as 1, 2, 3, and 4
       0004 
MPASM  5.51                        BLINK1.ASM   4-23-2019  15:29:20         PAGE  7


LOC  OBJECT CODE     LINE SOURCE TEXT
  VALUE

                      00287 
                      00288 
                      00289 
                      00290 
                      00291         END                       ; directive 'end of program'
MPASM  5.51                        BLINK1.ASM   4-23-2019  15:29:20         PAGE  8


SYMBOL TABLE
  LABEL                             VALUE 

ABDEN                             00000000
ABDOVF                            00000007
ADCON0                            0000001F
ADCON1                            0000009F
ADCS0                             00000004
ADCS1                             00000005
ADCS2                             00000006
ADDEN                             00000003
ADFM                              00000007
ADIE                              00000006
ADIF                              00000006
ADON                              00000000
ADRESH                            0000001E
ADRESL                            0000009E
ANIMATE                           00000025
ANS0                              00000000
ANS1                              00000001
ANS10                             00000002
ANS11                             00000003
ANS2                              00000002
ANS3                              00000003
ANS4                              00000004
ANS5                              00000005
ANS6                              00000006
ANS7                              00000007
ANS8                              00000000
ANS9                              00000001
ANSEL                             0000011E
ANSELH                            0000011F
A_OFF                             BCF     PORTC,  0
A_ON                              BSF     PORTC,  0
BAUDCTL                           0000009B
BF                                00000000
BRG0                              00000000
BRG1                              00000001
BRG10                             00000002
BRG11                             00000003
BRG12                             00000004
BRG13                             00000005
BRG14                             00000006
BRG15                             00000007
BRG16                             00000003
BRG2                              00000002
BRG3                              00000003
BRG4                              00000004
BRG5                              00000005
BRG6                              00000006
BRG7                              00000007
BRG8                              00000000
BRG9                              00000001
BRGH                              00000002
B_OFF                             BCF     PORTC,  1
B_ON                              BSF     PORTC,  1
MPASM  5.51                        BLINK1.ASM   4-23-2019  15:29:20         PAGE  9


SYMBOL TABLE
  LABEL                             VALUE 

C                                 00000000
C1CH0                             00000000
C1CH1                             00000001
C1IE                              00000005
C1IF                              00000005
C1OE                              00000005
C1ON                              00000007
C1OUT                             00000006
C1POL                             00000004
C1R                               00000002
C1SEN                             00000005
C1VREN                            00000007
C2CH0                             00000000
C2CH1                             00000001
C2IE                              00000006
C2IF                              00000006
C2OE                              00000005
C2ON                              00000007
C2OUT                             00000006
C2POL                             00000004
C2R                               00000002
C2REN                             00000004
C2SYNC                            00000000
C2VREN                            00000006
CARR                              0000002A
CCP1CON                           00000017
CCP1IE                            00000002
CCP1IF                            00000002
CCP1M0                            00000000
CCP1M1                            00000001
CCP1M2                            00000002
CCP1M3                            00000003
CCPR                              00000015
CCPR1H                            00000016
CCPR1L                            00000015
CHS0                              00000002
CHS1                              00000003
CHS2                              00000004
CHS3                              00000005
CKE                               00000006
CKP                               00000004
CLK_OFF                           BCF     PORTC,  7
CLK_ON                            BSF     PORTC,  7
CM1CON0                           00000119
CM2CON0                           0000011A
CM2CON1                           0000011B
CNT1                              00000027
CNT2                              00000030
COUNT0                            00000025
COUNT1                            00000026
COUNT2                            00000027
CREN                              00000004
CSRC                              00000007
MPASM  5.51                        BLINK1.ASM   4-23-2019  15:29:20         PAGE 10


SYMBOL TABLE
  LABEL                             VALUE 

D                                 00000005
D0                                00000041
D1                                00000043
DATALATCH                         00000038
DATA_ADDRESS                      00000005
DAT_OFF                           BCF     PORTC,  2
DAT_ON                            BSF     PORTC,  2
DC                                00000001
DC1B0                             00000004
DC1B1                             00000005
DELAYMS                           00000021
DELAYS                            00000022
DELAYUS                           00000020
DELAY_MS                          0000005B
DELAY_ONEMS                       00000054
DELAY_ONESEC                      00000060
DELAY_SEC                         00000067
DELAY_US                          0000004C
DL0                               0000003D
DL1                               00000045
D_A                               00000005
D_NOT_A                           00000005
ECCPAS                            0000001D
ECCPAS0                           00000004
ECCPAS1                           00000005
ECCPAS2                           00000006
ECCPASE                           00000007
EEADR                             0000010D
EEADRH                            0000010F
EECON1                            0000018C
EECON2                            0000018D
EEDAT                             0000010C
EEDATA                            0000010C
EEDATH                            0000010E
EEIE                              00000004
EEIF                              00000004
EEPGD                             00000007
F                                 00000001
FERR                              00000002
FSR                               00000004
GIE                               00000007
GO                                00000001
GO_DONE                           00000001
GO_NOT_DONE                       00000001
HTS                               00000002
I2C_DATA                          00000005
I2C_READ                          00000002
I2C_START                         00000003
I2C_STOP                          00000004
INDF                              00000000
INIT                              00000010
INTCON                            0000000B
INTE                              00000004
MPASM  5.51                        BLINK1.ASM   4-23-2019  15:29:20         PAGE 11


SYMBOL TABLE
  LABEL                             VALUE 

INTEDG                            00000006
INTF                              00000001
IOC                               00000096
IOC0                              00000000
IOC1                              00000001
IOC2                              00000002
IOC3                              00000003
IOC4                              00000004
IOC5                              00000005
IOCA                              00000096
IOCA0                             00000000
IOCA1                             00000001
IOCA2                             00000002
IOCA3                             00000003
IOCA4                             00000004
IOCA5                             00000005
IOCB                              00000116
IOCB4                             00000004
IOCB5                             00000005
IOCB6                             00000006
IOCB7                             00000007
IRCF0                             00000004
IRCF1                             00000005
IRCF2                             00000006
IRP                               00000007
LTS                               00000001
MAIN                              00000018
MC1OUT                            00000007
MC2OUT                            00000006
MILSEC                            00000023
MSEC                              00000056
MSEC0                             0000005C
MSK                               00000093
MSK0                              00000000
MSK1                              00000001
MSK2                              00000002
MSK3                              00000003
MSK4                              00000004
MSK5                              00000005
MSK6                              00000006
MSK7                              00000007
NOT_A                             00000005
NOT_ADDRESS                       00000005
NOT_BOR                           00000000
NOT_DONE                          00000001
NOT_PD                            00000003
NOT_POR                           00000001
NOT_RABPU                         00000007
NOT_T1SYNC                        00000002
NOT_TO                            00000004
NOT_W                             00000002
NOT_WRITE                         00000002
OERR                              00000001
MPASM  5.51                        BLINK1.ASM   4-23-2019  15:29:20         PAGE 12


SYMBOL TABLE
  LABEL                             VALUE 

OE_OFF                            BCF     PORTC,  5
OE_ON                             BSF     PORTC,  5
OPTION_REG                        00000081
OSCCON                            0000008F
OSCTUNE                           00000090
OSFIE                             00000007
OSFIF                             00000007
OSTS                              00000003
P                                 00000004
P1M0                              00000006
P1M1                              00000007
PCL                               00000002
PCLATH                            0000000A
PCLATH_TEMP                       0000007F
PCON                              0000008E
PDC0                              00000000
PDC1                              00000001
PDC2                              00000002
PDC3                              00000003
PDC4                              00000004
PDC5                              00000005
PDC6                              00000006
PEIE                              00000006
PIE1                              0000008C
PIE2                              0000008D
PIR1                              0000000C
PIR2                              0000000D
PORTA                             00000005
PORTB                             00000006
PORTC                             00000007
PR2                               00000092
PRSEN                             00000007
PS0                               00000000
PS1                               00000001
PS2                               00000002
PSA                               00000003
PSSAC0                            00000002
PSSAC1                            00000003
PSSBD0                            00000000
PSSBD1                            00000001
PSTRCON                           0000019D
PULSR                             00000002
PULSS                             00000003
PWM1CON                           0000001C
R                                 00000002
RA0                               00000000
RA1                               00000001
RA2                               00000002
RA3                               00000003
RA4                               00000004
RA5                               00000005
RABIE                             00000003
RABIF                             00000000
MPASM  5.51                        BLINK1.ASM   4-23-2019  15:29:20         PAGE 13


SYMBOL TABLE
  LABEL                             VALUE 

RB4                               00000004
RB5                               00000005
RB6                               00000006
RB7                               00000007
RC0                               00000000
RC1                               00000001
RC2                               00000002
RC3                               00000003
RC4                               00000004
RC5                               00000005
RC6                               00000006
RC7                               00000007
RCIDL                             00000006
RCIE                              00000005
RCIF                              00000005
RCREG                             0000001A
RCSTA                             00000018
RD                                00000000
READ_WRITE                        00000002
REG_OFF                           BCF     PORTC,  4
REG_ON                            BSF     PORTC,  4
RP0                               00000005
RP1                               00000006
RX9                               00000006
RX9D                              00000000
R_NOT_W                           00000002
R_W                               00000002
S                                 00000003
SAMBIT                            00000029
SBOREN                            00000004
SCKP                              00000004
SCS                               00000000
SEC                               00000024
SEC0                              00000062
SEC1                              00000068
SENB                              00000003
SENDB                             00000003
SMP                               00000007
SPBRG                             00000099
SPBRGH                            0000009A
SPEN                              00000007
SR0                               00000006
SR1                               00000007
SRCON                             0000019E
SREN                              00000005
SSPADD                            00000093
SSPBUF                            00000013
SSPCON                            00000014
SSPEN                             00000005
SSPIE                             00000003
SSPIF                             00000003
SSPM0                             00000000
SSPM1                             00000001
MPASM  5.51                        BLINK1.ASM   4-23-2019  15:29:20         PAGE 14


SYMBOL TABLE
  LABEL                             VALUE 

SSPM2                             00000002
SSPM3                             00000003
SSPMSK                            00000093
SSPOV                             00000006
SSPSTAT                           00000094
STATUS                            00000003
STATUS_TEMP                       0000007E
STRA                              00000000
STRB                              00000001
STRC                              00000002
STRD                              00000003
STRSYNC                           00000004
SWDTEN                            00000000
SYNC                              00000004
T0CS                              00000005
T0IE                              00000005
T0IF                              00000002
T0SE                              00000004
T1CKPS0                           00000004
T1CKPS1                           00000005
T1CON                             00000010
T1GINV                            00000007
T1GSS                             00000001
T1IE                              00000000
T1IF                              00000000
T1OSCEN                           00000003
T2CKPS0                           00000000
T2CKPS1                           00000001
T2CON                             00000012
T2IE                              00000001
T2IF                              00000001
TMR0                              00000001
TMR1                              0000000E
TMR1CS                            00000001
TMR1GE                            00000006
TMR1H                             0000000F
TMR1IE                            00000000
TMR1IF                            00000000
TMR1L                             0000000E
TMR1ON                            00000000
TMR2                              00000011
TMR2IE                            00000001
TMR2IF                            00000001
TMR2ON                            00000002
TOUTPS0                           00000003
TOUTPS1                           00000004
TOUTPS2                           00000005
TOUTPS3                           00000006
TRISA                             00000085
TRISA0                            00000000
TRISA1                            00000001
TRISA2                            00000002
TRISA3                            00000003
MPASM  5.51                        BLINK1.ASM   4-23-2019  15:29:20         PAGE 15


SYMBOL TABLE
  LABEL                             VALUE 

TRISA4                            00000004
TRISA5                            00000005
TRISB                             00000086
TRISB4                            00000004
TRISB5                            00000005
TRISB6                            00000006
TRISB7                            00000007
TRISC                             00000087
TRISC0                            00000000
TRISC1                            00000001
TRISC2                            00000002
TRISC3                            00000003
TRISC4                            00000004
TRISC5                            00000005
TRISC6                            00000006
TRISC7                            00000007
TRMT                              00000001
TUN0                              00000000
TUN1                              00000001
TUN2                              00000002
TUN3                              00000003
TUN4                              00000004
TX9                               00000006
TX9D                              00000000
TXEN                              00000005
TXIE                              00000004
TXIF                              00000004
TXREG                             00000019
TXSTA                             00000098
UA                                00000001
ULPWUE                            00000005
USEC                              0000004D
VAR0                              00000028
VCFG                              00000006
VP6EN                             00000004
VR0                               00000000
VR1                               00000001
VR2                               00000002
VR3                               00000003
VRCON                             00000118
VRR                               00000005
W                                 00000000
WCOL                              00000007
WDTCON                            00000097
WDTPS0                            00000001
WDTPS1                            00000002
WDTPS2                            00000003
WDTPS3                            00000004
WPU                               00000095
WPU0                              00000000
WPU1                              00000001
WPU2                              00000002
WPU4                              00000004
MPASM  5.51                        BLINK1.ASM   4-23-2019  15:29:20         PAGE 16


SYMBOL TABLE
  LABEL                             VALUE 

WPU5                              00000005
WPUA                              00000095
WPUA0                             00000000
WPUA1                             00000001
WPUA2                             00000002
WPUA4                             00000004
WPUA5                             00000005
WPUB                              00000115
WPUB4                             00000004
WPUB5                             00000005
WPUB6                             00000006
WPUB7                             00000007
WR                                00000001
WREN                              00000002
WRERR                             00000003
WUE                               00000001
W_TEMP                            0000007D
Z                                 00000002
_BOD_NSLEEP                       00003EFF
_BOD_OFF                          00003CFF
_BOD_ON                           00003FFF
_BOD_SBODEN                       00003DFF
_BOREN_NSLEEP                     00003EFF
_BOREN_OFF                        00003CFF
_BOREN_ON                         00003FFF
_BOREN_SBODEN                     00003DFF
_BOR_NSLEEP                       00003EFF
_BOR_OFF                          00003CFF
_BOR_ON                           00003FFF
_BOR_SBODEN                       00003DFF
_CONFIG                           00002007
_CPD_OFF                          00003FFF
_CPD_ON                           00003F7F
_CP_OFF                           00003FFF
_CP_ON                            00003FBF
_DEVID1                           00002006
_EC_OSC                           00003FFB
_EXTRC                            00003FFF
_EXTRCIO                          00003FFE
_EXTRC_OSC_CLKOUT                 00003FFF
_EXTRC_OSC_NOCLKOUT               00003FFE
_FCMEN_OFF                        000037FF
_FCMEN_ON                         00003FFF
_FOSC_EC                          00003FFB
_FOSC_EXTRCCLK                    00003FFF
_FOSC_EXTRCIO                     00003FFE
_FOSC_HS                          00003FFA
_FOSC_INTRCCLK                    00003FFD
_FOSC_INTRCIO                     00003FFC
_FOSC_LP                          00003FF8
_FOSC_XT                          00003FF9
_HS_OSC                           00003FFA
_IDLOC0                           00002000
MPASM  5.51                        BLINK1.ASM   4-23-2019  15:29:20         PAGE 17


SYMBOL TABLE
  LABEL                             VALUE 

_IDLOC1                           00002001
_IDLOC2                           00002002
_IDLOC3                           00002003
_IESO_OFF                         00003BFF
_IESO_ON                          00003FFF
_INTOSC                           00003FFD
_INTOSCIO                         00003FFC
_INTRC_OSC_CLKOUT                 00003FFD
_INTRC_OSC_NOCLKOUT               00003FFC
_LP_OSC                           00003FF8
_MCLRE_OFF                        00003FDF
_MCLRE_ON                         00003FFF
_PWRTE_OFF                        00003FFF
_PWRTE_ON                         00003FEF
_WDTE_OFF                         00003FF7
_WDTE_ON                          00003FFF
_WDT_OFF                          00003FF7
_WDT_ON                           00003FFF
_XT_OSC                           00003FF9
__16F690                          00000001
__DEBUG                           1


MEMORY USAGE MAP ('X' = Used,  '-' = Unused)

0000 : X---XXXXXXXXXXXX XXXXXXXXXXXXXXXX XXXXXXXXXXXXXXXX XXXXXXXXXXXXXXXX
0040 : XXXXXXXXXXXXXXXX XXXXXXXXXXXXXXXX XXXXXXXXXXXX---- ----------------
2000 : -------X-------- ---------------- ---------------- ----------------
2100 : XXXX------------ ---------------- ---------------- ----------------

All other memory blocks unused.

Program Memory Words Used:   105
Program Memory Words Free:  3991


Errors   :     0
Warnings :    19 reported,     0 suppressed
Messages :     2 reported,     0 suppressed

