Warning[205] C:\USERS\GERPE\ONEDRIVE\GER-PER 2016\DOCUMENTS\KENNYNEUTRON\2021\NRF24L01_GYRO_SCOREBOARD\NRF_GYRO_TRANSMITTER\NRF24L01_GYRO.ASM 16 : Found directive in column 1. (__CONFIG)
Warning[205] C:\USERS\GERPE\ONEDRIVE\GER-PER 2016\DOCUMENTS\KENNYNEUTRON\2021\NRF24L01_GYRO_SCOREBOARD\NRF_GYRO_TRANSMITTER\NRF24L01_GYRO.ASM 58 : Found directive in column 1. (CBLOCK)
Warning[205] C:\USERS\GERPE\ONEDRIVE\GER-PER 2016\DOCUMENTS\KENNYNEUTRON\2021\NRF24L01_GYRO_SCOREBOARD\NRF_GYRO_TRANSMITTER\NRF24L01_GYRO.ASM 108 : Found directive in column 1. (ENDC)
Warning[205] C:\USERS\GERPE\ONEDRIVE\GER-PER 2016\DOCUMENTS\KENNYNEUTRON\2021\NRF24L01_GYRO_SCOREBOARD\NRF_GYRO_TRANSMITTER\NRF24L01_GYRO.ASM 112 : Found directive in column 1. (CBLOCK)
Warning[205] C:\USERS\GERPE\ONEDRIVE\GER-PER 2016\DOCUMENTS\KENNYNEUTRON\2021\NRF24L01_GYRO_SCOREBOARD\NRF_GYRO_TRANSMITTER\NRF24L01_GYRO.ASM 120 : Found directive in column 1. (ENDC)
Message[302] C:\USERS\GERPE\ONEDRIVE\GER-PER 2016\DOCUMENTS\KENNYNEUTRON\2021\NRF24L01_GYRO_SCOREBOARD\NRF_GYRO_TRANSMITTER\NRF24L01_GYRO.ASM 159 : Register in operand not in bank 0.  Ensure that bank bits are correct.
Message[302] C:\USERS\GERPE\ONEDRIVE\GER-PER 2016\DOCUMENTS\KENNYNEUTRON\2021\NRF24L01_GYRO_SCOREBOARD\NRF_GYRO_TRANSMITTER\NRF24L01_GYRO.ASM 160 : Register in operand not in bank 0.  Ensure that bank bits are correct.
Message[302] C:\USERS\GERPE\ONEDRIVE\GER-PER 2016\DOCUMENTS\KENNYNEUTRON\2021\NRF24L01_GYRO_SCOREBOARD\NRF_GYRO_TRANSMITTER\NRF24L01_GYRO.ASM 165 : Register in operand not in bank 0.  Ensure that bank bits are correct.
Message[302] C:\USERS\GERPE\ONEDRIVE\GER-PER 2016\DOCUMENTS\KENNYNEUTRON\2021\NRF24L01_GYRO_SCOREBOARD\NRF_GYRO_TRANSMITTER\NRF24L01_GYRO.ASM 168 : Register in operand not in bank 0.  Ensure that bank bits are correct.
Message[302] C:\USERS\GERPE\ONEDRIVE\GER-PER 2016\DOCUMENTS\KENNYNEUTRON\2021\NRF24L01_GYRO_SCOREBOARD\NRF_GYRO_TRANSMITTER\NRF24L01_GYRO.ASM 171 : Register in operand not in bank 0.  Ensure that bank bits are correct.
Warning[205] C:\USERS\GERPE\ONEDRIVE\GER-PER 2016\DOCUMENTS\KENNYNEUTRON\2021\NRF24L01_GYRO_SCOREBOARD\NRF_GYRO_TRANSMITTER\NRF24L01_GYRO.ASM 182 : Found directive in column 1. (BANKSEL)
Message[302] C:\USERS\GERPE\ONEDRIVE\GER-PER 2016\DOCUMENTS\KENNYNEUTRON\2021\NRF24L01_GYRO_SCOREBOARD\NRF_GYRO_TRANSMITTER\NRF24L01_GYRO.ASM 184 : Register in operand not in bank 0.  Ensure that bank bits are correct.
Warning[205] C:\USERS\GERPE\ONEDRIVE\GER-PER 2016\DOCUMENTS\KENNYNEUTRON\2021\NRF24L01_GYRO_SCOREBOARD\NRF_GYRO_TRANSMITTER\NRF24L01_GYRO.ASM 187 : Found directive in column 1. (BANKSEL)
Message[306] C:\USERS\GERPE\ONEDRIVE\GER-PER 2016\DOCUMENTS\KENNYNEUTRON\2021\NRF24L01_GYRO_SCOREBOARD\NRF_GYRO_TRANSMITTER\NRF24L01_GYRO.ASM 221 : Crossing page boundary -- ensure page bits are set.
Message[306] C:\USERS\GERPE\ONEDRIVE\GER-PER 2016\DOCUMENTS\KENNYNEUTRON\2021\NRF24L01_GYRO_SCOREBOARD\NRF_GYRO_TRANSMITTER\NRF24L01_GYRO.ASM 224 : Crossing page boundary -- ensure page bits are set.
Warning[203] C:\USERS\GERPE\ONEDRIVE\GER-PER 2016\DOCUMENTS\KENNYNEUTRON\2021\NRF24L01_GYRO_SCOREBOARD\NRF_GYRO_TRANSMITTER\NRF24L01_GYRO.ASM 230 : Found opcode in column 1. (GOTO)
Message[306] C:\USERS\GERPE\ONEDRIVE\GER-PER 2016\DOCUMENTS\KENNYNEUTRON\2021\NRF24L01_GYRO_SCOREBOARD\NRF_GYRO_TRANSMITTER\NRF24L01_GYRO.ASM 271 : Crossing page boundary -- ensure page bits are set.
Message[306] C:\USERS\GERPE\ONEDRIVE\GER-PER 2016\DOCUMENTS\KENNYNEUTRON\2021\NRF24L01_GYRO_SCOREBOARD\NRF_GYRO_TRANSMITTER\NRF24L01_GYRO.ASM 272 : Crossing page boundary -- ensure page bits are set.
Message[306] C:\USERS\GERPE\ONEDRIVE\GER-PER 2016\DOCUMENTS\KENNYNEUTRON\2021\NRF24L01_GYRO_SCOREBOARD\NRF_GYRO_TRANSMITTER\NRF24L01_GYRO.ASM 280 : Crossing page boundary -- ensure page bits are set.
Warning[203] C:\USERS\GERPE\ONEDRIVE\GER-PER 2016\DOCUMENTS\KENNYNEUTRON\2021\NRF24L01_GYRO_SCOREBOARD\NRF_GYRO_TRANSMITTER\NRF24L01_GYRO.ASM 291 : Found opcode in column 1. (GOTO)
Warning[203] C:\USERS\GERPE\ONEDRIVE\GER-PER 2016\DOCUMENTS\KENNYNEUTRON\2021\NRF24L01_GYRO_SCOREBOARD\NRF_GYRO_TRANSMITTER\NRF24L01_GYRO.ASM 304 : Found opcode in column 1. (RETURN)
Message[302] C:\USERS\GERPE\ONEDRIVE\GER-PER 2016\DOCUMENTS\KENNYNEUTRON\2021\NRF24L01_GYRO_SCOREBOARD\NRF_GYRO_TRANSMITTER\NRF24L01_GYRO.ASM 317 : Register in operand not in bank 0.  Ensure that bank bits are correct.
Message[306] C:\USERS\GERPE\ONEDRIVE\GER-PER 2016\DOCUMENTS\KENNYNEUTRON\2021\NRF24L01_GYRO_SCOREBOARD\NRF_GYRO_TRANSMITTER\NRF24L01_GYRO.ASM 324 : Crossing page boundary -- ensure page bits are set.
Message[306] C:\USERS\GERPE\ONEDRIVE\GER-PER 2016\DOCUMENTS\KENNYNEUTRON\2021\NRF24L01_GYRO_SCOREBOARD\NRF_GYRO_TRANSMITTER\NRF24L01_GYRO.ASM 325 : Crossing page boundary -- ensure page bits are set.
Message[306] C:\USERS\GERPE\ONEDRIVE\GER-PER 2016\DOCUMENTS\KENNYNEUTRON\2021\NRF24L01_GYRO_SCOREBOARD\NRF_GYRO_TRANSMITTER\NRF24L01_GYRO.ASM 326 : Crossing page boundary -- ensure page bits are set.
Warning[203] C:\USERS\GERPE\ONEDRIVE\GER-PER 2016\DOCUMENTS\KENNYNEUTRON\2021\NRF24L01_GYRO_SCOREBOARD\NRF_GYRO_TRANSMITTER\NRF24L01_GYRO.ASM 334 : Found opcode in column 1. (RETURN)
Message[305] C:\USERS\GERPE\ONEDRIVE\GER-PER 2016\DOCUMENTS\KENNYNEUTRON\2021\NRF24L01_GYRO_SCOREBOARD\NRF_GYRO_TRANSMITTER\NRF24L01_GYRO.ASM 340 : Using default destination of 1 (file).
Message[302] C:\USERS\GERPE\ONEDRIVE\GER-PER 2016\DOCUMENTS\KENNYNEUTRON\2021\NRF24L01_GYRO_SCOREBOARD\NRF_GYRO_TRANSMITTER\NRF24L01_GYRO.ASM 340 : Register in operand not in bank 0.  Ensure that bank bits are correct.
Warning[203] C:\USERS\GERPE\ONEDRIVE\GER-PER 2016\DOCUMENTS\KENNYNEUTRON\2021\NRF24L01_GYRO_SCOREBOARD\NRF_GYRO_TRANSMITTER\NRF24L01_GYRO.ASM 342 : Found opcode in column 1. (RETURN)
Message[302] C:\USERS\GERPE\ONEDRIVE\GER-PER 2016\DOCUMENTS\KENNYNEUTRON\2021\NRF24L01_GYRO_SCOREBOARD\NRF_GYRO_TRANSMITTER\NRF24L01_GYRO.ASM 347 : Register in operand not in bank 0.  Ensure that bank bits are correct.
Warning[203] C:\USERS\GERPE\ONEDRIVE\GER-PER 2016\DOCUMENTS\KENNYNEUTRON\2021\NRF24L01_GYRO_SCOREBOARD\NRF_GYRO_TRANSMITTER\NRF24L01_GYRO.ASM 349 : Found opcode in column 1. (RETURN)
Message[302] C:\USERS\GERPE\ONEDRIVE\GER-PER 2016\DOCUMENTS\KENNYNEUTRON\2021\NRF24L01_GYRO_SCOREBOARD\NRF_GYRO_TRANSMITTER\NRF24L01_GYRO.ASM 354 : Register in operand not in bank 0.  Ensure that bank bits are correct.
Warning[203] C:\USERS\GERPE\ONEDRIVE\GER-PER 2016\DOCUMENTS\KENNYNEUTRON\2021\NRF24L01_GYRO_SCOREBOARD\NRF_GYRO_TRANSMITTER\NRF24L01_GYRO.ASM 356 : Found opcode in column 1. (RETURN)
Message[302] C:\USERS\GERPE\ONEDRIVE\GER-PER 2016\DOCUMENTS\KENNYNEUTRON\2021\NRF24L01_GYRO_SCOREBOARD\NRF_GYRO_TRANSMITTER\NRF24L01_GYRO.ASM 361 : Register in operand not in bank 0.  Ensure that bank bits are correct.
Warning[203] C:\USERS\GERPE\ONEDRIVE\GER-PER 2016\DOCUMENTS\KENNYNEUTRON\2021\NRF24L01_GYRO_SCOREBOARD\NRF_GYRO_TRANSMITTER\NRF24L01_GYRO.ASM 363 : Found opcode in column 1. (RETURN)
Message[302] C:\USERS\GERPE\ONEDRIVE\GER-PER 2016\DOCUMENTS\KENNYNEUTRON\2021\NRF24L01_GYRO_SCOREBOARD\NRF_GYRO_TRANSMITTER\NRF24L01_GYRO.ASM 368 : Register in operand not in bank 0.  Ensure that bank bits are correct.
Warning[203] C:\USERS\GERPE\ONEDRIVE\GER-PER 2016\DOCUMENTS\KENNYNEUTRON\2021\NRF24L01_GYRO_SCOREBOARD\NRF_GYRO_TRANSMITTER\NRF24L01_GYRO.ASM 370 : Found opcode in column 1. (RETURN)
Message[302] C:\USERS\GERPE\ONEDRIVE\GER-PER 2016\DOCUMENTS\KENNYNEUTRON\2021\NRF24L01_GYRO_SCOREBOARD\NRF_GYRO_TRANSMITTER\NRF24L01_GYRO.ASM 375 : Register in operand not in bank 0.  Ensure that bank bits are correct.
Warning[203] C:\USERS\GERPE\ONEDRIVE\GER-PER 2016\DOCUMENTS\KENNYNEUTRON\2021\NRF24L01_GYRO_SCOREBOARD\NRF_GYRO_TRANSMITTER\NRF24L01_GYRO.ASM 377 : Found opcode in column 1. (RETURN)
Message[302] C:\USERS\GERPE\ONEDRIVE\GER-PER 2016\DOCUMENTS\KENNYNEUTRON\2021\NRF24L01_GYRO_SCOREBOARD\NRF_GYRO_TRANSMITTER\NRF24L01_GYRO.ASM 382 : Register in operand not in bank 0.  Ensure that bank bits are correct.
Warning[203] C:\USERS\GERPE\ONEDRIVE\GER-PER 2016\DOCUMENTS\KENNYNEUTRON\2021\NRF24L01_GYRO_SCOREBOARD\NRF_GYRO_TRANSMITTER\NRF24L01_GYRO.ASM 384 : Found opcode in column 1. (RETURN)
Message[302] C:\USERS\GERPE\ONEDRIVE\GER-PER 2016\DOCUMENTS\KENNYNEUTRON\2021\NRF24L01_GYRO_SCOREBOARD\NRF_GYRO_TRANSMITTER\NRF24L01_GYRO.ASM 389 : Register in operand not in bank 0.  Ensure that bank bits are correct.
Warning[203] C:\USERS\GERPE\ONEDRIVE\GER-PER 2016\DOCUMENTS\KENNYNEUTRON\2021\NRF24L01_GYRO_SCOREBOARD\NRF_GYRO_TRANSMITTER\NRF24L01_GYRO.ASM 391 : Found opcode in column 1. (RETURN)
Warning[205] C:\USERS\GERPE\ONEDRIVE\GER-PER 2016\DOCUMENTS\KENNYNEUTRON\2021\NRF24L01_GYRO_SCOREBOARD\NRF_GYRO_TRANSMITTER\NRF24L01_GYRO.ASM 425 : Found directive in column 1. (ORG)
Warning[203] C:\USERS\GERPE\ONEDRIVE\GER-PER 2016\DOCUMENTS\KENNYNEUTRON\2021\NRF24L01_GYRO_SCOREBOARD\NRF_GYRO_TRANSMITTER\NRF24L01_GYRO.ASM 432 : Found opcode in column 1. (RETURN)
Warning[203] C:\USERS\GERPE\ONEDRIVE\GER-PER 2016\DOCUMENTS\KENNYNEUTRON\2021\NRF24L01_GYRO_SCOREBOARD\NRF_GYRO_TRANSMITTER\NRF24L01_GYRO.ASM 440 : Found opcode in column 1. (RETURN)
Warning[205] C:\USERS\GERPE\ONEDRIVE\GER-PER 2016\DOCUMENTS\KENNYNEUTRON\2021\NRF24L01_GYRO_SCOREBOARD\NRF_GYRO_TRANSMITTER\NRF24L01_GYRO.ASM 448 : Found directive in column 1. (ORG)
Message[305] C:\USERS\GERPE\ONEDRIVE\GER-PER 2016\DOCUMENTS\KENNYNEUTRON\2021\NRF24L01_GYRO_SCOREBOARD\NRF_GYRO_TRANSMITTER\NRF24L01_GYRO.ASM 472 : Using default destination of 1 (file).
Warning[203] C:\USERS\GERPE\ONEDRIVE\GER-PER 2016\DOCUMENTS\KENNYNEUTRON\2021\NRF24L01_GYRO_SCOREBOARD\NRF_GYRO_TRANSMITTER\NRF24L01_GYRO.ASM 509 : Found opcode in column 1. (RETURN)
Warning[203] C:\USERS\GERPE\ONEDRIVE\GER-PER 2016\DOCUMENTS\KENNYNEUTRON\2021\NRF24L01_GYRO_SCOREBOARD\NRF_GYRO_TRANSMITTER\NRF24L01_GYRO.ASM 541 : Found opcode in column 1. (RETURN)
Warning[203] C:\USERS\GERPE\ONEDRIVE\GER-PER 2016\DOCUMENTS\KENNYNEUTRON\2021\NRF24L01_GYRO_SCOREBOARD\NRF_GYRO_TRANSMITTER\NRF24L01_GYRO.ASM 555 : Found opcode in column 1. (RETURN)
Message[305] C:\USERS\GERPE\ONEDRIVE\GER-PER 2016\DOCUMENTS\KENNYNEUTRON\2021\NRF24L01_GYRO_SCOREBOARD\NRF_GYRO_TRANSMITTER\NRF24L01_GYRO.ASM 577 : Using default destination of 1 (file).
Warning[203] C:\USERS\GERPE\ONEDRIVE\GER-PER 2016\DOCUMENTS\KENNYNEUTRON\2021\NRF24L01_GYRO_SCOREBOARD\NRF_GYRO_TRANSMITTER\NRF24L01_GYRO.ASM 581 : Found opcode in column 1. (RETURN)
Warning[203] C:\USERS\GERPE\ONEDRIVE\GER-PER 2016\DOCUMENTS\KENNYNEUTRON\2021\NRF24L01_GYRO_SCOREBOARD\NRF_GYRO_TRANSMITTER\NRF24L01_GYRO.ASM 592 : Found opcode in column 1. (RETURN)
Warning[203] C:\USERS\GERPE\ONEDRIVE\GER-PER 2016\DOCUMENTS\KENNYNEUTRON\2021\NRF24L01_GYRO_SCOREBOARD\NRF_GYRO_TRANSMITTER\NRF24L01_GYRO.ASM 603 : Found opcode in column 1. (RETURN)
Warning[203] C:\USERS\GERPE\ONEDRIVE\GER-PER 2016\DOCUMENTS\KENNYNEUTRON\2021\NRF24L01_GYRO_SCOREBOARD\NRF_GYRO_TRANSMITTER\NRF24L01_GYRO.ASM 626 : Found opcode in column 1. (RETURN)
Warning[203] C:\USERS\GERPE\ONEDRIVE\GER-PER 2016\DOCUMENTS\KENNYNEUTRON\2021\NRF24L01_GYRO_SCOREBOARD\NRF_GYRO_TRANSMITTER\NRF24L01_GYRO.ASM 711 : Found opcode in column 1. (RETURN)
Warning[203] C:\USERS\GERPE\ONEDRIVE\GER-PER 2016\DOCUMENTS\KENNYNEUTRON\2021\NRF24L01_GYRO_SCOREBOARD\NRF_GYRO_TRANSMITTER\NRF24L01_GYRO.ASM 743 : Found opcode in column 1. (RETURN)
Warning[203] C:\USERS\GERPE\ONEDRIVE\GER-PER 2016\DOCUMENTS\KENNYNEUTRON\2021\NRF24L01_GYRO_SCOREBOARD\NRF_GYRO_TRANSMITTER\NRF24L01_GYRO.ASM 774 : Found opcode in column 1. (RETURN)
Warning[203] C:\USERS\GERPE\ONEDRIVE\GER-PER 2016\DOCUMENTS\KENNYNEUTRON\2021\NRF24L01_GYRO_SCOREBOARD\NRF_GYRO_TRANSMITTER\NRF24L01_GYRO.ASM 793 : Found opcode in column 1. (RETURN)
Warning[203] C:\USERS\GERPE\ONEDRIVE\GER-PER 2016\DOCUMENTS\KENNYNEUTRON\2021\NRF24L01_GYRO_SCOREBOARD\NRF_GYRO_TRANSMITTER\NRF24L01_GYRO.ASM 811 : Found opcode in column 1. (RETURN)
Message[305] C:\USERS\GERPE\ONEDRIVE\GER-PER 2016\DOCUMENTS\KENNYNEUTRON\2021\NRF24L01_GYRO_SCOREBOARD\NRF_GYRO_TRANSMITTER\NRF24L01_GYRO.ASM 821 : Using default destination of 1 (file).
Warning[203] C:\USERS\GERPE\ONEDRIVE\GER-PER 2016\DOCUMENTS\KENNYNEUTRON\2021\NRF24L01_GYRO_SCOREBOARD\NRF_GYRO_TRANSMITTER\NRF24L01_GYRO.ASM 834 : Found opcode in column 1. (NOP)
Warning[203] C:\USERS\GERPE\ONEDRIVE\GER-PER 2016\DOCUMENTS\KENNYNEUTRON\2021\NRF24L01_GYRO_SCOREBOARD\NRF_GYRO_TRANSMITTER\NRF24L01_GYRO.ASM 844 : Found opcode in column 1. (RETURN)
Message[305] C:\USERS\GERPE\ONEDRIVE\GER-PER 2016\DOCUMENTS\KENNYNEUTRON\2021\NRF24L01_GYRO_SCOREBOARD\NRF_GYRO_TRANSMITTER\NRF24L01_GYRO.ASM 870 : Using default destination of 1 (file).
Warning[203] C:\USERS\GERPE\ONEDRIVE\GER-PER 2016\DOCUMENTS\KENNYNEUTRON\2021\NRF24L01_GYRO_SCOREBOARD\NRF_GYRO_TRANSMITTER\NRF24L01_GYRO.ASM 882 : Found opcode in column 1. (RETURN)
Warning[203] C:\USERS\GERPE\ONEDRIVE\GER-PER 2016\DOCUMENTS\KENNYNEUTRON\2021\NRF24L01_GYRO_SCOREBOARD\NRF_GYRO_TRANSMITTER\NRF24L01_GYRO.ASM 905 : Found opcode in column 1. (RETURN)
Warning[203] C:\USERS\GERPE\ONEDRIVE\GER-PER 2016\DOCUMENTS\KENNYNEUTRON\2021\NRF24L01_GYRO_SCOREBOARD\NRF_GYRO_TRANSMITTER\NRF24L01_GYRO.ASM 922 : Found opcode in column 1. (RETURN)
Warning[203] C:\USERS\GERPE\ONEDRIVE\GER-PER 2016\DOCUMENTS\KENNYNEUTRON\2021\NRF24L01_GYRO_SCOREBOARD\NRF_GYRO_TRANSMITTER\NRF24L01_GYRO.ASM 934 : Found opcode in column 1. (RETURN)
