Warning[205] C:\USERS\GERPE\ONEDRIVE\GER-PER 2016\DOCUMENTS\KENNYNEUTRON\2020\NRF24L01_GYRO_SCOREBOARD\NRF_GYRO_RECIEVER\NRF_GYRO_REICIEVERV0.ASM 16 : Found directive in column 1. (__CONFIG)
Warning[205] C:\USERS\GERPE\ONEDRIVE\GER-PER 2016\DOCUMENTS\KENNYNEUTRON\2020\NRF24L01_GYRO_SCOREBOARD\NRF_GYRO_RECIEVER\NRF_GYRO_REICIEVERV0.ASM 58 : Found directive in column 1. (CBLOCK)
Warning[205] C:\USERS\GERPE\ONEDRIVE\GER-PER 2016\DOCUMENTS\KENNYNEUTRON\2020\NRF24L01_GYRO_SCOREBOARD\NRF_GYRO_RECIEVER\NRF_GYRO_REICIEVERV0.ASM 109 : Found directive in column 1. (ENDC)
Warning[205] C:\USERS\GERPE\ONEDRIVE\GER-PER 2016\DOCUMENTS\KENNYNEUTRON\2020\NRF24L01_GYRO_SCOREBOARD\NRF_GYRO_RECIEVER\NRF_GYRO_REICIEVERV0.ASM 113 : Found directive in column 1. (CBLOCK)
Warning[205] C:\USERS\GERPE\ONEDRIVE\GER-PER 2016\DOCUMENTS\KENNYNEUTRON\2020\NRF24L01_GYRO_SCOREBOARD\NRF_GYRO_RECIEVER\NRF_GYRO_REICIEVERV0.ASM 121 : Found directive in column 1. (ENDC)
Message[302] C:\USERS\GERPE\ONEDRIVE\GER-PER 2016\DOCUMENTS\KENNYNEUTRON\2020\NRF24L01_GYRO_SCOREBOARD\NRF_GYRO_RECIEVER\NRF_GYRO_REICIEVERV0.ASM 159 : Register in operand not in bank 0.  Ensure that bank bits are correct.
Message[302] C:\USERS\GERPE\ONEDRIVE\GER-PER 2016\DOCUMENTS\KENNYNEUTRON\2020\NRF24L01_GYRO_SCOREBOARD\NRF_GYRO_RECIEVER\NRF_GYRO_REICIEVERV0.ASM 160 : Register in operand not in bank 0.  Ensure that bank bits are correct.
Message[302] C:\USERS\GERPE\ONEDRIVE\GER-PER 2016\DOCUMENTS\KENNYNEUTRON\2020\NRF24L01_GYRO_SCOREBOARD\NRF_GYRO_RECIEVER\NRF_GYRO_REICIEVERV0.ASM 165 : Register in operand not in bank 0.  Ensure that bank bits are correct.
Message[302] C:\USERS\GERPE\ONEDRIVE\GER-PER 2016\DOCUMENTS\KENNYNEUTRON\2020\NRF24L01_GYRO_SCOREBOARD\NRF_GYRO_RECIEVER\NRF_GYRO_REICIEVERV0.ASM 168 : Register in operand not in bank 0.  Ensure that bank bits are correct.
Message[302] C:\USERS\GERPE\ONEDRIVE\GER-PER 2016\DOCUMENTS\KENNYNEUTRON\2020\NRF24L01_GYRO_SCOREBOARD\NRF_GYRO_RECIEVER\NRF_GYRO_REICIEVERV0.ASM 171 : Register in operand not in bank 0.  Ensure that bank bits are correct.
Warning[205] C:\USERS\GERPE\ONEDRIVE\GER-PER 2016\DOCUMENTS\KENNYNEUTRON\2020\NRF24L01_GYRO_SCOREBOARD\NRF_GYRO_RECIEVER\NRF_GYRO_REICIEVERV0.ASM 184 : Found directive in column 1. (BANKSEL)
Message[302] C:\USERS\GERPE\ONEDRIVE\GER-PER 2016\DOCUMENTS\KENNYNEUTRON\2020\NRF24L01_GYRO_SCOREBOARD\NRF_GYRO_RECIEVER\NRF_GYRO_REICIEVERV0.ASM 186 : Register in operand not in bank 0.  Ensure that bank bits are correct.
Message[302] C:\USERS\GERPE\ONEDRIVE\GER-PER 2016\DOCUMENTS\KENNYNEUTRON\2020\NRF24L01_GYRO_SCOREBOARD\NRF_GYRO_RECIEVER\NRF_GYRO_REICIEVERV0.ASM 187 : Register in operand not in bank 0.  Ensure that bank bits are correct.
Warning[205] C:\USERS\GERPE\ONEDRIVE\GER-PER 2016\DOCUMENTS\KENNYNEUTRON\2020\NRF24L01_GYRO_SCOREBOARD\NRF_GYRO_RECIEVER\NRF_GYRO_REICIEVERV0.ASM 209 : Found directive in column 1. (BANKSEL)
Message[306] C:\USERS\GERPE\ONEDRIVE\GER-PER 2016\DOCUMENTS\KENNYNEUTRON\2020\NRF24L01_GYRO_SCOREBOARD\NRF_GYRO_RECIEVER\NRF_GYRO_REICIEVERV0.ASM 234 : Crossing page boundary -- ensure page bits are set.
Message[306] C:\USERS\GERPE\ONEDRIVE\GER-PER 2016\DOCUMENTS\KENNYNEUTRON\2020\NRF24L01_GYRO_SCOREBOARD\NRF_GYRO_RECIEVER\NRF_GYRO_REICIEVERV0.ASM 237 : Crossing page boundary -- ensure page bits are set.
Warning[203] C:\USERS\GERPE\ONEDRIVE\GER-PER 2016\DOCUMENTS\KENNYNEUTRON\2020\NRF24L01_GYRO_SCOREBOARD\NRF_GYRO_RECIEVER\NRF_GYRO_REICIEVERV0.ASM 247 : Found opcode in column 1. (GOTO)
Message[306] C:\USERS\GERPE\ONEDRIVE\GER-PER 2016\DOCUMENTS\KENNYNEUTRON\2020\NRF24L01_GYRO_SCOREBOARD\NRF_GYRO_RECIEVER\NRF_GYRO_REICIEVERV0.ASM 262 : Crossing page boundary -- ensure page bits are set.
Message[302] C:\USERS\GERPE\ONEDRIVE\GER-PER 2016\DOCUMENTS\KENNYNEUTRON\2020\NRF24L01_GYRO_SCOREBOARD\NRF_GYRO_RECIEVER\NRF_GYRO_REICIEVERV0.ASM 266 : Register in operand not in bank 0.  Ensure that bank bits are correct.
Message[302] C:\USERS\GERPE\ONEDRIVE\GER-PER 2016\DOCUMENTS\KENNYNEUTRON\2020\NRF24L01_GYRO_SCOREBOARD\NRF_GYRO_RECIEVER\NRF_GYRO_REICIEVERV0.ASM 280 : Register in operand not in bank 0.  Ensure that bank bits are correct.
Message[305] C:\USERS\GERPE\ONEDRIVE\GER-PER 2016\DOCUMENTS\KENNYNEUTRON\2020\NRF24L01_GYRO_SCOREBOARD\NRF_GYRO_RECIEVER\NRF_GYRO_REICIEVERV0.ASM 293 : Using default destination of 1 (file).
Message[305] C:\USERS\GERPE\ONEDRIVE\GER-PER 2016\DOCUMENTS\KENNYNEUTRON\2020\NRF24L01_GYRO_SCOREBOARD\NRF_GYRO_RECIEVER\NRF_GYRO_REICIEVERV0.ASM 299 : Using default destination of 1 (file).
Message[302] C:\USERS\GERPE\ONEDRIVE\GER-PER 2016\DOCUMENTS\KENNYNEUTRON\2020\NRF24L01_GYRO_SCOREBOARD\NRF_GYRO_RECIEVER\NRF_GYRO_REICIEVERV0.ASM 398 : Register in operand not in bank 0.  Ensure that bank bits are correct.
Warning[203] C:\USERS\GERPE\ONEDRIVE\GER-PER 2016\DOCUMENTS\KENNYNEUTRON\2020\NRF24L01_GYRO_SCOREBOARD\NRF_GYRO_RECIEVER\NRF_GYRO_REICIEVERV0.ASM 400 : Found opcode in column 1. (GOTO)
Warning[203] C:\USERS\GERPE\ONEDRIVE\GER-PER 2016\DOCUMENTS\KENNYNEUTRON\2020\NRF24L01_GYRO_SCOREBOARD\NRF_GYRO_RECIEVER\NRF_GYRO_REICIEVERV0.ASM 443 : Found opcode in column 1. (RETURN)
Warning[203] C:\USERS\GERPE\ONEDRIVE\GER-PER 2016\DOCUMENTS\KENNYNEUTRON\2020\NRF24L01_GYRO_SCOREBOARD\NRF_GYRO_RECIEVER\NRF_GYRO_REICIEVERV0.ASM 464 : Found opcode in column 1. (RETURN)
Warning[203] C:\USERS\GERPE\ONEDRIVE\GER-PER 2016\DOCUMENTS\KENNYNEUTRON\2020\NRF24L01_GYRO_SCOREBOARD\NRF_GYRO_RECIEVER\NRF_GYRO_REICIEVERV0.ASM 485 : Found opcode in column 1. (RETURN)
Warning[203] C:\USERS\GERPE\ONEDRIVE\GER-PER 2016\DOCUMENTS\KENNYNEUTRON\2020\NRF24L01_GYRO_SCOREBOARD\NRF_GYRO_RECIEVER\NRF_GYRO_REICIEVERV0.ASM 506 : Found opcode in column 1. (RETURN)
Warning[203] C:\USERS\GERPE\ONEDRIVE\GER-PER 2016\DOCUMENTS\KENNYNEUTRON\2020\NRF24L01_GYRO_SCOREBOARD\NRF_GYRO_RECIEVER\NRF_GYRO_REICIEVERV0.ASM 527 : Found opcode in column 1. (RETURN)
Warning[203] C:\USERS\GERPE\ONEDRIVE\GER-PER 2016\DOCUMENTS\KENNYNEUTRON\2020\NRF24L01_GYRO_SCOREBOARD\NRF_GYRO_RECIEVER\NRF_GYRO_REICIEVERV0.ASM 548 : Found opcode in column 1. (RETURN)
Warning[203] C:\USERS\GERPE\ONEDRIVE\GER-PER 2016\DOCUMENTS\KENNYNEUTRON\2020\NRF24L01_GYRO_SCOREBOARD\NRF_GYRO_RECIEVER\NRF_GYRO_REICIEVERV0.ASM 569 : Found opcode in column 1. (RETURN)
Warning[203] C:\USERS\GERPE\ONEDRIVE\GER-PER 2016\DOCUMENTS\KENNYNEUTRON\2020\NRF24L01_GYRO_SCOREBOARD\NRF_GYRO_RECIEVER\NRF_GYRO_REICIEVERV0.ASM 599 : Found opcode in column 1. (RETURN)
Warning[203] C:\USERS\GERPE\ONEDRIVE\GER-PER 2016\DOCUMENTS\KENNYNEUTRON\2020\NRF24L01_GYRO_SCOREBOARD\NRF_GYRO_RECIEVER\NRF_GYRO_REICIEVERV0.ASM 636 : Found opcode in column 1. (RETURN)
Warning[203] C:\USERS\GERPE\ONEDRIVE\GER-PER 2016\DOCUMENTS\KENNYNEUTRON\2020\NRF24L01_GYRO_SCOREBOARD\NRF_GYRO_RECIEVER\NRF_GYRO_REICIEVERV0.ASM 670 : Found opcode in column 1. (RETURN)
Warning[203] C:\USERS\GERPE\ONEDRIVE\GER-PER 2016\DOCUMENTS\KENNYNEUTRON\2020\NRF24L01_GYRO_SCOREBOARD\NRF_GYRO_RECIEVER\NRF_GYRO_REICIEVERV0.ASM 709 : Found opcode in column 1. (RETURN)
Warning[203] C:\USERS\GERPE\ONEDRIVE\GER-PER 2016\DOCUMENTS\KENNYNEUTRON\2020\NRF24L01_GYRO_SCOREBOARD\NRF_GYRO_RECIEVER\NRF_GYRO_REICIEVERV0.ASM 749 : Found opcode in column 1. (RETURN)
Message[306] C:\USERS\GERPE\ONEDRIVE\GER-PER 2016\DOCUMENTS\KENNYNEUTRON\2020\NRF24L01_GYRO_SCOREBOARD\NRF_GYRO_RECIEVER\NRF_GYRO_REICIEVERV0.ASM 778 : Crossing page boundary -- ensure page bits are set.
Message[306] C:\USERS\GERPE\ONEDRIVE\GER-PER 2016\DOCUMENTS\KENNYNEUTRON\2020\NRF24L01_GYRO_SCOREBOARD\NRF_GYRO_RECIEVER\NRF_GYRO_REICIEVERV0.ASM 780 : Crossing page boundary -- ensure page bits are set.
Warning[203] C:\USERS\GERPE\ONEDRIVE\GER-PER 2016\DOCUMENTS\KENNYNEUTRON\2020\NRF24L01_GYRO_SCOREBOARD\NRF_GYRO_RECIEVER\NRF_GYRO_REICIEVERV0.ASM 785 : Found opcode in column 1. (RETURN)
Warning[203] C:\USERS\GERPE\ONEDRIVE\GER-PER 2016\DOCUMENTS\KENNYNEUTRON\2020\NRF24L01_GYRO_SCOREBOARD\NRF_GYRO_RECIEVER\NRF_GYRO_REICIEVERV0.ASM 828 : Found opcode in column 1. (RETURN)
Warning[203] C:\USERS\GERPE\ONEDRIVE\GER-PER 2016\DOCUMENTS\KENNYNEUTRON\2020\NRF24L01_GYRO_SCOREBOARD\NRF_GYRO_RECIEVER\NRF_GYRO_REICIEVERV0.ASM 842 : Found opcode in column 1. (RETURN)
Warning[203] C:\USERS\GERPE\ONEDRIVE\GER-PER 2016\DOCUMENTS\KENNYNEUTRON\2020\NRF24L01_GYRO_SCOREBOARD\NRF_GYRO_RECIEVER\NRF_GYRO_REICIEVERV0.ASM 862 : Found opcode in column 1. (RETURN)
Warning[203] C:\USERS\GERPE\ONEDRIVE\GER-PER 2016\DOCUMENTS\KENNYNEUTRON\2020\NRF24L01_GYRO_SCOREBOARD\NRF_GYRO_RECIEVER\NRF_GYRO_REICIEVERV0.ASM 870 : Found opcode in column 1. (RETURN)
Warning[203] C:\USERS\GERPE\ONEDRIVE\GER-PER 2016\DOCUMENTS\KENNYNEUTRON\2020\NRF24L01_GYRO_SCOREBOARD\NRF_GYRO_RECIEVER\NRF_GYRO_REICIEVERV0.ASM 884 : Found opcode in column 1. (RETURN)
Warning[205] C:\USERS\GERPE\ONEDRIVE\GER-PER 2016\DOCUMENTS\KENNYNEUTRON\2020\NRF24L01_GYRO_SCOREBOARD\NRF_GYRO_RECIEVER\NRF_GYRO_REICIEVERV0.ASM 925 : Found directive in column 1. (ORG)
Warning[203] C:\USERS\GERPE\ONEDRIVE\GER-PER 2016\DOCUMENTS\KENNYNEUTRON\2020\NRF24L01_GYRO_SCOREBOARD\NRF_GYRO_RECIEVER\NRF_GYRO_REICIEVERV0.ASM 931 : Found opcode in column 1. (RETURN)
Warning[203] C:\USERS\GERPE\ONEDRIVE\GER-PER 2016\DOCUMENTS\KENNYNEUTRON\2020\NRF24L01_GYRO_SCOREBOARD\NRF_GYRO_RECIEVER\NRF_GYRO_REICIEVERV0.ASM 939 : Found opcode in column 1. (RETURN)
Warning[205] C:\USERS\GERPE\ONEDRIVE\GER-PER 2016\DOCUMENTS\KENNYNEUTRON\2020\NRF24L01_GYRO_SCOREBOARD\NRF_GYRO_RECIEVER\NRF_GYRO_REICIEVERV0.ASM 947 : Found directive in column 1. (ORG)
Message[305] C:\USERS\GERPE\ONEDRIVE\GER-PER 2016\DOCUMENTS\KENNYNEUTRON\2020\NRF24L01_GYRO_SCOREBOARD\NRF_GYRO_RECIEVER\NRF_GYRO_REICIEVERV0.ASM 971 : Using default destination of 1 (file).
Warning[203] C:\USERS\GERPE\ONEDRIVE\GER-PER 2016\DOCUMENTS\KENNYNEUTRON\2020\NRF24L01_GYRO_SCOREBOARD\NRF_GYRO_RECIEVER\NRF_GYRO_REICIEVERV0.ASM 1008 : Found opcode in column 1. (RETURN)
Warning[203] C:\USERS\GERPE\ONEDRIVE\GER-PER 2016\DOCUMENTS\KENNYNEUTRON\2020\NRF24L01_GYRO_SCOREBOARD\NRF_GYRO_RECIEVER\NRF_GYRO_REICIEVERV0.ASM 1040 : Found opcode in column 1. (RETURN)
Warning[203] C:\USERS\GERPE\ONEDRIVE\GER-PER 2016\DOCUMENTS\KENNYNEUTRON\2020\NRF24L01_GYRO_SCOREBOARD\NRF_GYRO_RECIEVER\NRF_GYRO_REICIEVERV0.ASM 1054 : Found opcode in column 1. (RETURN)
Message[305] C:\USERS\GERPE\ONEDRIVE\GER-PER 2016\DOCUMENTS\KENNYNEUTRON\2020\NRF24L01_GYRO_SCOREBOARD\NRF_GYRO_RECIEVER\NRF_GYRO_REICIEVERV0.ASM 1076 : Using default destination of 1 (file).
Warning[203] C:\USERS\GERPE\ONEDRIVE\GER-PER 2016\DOCUMENTS\KENNYNEUTRON\2020\NRF24L01_GYRO_SCOREBOARD\NRF_GYRO_RECIEVER\NRF_GYRO_REICIEVERV0.ASM 1080 : Found opcode in column 1. (RETURN)
Warning[203] C:\USERS\GERPE\ONEDRIVE\GER-PER 2016\DOCUMENTS\KENNYNEUTRON\2020\NRF24L01_GYRO_SCOREBOARD\NRF_GYRO_RECIEVER\NRF_GYRO_REICIEVERV0.ASM 1091 : Found opcode in column 1. (RETURN)
Warning[203] C:\USERS\GERPE\ONEDRIVE\GER-PER 2016\DOCUMENTS\KENNYNEUTRON\2020\NRF24L01_GYRO_SCOREBOARD\NRF_GYRO_RECIEVER\NRF_GYRO_REICIEVERV0.ASM 1102 : Found opcode in column 1. (RETURN)
Warning[203] C:\USERS\GERPE\ONEDRIVE\GER-PER 2016\DOCUMENTS\KENNYNEUTRON\2020\NRF24L01_GYRO_SCOREBOARD\NRF_GYRO_RECIEVER\NRF_GYRO_REICIEVERV0.ASM 1125 : Found opcode in column 1. (RETURN)
Warning[203] C:\USERS\GERPE\ONEDRIVE\GER-PER 2016\DOCUMENTS\KENNYNEUTRON\2020\NRF24L01_GYRO_SCOREBOARD\NRF_GYRO_RECIEVER\NRF_GYRO_REICIEVERV0.ASM 1210 : Found opcode in column 1. (RETURN)
Warning[203] C:\USERS\GERPE\ONEDRIVE\GER-PER 2016\DOCUMENTS\KENNYNEUTRON\2020\NRF24L01_GYRO_SCOREBOARD\NRF_GYRO_RECIEVER\NRF_GYRO_REICIEVERV0.ASM 1242 : Found opcode in column 1. (RETURN)
Warning[203] C:\USERS\GERPE\ONEDRIVE\GER-PER 2016\DOCUMENTS\KENNYNEUTRON\2020\NRF24L01_GYRO_SCOREBOARD\NRF_GYRO_RECIEVER\NRF_GYRO_REICIEVERV0.ASM 1273 : Found opcode in column 1. (RETURN)
Warning[203] C:\USERS\GERPE\ONEDRIVE\GER-PER 2016\DOCUMENTS\KENNYNEUTRON\2020\NRF24L01_GYRO_SCOREBOARD\NRF_GYRO_RECIEVER\NRF_GYRO_REICIEVERV0.ASM 1292 : Found opcode in column 1. (RETURN)
Warning[203] C:\USERS\GERPE\ONEDRIVE\GER-PER 2016\DOCUMENTS\KENNYNEUTRON\2020\NRF24L01_GYRO_SCOREBOARD\NRF_GYRO_RECIEVER\NRF_GYRO_REICIEVERV0.ASM 1310 : Found opcode in column 1. (RETURN)
Message[305] C:\USERS\GERPE\ONEDRIVE\GER-PER 2016\DOCUMENTS\KENNYNEUTRON\2020\NRF24L01_GYRO_SCOREBOARD\NRF_GYRO_RECIEVER\NRF_GYRO_REICIEVERV0.ASM 1320 : Using default destination of 1 (file).
Warning[203] C:\USERS\GERPE\ONEDRIVE\GER-PER 2016\DOCUMENTS\KENNYNEUTRON\2020\NRF24L01_GYRO_SCOREBOARD\NRF_GYRO_RECIEVER\NRF_GYRO_REICIEVERV0.ASM 1333 : Found opcode in column 1. (NOP)
Warning[203] C:\USERS\GERPE\ONEDRIVE\GER-PER 2016\DOCUMENTS\KENNYNEUTRON\2020\NRF24L01_GYRO_SCOREBOARD\NRF_GYRO_RECIEVER\NRF_GYRO_REICIEVERV0.ASM 1343 : Found opcode in column 1. (RETURN)
Message[305] C:\USERS\GERPE\ONEDRIVE\GER-PER 2016\DOCUMENTS\KENNYNEUTRON\2020\NRF24L01_GYRO_SCOREBOARD\NRF_GYRO_RECIEVER\NRF_GYRO_REICIEVERV0.ASM 1369 : Using default destination of 1 (file).
Warning[203] C:\USERS\GERPE\ONEDRIVE\GER-PER 2016\DOCUMENTS\KENNYNEUTRON\2020\NRF24L01_GYRO_SCOREBOARD\NRF_GYRO_RECIEVER\NRF_GYRO_REICIEVERV0.ASM 1381 : Found opcode in column 1. (RETURN)
Warning[203] C:\USERS\GERPE\ONEDRIVE\GER-PER 2016\DOCUMENTS\KENNYNEUTRON\2020\NRF24L01_GYRO_SCOREBOARD\NRF_GYRO_RECIEVER\NRF_GYRO_REICIEVERV0.ASM 1404 : Found opcode in column 1. (RETURN)
Warning[203] C:\USERS\GERPE\ONEDRIVE\GER-PER 2016\DOCUMENTS\KENNYNEUTRON\2020\NRF24L01_GYRO_SCOREBOARD\NRF_GYRO_RECIEVER\NRF_GYRO_REICIEVERV0.ASM 1421 : Found opcode in column 1. (RETURN)
Warning[203] C:\USERS\GERPE\ONEDRIVE\GER-PER 2016\DOCUMENTS\KENNYNEUTRON\2020\NRF24L01_GYRO_SCOREBOARD\NRF_GYRO_RECIEVER\NRF_GYRO_REICIEVERV0.ASM 1433 : Found opcode in column 1. (RETURN)
