;/////////////////////////////////////////////////////////////////////////////////
;// Code Generator: BoostC Compiler - http://www.sourceboost.com
;// Version       : 7.03
;// License Type  : Pro License
;// Limitations   : PIC12,PIC16 max code size:Unlimited, max RAM banks:Unlimited
;/////////////////////////////////////////////////////////////////////////////////

	ORG 0x00000000
0000  2936  	GOTO	_startup
	ORG 0x00000004
0004  00FF  	MOVWF Int1Context
0005  0E03  	SWAPF STATUS, W
0006  1283  	BCF STATUS, RP0
0007  1303  	BCF STATUS, RP1
0008  00B4  	MOVWF Int1BContext
0009  0E0A  	SWAPF PCLATH, W
000A  00B5  	MOVWF Int1BContext+D'1'
000B  0E04  	SWAPF FSR, W
000C  00B6  	MOVWF Int1BContext+D'2'
000D  118A  	BCF PCLATH,3
000E  120A  	BCF PCLATH,4
000F  295E  	GOTO	interrupt
	ORG 0x00000010
0010        delay_ms_00000
0010        ; { delay_ms ; function begin
0010  08C6  	MOVF delay_ms_00000_arg_del, F
0011  1D03  	BTFSS STATUS,Z
0012  2814  	GOTO	label1
0013  0008  	RETURN
0014        label1
0014  307C  	MOVLW 0x7C
0015        label2
0015  3EFF  	ADDLW 0xFF
0016  1D03  	BTFSS STATUS,Z
0017  2815  	GOTO	label2
0018  0000  	NOP
0019  0BC6  	DECFSZ delay_ms_00000_arg_del, F
001A  2814  	GOTO	label1
001B  0008  	RETURN
001C        ; } delay_ms function end

	ORG 0x0000001C
001C        delay_10us_00000
001C        ; { delay_10us ; function begin
001C        label3
001C  0000  	NOP
001D  0000  	NOP
001E  0BD6  	DECFSZ delay_10us_00000_arg_del, F
001F  281C  	GOTO	label3
0020  0008  	RETURN
0021        ; } delay_10us function end

	ORG 0x00000021
0021        Wdt_Delay__0003E
0021        ; { Wdt_Delay_Ms ; function begin
0021  01C5  	CLRF Wdt_Delay__0003E_1_i
0022        label4
0022  0844  	MOVF Wdt_Delay__0003E_arg_delay, W
0023  0245  	SUBWF Wdt_Delay__0003E_1_i, W
0024  1803  	BTFSC STATUS,C
0025  0008  	RETURN
0026  0064  	CLRWDT
0027  3001  	MOVLW 0x01
0028  00C6  	MOVWF delay_ms_00000_arg_del
0029  2010  	CALL delay_ms_00000
002A  0AC5  	INCF Wdt_Delay__0003E_1_i, F
002B  2822  	GOTO	label4
002C        ; } Wdt_Delay_Ms function end

	ORG 0x0000002C
002C        FCD_LCDDis_00051
002C        ; { FCD_LCDDisplay0_RawSend ; function begin
002C  1107  	BCF gbl_portc,2
002D  1186  	BCF gbl_portb,3
002E  1206  	BCF gbl_portb,4
002F  1287  	BCF gbl_portc,5
0030  1007  	BCF gbl_portc,0
0031  1087  	BCF gbl_portc,1
0032  0E53  	SWAPF FCD_LCDDis_00051_arg_in, W
0033  390F  	ANDLW 0x0F
0034  00D5  	MOVWF FCD_LCDDis_00051_1_pt
0035  300F  	MOVLW 0x0F
0036  05D5  	ANDWF FCD_LCDDis_00051_1_pt, F
0037  1855  	BTFSC FCD_LCDDis_00051_1_pt,0
0038  1507  	BSF gbl_portc,2
0039  18D5  	BTFSC FCD_LCDDis_00051_1_pt,1
003A  1586  	BSF gbl_portb,3
003B  1955  	BTFSC FCD_LCDDis_00051_1_pt,2
003C  1606  	BSF gbl_portb,4
003D  19D5  	BTFSC FCD_LCDDis_00051_1_pt,3
003E  1687  	BSF gbl_portc,5
003F  08D4  	MOVF FCD_LCDDis_00051_arg_mask, F
0040  1D03  	BTFSS STATUS,Z
0041  1407  	BSF gbl_portc,0
0042  300A  	MOVLW 0x0A
0043  00D6  	MOVWF delay_10us_00000_arg_del
0044  201C  	CALL delay_10us_00000
0045  1487  	BSF gbl_portc,1
0046  300A  	MOVLW 0x0A
0047  00D6  	MOVWF delay_10us_00000_arg_del
0048  201C  	CALL delay_10us_00000
0049  1087  	BCF gbl_portc,1
004A  300F  	MOVLW 0x0F
004B  0553  	ANDWF FCD_LCDDis_00051_arg_in, W
004C  00D5  	MOVWF FCD_LCDDis_00051_1_pt
004D  300A  	MOVLW 0x0A
004E  00D6  	MOVWF delay_10us_00000_arg_del
004F  201C  	CALL delay_10us_00000
0050  1107  	BCF gbl_portc,2
0051  1186  	BCF gbl_portb,3
0052  1206  	BCF gbl_portb,4
0053  1287  	BCF gbl_portc,5
0054  1007  	BCF gbl_portc,0
0055  1087  	BCF gbl_portc,1
0056  1855  	BTFSC FCD_LCDDis_00051_1_pt,0
0057  1507  	BSF gbl_portc,2
0058  18D5  	BTFSC FCD_LCDDis_00051_1_pt,1
0059  1586  	BSF gbl_portb,3
005A  1955  	BTFSC FCD_LCDDis_00051_1_pt,2
005B  1606  	BSF gbl_portb,4
005C  19D5  	BTFSC FCD_LCDDis_00051_1_pt,3
005D  1687  	BSF gbl_portc,5
005E  08D4  	MOVF FCD_LCDDis_00051_arg_mask, F
005F  1D03  	BTFSS STATUS,Z
0060  1407  	BSF gbl_portc,0
0061  300A  	MOVLW 0x0A
0062  00D6  	MOVWF delay_10us_00000_arg_del
0063  201C  	CALL delay_10us_00000
0064  1487  	BSF gbl_portc,1
0065  300A  	MOVLW 0x0A
0066  00D6  	MOVWF delay_10us_00000_arg_del
0067  201C  	CALL delay_10us_00000
0068  1087  	BCF gbl_portc,1
0069  300A  	MOVLW 0x0A
006A  00D6  	MOVWF delay_10us_00000_arg_del
006B  201C  	CALL delay_10us_00000
006C  0008  	RETURN
006D        ; } FCD_LCDDisplay0_RawSend function end

	ORG 0x0000006D
006D        FCD_LCDDis_00058
006D        ; { FCD_LCDDisplay0_PrintString ; function begin
006D  01D2  	CLRF FCD_LCDDis_00058_1_idx
006E  01D2  	CLRF FCD_LCDDis_00058_1_idx
006F        label5
006F  0851  	MOVF FCD_LCDDis_00058_arg_MSZ_String, W
0070  0252  	SUBWF FCD_LCDDis_00058_1_idx, W
0071  1803  	BTFSC STATUS,C
0072  0008  	RETURN
0073  1383  	BCF STATUS,IRP
0074  1843  	BTFSC FCD_LCDDis_00058_arg_String+D'1',0
0075  1783  	BSF STATUS,IRP
0076  0842  	MOVF FCD_LCDDis_00058_arg_String, W
0077  0752  	ADDWF FCD_LCDDis_00058_1_idx, W
0078  0084  	MOVWF FSR
0079  0880  	MOVF INDF, F
007A  1903  	BTFSC STATUS,Z
007B  0008  	RETURN
007C  1383  	BCF STATUS,IRP
007D  1843  	BTFSC FCD_LCDDis_00058_arg_String+D'1',0
007E  1783  	BSF STATUS,IRP
007F  0842  	MOVF FCD_LCDDis_00058_arg_String, W
0080  0752  	ADDWF FCD_LCDDis_00058_1_idx, W
0081  0084  	MOVWF FSR
0082  0800  	MOVF INDF, W
0083  00D3  	MOVWF FCD_LCDDis_00051_arg_in
0084  3010  	MOVLW 0x10
0085  00D4  	MOVWF FCD_LCDDis_00051_arg_mask
0086  202C  	CALL FCD_LCDDis_00051
0087  0AD2  	INCF FCD_LCDDis_00058_1_idx, F
0088  286F  	GOTO	label5
0089        ; } FCD_LCDDisplay0_PrintString function end

	ORG 0x00000089
0089        FCD_LCDDis_00056
0089        ; { FCD_LCDDisplay0_Cursor ; function begin
0089  08C3  	MOVF FCD_LCDDis_00056_arg_y, F
008A  1D03  	BTFSS STATUS,Z
008B  288F  	GOTO	label6
008C  3080  	MOVLW 0x80
008D  00C3  	MOVWF FCD_LCDDis_00056_arg_y
008E  289E  	GOTO	label9
008F        label6
008F  0343  	DECF FCD_LCDDis_00056_arg_y, W
0090  1D03  	BTFSS STATUS,Z
0091  2895  	GOTO	label7
0092  30C0  	MOVLW 0xC0
0093  00C3  	MOVWF FCD_LCDDis_00056_arg_y
0094  289E  	GOTO	label9
0095        label7
0095  0843  	MOVF FCD_LCDDis_00056_arg_y, W
0096  3A02  	XORLW 0x02
0097  1D03  	BTFSS STATUS,Z
0098  289C  	GOTO	label8
0099  3094  	MOVLW 0x94
009A  00C3  	MOVWF FCD_LCDDis_00056_arg_y
009B  289E  	GOTO	label9
009C        label8
009C  30D4  	MOVLW 0xD4
009D  00C3  	MOVWF FCD_LCDDis_00056_arg_y
009E        label9
009E  0842  	MOVF FCD_LCDDis_00056_arg_x, W
009F  0743  	ADDWF FCD_LCDDis_00056_arg_y, W
00A0  00D3  	MOVWF FCD_LCDDis_00051_arg_in
00A1  01D4  	CLRF FCD_LCDDis_00051_arg_mask
00A2  202C  	CALL FCD_LCDDis_00051
00A3  3002  	MOVLW 0x02
00A4  00C4  	MOVWF Wdt_Delay__0003E_arg_delay
00A5  2021  	CALL Wdt_Delay__0003E
00A6  0008  	RETURN
00A7        ; } FCD_LCDDisplay0_Cursor function end

	ORG 0x000000A7
00A7        FCD_LCDDis_00053
00A7        ; { FCD_LCDDisplay0_Clear ; function begin
00A7  3001  	MOVLW 0x01
00A8  1283  	BCF STATUS, RP0
00A9  1303  	BCF STATUS, RP1
00AA  00D3  	MOVWF FCD_LCDDis_00051_arg_in
00AB  01D4  	CLRF FCD_LCDDis_00051_arg_mask
00AC  202C  	CALL FCD_LCDDis_00051
00AD  3002  	MOVLW 0x02
00AE  00C4  	MOVWF Wdt_Delay__0003E_arg_delay
00AF  2021  	CALL Wdt_Delay__0003E
00B0  3002  	MOVLW 0x02
00B1  00D3  	MOVWF FCD_LCDDis_00051_arg_in
00B2  01D4  	CLRF FCD_LCDDis_00051_arg_mask
00B3  202C  	CALL FCD_LCDDis_00051
00B4  3002  	MOVLW 0x02
00B5  00C4  	MOVWF Wdt_Delay__0003E_arg_delay
00B6  2021  	CALL Wdt_Delay__0003E
00B7  0008  	RETURN
00B8        ; } FCD_LCDDisplay0_Clear function end

	ORG 0x000000B8
00B8        FCD_LCDDis_00052
00B8        ; { FCD_LCDDisplay0_Start ; function begin
00B8  1683  	BSF STATUS, RP0
00B9  1303  	BCF STATUS, RP1
00BA  1107  	BCF gbl_trisc,2
00BB  1283  	BCF STATUS, RP0
00BC  1107  	BCF gbl_portc,2
00BD  1683  	BSF STATUS, RP0
00BE  1186  	BCF gbl_trisb,3
00BF  1283  	BCF STATUS, RP0
00C0  1186  	BCF gbl_portb,3
00C1  1683  	BSF STATUS, RP0
00C2  1206  	BCF gbl_trisb,4
00C3  1283  	BCF STATUS, RP0
00C4  1206  	BCF gbl_portb,4
00C5  1683  	BSF STATUS, RP0
00C6  1287  	BCF gbl_trisc,5
00C7  1283  	BCF STATUS, RP0
00C8  1287  	BCF gbl_portc,5
00C9  1683  	BSF STATUS, RP0
00CA  1007  	BCF gbl_trisc,0
00CB  1283  	BCF STATUS, RP0
00CC  1007  	BCF gbl_portc,0
00CD  1683  	BSF STATUS, RP0
00CE  1087  	BCF gbl_trisc,1
00CF  1283  	BCF STATUS, RP0
00D0  1087  	BCF gbl_portc,1
00D1  300C  	MOVLW 0x0C
00D2  00C4  	MOVWF Wdt_Delay__0003E_arg_delay
00D3  2021  	CALL Wdt_Delay__0003E
00D4  3033  	MOVLW 0x33
00D5  00D3  	MOVWF FCD_LCDDis_00051_arg_in
00D6  01D4  	CLRF FCD_LCDDis_00051_arg_mask
00D7  202C  	CALL FCD_LCDDis_00051
00D8  3002  	MOVLW 0x02
00D9  00C4  	MOVWF Wdt_Delay__0003E_arg_delay
00DA  2021  	CALL Wdt_Delay__0003E
00DB  3033  	MOVLW 0x33
00DC  00D3  	MOVWF FCD_LCDDis_00051_arg_in
00DD  01D4  	CLRF FCD_LCDDis_00051_arg_mask
00DE  202C  	CALL FCD_LCDDis_00051
00DF  3002  	MOVLW 0x02
00E0  00C4  	MOVWF Wdt_Delay__0003E_arg_delay
00E1  2021  	CALL Wdt_Delay__0003E
00E2  3032  	MOVLW 0x32
00E3  00D3  	MOVWF FCD_LCDDis_00051_arg_in
00E4  01D4  	CLRF FCD_LCDDis_00051_arg_mask
00E5  202C  	CALL FCD_LCDDis_00051
00E6  3002  	MOVLW 0x02
00E7  00C4  	MOVWF Wdt_Delay__0003E_arg_delay
00E8  2021  	CALL Wdt_Delay__0003E
00E9  302C  	MOVLW 0x2C
00EA  00D3  	MOVWF FCD_LCDDis_00051_arg_in
00EB  01D4  	CLRF FCD_LCDDis_00051_arg_mask
00EC  202C  	CALL FCD_LCDDis_00051
00ED  3002  	MOVLW 0x02
00EE  00C4  	MOVWF Wdt_Delay__0003E_arg_delay
00EF  2021  	CALL Wdt_Delay__0003E
00F0  3006  	MOVLW 0x06
00F1  00D3  	MOVWF FCD_LCDDis_00051_arg_in
00F2  01D4  	CLRF FCD_LCDDis_00051_arg_mask
00F3  202C  	CALL FCD_LCDDis_00051
00F4  3002  	MOVLW 0x02
00F5  00C4  	MOVWF Wdt_Delay__0003E_arg_delay
00F6  2021  	CALL Wdt_Delay__0003E
00F7  300C  	MOVLW 0x0C
00F8  00D3  	MOVWF FCD_LCDDis_00051_arg_in
00F9  01D4  	CLRF FCD_LCDDis_00051_arg_mask
00FA  202C  	CALL FCD_LCDDis_00051
00FB  3002  	MOVLW 0x02
00FC  00C4  	MOVWF Wdt_Delay__0003E_arg_delay
00FD  2021  	CALL Wdt_Delay__0003E
00FE  3001  	MOVLW 0x01
00FF  00D3  	MOVWF FCD_LCDDis_00051_arg_in
0100  01D4  	CLRF FCD_LCDDis_00051_arg_mask
0101  202C  	CALL FCD_LCDDis_00051
0102  3002  	MOVLW 0x02
0103  00C4  	MOVWF Wdt_Delay__0003E_arg_delay
0104  2021  	CALL Wdt_Delay__0003E
0105  3002  	MOVLW 0x02
0106  00D3  	MOVWF FCD_LCDDis_00051_arg_in
0107  01D4  	CLRF FCD_LCDDis_00051_arg_mask
0108  202C  	CALL FCD_LCDDis_00051
0109  3002  	MOVLW 0x02
010A  00C4  	MOVWF Wdt_Delay__0003E_arg_delay
010B  2021  	CALL Wdt_Delay__0003E
010C  0008  	RETURN
010D        ; } FCD_LCDDisplay0_Start function end

	ORG 0x0000010D
010D        main
010D        ; { main ; function begin
010D  3007  	MOVLW 0x07
010E  1683  	BSF STATUS, RP0
010F  1303  	BCF STATUS, RP1
0110  009F  	MOVWF gbl_adcon1
0111  30C0  	MOVLW 0xC0
0112  0081  	MOVWF gbl_option_reg
0113  20B8  	CALL FCD_LCDDis_00052
0114  20A7  	CALL FCD_LCDDis_00053
0115        label10
0115  01C2  	CLRF FCD_LCDDis_00056_arg_x
0116  01C3  	CLRF FCD_LCDDis_00056_arg_y
0117  2089  	CALL FCD_LCDDis_00056
0118  3020  	MOVLW 0x20
0119  00C9  	MOVWF CompTempVar2217+D'5'
011A  3021  	MOVLW 0x21
011B  00CF  	MOVWF CompTempVar2217+D'11'
011C  3044  	MOVLW 0x44
011D  00CE  	MOVWF CompTempVar2217+D'10'
011E  3045  	MOVLW 0x45
011F  00C5  	MOVWF CompTempVar2217+D'1'
0120  3048  	MOVLW 0x48
0121  00C4  	MOVWF CompTempVar2217
0122  304C  	MOVLW 0x4C
0123  00C6  	MOVWF CompTempVar2217+D'2'
0124  00C7  	MOVWF CompTempVar2217+D'3'
0125  00CD  	MOVWF CompTempVar2217+D'9'
0126  304F  	MOVLW 0x4F
0127  00C8  	MOVWF CompTempVar2217+D'4'
0128  00CB  	MOVWF CompTempVar2217+D'7'
0129  3052  	MOVLW 0x52
012A  00CC  	MOVWF CompTempVar2217+D'8'
012B  3057  	MOVLW 0x57
012C  00CA  	MOVWF CompTempVar2217+D'6'
012D  01D0  	CLRF CompTempVar2217+D'12'
012E  3000  	MOVLW HIGH(CompTempVar2217+D'0')
012F  00C3  	MOVWF FCD_LCDDis_00058_arg_String+D'1'
0130  3044  	MOVLW LOW(CompTempVar2217+D'0')
0131  00C2  	MOVWF FCD_LCDDis_00058_arg_String
0132  300C  	MOVLW 0x0C
0133  00D1  	MOVWF FCD_LCDDis_00058_arg_MSZ_String
0134  206D  	CALL FCD_LCDDis_00058
0135  2915  	GOTO	label10
0136        ; } main function end

	ORG 0x00000136
0136        _startup
0136  30D5  	MOVLW 0xD5
0137  1283  	BCF STATUS, RP0
0138  1303  	BCF STATUS, RP1
0139  00A0  	MOVWF gbl_14_LSR
013A  30C4  	MOVLW 0xC4
013B  00A1  	MOVWF gbl_14_LSR+D'1'
013C  30BB  	MOVLW 0xBB
013D  00A2  	MOVWF gbl_14_LSR+D'2'
013E  30DC  	MOVLW 0xDC
013F  00A3  	MOVWF gbl_14_LSR+D'3'
0140  01A4  	CLRF gbl_15_gbl_aSig
0141  01A5  	CLRF gbl_15_gbl_aSig+D'1'
0142  01A6  	CLRF gbl_15_gbl_aSig+D'2'
0143  01A7  	CLRF gbl_15_gbl_aSig+D'3'
0144  01A8  	CLRF gbl_15_gbl_bSig
0145  01A9  	CLRF gbl_15_gbl_bSig+D'1'
0146  01AA  	CLRF gbl_15_gbl_bSig+D'2'
0147  01AB  	CLRF gbl_15_gbl_bSig+D'3'
0148  01AC  	CLRF gbl_15_gbl_zSig
0149  01AD  	CLRF gbl_15_gbl_zSig+D'1'
014A  01AE  	CLRF gbl_15_gbl_zSig+D'2'
014B  01AF  	CLRF gbl_15_gbl_zSig+D'3'
014C  01BC  	CLRF gbl_15_gbl_aExp
014D  01BD  	CLRF gbl_15_gbl_bExp
014E  01B7  	CLRF gbl_15_gbl_zExp
014F  01B8  	CLRF gbl_15_gbl_zExp+D'1'
0150  01BE  	CLRF gbl_15_gbl_aSign
0151  01BF  	CLRF gbl_15_gbl_bSign
0152  01C0  	CLRF gbl_15_gbl_zSign
0153  01C1  	CLRF gbl_15_gbl_zSigZero
0154  01B0  	CLRF gbl_15_gbl_ret
0155  01B1  	CLRF gbl_15_gbl_ret+D'1'
0156  01B2  	CLRF gbl_15_gbl_ret+D'2'
0157  01B3  	CLRF gbl_15_gbl_ret+D'3'
0158  01BA  	CLRF gbl_float_rounding_mode
0159  01BB  	CLRF gbl_float_exception_flags
015A  01B9  	CLRF gbl_float_detect_tininess
015B  118A  	BCF PCLATH,3
015C  120A  	BCF PCLATH,4
015D  290D  	GOTO	main
	ORG 0x0000015E
015E        interrupt
015E        ; { interrupt ; function begin
015E  1283  	BCF STATUS, RP0
015F  1303  	BCF STATUS, RP1
0160  0E36  	SWAPF Int1BContext+D'2', W
0161  0084  	MOVWF FSR
0162  0E35  	SWAPF Int1BContext+D'1', W
0163  008A  	MOVWF PCLATH
0164  0E34  	SWAPF Int1BContext, W
0165  0083  	MOVWF STATUS
0166  0EFF  	SWAPF Int1Context, F
0167  0E7F  	SWAPF Int1Context, W
0168  0009  	RETFIE
0169        ; } interrupt function end

	ORG 0x00002007
2007  3F3A  	DW 0x3F3A
