MPASM  5.51              HUB6CASCADE2HUBS.ASM   10-11-2019  16:29:54         PAGE  1


LOC  OBJECT CODE     LINE SOURCE TEXT
  VALUE

                      00001 ;**********************************************************************
                      00002 ;                                                                     *
                      00003 ;    FILENAME:      HUB6CASCADE2HUBS.ASM                              *
                      00004 ;    DATE:          20191011                                          *
                      00005 ;    FILE VERSION:                                                    *
                      00006 ;                                                                     *
                      00007 ;    AUTHOR:       KENNY NEUTRON                                      *
                      00008 ;    COMPANY:      GER-PER ENGINEERING                                *
                      00009 ;                                                                     * 
                      00010 ;                                                                     *
                      00011 ;**********************************************************************
                      00012 ;                                                                     *
                      00013 ;    FILES REQUIRED: P16F690.INC                                      *
                      00014 ;                                                                     *
                      00015 ;**********************************************************************
                      00016 
                      00017 
                      00018         LIST            P=16F690                ; LIST DIRECTIVE TO DEFINE PROCESSOR
                      00019         #INCLUDE        <P16F690.INC>           ; PROCESSOR SPECIFIC VARIABLE DEFINITIONS
                      00001         LIST
                      00002 
                      00003 ;==========================================================================
                      00004 ;  MPASM PIC16F690 processor include
                      00005 ; 
                      00006 ;  (c) Copyright 1999-2013 Microchip Technology, All rights reserved
                      00007 ;==========================================================================
                      00008 
                      00756         LIST
                      00020         
2007   30C2           00021         __CONFIG    _CP_OFF & _CPD_OFF & _BOR_OFF & _PWRTE_ON & _WDT_OFF & _HS_OSC & _MCLRE_OFF & _FCMEN
                            _OFF & _IESO_OFF
                      00022 
                      00023 ; '__CONFIG' DIRECTIVE IS USED TO EMBED CONFIGURATION DATA WITHIN .ASM FILE.
                      00024 ; THE LABELS FOLLOWING THE DIRECTIVE ARE LOCATED IN THE RESPECTIVE .INC FILE.
                      00025 ; SEE RESPECTIVE DATA SHEET FOR ADDITIONAL INFORMATION ON CONFIGURATION WORD.
                      00026 
                      00027 
                      00028 
                      00029 
                      00030 
                      00031 
                      00032 ;***** VARIABLE DEFINITIONS
  0000007D            00033 W_TEMP          EQU     0X7D                    ; VARIABLE USED FOR CONTEXT SAVING
  0000007E            00034 STATUS_TEMP     EQU     0X7E                    ; VARIABLE USED FOR CONTEXT SAVING
  0000007F            00035 PCLATH_TEMP     EQU     0X7F                    ; VARIABLE USED FOR CONTEXT SAVING
                      00036 
                      00037 
                      00038         ;#DEFINE C0_ON          BSF PORTC,      0       PORTC0=====>HI
                      00039         ;#DEFINE C0_OFF         BCF PORTC,      0       PORTC0=====>LO
                      00040 
                      00041         #DEFINE OE_ON           BCF     PORTA, 2
                      00042         #DEFINE OE_OFF          BSF     PORTA, 2
                      00043 
MPASM  5.51              HUB6CASCADE2HUBS.ASM   10-11-2019  16:29:54         PAGE  2


LOC  OBJECT CODE     LINE SOURCE TEXT
  VALUE

                      00044         #DEFINE A_ON            BSF     PORTC, 0
                      00045         #DEFINE A_OFF           BCF     PORTC, 0
                      00046         
                      00047         #DEFINE B_ON            BSF     PORTC, 1
                      00048         #DEFINE B_OFF           BCF PORTC, 1
                      00049 
                      00050         #DEFINE C_ON            BSF     PORTC, 2
                      00051         #DEFINE C_OFF           BCF     PORTC, 2
                      00052         
                      00053         #DEFINE D_ON            BSF     PORTC, 3
                      00054         #DEFINE D_OFF           BCF     PORTC, 3
                      00055 
                      00056         #DEFINE LAT_ON          BSF     PORTB, 4
                      00057         #DEFINE LAT_OFF         BCF     PORTB, 4
                      00058 
                      00059         #DEFINE CLK_ON      BSF PORTB, 6
                      00060         #DEFINE CLK_OFF         BCF     PORTB, 6
                      00061 
                      00062         #DEFINE R0_1            BSF     PORTC, 4
                      00063         #DEFINE R0_0            BCF     PORTC, 4
                      00064         
                      00065         #DEFINE R1_1            BSF     PORTC, 5
                      00066         #DEFINE R1_0            BCF     PORTC, 5
                      00067 
                      00068         #DEFINE G0_1            BSF     PORTC, 6
                      00069         #DEFINE G0_0            BCF     PORTC, 6
                      00070         
                      00071         #DEFINE G1_1            BSF     PORTC, 7
                      00072         #DEFINE G1_0            BCF     PORTC, 7
                      00073 
                      00074         #DEFINE WP_ON           BSF     PORTA,1
                      00075         #DEFINE WP_OFF          BCF     PORTA,1
                      00076 
                      00077         #DEFINE SDA_1           BSF     PORTB,7
                      00078         #DEFINE SDA_0           BCF     PORTB,7
                      00079 
                      00080         #DEFINE SCL_1           BSF     PORTB,5
                      00081         #DEFINE SCL_0           BCF     PORTB,5
                      00082 
                      00083         #DEFINE BANK0           BANKSEL PORTA
                      00084         #DEFINE BANK1           BANKSEL ADRESL
                      00085         #DEFINE BANK2           BANKSEL ANSELH
                      00086 
                      00087 ;============================   BANK    0       ===========================
Warning[205]: Found directive in column 1. (CBLOCK)
                      00088 CBLOCK 0X20
  00000020            00089                         DRAM: .64
Warning[210]: Extra ","
  00000060            00090                         DELAYUS, DELAYMS,  MILSEC, ;SEC,DELAYS, ;DELAY VARIABLES
                      00091                         ;=======================================================
  00000063            00092                         LOOP,COUNT0,COUNT1,COUNT2
  00000067            00093                         POINTER,BTCOUNT
  00000069            00094                         COLOR,NUMBER,ROW,FONT,STPT
MPASM  5.51              HUB6CASCADE2HUBS.ASM   10-11-2019  16:29:54         PAGE  3


LOC  OBJECT CODE     LINE SOURCE TEXT
  VALUE

  0000006E            00095                         CURSORX,CURSORY,CURSORY_TEMP
  00000071            00096                         REDHALF0,REDHALF1                       ;RED UPPER HALF : RED LOWER HALF RAMS
  00000073            00097                         GRNHALF0,GRNHALF1                       ;GRN UPPER HALF : GRN LOWER HAL
  00000075            00098                         TEMPRAM:.8
                      00099 
  0000007D            00100                         TESTNUM
  0000007E            00101                         TESTLOOP
  0000007F            00102                         PERIOD
  00000080            00103                         I2CREG,I2CLOOP
Warning[205]: Found directive in column 1. (ENDC)
                      00104 ENDC
                      00105 ;======================================================================
                      00106 
                      00107 
                      00108 ;============================   BANK    1       ===========================
Warning[205]: Found directive in column 1. (CBLOCK)
                      00109 CBLOCK 0XA0
                      00110 
Warning[205]: Found directive in column 1. (ENDC)
                      00111 ENDC
                      00112 ;======================================================================
                      00113 
                      00114 
                      00115 
                      00116 ;============================   BANK    2       ===========================
Warning[205]: Found directive in column 1. (CBLOCK)
                      00117 CBLOCK 0X120
                      00118 
                      00119 
Warning[205]: Found directive in column 1. (ENDC)
                      00120 ENDC
                      00121 ;======================================================================
                      00122 
                      00123 ;**************************************************     ********************
0000                  00124         ORG             0X000                           ; PROCESSOR RESET VECTOR
0000   2810           00125         GOTO    INIT                            ; GO TO BEGINNING OF PROGRAM
                      00126 
                      00127 
0004                  00128         ORG             0X004                           ; INTERRUPT VECTOR LOCATION
0004   00FD           00129         MOVWF           W_TEMP                  ; SAVE OFF CURRENT W REGISTER CONTENTS
0005   0803           00130         MOVF            STATUS,W                ; MOVE STATUS REGISTER INTO W REGISTER
0006   00FE           00131         MOVWF           STATUS_TEMP             ; SAVE OFF CONTENTS OF STATUS REGISTER
0007   080A           00132         MOVF            PCLATH,W                ; MOVE PCLATH REGISTER INTO W REGISTER
0008   00FF           00133         MOVWF           PCLATH_TEMP             ; SAVE OFF CONTENTS OF PCLATH REGISTER
                      00134 
                      00135 ; ISR CODE CAN GO HERE OR BE LOCATED AS A CALL SUBROUTINE ELSEWHERE
                      00136 
0009   087F           00137         MOVF            PCLATH_TEMP,W   ; RETRIEVE COPY OF PCLATH REGISTER
000A   008A           00138         MOVWF           PCLATH                  ; RESTORE PRE-ISR PCLATH REGISTER CONTENTS      
000B   087E           00139         MOVF            STATUS_TEMP,W   ; RETRIEVE COPY OF STATUS REGISTER
000C   0083           00140         MOVWF           STATUS                  ; RESTORE PRE-ISR STATUS REGISTER CONTENTS
000D   0EFD           00141         SWAPF           W_TEMP,F
000E   0E7D           00142         SWAPF           W_TEMP,W                ; RESTORE PRE-ISR W REGISTER CONTENTS
MPASM  5.51              HUB6CASCADE2HUBS.ASM   10-11-2019  16:29:54         PAGE  4


LOC  OBJECT CODE     LINE SOURCE TEXT
  VALUE

000F   0009           00143         RETFIE                                          ; RETURN FROM INTERRUPT
                      00144 
                      00145 
                      00146 ;$$$$$$$$$$$$$$$$$$$$$  INITIALIZE      $$$$$$$$$$$$$$$$$$$$$$$$$$$$$$$$
0010                  00147 INIT
Warning[205]: Found directive in column 1. (BANKSEL)
0010   1283 1703      00148 BANKSEL ANSEL
Warning[203]: Found opcode in column 1. (CLRW)
0012   0103           00149 CLRW
Warning[203]: Found opcode in column 1. (MOVWF)
Message[302]: Register in operand not in bank 0.  Ensure that bank bits are correct.
0013   009E           00150 MOVWF   ANSEL
Warning[203]: Found opcode in column 1. (MOVWF)
Message[302]: Register in operand not in bank 0.  Ensure that bank bits are correct.
0014   009F           00151 MOVWF   ANSELH
                      00152 
Warning[205]: Found directive in column 1. (BANKSEL)
0015   1683 1303      00153 BANKSEL TRISA
                      00154 
Warning[203]: Found opcode in column 1. (MOVLW)
0017   3000           00155 MOVLW   0
Warning[203]: Found opcode in column 1. (MOVWF)
Message[302]: Register in operand not in bank 0.  Ensure that bank bits are correct.
0018   0085           00156 MOVWF   TRISA
                      00157 
Warning[203]: Found opcode in column 1. (MOVLW)
0019   3000           00158 MOVLW   0
Warning[203]: Found opcode in column 1. (MOVWF)
Message[302]: Register in operand not in bank 0.  Ensure that bank bits are correct.
001A   0086           00159 MOVWF   TRISB
                      00160 
Warning[203]: Found opcode in column 1. (MOVLW)
001B   3000           00161 MOVLW   0
Warning[203]: Found opcode in column 1. (MOVWF)
Message[302]: Register in operand not in bank 0.  Ensure that bank bits are correct.
001C   0087           00162 MOVWF   TRISC
                      00163 
                      00164 
                      00165 
Warning[205]: Found directive in column 1. (BANKSEL)
001D   1283 1303      00166 BANK0
Warning[203]: Found opcode in column 1. (BCF)
001F   1007           00167 A_OFF
Warning[203]: Found opcode in column 1. (BCF)
0020   1087           00168 B_OFF
Warning[203]: Found opcode in column 1. (BCF)
0021   1107           00169 C_OFF
Warning[203]: Found opcode in column 1. (BCF)
0022   1187           00170 D_OFF
Warning[203]: Found opcode in column 1. (BCF)
0023   1306           00171 CLK_OFF
Warning[203]: Found opcode in column 1. (BCF)
0024   1206           00172 LAT_OFF
MPASM  5.51              HUB6CASCADE2HUBS.ASM   10-11-2019  16:29:54         PAGE  5


LOC  OBJECT CODE     LINE SOURCE TEXT
  VALUE

Warning[203]: Found opcode in column 1. (BCF)
0025   1287           00173 R1_0
0026                  00174 R2_0
Warning[203]: Found opcode in column 1. (BCF)
0026   1387           00175 G1_0
0027                  00176 G2_0
Warning[203]: Found opcode in column 1. (BCF)
0027   1105           00177 OE_ON
                      00178 
Warning[203]: Found opcode in column 1. (CALL)
0028   2051           00179 CALL    CLR_RAM
                      00180 
Warning[203]: Found opcode in column 1. (MOVLW)
0029   30F0           00181 MOVLW   0XF0
Warning[203]: Found opcode in column 1. (MOVWF)
002A   00A0           00182 MOVWF   DRAM+00
                      00183 
Warning[203]: Found opcode in column 1. (MOVLW)
002B   300F           00184 MOVLW   0X0F
Warning[203]: Found opcode in column 1. (MOVWF)
002C   00B0           00185 MOVWF   DRAM+10
                      00186 
Warning[203]: Found opcode in column 1. (MOVLW)
002D   300F           00187 MOVLW   0X0F
Warning[203]: Found opcode in column 1. (MOVWF)
002E   00C0           00188 MOVWF   DRAM+20
                      00189 
Warning[203]: Found opcode in column 1. (MOVLW)
002F   30F0           00190 MOVLW   0XF0
Warning[203]: Found opcode in column 1. (MOVWF)
0030   00D0           00191 MOVWF   DRAM+30
                      00192 
                      00193 
Warning[203]: Found opcode in column 1. (MOVLW)
0031   300F           00194 MOVLW   0X0F
Warning[203]: Found opcode in column 1. (MOVWF)
0032   00A8           00195 MOVWF   DRAM+08
                      00196 
Warning[203]: Found opcode in column 1. (MOVLW)
0033   30F0           00197 MOVLW   0XF0
Warning[203]: Found opcode in column 1. (MOVWF)
0034   00B8           00198 MOVWF   DRAM+18
                      00199 
Warning[203]: Found opcode in column 1. (MOVLW)
0035   30F0           00200 MOVLW   0XF0
Warning[203]: Found opcode in column 1. (MOVWF)
0036   00C8           00201 MOVWF   DRAM+28
                      00202 
Warning[203]: Found opcode in column 1. (MOVLW)
0037   300F           00203 MOVLW   0X0F
Warning[203]: Found opcode in column 1. (MOVWF)
0038   00D8           00204 MOVWF   DRAM+38
                      00205 
MPASM  5.51              HUB6CASCADE2HUBS.ASM   10-11-2019  16:29:54         PAGE  6


LOC  OBJECT CODE     LINE SOURCE TEXT
  VALUE

                      00206 
                      00207 
                      00208 
                      00209 ;CALL   CLR_RAM
Warning[203]: Found opcode in column 1. (MOVLW)
0039   3000           00210 MOVLW   0
Warning[203]: Found opcode in column 1. (MOVWF)
003A   008A           00211 MOVWF   PCLATH
                      00212 ;#######################        MAIN PROGRAM  ##########################
003B                  00213 MAIN
                      00214 
Warning[203]: Found opcode in column 1. (CALL)
003B   2095           00215 CALL    DISPLAY
                      00216 
                      00217 
Warning[203]: Found opcode in column 1. (GOTO)
003C   283B           00218 GOTO    MAIN
                      00219 ;###################################################################
                      00220 
                      00221 
                      00222 ;==========     DELAY USEC =========
003D                  00223 DELAY_US
                      00224 
003D   00E0           00225         MOVWF   DELAYUS
                      00226 
003E                  00227 USEC
                      00228 
003E   0000           00229         NOP
003F   0000           00230         NOP
0040   0000           00231         NOP
0041   0000           00232         NOP
Warning[203]: Found opcode in column 1. (DECFSZ)
0042   0BE0           00233 DECFSZ  DELAYUS,F
                      00234 
Warning[203]: Found opcode in column 1. (GOTO)
0043   283E           00235 GOTO    USEC
                      00236 
Warning[203]: Found opcode in column 1. (RETURN)
0044   0008           00237 RETURN
                      00238 ;=================================
                      00239 
                      00240 
                      00241 
                      00242 ;=========== DELAY ONE MS ========
0045                  00243 DELAY_ONEMS
                      00244 
0045   3005           00245         MOVLW   .5
0046   00E3           00246         MOVWF   LOOP
                      00247 
0047                  00248 MSEC
0047   30C8           00249         MOVLW   .200
0048   203D           00250         CALL    DELAY_US
0049   0BE3           00251         DECFSZ  LOOP,F
MPASM  5.51              HUB6CASCADE2HUBS.ASM   10-11-2019  16:29:54         PAGE  7


LOC  OBJECT CODE     LINE SOURCE TEXT
  VALUE

004A   2847           00252         GOTO    MSEC
                      00253 
Warning[203]: Found opcode in column 1. (RETURN)
004B   0008           00254 RETURN
                      00255 ;==================================
                      00256 
                      00257 
                      00258 ;=========== DELAY MS   ==========
004C                  00259 DELAY_MS
                      00260         
004C   00E1           00261         MOVWF   DELAYMS
004D                  00262 MSEC0
004D   2045           00263         CALL    DELAY_ONEMS
004E   0BE1           00264         DECFSZ  DELAYMS,F
004F   284D           00265         GOTO    MSEC0
Warning[203]: Found opcode in column 1. (RETURN)
0050   0008           00266 RETURN
                      00267 ;=================================
                      00268 
                      00269 ;=========== DELAY      ONE     SECOND ===
                      00270 ;DELAY_ONESEC
                      00271 ;
                      00272 ;       MOVLW   .5
                      00273 ;       MOVWF   SEC
                      00274 ;SEC0
                      00275 ;       MOVLW   .200
                      00276 ;       CALL    DELAY_MS
                      00277 ;       DECFSZ  SEC,F
                      00278 ;       GOTO    SEC0
                      00279 ;RETURN
                      00280 ;;=================================
                      00281 ;
                      00282 ;;==========    DELAY SEC =========
                      00283 ;DELAY_SEC
                      00284 ;
                      00285 ;       MOVWF   DELAYS
                      00286 ;SEC1
                      00287 ;       CALL    DELAY_ONESEC
                      00288 ;       DECFSZ  DELAYS,F
                      00289 ;       GOTO    SEC1
                      00290 ;RETURN
                      00291 ;;=================================
                      00292 
                      00293 ;=======================        CLEAR   RAM             ===============
0051                  00294 CLR_RAM
0051   1283 1303      00295         BANK0
0053   3040           00296         MOVLW           .64
0054   00E7           00297         MOVWF           POINTER
0055   3020           00298         MOVLW           DRAM
0056   0084           00299         MOVWF           FSR  
                      00300 
0057                  00301 CLR0
0057   30FF           00302         MOVLW           0XFF
MPASM  5.51              HUB6CASCADE2HUBS.ASM   10-11-2019  16:29:54         PAGE  8


LOC  OBJECT CODE     LINE SOURCE TEXT
  VALUE

0058   0080           00303         MOVWF           INDF
                      00304 
0059   0A84           00305         INCF            FSR, F
005A   0BE7           00306         DECFSZ          POINTER, F
005B   2857           00307         GOTO            CLR0
                      00308          
005C   0008           00309         RETURN
                      00310 ;==========================================================
                      00311 
                      00312 
                      00313 
                      00314 ;=======================        REGISTER DATA           ===============
005D                  00315 DATAREG
                      00316 
                      00317 
                      00318 
005D   3020           00319         MOVLW   0X20
005E   0084           00320         MOVWF   FSR
                      00321 
005F   3010           00322         MOVLW   .16
0060   00E4           00323         MOVWF   COUNT0
                      00324         
                      00325 
0061                  00326 DR0
0061   0800           00327         MOVFW   INDF
0062   00F1           00328         MOVWF   REDHALF0
                      00329         
                      00330 
0063   1604           00331         BSF             FSR,4
                      00332         
0064   0800           00333         MOVFW   INDF
0065   00F2           00334         MOVWF   REDHALF1
                      00335 
                      00336 
0066   3010           00337         MOVLW   0X10
Message[305]: Using default destination of 1 (file).
0067   0784           00338         ADDWF   FSR     
                      00339         
0068   0800           00340         MOVFW   INDF
0069   00F3           00341         MOVWF   GRNHALF0
                      00342 
                      00343         
006A   1604           00344         BSF             FSR,4
                      00345 
006B   0800           00346         MOVFW   INDF
006C   00F4           00347         MOVWF   GRNHALF1
                      00348 
006D   3008           00349         MOVLW   8
006E   00E5           00350         MOVWF   COUNT1
                      00351 
006F                  00352 DR1
Message[305]: Using default destination of 1 (file).
006F   0DF1           00353         RLF             REDHALF0
MPASM  5.51              HUB6CASCADE2HUBS.ASM   10-11-2019  16:29:54         PAGE  9


LOC  OBJECT CODE     LINE SOURCE TEXT
  VALUE

                      00354         
0070   1C03           00355         BTFSS   STATUS,C
0071   2873           00356         GOTO    R0LO
0072   2875           00357         GOTO    R0HI
                      00358 
0073                  00359 R0LO
0073   1607           00360         R0_1
0074   2876           00361         GOTO    DR2
0075                  00362 R0HI
0075   1207           00363         R0_0
                      00364 ;-------------------
0076                  00365 DR2
Message[305]: Using default destination of 1 (file).
0076   0DF2           00366         RLF             REDHALF1
                      00367         
0077   1C03           00368         BTFSS   STATUS,C
0078   287A           00369         GOTO    R1LO
0079   287C           00370         GOTO    R1HI
                      00371 
007A                  00372 R1LO
007A   1687           00373         R1_1
007B   287D           00374         GOTO    DR3
                      00375 
007C                  00376 R1HI
007C   1287           00377         R1_0
                      00378 ;-------------------
007D                  00379 DR3
                      00380         
Message[305]: Using default destination of 1 (file).
007D   0DF3           00381         RLF             GRNHALF0
                      00382         
007E   1C03           00383         BTFSS   STATUS,C
007F   2881           00384         GOTO    G0LO
0080   2883           00385         GOTO    G0HI
                      00386 
                      00387 
0081                  00388 G0LO
0081   1707           00389         G0_1
0082   2884           00390         GOTO    DR4
                      00391 
0083                  00392 G0HI
0083   1307           00393         G0_0
                      00394 ;-------------------
0084                  00395 DR4
                      00396 
Message[305]: Using default destination of 1 (file).
0084   0DF4           00397         RLF             GRNHALF1
                      00398 
0085   1C03           00399         BTFSS   STATUS,C
0086   2888           00400         GOTO    G1LO
0087   288A           00401         GOTO    G1HI
                      00402 
                      00403 
MPASM  5.51              HUB6CASCADE2HUBS.ASM   10-11-2019  16:29:54         PAGE 10


LOC  OBJECT CODE     LINE SOURCE TEXT
  VALUE

0088                  00404 G1LO
0088   1787           00405         G1_1
0089   288B           00406         GOTO    DR5
008A                  00407 G1HI
008A   1387           00408         G1_0
                      00409 ;-------------------
008B                  00410 DR5
                      00411         
                      00412 
008B   1706           00413         CLK_ON
008C   1306           00414         CLK_OFF
                      00415 
008D   0BE5           00416         DECFSZ  COUNT1,F
008E   286F           00417         GOTO    DR1
                      00418 
008F   3030           00419         MOVLW   0X30
Message[305]: Using default destination of 1 (file).
0090   0284           00420         SUBWF   FSR
                      00421         
Message[305]: Using default destination of 1 (file).
0091   0A84           00422         INCF    FSR
                      00423         
0092   0BE4           00424         DECFSZ  COUNT0,F
0093   2861           00425         GOTO    DR0
                      00426 
                      00427 
Warning[203]: Found opcode in column 1. (RETURN)
0094   0008           00428 RETURN
                      00429 ;==========================================================     
                      00430 
                      00431 
                      00432 
                      00433 
0095                  00434 DISPLAY
                      00435 
0095   3010           00436                 MOVLW   .16
0096   00E6           00437                 MOVWF   COUNT2
0097   3000           00438                 MOVLW   0
0098   00EB           00439                 MOVWF   ROW
                      00440 
0099                  00441 DISP0   
0099   1606           00442                 LAT_ON
009A   1206           00443                 LAT_OFF
009B   1105           00444                 OE_ON
                      00445         ;       CALL    CLR_RAM
                      00446 
                      00447 
                      00448         ;       CALL    COMMAND
                      00449 
009C   205D           00450                 CALL    DATAREG
009D   1505           00451                 OE_OFF
                      00452 
                      00453 
MPASM  5.51              HUB6CASCADE2HUBS.ASM   10-11-2019  16:29:54         PAGE 11


LOC  OBJECT CODE     LINE SOURCE TEXT
  VALUE

                      00454 
009E   086B           00455                 MOVFW   ROW
009F   0087           00456                 MOVWF   PORTC
Message[305]: Using default destination of 1 (file).
00A0   0AEB           00457                 INCF    ROW
00A1   0BE6           00458                 DECFSZ  COUNT2,F
                      00459 
00A2   2899           00460                 GOTO    DISP0
                      00461 
                      00462 
Warning[203]: Found opcode in column 1. (RETURN)
00A3   0008           00463 RETURN
                      00464 
2100                  00465         ORG     0X2100                          ; DATA EEPROM LOCATION
2100   0001 0002 0003 00466         DE      1,2,3,4                         ; DEFINE FIRST FOUR EEPROM LOCATIONS AS 1, 2, 3, AND 4
       0004 
                      00467 
                      00468 
                      00469 
                      00470 
                      00471         END                       ; DIRECTIVE 'END OF PROGRAM'
MPASM  5.51              HUB6CASCADE2HUBS.ASM   10-11-2019  16:29:54         PAGE 12


SYMBOL TABLE
  LABEL                             VALUE 

ABDEN                             00000000
ABDOVF                            00000007
ADCON0                            0000001F
ADCON1                            0000009F
ADCS0                             00000004
ADCS1                             00000005
ADCS2                             00000006
ADDEN                             00000003
ADFM                              00000007
ADIE                              00000006
ADIF                              00000006
ADON                              00000000
ADRESH                            0000001E
ADRESL                            0000009E
ANS0                              00000000
ANS1                              00000001
ANS10                             00000002
ANS11                             00000003
ANS2                              00000002
ANS3                              00000003
ANS4                              00000004
ANS5                              00000005
ANS6                              00000006
ANS7                              00000007
ANS8                              00000000
ANS9                              00000001
ANSEL                             0000011E
ANSELH                            0000011F
A_OFF                             BCF     PORTC, 0
A_ON                              BSF     PORTC, 0
BANK0                             BANKSEL PORTA
BANK1                             BANKSEL ADRESL
BANK2                             BANKSEL ANSELH
BAUDCTL                           0000009B
BF                                00000000
BRG0                              00000000
BRG1                              00000001
BRG10                             00000002
BRG11                             00000003
BRG12                             00000004
BRG13                             00000005
BRG14                             00000006
BRG15                             00000007
BRG16                             00000003
BRG2                              00000002
BRG3                              00000003
BRG4                              00000004
BRG5                              00000005
BRG6                              00000006
BRG7                              00000007
BRG8                              00000000
BRG9                              00000001
BRGH                              00000002
MPASM  5.51              HUB6CASCADE2HUBS.ASM   10-11-2019  16:29:54         PAGE 13


SYMBOL TABLE
  LABEL                             VALUE 

BTCOUNT                           00000068
B_OFF                             BCF PORTC, 1
B_ON                              BSF     PORTC, 1
C                                 00000000
C1CH0                             00000000
C1CH1                             00000001
C1IE                              00000005
C1IF                              00000005
C1OE                              00000005
C1ON                              00000007
C1OUT                             00000006
C1POL                             00000004
C1R                               00000002
C1SEN                             00000005
C1VREN                            00000007
C2CH0                             00000000
C2CH1                             00000001
C2IE                              00000006
C2IF                              00000006
C2OE                              00000005
C2ON                              00000007
C2OUT                             00000006
C2POL                             00000004
C2R                               00000002
C2REN                             00000004
C2SYNC                            00000000
C2VREN                            00000006
CCP1CON                           00000017
CCP1IE                            00000002
CCP1IF                            00000002
CCP1M0                            00000000
CCP1M1                            00000001
CCP1M2                            00000002
CCP1M3                            00000003
CCPR                              00000015
CCPR1H                            00000016
CCPR1L                            00000015
CHS0                              00000002
CHS1                              00000003
CHS2                              00000004
CHS3                              00000005
CKE                               00000006
CKP                               00000004
CLK_OFF                           BCF     PORTB, 6
CLK_ON                            BSF PORTB, 6
CLR0                              00000057
CLR_RAM                           00000051
CM1CON0                           00000119
CM2CON0                           0000011A
CM2CON1                           0000011B
COLOR                             00000069
COUNT0                            00000064
COUNT1                            00000065
MPASM  5.51              HUB6CASCADE2HUBS.ASM   10-11-2019  16:29:54         PAGE 14


SYMBOL TABLE
  LABEL                             VALUE 

COUNT2                            00000066
CREN                              00000004
CSRC                              00000007
CURSORX                           0000006E
CURSORY                           0000006F
CURSORY_TEMP                      00000070
C_OFF                             BCF     PORTC, 2
C_ON                              BSF     PORTC, 2
D                                 00000005
DATAREG                           0000005D
DATA_ADDRESS                      00000005
DC                                00000001
DC1B0                             00000004
DC1B1                             00000005
DELAYMS                           00000061
DELAYUS                           00000060
DELAY_MS                          0000004C
DELAY_ONEMS                       00000045
DELAY_US                          0000003D
DISP0                             00000099
DISPLAY                           00000095
DR0                               00000061
DR1                               0000006F
DR2                               00000076
DR3                               0000007D
DR4                               00000084
DR5                               0000008B
DRAM                              00000020
D_A                               00000005
D_NOT_A                           00000005
D_OFF                             BCF     PORTC, 3
D_ON                              BSF     PORTC, 3
ECCPAS                            0000001D
ECCPAS0                           00000004
ECCPAS1                           00000005
ECCPAS2                           00000006
ECCPASE                           00000007
EEADR                             0000010D
EEADRH                            0000010F
EECON1                            0000018C
EECON2                            0000018D
EEDAT                             0000010C
EEDATA                            0000010C
EEDATH                            0000010E
EEIE                              00000004
EEIF                              00000004
EEPGD                             00000007
F                                 00000001
FERR                              00000002
FONT                              0000006C
FSR                               00000004
G0HI                              00000083
G0LO                              00000081
MPASM  5.51              HUB6CASCADE2HUBS.ASM   10-11-2019  16:29:54         PAGE 15


SYMBOL TABLE
  LABEL                             VALUE 

G0_0                              BCF     PORTC, 6
G0_1                              BSF     PORTC, 6
G1HI                              0000008A
G1LO                              00000088
G1_0                              BCF     PORTC, 7
G1_1                              BSF     PORTC, 7
G2_0                              00000027
GIE                               00000007
GO                                00000001
GO_DONE                           00000001
GO_NOT_DONE                       00000001
GRNHALF0                          00000073
GRNHALF1                          00000074
HTS                               00000002
I2CLOOP                           00000081
I2CREG                            00000080
I2C_DATA                          00000005
I2C_READ                          00000002
I2C_START                         00000003
I2C_STOP                          00000004
INDF                              00000000
INIT                              00000010
INTCON                            0000000B
INTE                              00000004
INTEDG                            00000006
INTF                              00000001
IOC                               00000096
IOC0                              00000000
IOC1                              00000001
IOC2                              00000002
IOC3                              00000003
IOC4                              00000004
IOC5                              00000005
IOCA                              00000096
IOCA0                             00000000
IOCA1                             00000001
IOCA2                             00000002
IOCA3                             00000003
IOCA4                             00000004
IOCA5                             00000005
IOCB                              00000116
IOCB4                             00000004
IOCB5                             00000005
IOCB6                             00000006
IOCB7                             00000007
IRCF0                             00000004
IRCF1                             00000005
IRCF2                             00000006
IRP                               00000007
LAT_OFF                           BCF     PORTB, 4
LAT_ON                            BSF     PORTB, 4
LOOP                              00000063
LTS                               00000001
MPASM  5.51              HUB6CASCADE2HUBS.ASM   10-11-2019  16:29:54         PAGE 16


SYMBOL TABLE
  LABEL                             VALUE 

MAIN                              0000003B
MC1OUT                            00000007
MC2OUT                            00000006
MILSEC                            00000062
MSEC                              00000047
MSEC0                             0000004D
MSK                               00000093
MSK0                              00000000
MSK1                              00000001
MSK2                              00000002
MSK3                              00000003
MSK4                              00000004
MSK5                              00000005
MSK6                              00000006
MSK7                              00000007
NOT_A                             00000005
NOT_ADDRESS                       00000005
NOT_BOR                           00000000
NOT_DONE                          00000001
NOT_PD                            00000003
NOT_POR                           00000001
NOT_RABPU                         00000007
NOT_T1SYNC                        00000002
NOT_TO                            00000004
NOT_W                             00000002
NOT_WRITE                         00000002
NUMBER                            0000006A
OERR                              00000001
OE_OFF                            BSF     PORTA, 2
OE_ON                             BCF     PORTA, 2
OPTION_REG                        00000081
OSCCON                            0000008F
OSCTUNE                           00000090
OSFIE                             00000007
OSFIF                             00000007
OSTS                              00000003
P                                 00000004
P1M0                              00000006
P1M1                              00000007
PCL                               00000002
PCLATH                            0000000A
PCLATH_TEMP                       0000007F
PCON                              0000008E
PDC0                              00000000
PDC1                              00000001
PDC2                              00000002
PDC3                              00000003
PDC4                              00000004
PDC5                              00000005
PDC6                              00000006
PEIE                              00000006
PERIOD                            0000007F
PIE1                              0000008C
MPASM  5.51              HUB6CASCADE2HUBS.ASM   10-11-2019  16:29:54         PAGE 17


SYMBOL TABLE
  LABEL                             VALUE 

PIE2                              0000008D
PIR1                              0000000C
PIR2                              0000000D
POINTER                           00000067
PORTA                             00000005
PORTB                             00000006
PORTC                             00000007
PR2                               00000092
PRSEN                             00000007
PS0                               00000000
PS1                               00000001
PS2                               00000002
PSA                               00000003
PSSAC0                            00000002
PSSAC1                            00000003
PSSBD0                            00000000
PSSBD1                            00000001
PSTRCON                           0000019D
PULSR                             00000002
PULSS                             00000003
PWM1CON                           0000001C
R                                 00000002
R0HI                              00000075
R0LO                              00000073
R0_0                              BCF     PORTC, 4
R0_1                              BSF     PORTC, 4
R1HI                              0000007C
R1LO                              0000007A
R1_0                              BCF     PORTC, 5
R1_1                              BSF     PORTC, 5
R2_0                              00000026
RA0                               00000000
RA1                               00000001
RA2                               00000002
RA3                               00000003
RA4                               00000004
RA5                               00000005
RABIE                             00000003
RABIF                             00000000
RB4                               00000004
RB5                               00000005
RB6                               00000006
RB7                               00000007
RC0                               00000000
RC1                               00000001
RC2                               00000002
RC3                               00000003
RC4                               00000004
RC5                               00000005
RC6                               00000006
RC7                               00000007
RCIDL                             00000006
RCIE                              00000005
MPASM  5.51              HUB6CASCADE2HUBS.ASM   10-11-2019  16:29:54         PAGE 18


SYMBOL TABLE
  LABEL                             VALUE 

RCIF                              00000005
RCREG                             0000001A
RCSTA                             00000018
RD                                00000000
READ_WRITE                        00000002
REDHALF0                          00000071
REDHALF1                          00000072
ROW                               0000006B
RP0                               00000005
RP1                               00000006
RX9                               00000006
RX9D                              00000000
R_NOT_W                           00000002
R_W                               00000002
S                                 00000003
SBOREN                            00000004
SCKP                              00000004
SCL_0                             BCF     PORTB,5
SCL_1                             BSF     PORTB,5
SCS                               00000000
SDA_0                             BCF     PORTB,7
SDA_1                             BSF     PORTB,7
SENB                              00000003
SENDB                             00000003
SMP                               00000007
SPBRG                             00000099
SPBRGH                            0000009A
SPEN                              00000007
SR0                               00000006
SR1                               00000007
SRCON                             0000019E
SREN                              00000005
SSPADD                            00000093
SSPBUF                            00000013
SSPCON                            00000014
SSPEN                             00000005
SSPIE                             00000003
SSPIF                             00000003
SSPM0                             00000000
SSPM1                             00000001
SSPM2                             00000002
SSPM3                             00000003
SSPMSK                            00000093
SSPOV                             00000006
SSPSTAT                           00000094
STATUS                            00000003
STATUS_TEMP                       0000007E
STPT                              0000006D
STRA                              00000000
STRB                              00000001
STRC                              00000002
STRD                              00000003
STRSYNC                           00000004
MPASM  5.51              HUB6CASCADE2HUBS.ASM   10-11-2019  16:29:54         PAGE 19


SYMBOL TABLE
  LABEL                             VALUE 

SWDTEN                            00000000
SYNC                              00000004
T0CS                              00000005
T0IE                              00000005
T0IF                              00000002
T0SE                              00000004
T1CKPS0                           00000004
T1CKPS1                           00000005
T1CON                             00000010
T1GINV                            00000007
T1GSS                             00000001
T1IE                              00000000
T1IF                              00000000
T1OSCEN                           00000003
T2CKPS0                           00000000
T2CKPS1                           00000001
T2CON                             00000012
T2IE                              00000001
T2IF                              00000001
TEMPRAM                           00000075
TESTLOOP                          0000007E
TESTNUM                           0000007D
TMR0                              00000001
TMR1                              0000000E
TMR1CS                            00000001
TMR1GE                            00000006
TMR1H                             0000000F
TMR1IE                            00000000
TMR1IF                            00000000
TMR1L                             0000000E
TMR1ON                            00000000
TMR2                              00000011
TMR2IE                            00000001
TMR2IF                            00000001
TMR2ON                            00000002
TOUTPS0                           00000003
TOUTPS1                           00000004
TOUTPS2                           00000005
TOUTPS3                           00000006
TRISA                             00000085
TRISA0                            00000000
TRISA1                            00000001
TRISA2                            00000002
TRISA3                            00000003
TRISA4                            00000004
TRISA5                            00000005
TRISB                             00000086
TRISB4                            00000004
TRISB5                            00000005
TRISB6                            00000006
TRISB7                            00000007
TRISC                             00000087
TRISC0                            00000000
MPASM  5.51              HUB6CASCADE2HUBS.ASM   10-11-2019  16:29:54         PAGE 20


SYMBOL TABLE
  LABEL                             VALUE 

TRISC1                            00000001
TRISC2                            00000002
TRISC3                            00000003
TRISC4                            00000004
TRISC5                            00000005
TRISC6                            00000006
TRISC7                            00000007
TRMT                              00000001
TUN0                              00000000
TUN1                              00000001
TUN2                              00000002
TUN3                              00000003
TUN4                              00000004
TX9                               00000006
TX9D                              00000000
TXEN                              00000005
TXIE                              00000004
TXIF                              00000004
TXREG                             00000019
TXSTA                             00000098
UA                                00000001
ULPWUE                            00000005
USEC                              0000003E
VCFG                              00000006
VP6EN                             00000004
VR0                               00000000
VR1                               00000001
VR2                               00000002
VR3                               00000003
VRCON                             00000118
VRR                               00000005
W                                 00000000
WCOL                              00000007
WDTCON                            00000097
WDTPS0                            00000001
WDTPS1                            00000002
WDTPS2                            00000003
WDTPS3                            00000004
WPU                               00000095
WPU0                              00000000
WPU1                              00000001
WPU2                              00000002
WPU4                              00000004
WPU5                              00000005
WPUA                              00000095
WPUA0                             00000000
WPUA1                             00000001
WPUA2                             00000002
WPUA4                             00000004
WPUA5                             00000005
WPUB                              00000115
WPUB4                             00000004
WPUB5                             00000005
MPASM  5.51              HUB6CASCADE2HUBS.ASM   10-11-2019  16:29:54         PAGE 21


SYMBOL TABLE
  LABEL                             VALUE 

WPUB6                             00000006
WPUB7                             00000007
WP_OFF                            BCF     PORTA,1
WP_ON                             BSF     PORTA,1
WR                                00000001
WREN                              00000002
WRERR                             00000003
WUE                               00000001
W_TEMP                            0000007D
Z                                 00000002
_BOD_NSLEEP                       00003EFF
_BOD_OFF                          00003CFF
_BOD_ON                           00003FFF
_BOD_SBODEN                       00003DFF
_BOREN_NSLEEP                     00003EFF
_BOREN_OFF                        00003CFF
_BOREN_ON                         00003FFF
_BOREN_SBODEN                     00003DFF
_BOR_NSLEEP                       00003EFF
_BOR_OFF                          00003CFF
_BOR_ON                           00003FFF
_BOR_SBODEN                       00003DFF
_CONFIG                           00002007
_CPD_OFF                          00003FFF
_CPD_ON                           00003F7F
_CP_OFF                           00003FFF
_CP_ON                            00003FBF
_DEVID1                           00002006
_EC_OSC                           00003FFB
_EXTRC                            00003FFF
_EXTRCIO                          00003FFE
_EXTRC_OSC_CLKOUT                 00003FFF
_EXTRC_OSC_NOCLKOUT               00003FFE
_FCMEN_OFF                        000037FF
_FCMEN_ON                         00003FFF
_FOSC_EC                          00003FFB
_FOSC_EXTRCCLK                    00003FFF
_FOSC_EXTRCIO                     00003FFE
_FOSC_HS                          00003FFA
_FOSC_INTRCCLK                    00003FFD
_FOSC_INTRCIO                     00003FFC
_FOSC_LP                          00003FF8
_FOSC_XT                          00003FF9
_HS_OSC                           00003FFA
_IDLOC0                           00002000
_IDLOC1                           00002001
_IDLOC2                           00002002
_IDLOC3                           00002003
_IESO_OFF                         00003BFF
_IESO_ON                          00003FFF
_INTOSC                           00003FFD
_INTOSCIO                         00003FFC
_INTRC_OSC_CLKOUT                 00003FFD
MPASM  5.51              HUB6CASCADE2HUBS.ASM   10-11-2019  16:29:54         PAGE 22


SYMBOL TABLE
  LABEL                             VALUE 

_INTRC_OSC_NOCLKOUT               00003FFC
_LP_OSC                           00003FF8
_MCLRE_OFF                        00003FDF
_MCLRE_ON                         00003FFF
_PWRTE_OFF                        00003FFF
_PWRTE_ON                         00003FEF
_WDTE_OFF                         00003FF7
_WDTE_ON                          00003FFF
_WDT_OFF                          00003FF7
_WDT_ON                           00003FFF
_XT_OSC                           00003FF9
__16F690                          00000001
__DEBUG                           1


MEMORY USAGE MAP ('X' = Used,  '-' = Unused)

0000 : X---XXXXXXXXXXXX XXXXXXXXXXXXXXXX XXXXXXXXXXXXXXXX XXXXXXXXXXXXXXXX
0040 : XXXXXXXXXXXXXXXX XXXXXXXXXXXXXXXX XXXXXXXXXXXXXXXX XXXXXXXXXXXXXXXX
0080 : XXXXXXXXXXXXXXXX XXXXXXXXXXXXXXXX XXXX------------ ----------------
2000 : -------X-------- ---------------- ---------------- ----------------
2100 : XXXX------------ ---------------- ---------------- ----------------

All other memory blocks unused.

Program Memory Words Used:   161
Program Memory Words Free:  3935


Errors   :     0
Warnings :    56 reported,     0 suppressed
Messages :    13 reported,     0 suppressed

