Warning[205] C:\USERS\GERPE\ONEDRIVE\GER-PER 2016\DOCUMENTS\KENNYNEUTRON\HUB6\HUB6DISPLAYCASCADE2HUBS\HUB6CASCADE2HUBS.ASM 88 : Found directive in column 1. (CBLOCK)
Warning[210] C:\USERS\GERPE\ONEDRIVE\GER-PER 2016\DOCUMENTS\KENNYNEUTRON\HUB6\HUB6DISPLAYCASCADE2HUBS\HUB6CASCADE2HUBS.ASM 90 : Extra ","
Warning[205] C:\USERS\GERPE\ONEDRIVE\GER-PER 2016\DOCUMENTS\KENNYNEUTRON\HUB6\HUB6DISPLAYCASCADE2HUBS\HUB6CASCADE2HUBS.ASM 104 : Found directive in column 1. (ENDC)
Warning[205] C:\USERS\GERPE\ONEDRIVE\GER-PER 2016\DOCUMENTS\KENNYNEUTRON\HUB6\HUB6DISPLAYCASCADE2HUBS\HUB6CASCADE2HUBS.ASM 109 : Found directive in column 1. (CBLOCK)
Warning[205] C:\USERS\GERPE\ONEDRIVE\GER-PER 2016\DOCUMENTS\KENNYNEUTRON\HUB6\HUB6DISPLAYCASCADE2HUBS\HUB6CASCADE2HUBS.ASM 111 : Found directive in column 1. (ENDC)
Warning[205] C:\USERS\GERPE\ONEDRIVE\GER-PER 2016\DOCUMENTS\KENNYNEUTRON\HUB6\HUB6DISPLAYCASCADE2HUBS\HUB6CASCADE2HUBS.ASM 117 : Found directive in column 1. (CBLOCK)
Warning[205] C:\USERS\GERPE\ONEDRIVE\GER-PER 2016\DOCUMENTS\KENNYNEUTRON\HUB6\HUB6DISPLAYCASCADE2HUBS\HUB6CASCADE2HUBS.ASM 120 : Found directive in column 1. (ENDC)
Warning[205] C:\USERS\GERPE\ONEDRIVE\GER-PER 2016\DOCUMENTS\KENNYNEUTRON\HUB6\HUB6DISPLAYCASCADE2HUBS\HUB6CASCADE2HUBS.ASM 148 : Found directive in column 1. (BANKSEL)
Warning[203] C:\USERS\GERPE\ONEDRIVE\GER-PER 2016\DOCUMENTS\KENNYNEUTRON\HUB6\HUB6DISPLAYCASCADE2HUBS\HUB6CASCADE2HUBS.ASM 149 : Found opcode in column 1. (CLRW)
Warning[203] C:\USERS\GERPE\ONEDRIVE\GER-PER 2016\DOCUMENTS\KENNYNEUTRON\HUB6\HUB6DISPLAYCASCADE2HUBS\HUB6CASCADE2HUBS.ASM 150 : Found opcode in column 1. (MOVWF)
Message[302] C:\USERS\GERPE\ONEDRIVE\GER-PER 2016\DOCUMENTS\KENNYNEUTRON\HUB6\HUB6DISPLAYCASCADE2HUBS\HUB6CASCADE2HUBS.ASM 150 : Register in operand not in bank 0.  Ensure that bank bits are correct.
Warning[203] C:\USERS\GERPE\ONEDRIVE\GER-PER 2016\DOCUMENTS\KENNYNEUTRON\HUB6\HUB6DISPLAYCASCADE2HUBS\HUB6CASCADE2HUBS.ASM 151 : Found opcode in column 1. (MOVWF)
Message[302] C:\USERS\GERPE\ONEDRIVE\GER-PER 2016\DOCUMENTS\KENNYNEUTRON\HUB6\HUB6DISPLAYCASCADE2HUBS\HUB6CASCADE2HUBS.ASM 151 : Register in operand not in bank 0.  Ensure that bank bits are correct.
Warning[205] C:\USERS\GERPE\ONEDRIVE\GER-PER 2016\DOCUMENTS\KENNYNEUTRON\HUB6\HUB6DISPLAYCASCADE2HUBS\HUB6CASCADE2HUBS.ASM 153 : Found directive in column 1. (BANKSEL)
Warning[203] C:\USERS\GERPE\ONEDRIVE\GER-PER 2016\DOCUMENTS\KENNYNEUTRON\HUB6\HUB6DISPLAYCASCADE2HUBS\HUB6CASCADE2HUBS.ASM 155 : Found opcode in column 1. (MOVLW)
Warning[203] C:\USERS\GERPE\ONEDRIVE\GER-PER 2016\DOCUMENTS\KENNYNEUTRON\HUB6\HUB6DISPLAYCASCADE2HUBS\HUB6CASCADE2HUBS.ASM 156 : Found opcode in column 1. (MOVWF)
Message[302] C:\USERS\GERPE\ONEDRIVE\GER-PER 2016\DOCUMENTS\KENNYNEUTRON\HUB6\HUB6DISPLAYCASCADE2HUBS\HUB6CASCADE2HUBS.ASM 156 : Register in operand not in bank 0.  Ensure that bank bits are correct.
Warning[203] C:\USERS\GERPE\ONEDRIVE\GER-PER 2016\DOCUMENTS\KENNYNEUTRON\HUB6\HUB6DISPLAYCASCADE2HUBS\HUB6CASCADE2HUBS.ASM 158 : Found opcode in column 1. (MOVLW)
Warning[203] C:\USERS\GERPE\ONEDRIVE\GER-PER 2016\DOCUMENTS\KENNYNEUTRON\HUB6\HUB6DISPLAYCASCADE2HUBS\HUB6CASCADE2HUBS.ASM 159 : Found opcode in column 1. (MOVWF)
Message[302] C:\USERS\GERPE\ONEDRIVE\GER-PER 2016\DOCUMENTS\KENNYNEUTRON\HUB6\HUB6DISPLAYCASCADE2HUBS\HUB6CASCADE2HUBS.ASM 159 : Register in operand not in bank 0.  Ensure that bank bits are correct.
Warning[203] C:\USERS\GERPE\ONEDRIVE\GER-PER 2016\DOCUMENTS\KENNYNEUTRON\HUB6\HUB6DISPLAYCASCADE2HUBS\HUB6CASCADE2HUBS.ASM 161 : Found opcode in column 1. (MOVLW)
Warning[203] C:\USERS\GERPE\ONEDRIVE\GER-PER 2016\DOCUMENTS\KENNYNEUTRON\HUB6\HUB6DISPLAYCASCADE2HUBS\HUB6CASCADE2HUBS.ASM 162 : Found opcode in column 1. (MOVWF)
Message[302] C:\USERS\GERPE\ONEDRIVE\GER-PER 2016\DOCUMENTS\KENNYNEUTRON\HUB6\HUB6DISPLAYCASCADE2HUBS\HUB6CASCADE2HUBS.ASM 162 : Register in operand not in bank 0.  Ensure that bank bits are correct.
Warning[205] C:\USERS\GERPE\ONEDRIVE\GER-PER 2016\DOCUMENTS\KENNYNEUTRON\HUB6\HUB6DISPLAYCASCADE2HUBS\HUB6CASCADE2HUBS.ASM 166 : Found directive in column 1. (BANKSEL)
Warning[203] C:\USERS\GERPE\ONEDRIVE\GER-PER 2016\DOCUMENTS\KENNYNEUTRON\HUB6\HUB6DISPLAYCASCADE2HUBS\HUB6CASCADE2HUBS.ASM 167 : Found opcode in column 1. (BCF)
Warning[203] C:\USERS\GERPE\ONEDRIVE\GER-PER 2016\DOCUMENTS\KENNYNEUTRON\HUB6\HUB6DISPLAYCASCADE2HUBS\HUB6CASCADE2HUBS.ASM 168 : Found opcode in column 1. (BCF)
Warning[203] C:\USERS\GERPE\ONEDRIVE\GER-PER 2016\DOCUMENTS\KENNYNEUTRON\HUB6\HUB6DISPLAYCASCADE2HUBS\HUB6CASCADE2HUBS.ASM 169 : Found opcode in column 1. (BCF)
Warning[203] C:\USERS\GERPE\ONEDRIVE\GER-PER 2016\DOCUMENTS\KENNYNEUTRON\HUB6\HUB6DISPLAYCASCADE2HUBS\HUB6CASCADE2HUBS.ASM 170 : Found opcode in column 1. (BCF)
Warning[203] C:\USERS\GERPE\ONEDRIVE\GER-PER 2016\DOCUMENTS\KENNYNEUTRON\HUB6\HUB6DISPLAYCASCADE2HUBS\HUB6CASCADE2HUBS.ASM 171 : Found opcode in column 1. (BCF)
Warning[203] C:\USERS\GERPE\ONEDRIVE\GER-PER 2016\DOCUMENTS\KENNYNEUTRON\HUB6\HUB6DISPLAYCASCADE2HUBS\HUB6CASCADE2HUBS.ASM 172 : Found opcode in column 1. (BCF)
Warning[203] C:\USERS\GERPE\ONEDRIVE\GER-PER 2016\DOCUMENTS\KENNYNEUTRON\HUB6\HUB6DISPLAYCASCADE2HUBS\HUB6CASCADE2HUBS.ASM 173 : Found opcode in column 1. (BCF)
Warning[203] C:\USERS\GERPE\ONEDRIVE\GER-PER 2016\DOCUMENTS\KENNYNEUTRON\HUB6\HUB6DISPLAYCASCADE2HUBS\HUB6CASCADE2HUBS.ASM 175 : Found opcode in column 1. (BCF)
Warning[203] C:\USERS\GERPE\ONEDRIVE\GER-PER 2016\DOCUMENTS\KENNYNEUTRON\HUB6\HUB6DISPLAYCASCADE2HUBS\HUB6CASCADE2HUBS.ASM 177 : Found opcode in column 1. (BCF)
Warning[203] C:\USERS\GERPE\ONEDRIVE\GER-PER 2016\DOCUMENTS\KENNYNEUTRON\HUB6\HUB6DISPLAYCASCADE2HUBS\HUB6CASCADE2HUBS.ASM 179 : Found opcode in column 1. (CALL)
Warning[203] C:\USERS\GERPE\ONEDRIVE\GER-PER 2016\DOCUMENTS\KENNYNEUTRON\HUB6\HUB6DISPLAYCASCADE2HUBS\HUB6CASCADE2HUBS.ASM 181 : Found opcode in column 1. (MOVLW)
Warning[203] C:\USERS\GERPE\ONEDRIVE\GER-PER 2016\DOCUMENTS\KENNYNEUTRON\HUB6\HUB6DISPLAYCASCADE2HUBS\HUB6CASCADE2HUBS.ASM 182 : Found opcode in column 1. (MOVWF)
Warning[203] C:\USERS\GERPE\ONEDRIVE\GER-PER 2016\DOCUMENTS\KENNYNEUTRON\HUB6\HUB6DISPLAYCASCADE2HUBS\HUB6CASCADE2HUBS.ASM 184 : Found opcode in column 1. (MOVLW)
Warning[203] C:\USERS\GERPE\ONEDRIVE\GER-PER 2016\DOCUMENTS\KENNYNEUTRON\HUB6\HUB6DISPLAYCASCADE2HUBS\HUB6CASCADE2HUBS.ASM 185 : Found opcode in column 1. (MOVWF)
Warning[203] C:\USERS\GERPE\ONEDRIVE\GER-PER 2016\DOCUMENTS\KENNYNEUTRON\HUB6\HUB6DISPLAYCASCADE2HUBS\HUB6CASCADE2HUBS.ASM 187 : Found opcode in column 1. (MOVLW)
Warning[203] C:\USERS\GERPE\ONEDRIVE\GER-PER 2016\DOCUMENTS\KENNYNEUTRON\HUB6\HUB6DISPLAYCASCADE2HUBS\HUB6CASCADE2HUBS.ASM 188 : Found opcode in column 1. (MOVWF)
Warning[203] C:\USERS\GERPE\ONEDRIVE\GER-PER 2016\DOCUMENTS\KENNYNEUTRON\HUB6\HUB6DISPLAYCASCADE2HUBS\HUB6CASCADE2HUBS.ASM 190 : Found opcode in column 1. (MOVLW)
Warning[203] C:\USERS\GERPE\ONEDRIVE\GER-PER 2016\DOCUMENTS\KENNYNEUTRON\HUB6\HUB6DISPLAYCASCADE2HUBS\HUB6CASCADE2HUBS.ASM 191 : Found opcode in column 1. (MOVWF)
Warning[203] C:\USERS\GERPE\ONEDRIVE\GER-PER 2016\DOCUMENTS\KENNYNEUTRON\HUB6\HUB6DISPLAYCASCADE2HUBS\HUB6CASCADE2HUBS.ASM 194 : Found opcode in column 1. (MOVLW)
Warning[203] C:\USERS\GERPE\ONEDRIVE\GER-PER 2016\DOCUMENTS\KENNYNEUTRON\HUB6\HUB6DISPLAYCASCADE2HUBS\HUB6CASCADE2HUBS.ASM 195 : Found opcode in column 1. (MOVWF)
Warning[203] C:\USERS\GERPE\ONEDRIVE\GER-PER 2016\DOCUMENTS\KENNYNEUTRON\HUB6\HUB6DISPLAYCASCADE2HUBS\HUB6CASCADE2HUBS.ASM 197 : Found opcode in column 1. (MOVLW)
Warning[203] C:\USERS\GERPE\ONEDRIVE\GER-PER 2016\DOCUMENTS\KENNYNEUTRON\HUB6\HUB6DISPLAYCASCADE2HUBS\HUB6CASCADE2HUBS.ASM 198 : Found opcode in column 1. (MOVWF)
Warning[203] C:\USERS\GERPE\ONEDRIVE\GER-PER 2016\DOCUMENTS\KENNYNEUTRON\HUB6\HUB6DISPLAYCASCADE2HUBS\HUB6CASCADE2HUBS.ASM 200 : Found opcode in column 1. (MOVLW)
Warning[203] C:\USERS\GERPE\ONEDRIVE\GER-PER 2016\DOCUMENTS\KENNYNEUTRON\HUB6\HUB6DISPLAYCASCADE2HUBS\HUB6CASCADE2HUBS.ASM 201 : Found opcode in column 1. (MOVWF)
Warning[203] C:\USERS\GERPE\ONEDRIVE\GER-PER 2016\DOCUMENTS\KENNYNEUTRON\HUB6\HUB6DISPLAYCASCADE2HUBS\HUB6CASCADE2HUBS.ASM 203 : Found opcode in column 1. (MOVLW)
Warning[203] C:\USERS\GERPE\ONEDRIVE\GER-PER 2016\DOCUMENTS\KENNYNEUTRON\HUB6\HUB6DISPLAYCASCADE2HUBS\HUB6CASCADE2HUBS.ASM 204 : Found opcode in column 1. (MOVWF)
Warning[203] C:\USERS\GERPE\ONEDRIVE\GER-PER 2016\DOCUMENTS\KENNYNEUTRON\HUB6\HUB6DISPLAYCASCADE2HUBS\HUB6CASCADE2HUBS.ASM 210 : Found opcode in column 1. (MOVLW)
Warning[203] C:\USERS\GERPE\ONEDRIVE\GER-PER 2016\DOCUMENTS\KENNYNEUTRON\HUB6\HUB6DISPLAYCASCADE2HUBS\HUB6CASCADE2HUBS.ASM 211 : Found opcode in column 1. (MOVWF)
Warning[203] C:\USERS\GERPE\ONEDRIVE\GER-PER 2016\DOCUMENTS\KENNYNEUTRON\HUB6\HUB6DISPLAYCASCADE2HUBS\HUB6CASCADE2HUBS.ASM 215 : Found opcode in column 1. (CALL)
Warning[203] C:\USERS\GERPE\ONEDRIVE\GER-PER 2016\DOCUMENTS\KENNYNEUTRON\HUB6\HUB6DISPLAYCASCADE2HUBS\HUB6CASCADE2HUBS.ASM 218 : Found opcode in column 1. (GOTO)
Warning[203] C:\USERS\GERPE\ONEDRIVE\GER-PER 2016\DOCUMENTS\KENNYNEUTRON\HUB6\HUB6DISPLAYCASCADE2HUBS\HUB6CASCADE2HUBS.ASM 233 : Found opcode in column 1. (DECFSZ)
Warning[203] C:\USERS\GERPE\ONEDRIVE\GER-PER 2016\DOCUMENTS\KENNYNEUTRON\HUB6\HUB6DISPLAYCASCADE2HUBS\HUB6CASCADE2HUBS.ASM 235 : Found opcode in column 1. (GOTO)
Warning[203] C:\USERS\GERPE\ONEDRIVE\GER-PER 2016\DOCUMENTS\KENNYNEUTRON\HUB6\HUB6DISPLAYCASCADE2HUBS\HUB6CASCADE2HUBS.ASM 237 : Found opcode in column 1. (RETURN)
Warning[203] C:\USERS\GERPE\ONEDRIVE\GER-PER 2016\DOCUMENTS\KENNYNEUTRON\HUB6\HUB6DISPLAYCASCADE2HUBS\HUB6CASCADE2HUBS.ASM 254 : Found opcode in column 1. (RETURN)
Warning[203] C:\USERS\GERPE\ONEDRIVE\GER-PER 2016\DOCUMENTS\KENNYNEUTRON\HUB6\HUB6DISPLAYCASCADE2HUBS\HUB6CASCADE2HUBS.ASM 266 : Found opcode in column 1. (RETURN)
Message[305] C:\USERS\GERPE\ONEDRIVE\GER-PER 2016\DOCUMENTS\KENNYNEUTRON\HUB6\HUB6DISPLAYCASCADE2HUBS\HUB6CASCADE2HUBS.ASM 338 : Using default destination of 1 (file).
Message[305] C:\USERS\GERPE\ONEDRIVE\GER-PER 2016\DOCUMENTS\KENNYNEUTRON\HUB6\HUB6DISPLAYCASCADE2HUBS\HUB6CASCADE2HUBS.ASM 353 : Using default destination of 1 (file).
Message[305] C:\USERS\GERPE\ONEDRIVE\GER-PER 2016\DOCUMENTS\KENNYNEUTRON\HUB6\HUB6DISPLAYCASCADE2HUBS\HUB6CASCADE2HUBS.ASM 366 : Using default destination of 1 (file).
Message[305] C:\USERS\GERPE\ONEDRIVE\GER-PER 2016\DOCUMENTS\KENNYNEUTRON\HUB6\HUB6DISPLAYCASCADE2HUBS\HUB6CASCADE2HUBS.ASM 381 : Using default destination of 1 (file).
Message[305] C:\USERS\GERPE\ONEDRIVE\GER-PER 2016\DOCUMENTS\KENNYNEUTRON\HUB6\HUB6DISPLAYCASCADE2HUBS\HUB6CASCADE2HUBS.ASM 397 : Using default destination of 1 (file).
Message[305] C:\USERS\GERPE\ONEDRIVE\GER-PER 2016\DOCUMENTS\KENNYNEUTRON\HUB6\HUB6DISPLAYCASCADE2HUBS\HUB6CASCADE2HUBS.ASM 420 : Using default destination of 1 (file).
Message[305] C:\USERS\GERPE\ONEDRIVE\GER-PER 2016\DOCUMENTS\KENNYNEUTRON\HUB6\HUB6DISPLAYCASCADE2HUBS\HUB6CASCADE2HUBS.ASM 422 : Using default destination of 1 (file).
Warning[203] C:\USERS\GERPE\ONEDRIVE\GER-PER 2016\DOCUMENTS\KENNYNEUTRON\HUB6\HUB6DISPLAYCASCADE2HUBS\HUB6CASCADE2HUBS.ASM 428 : Found opcode in column 1. (RETURN)
Message[305] C:\USERS\GERPE\ONEDRIVE\GER-PER 2016\DOCUMENTS\KENNYNEUTRON\HUB6\HUB6DISPLAYCASCADE2HUBS\HUB6CASCADE2HUBS.ASM 457 : Using default destination of 1 (file).
Warning[203] C:\USERS\GERPE\ONEDRIVE\GER-PER 2016\DOCUMENTS\KENNYNEUTRON\HUB6\HUB6DISPLAYCASCADE2HUBS\HUB6CASCADE2HUBS.ASM 463 : Found opcode in column 1. (RETURN)
