;/////////////////////////////////////////////////////////////////////////////////
;// Code Generator: BoostC Compiler - http://www.sourceboost.com
;// Version       : 7.03
;// License Type  : Pro License
;// Limitations   : PIC12,PIC16 max code size:Unlimited, max RAM banks:Unlimited
;/////////////////////////////////////////////////////////////////////////////////

	ORG 0x00000000
0000  29B6  	GOTO	_startup
	ORG 0x00000004
0004  00FF  	MOVWF Int1Context
0005  0E03  	SWAPF STATUS, W
0006  1283  	BCF STATUS, RP0
0007  1303  	BCF STATUS, RP1
0008  00B4  	MOVWF Int1BContext
0009  0E0A  	SWAPF PCLATH, W
000A  00B5  	MOVWF Int1BContext+D'1'
000B  0E04  	SWAPF FSR, W
000C  00B6  	MOVWF Int1BContext+D'2'
000D  118A  	BCF PCLATH,3
000E  120A  	BCF PCLATH,4
000F  29DE  	GOTO	interrupt
	ORG 0x00000010
0010        delay_us_00000
0010        ; { delay_us ; function begin
0010        label1
0010  0000  	NOP
0011  0000  	NOP
0012  0BD8  	DECFSZ delay_us_00000_arg_del, F
0013  2810  	GOTO	label1
0014  0008  	RETURN
0015        ; } delay_us function end

	ORG 0x00000015
0015        FC_CAL_UAR_0005A
0015        ; { FC_CAL_UART_Receive_1 ; function begin
0015  30FF  	MOVLW 0xFF
0016  00D2  	MOVWF FC_CAL_UAR_0005A_1_retVal
0017  01D3  	CLRF FC_CAL_UAR_0005A_1_delay1
0018  01D4  	CLRF FC_CAL_UAR_0005A_1_regcheck
0019  01D5  	CLRF FC_CAL_UAR_0005A_1_bWaitForever
001A  01D6  	CLRF FC_CAL_UAR_0005A_1_rxStatus
001B  01D7  	CLRF FC_CAL_UAR_0005A_1_dummy
001C  0A51  	INCF FC_CAL_UAR_0005A_arg_nTimeout, W
001D  1D03  	BTFSS STATUS,Z
001E  2821  	GOTO	label2
001F  3001  	MOVLW 0x01
0020  00D5  	MOVWF FC_CAL_UAR_0005A_1_bWaitForever
0021        label2
0021  08D6  	MOVF FC_CAL_UAR_0005A_1_rxStatus, F
0022  1D03  	BTFSS STATUS,Z
0023  2843  	GOTO	label5
0024  08D5  	MOVF FC_CAL_UAR_0005A_1_bWaitForever, F
0025  1D03  	BTFSS STATUS,Z
0026  283A  	GOTO	label4
0027  08D1  	MOVF FC_CAL_UAR_0005A_arg_nTimeout, F
0028  1D03  	BTFSS STATUS,Z
0029  282D  	GOTO	label3
002A  3001  	MOVLW 0x01
002B  00D6  	MOVWF FC_CAL_UAR_0005A_1_rxStatus
002C  283A  	GOTO	label4
002D        label3
002D  300A  	MOVLW 0x0A
002E  00D8  	MOVWF delay_us_00000_arg_del
002F  2010  	CALL delay_us_00000
0030  0A53  	INCF FC_CAL_UAR_0005A_1_delay1, W
0031  00D3  	MOVWF FC_CAL_UAR_0005A_1_delay1
0032  0853  	MOVF FC_CAL_UAR_0005A_1_delay1, W
0033  3A64  	XORLW 0x64
0034  1D03  	BTFSS STATUS,Z
0035  283A  	GOTO	label4
0036  0351  	DECF FC_CAL_UAR_0005A_arg_nTimeout, W
0037  00D1  	MOVWF FC_CAL_UAR_0005A_arg_nTimeout
0038  0064  	CLRWDT
0039  01D3  	CLRF FC_CAL_UAR_0005A_1_delay1
003A        label4
003A  3020  	MOVLW 0x20
003B  050C  	ANDWF gbl_pir1, W
003C  00D4  	MOVWF FC_CAL_UAR_0005A_1_regcheck
003D  08D4  	MOVF FC_CAL_UAR_0005A_1_regcheck, F
003E  1903  	BTFSC STATUS,Z
003F  2821  	GOTO	label2
0040  3002  	MOVLW 0x02
0041  00D6  	MOVWF FC_CAL_UAR_0005A_1_rxStatus
0042  2821  	GOTO	label2
0043        label5
0043  0856  	MOVF FC_CAL_UAR_0005A_1_rxStatus, W
0044  3A02  	XORLW 0x02
0045  1D03  	BTFSS STATUS,Z
0046  285D  	GOTO	label8
0047  3004  	MOVLW 0x04
0048  0518  	ANDWF gbl_rcsta, W
0049  00D4  	MOVWF FC_CAL_UAR_0005A_1_regcheck
004A  08D4  	MOVF FC_CAL_UAR_0005A_1_regcheck, F
004B  1903  	BTFSC STATUS,Z
004C  2850  	GOTO	label6
004D  081A  	MOVF gbl_rcreg, W
004E  00D7  	MOVWF FC_CAL_UAR_0005A_1_dummy
004F  285D  	GOTO	label8
0050        label6
0050  3002  	MOVLW 0x02
0051  0518  	ANDWF gbl_rcsta, W
0052  00D4  	MOVWF FC_CAL_UAR_0005A_1_regcheck
0053  08D4  	MOVF FC_CAL_UAR_0005A_1_regcheck, F
0054  1903  	BTFSC STATUS,Z
0055  2859  	GOTO	label7
0056  1218  	BCF gbl_rcsta,4
0057  1618  	BSF gbl_rcsta,4
0058  285D  	GOTO	label8
0059        label7
0059  01D2  	CLRF FC_CAL_UAR_0005A_1_retVal
005A  081A  	MOVF gbl_rcreg, W
005B  0452  	IORWF FC_CAL_UAR_0005A_1_retVal, W
005C  00D2  	MOVWF FC_CAL_UAR_0005A_1_retVal
005D        label8
005D  0852  	MOVF FC_CAL_UAR_0005A_1_retVal, W
005E  00D8  	MOVWF CompTempVarRet2192
005F  01D9  	CLRF CompTempVarRet2192+D'1'
0060  0008  	RETURN
0061        ; } FC_CAL_UART_Receive_1 function end

	ORG 0x00000061
0061        FCM_show_d_00052
0061        ; { FCM_show_display ; function begin
0061  1283  	BCF STATUS, RP0
0062  1303  	BCF STATUS, RP1
0063  01CF  	CLRF gbl_FCLV_LOOP1
0064        label9
0064  3008  	MOVLW 0x08
0065  024F  	SUBWF gbl_FCLV_LOOP1, W
0066  1803  	BTFSC STATUS,C
0067  0008  	RETURN
0068  3001  	MOVLW 0x01
0069  054C  	ANDWF gbl_FCV_VALUE, W
006A  00C9  	MOVWF gbl_FCV_DAT
006B  08CC  	MOVF gbl_FCV_VALUE, F
006C  1003  	BCF STATUS,C
006D  0CCC  	RRF gbl_FCV_VALUE, F
006E  30FE  	MOVLW 0xFE
006F  1683  	BSF STATUS, RP0
0070  0507  	ANDWF gbl_trisc, W
0071  0087  	MOVWF gbl_trisc
0072  1283  	BCF STATUS, RP0
0073  08C9  	MOVF gbl_FCV_DAT, F
0074  1903  	BTFSC STATUS,Z
0075  287D  	GOTO	label10
0076  30FE  	MOVLW 0xFE
0077  0507  	ANDWF gbl_portc, W
0078  00D0  	MOVWF CompTempVar2189
0079  3001  	MOVLW 0x01
007A  0450  	IORWF CompTempVar2189, W
007B  0087  	MOVWF gbl_portc
007C  2880  	GOTO	label11
007D        label10
007D  30FE  	MOVLW 0xFE
007E  0507  	ANDWF gbl_portc, W
007F  0087  	MOVWF gbl_portc
0080        label11
0080  30FD  	MOVLW 0xFD
0081  1683  	BSF STATUS, RP0
0082  0507  	ANDWF gbl_trisc, W
0083  0087  	MOVWF gbl_trisc
0084  30FD  	MOVLW 0xFD
0085  1283  	BCF STATUS, RP0
0086  0507  	ANDWF gbl_portc, W
0087  00D0  	MOVWF CompTempVar2190
0088  3002  	MOVLW 0x02
0089  0450  	IORWF CompTempVar2190, W
008A  0087  	MOVWF gbl_portc
008B  3001  	MOVLW 0x01
008C  00D8  	MOVWF delay_us_00000_arg_del
008D  2010  	CALL delay_us_00000
008E  30FD  	MOVLW 0xFD
008F  1683  	BSF STATUS, RP0
0090  0507  	ANDWF gbl_trisc, W
0091  0087  	MOVWF gbl_trisc
0092  30FD  	MOVLW 0xFD
0093  1283  	BCF STATUS, RP0
0094  0507  	ANDWF gbl_portc, W
0095  0087  	MOVWF gbl_portc
0096  3001  	MOVLW 0x01
0097  00D8  	MOVWF delay_us_00000_arg_del
0098  2010  	CALL delay_us_00000
0099  0ACF  	INCF gbl_FCLV_LOOP1, F
009A  2864  	GOTO	label9
009B        ; } FCM_show_display function end

	ORG 0x0000009B
009B        FCM_regist_00053
009B        ; { FCM_register ; function begin
009B  30FB  	MOVLW 0xFB
009C  1683  	BSF STATUS, RP0
009D  1303  	BCF STATUS, RP1
009E  0507  	ANDWF gbl_trisc, W
009F  0087  	MOVWF gbl_trisc
00A0  30FB  	MOVLW 0xFB
00A1  1283  	BCF STATUS, RP0
00A2  0507  	ANDWF gbl_portc, W
00A3  00D0  	MOVWF CompTempVar2191
00A4  3004  	MOVLW 0x04
00A5  0450  	IORWF CompTempVar2191, W
00A6  0087  	MOVWF gbl_portc
00A7  3001  	MOVLW 0x01
00A8  00D8  	MOVWF delay_us_00000_arg_del
00A9  2010  	CALL delay_us_00000
00AA  30FB  	MOVLW 0xFB
00AB  1683  	BSF STATUS, RP0
00AC  0507  	ANDWF gbl_trisc, W
00AD  0087  	MOVWF gbl_trisc
00AE  30FB  	MOVLW 0xFB
00AF  1283  	BCF STATUS, RP0
00B0  0507  	ANDWF gbl_portc, W
00B1  0087  	MOVWF gbl_portc
00B2  3001  	MOVLW 0x01
00B3  00D8  	MOVWF delay_us_00000_arg_del
00B4  2010  	CALL delay_us_00000
00B5  0008  	RETURN
00B6        ; } FCM_register function end

	ORG 0x000000B6
00B6        FCM_databa_00051
00B6        ; { FCM_databank ; function begin
00B6  1283  	BCF STATUS, RP0
00B7  1303  	BCF STATUS, RP1
00B8  084B  	MOVF gbl_FCV_DISPLAY, W
00B9  3A01  	XORLW 0x01
00BA  1903  	BTFSC STATUS,Z
00BB  28D8  	GOTO	label12
00BC  3A03  	XORLW 0x03
00BD  1903  	BTFSC STATUS,Z
00BE  28DB  	GOTO	label13
00BF  3A01  	XORLW 0x01
00C0  1903  	BTFSC STATUS,Z
00C1  28DE  	GOTO	label14
00C2  3A07  	XORLW 0x07
00C3  1903  	BTFSC STATUS,Z
00C4  28E1  	GOTO	label15
00C5  3A01  	XORLW 0x01
00C6  1903  	BTFSC STATUS,Z
00C7  28E4  	GOTO	label16
00C8  3A03  	XORLW 0x03
00C9  1903  	BTFSC STATUS,Z
00CA  28E7  	GOTO	label17
00CB  3A01  	XORLW 0x01
00CC  1903  	BTFSC STATUS,Z
00CD  28EA  	GOTO	label18
00CE  3A0F  	XORLW 0x0F
00CF  1903  	BTFSC STATUS,Z
00D0  28ED  	GOTO	label19
00D1  3A01  	XORLW 0x01
00D2  1903  	BTFSC STATUS,Z
00D3  28F0  	GOTO	label20
00D4  3A09  	XORLW 0x09
00D5  1903  	BTFSC STATUS,Z
00D6  28F3  	GOTO	label21
00D7  0008  	RETURN
00D8        label12
00D8  309F  	MOVLW 0x9F
00D9  00CC  	MOVWF gbl_FCV_VALUE
00DA  0008  	RETURN
00DB        label13
00DB  3025  	MOVLW 0x25
00DC  00CC  	MOVWF gbl_FCV_VALUE
00DD  0008  	RETURN
00DE        label14
00DE  300D  	MOVLW 0x0D
00DF  00CC  	MOVWF gbl_FCV_VALUE
00E0  0008  	RETURN
00E1        label15
00E1  3099  	MOVLW 0x99
00E2  00CC  	MOVWF gbl_FCV_VALUE
00E3  0008  	RETURN
00E4        label16
00E4  3049  	MOVLW 0x49
00E5  00CC  	MOVWF gbl_FCV_VALUE
00E6  0008  	RETURN
00E7        label17
00E7  3041  	MOVLW 0x41
00E8  00CC  	MOVWF gbl_FCV_VALUE
00E9  0008  	RETURN
00EA        label18
00EA  301F  	MOVLW 0x1F
00EB  00CC  	MOVWF gbl_FCV_VALUE
00EC  0008  	RETURN
00ED        label19
00ED  3001  	MOVLW 0x01
00EE  00CC  	MOVWF gbl_FCV_VALUE
00EF  0008  	RETURN
00F0        label20
00F0  3009  	MOVLW 0x09
00F1  00CC  	MOVWF gbl_FCV_VALUE
00F2  0008  	RETURN
00F3        label21
00F3  3003  	MOVLW 0x03
00F4  00CC  	MOVWF gbl_FCV_VALUE
00F5  0008  	RETURN
00F6        ; } FCM_databank function end

	ORG 0x000000F6
00F6        __rem_16_1_00004
00F6        ; { __rem_16_16 ; function begin
00F6  01DB  	CLRF CompTempVarRet216
00F7  01DC  	CLRF CompTempVarRet216+D'1'
00F8  01D8  	CLRF __rem_16_1_00004_1_c
00F9  01D9  	CLRF __rem_16_1_00004_1_c+D'1'
00FA  01DA  	CLRF __rem_16_1_00004_1_i
00FB        label22
00FB  1A5A  	BTFSC __rem_16_1_00004_1_i,4
00FC  0008  	RETURN
00FD  1003  	BCF STATUS,C
00FE  0DD8  	RLF __rem_16_1_00004_1_c, F
00FF  0DD9  	RLF __rem_16_1_00004_1_c+D'1', F
0100  0DD0  	RLF __rem_16_1_00004_arg_a, F
0101  0DD1  	RLF __rem_16_1_00004_arg_a+D'1', F
0102  0DDB  	RLF CompTempVarRet216, F
0103  0DDC  	RLF CompTempVarRet216+D'1', F
0104  0853  	MOVF __rem_16_1_00004_arg_b+D'1', W
0105  025C  	SUBWF CompTempVarRet216+D'1', W
0106  1D03  	BTFSS STATUS,Z
0107  290A  	GOTO	label23
0108  0852  	MOVF __rem_16_1_00004_arg_b, W
0109  025B  	SUBWF CompTempVarRet216, W
010A        label23
010A  1C03  	BTFSS STATUS,C
010B  2913  	GOTO	label24
010C  0852  	MOVF __rem_16_1_00004_arg_b, W
010D  02DB  	SUBWF CompTempVarRet216, F
010E  0853  	MOVF __rem_16_1_00004_arg_b+D'1', W
010F  1C03  	BTFSS STATUS,C
0110  03DC  	DECF CompTempVarRet216+D'1', F
0111  02DC  	SUBWF CompTempVarRet216+D'1', F
0112  1458  	BSF __rem_16_1_00004_1_c,0
0113        label24
0113  0ADA  	INCF __rem_16_1_00004_1_i, F
0114  28FB  	GOTO	label22
0115        ; } __rem_16_16 function end

	ORG 0x00000115
0115        __div_16_1_00003
0115        ; { __div_16_16 ; function begin
0115  01D8  	CLRF __div_16_1_00003_1_r
0116  01D9  	CLRF __div_16_1_00003_1_r+D'1'
0117  01DB  	CLRF CompTempVarRet214
0118  01DC  	CLRF CompTempVarRet214+D'1'
0119  01DA  	CLRF __div_16_1_00003_1_i
011A        label25
011A  1A5A  	BTFSC __div_16_1_00003_1_i,4
011B  0008  	RETURN
011C  1003  	BCF STATUS,C
011D  0DDB  	RLF CompTempVarRet214, F
011E  0DDC  	RLF CompTempVarRet214+D'1', F
011F  0DD4  	RLF __div_16_1_00003_arg_a, F
0120  0DD5  	RLF __div_16_1_00003_arg_a+D'1', F
0121  0DD8  	RLF __div_16_1_00003_1_r, F
0122  0DD9  	RLF __div_16_1_00003_1_r+D'1', F
0123  0857  	MOVF __div_16_1_00003_arg_b+D'1', W
0124  0259  	SUBWF __div_16_1_00003_1_r+D'1', W
0125  1D03  	BTFSS STATUS,Z
0126  2929  	GOTO	label26
0127  0856  	MOVF __div_16_1_00003_arg_b, W
0128  0258  	SUBWF __div_16_1_00003_1_r, W
0129        label26
0129  1C03  	BTFSS STATUS,C
012A  2932  	GOTO	label27
012B  0856  	MOVF __div_16_1_00003_arg_b, W
012C  02D8  	SUBWF __div_16_1_00003_1_r, F
012D  0857  	MOVF __div_16_1_00003_arg_b+D'1', W
012E  1C03  	BTFSS STATUS,C
012F  03D9  	DECF __div_16_1_00003_1_r+D'1', F
0130  02D9  	SUBWF __div_16_1_00003_1_r+D'1', F
0131  145B  	BSF CompTempVarRet214,0
0132        label27
0132  0ADA  	INCF __div_16_1_00003_1_i, F
0133  291A  	GOTO	label25
0134        ; } __div_16_16 function end

	ORG 0x00000134
0134        FC_CAL_UAR_00058
0134        ; { FC_CAL_UART_Init_1 ; function begin
0134  1683  	BSF STATUS, RP0
0135  1303  	BCF STATUS, RP1
0136  1518  	BSF gbl_txsta,2
0137  3081  	MOVLW 0x81
0138  0099  	MOVWF gbl_spbrg
0139  1283  	BCF STATUS, RP0
013A  0198  	CLRF gbl_rcsta
013B  1798  	BSF gbl_rcsta,7
013C  1683  	BSF STATUS, RP0
013D  1698  	BSF gbl_txsta,5
013E  1283  	BCF STATUS, RP0
013F  1618  	BSF gbl_rcsta,4
0140  1683  	BSF STATUS, RP0
0141  128C  	BCF gbl_pie1,5
0142  0008  	RETURN
0143        ; } FC_CAL_UART_Init_1 function end

	ORG 0x00000143
0143        FCM_displa_00054
0143        ; { FCM_display_window1 ; function begin
0143  3001  	MOVLW 0x01
0144  1283  	BCF STATUS, RP0
0145  1303  	BCF STATUS, RP1
0146  00CB  	MOVWF gbl_FCV_DISPLAY
0147  20B6  	CALL FCM_databa_00051
0148  2061  	CALL FCM_show_d_00052
0149  084E  	MOVF gbl_FCV_ONES, W
014A  00CB  	MOVWF gbl_FCV_DISPLAY
014B  20B6  	CALL FCM_databa_00051
014C  2061  	CALL FCM_show_d_00052
014D  084A  	MOVF gbl_FCV_TENS, W
014E  00CB  	MOVWF gbl_FCV_DISPLAY
014F  20B6  	CALL FCM_databa_00051
0150  2061  	CALL FCM_show_d_00052
0151  084D  	MOVF gbl_FCV_HUNDREDS, W
0152  00CB  	MOVWF gbl_FCV_DISPLAY
0153  20B6  	CALL FCM_databa_00051
0154  2061  	CALL FCM_show_d_00052
0155  209B  	CALL FCM_regist_00053
0156  0008  	RETURN
0157        ; } FCM_display_window1 function end

	ORG 0x00000157
0157        FCD_RS2320_0005F
0157        ; { FCD_RS2320_ReceiveRS232Char ; function begin
0157  0850  	MOVF FCD_RS2320_0005F_arg_nTimeout, W
0158  00D1  	MOVWF FC_CAL_UAR_0005A_arg_nTimeout
0159  2015  	CALL FC_CAL_UAR_0005A
015A  0858  	MOVF CompTempVarRet2192, W
015B  00D2  	MOVWF CompTempVarRet2197
015C  0859  	MOVF CompTempVarRet2192+D'1', W
015D  00D3  	MOVWF CompTempVarRet2197+D'1'
015E  0008  	RETURN
015F        ; } FCD_RS2320_ReceiveRS232Char function end

	ORG 0x0000015F
015F        main
015F        ; { main ; function begin
015F  1283  	BCF STATUS, RP0
0160  1703  	BSF STATUS, RP1
0161  019E  	CLRF gbl_ansel
0162  019F  	CLRF gbl_anselh
0163  2134  	CALL FC_CAL_UAR_00058
0164  30C0  	MOVLW 0xC0
0165  0081  	MOVWF gbl_option_reg
0166  30FD  	MOVLW 0xFD
0167  0507  	ANDWF gbl_trisc, W
0168  0087  	MOVWF gbl_trisc
0169  30FD  	MOVLW 0xFD
016A  1283  	BCF STATUS, RP0
016B  0507  	ANDWF gbl_portc, W
016C  0087  	MOVWF gbl_portc
016D  30FB  	MOVLW 0xFB
016E  1683  	BSF STATUS, RP0
016F  0507  	ANDWF gbl_trisc, W
0170  0087  	MOVWF gbl_trisc
0171  30FB  	MOVLW 0xFB
0172  1283  	BCF STATUS, RP0
0173  0507  	ANDWF gbl_portc, W
0174  0087  	MOVWF gbl_portc
0175  307B  	MOVLW 0x7B
0176  00B9  	MOVWF gbl_FCV_WINDOW1
0177  01BA  	CLRF gbl_FCV_WINDOW1+D'1'
0178  3059  	MOVLW 0x59
0179  00BB  	MOVWF gbl_FCV_WINDOW2
017A  3001  	MOVLW 0x01
017B  00BC  	MOVWF gbl_FCV_WINDOW2+D'1'
017C  3037  	MOVLW 0x37
017D  00BD  	MOVWF gbl_FCV_WINDOW3
017E  3002  	MOVLW 0x02
017F  00BE  	MOVWF gbl_FCV_WINDOW3+D'1'
0180        label28
0180  3001  	MOVLW 0x01
0181  00D0  	MOVWF FCD_RS2320_0005F_arg_nTimeout
0182  2157  	CALL FCD_RS2320_0005F
0183  0852  	MOVF CompTempVarRet2197, W
0184  00C8  	MOVWF gbl_FCV_RECIEVE
0185  0848  	MOVF gbl_FCV_RECIEVE, W
0186  3A41  	XORLW 0x41
0187  1D03  	BTFSS STATUS,Z
0188  298E  	GOTO	label29
0189  08B9  	MOVF gbl_FCV_WINDOW1, F
018A  08BA  	MOVF gbl_FCV_WINDOW1+D'1', F
018B  0AB9  	INCF gbl_FCV_WINDOW1, F
018C  1903  	BTFSC STATUS,Z
018D  0ABA  	INCF gbl_FCV_WINDOW1+D'1', F
018E        label29
018E  0839  	MOVF gbl_FCV_WINDOW1, W
018F  00D4  	MOVWF __div_16_1_00003_arg_a
0190  083A  	MOVF gbl_FCV_WINDOW1+D'1', W
0191  00D5  	MOVWF __div_16_1_00003_arg_a+D'1'
0192  3064  	MOVLW 0x64
0193  00D6  	MOVWF __div_16_1_00003_arg_b
0194  01D7  	CLRF __div_16_1_00003_arg_b+D'1'
0195  2115  	CALL __div_16_1_00003
0196  085B  	MOVF CompTempVarRet214, W
0197  00CD  	MOVWF gbl_FCV_HUNDREDS
0198  0839  	MOVF gbl_FCV_WINDOW1, W
0199  00D0  	MOVWF __rem_16_1_00004_arg_a
019A  083A  	MOVF gbl_FCV_WINDOW1+D'1', W
019B  00D1  	MOVWF __rem_16_1_00004_arg_a+D'1'
019C  3064  	MOVLW 0x64
019D  00D2  	MOVWF __rem_16_1_00004_arg_b
019E  01D3  	CLRF __rem_16_1_00004_arg_b+D'1'
019F  20F6  	CALL __rem_16_1_00004
01A0  085B  	MOVF CompTempVarRet216, W
01A1  00D4  	MOVWF __div_16_1_00003_arg_a
01A2  085C  	MOVF CompTempVarRet216+D'1', W
01A3  00D5  	MOVWF __div_16_1_00003_arg_a+D'1'
01A4  300A  	MOVLW 0x0A
01A5  00D6  	MOVWF __div_16_1_00003_arg_b
01A6  01D7  	CLRF __div_16_1_00003_arg_b+D'1'
01A7  2115  	CALL __div_16_1_00003
01A8  085B  	MOVF CompTempVarRet214, W
01A9  00CA  	MOVWF gbl_FCV_TENS
01AA  0839  	MOVF gbl_FCV_WINDOW1, W
01AB  00D0  	MOVWF __rem_16_1_00004_arg_a
01AC  083A  	MOVF gbl_FCV_WINDOW1+D'1', W
01AD  00D1  	MOVWF __rem_16_1_00004_arg_a+D'1'
01AE  300A  	MOVLW 0x0A
01AF  00D2  	MOVWF __rem_16_1_00004_arg_b
01B0  01D3  	CLRF __rem_16_1_00004_arg_b+D'1'
01B1  20F6  	CALL __rem_16_1_00004
01B2  085B  	MOVF CompTempVarRet216, W
01B3  00CE  	MOVWF gbl_FCV_ONES
01B4  2143  	CALL FCM_displa_00054
01B5  2980  	GOTO	label28
01B6        ; } main function end

	ORG 0x000001B6
01B6        _startup
01B6  30D5  	MOVLW 0xD5
01B7  1283  	BCF STATUS, RP0
01B8  1303  	BCF STATUS, RP1
01B9  00A0  	MOVWF gbl_14_LSR
01BA  30C4  	MOVLW 0xC4
01BB  00A1  	MOVWF gbl_14_LSR+D'1'
01BC  30BB  	MOVLW 0xBB
01BD  00A2  	MOVWF gbl_14_LSR+D'2'
01BE  30DC  	MOVLW 0xDC
01BF  00A3  	MOVWF gbl_14_LSR+D'3'
01C0  01A4  	CLRF gbl_15_gbl_aSig
01C1  01A5  	CLRF gbl_15_gbl_aSig+D'1'
01C2  01A6  	CLRF gbl_15_gbl_aSig+D'2'
01C3  01A7  	CLRF gbl_15_gbl_aSig+D'3'
01C4  01A8  	CLRF gbl_15_gbl_bSig
01C5  01A9  	CLRF gbl_15_gbl_bSig+D'1'
01C6  01AA  	CLRF gbl_15_gbl_bSig+D'2'
01C7  01AB  	CLRF gbl_15_gbl_bSig+D'3'
01C8  01AC  	CLRF gbl_15_gbl_zSig
01C9  01AD  	CLRF gbl_15_gbl_zSig+D'1'
01CA  01AE  	CLRF gbl_15_gbl_zSig+D'2'
01CB  01AF  	CLRF gbl_15_gbl_zSig+D'3'
01CC  01C2  	CLRF gbl_15_gbl_aExp
01CD  01C3  	CLRF gbl_15_gbl_bExp
01CE  01B7  	CLRF gbl_15_gbl_zExp
01CF  01B8  	CLRF gbl_15_gbl_zExp+D'1'
01D0  01C4  	CLRF gbl_15_gbl_aSign
01D1  01C5  	CLRF gbl_15_gbl_bSign
01D2  01C6  	CLRF gbl_15_gbl_zSign
01D3  01C7  	CLRF gbl_15_gbl_zSigZero
01D4  01B0  	CLRF gbl_15_gbl_ret
01D5  01B1  	CLRF gbl_15_gbl_ret+D'1'
01D6  01B2  	CLRF gbl_15_gbl_ret+D'2'
01D7  01B3  	CLRF gbl_15_gbl_ret+D'3'
01D8  01C0  	CLRF gbl_float_rounding_mode
01D9  01C1  	CLRF gbl_float_exception_flags
01DA  01BF  	CLRF gbl_float_detect_tininess
01DB  118A  	BCF PCLATH,3
01DC  120A  	BCF PCLATH,4
01DD  295F  	GOTO	main
	ORG 0x000001DE
01DE        interrupt
01DE        ; { interrupt ; function begin
01DE  1283  	BCF STATUS, RP0
01DF  1303  	BCF STATUS, RP1
01E0  0E36  	SWAPF Int1BContext+D'2', W
01E1  0084  	MOVWF FSR
01E2  0E35  	SWAPF Int1BContext+D'1', W
01E3  008A  	MOVWF PCLATH
01E4  0E34  	SWAPF Int1BContext, W
01E5  0083  	MOVWF STATUS
01E6  0EFF  	SWAPF Int1Context, F
01E7  0E7F  	SWAPF Int1Context, W
01E8  0009  	RETFIE
01E9        ; } interrupt function end

	ORG 0x00002007
2007  30D2  	DW 0x30D2
