Warning[205] C:\USERS\GERPE\ONEDRIVE\GER-PER 2016\DOCUMENTS\KENNYNEUTRON\2021\NRF24L01_GYRO_SCOREBOARD\NRF_GYRO_RECIEVER\NRF_GYRO_RECIEVER_20210416\NRF_GYRO_REICIEVERV0.ASM 16 : Found directive in column 1. (__CONFIG)
Warning[205] C:\USERS\GERPE\ONEDRIVE\GER-PER 2016\DOCUMENTS\KENNYNEUTRON\2021\NRF24L01_GYRO_SCOREBOARD\NRF_GYRO_RECIEVER\NRF_GYRO_RECIEVER_20210416\NRF_GYRO_REICIEVERV0.ASM 58 : Found directive in column 1. (CBLOCK)
Warning[205] C:\USERS\GERPE\ONEDRIVE\GER-PER 2016\DOCUMENTS\KENNYNEUTRON\2021\NRF24L01_GYRO_SCOREBOARD\NRF_GYRO_RECIEVER\NRF_GYRO_RECIEVER_20210416\NRF_GYRO_REICIEVERV0.ASM 109 : Found directive in column 1. (ENDC)
Warning[205] C:\USERS\GERPE\ONEDRIVE\GER-PER 2016\DOCUMENTS\KENNYNEUTRON\2021\NRF24L01_GYRO_SCOREBOARD\NRF_GYRO_RECIEVER\NRF_GYRO_RECIEVER_20210416\NRF_GYRO_REICIEVERV0.ASM 113 : Found directive in column 1. (CBLOCK)
Warning[205] C:\USERS\GERPE\ONEDRIVE\GER-PER 2016\DOCUMENTS\KENNYNEUTRON\2021\NRF24L01_GYRO_SCOREBOARD\NRF_GYRO_RECIEVER\NRF_GYRO_RECIEVER_20210416\NRF_GYRO_REICIEVERV0.ASM 121 : Found directive in column 1. (ENDC)
Message[302] C:\USERS\GERPE\ONEDRIVE\GER-PER 2016\DOCUMENTS\KENNYNEUTRON\2021\NRF24L01_GYRO_SCOREBOARD\NRF_GYRO_RECIEVER\NRF_GYRO_RECIEVER_20210416\NRF_GYRO_REICIEVERV0.ASM 160 : Register in operand not in bank 0.  Ensure that bank bits are correct.
Message[302] C:\USERS\GERPE\ONEDRIVE\GER-PER 2016\DOCUMENTS\KENNYNEUTRON\2021\NRF24L01_GYRO_SCOREBOARD\NRF_GYRO_RECIEVER\NRF_GYRO_RECIEVER_20210416\NRF_GYRO_REICIEVERV0.ASM 161 : Register in operand not in bank 0.  Ensure that bank bits are correct.
Message[302] C:\USERS\GERPE\ONEDRIVE\GER-PER 2016\DOCUMENTS\KENNYNEUTRON\2021\NRF24L01_GYRO_SCOREBOARD\NRF_GYRO_RECIEVER\NRF_GYRO_RECIEVER_20210416\NRF_GYRO_REICIEVERV0.ASM 166 : Register in operand not in bank 0.  Ensure that bank bits are correct.
Message[302] C:\USERS\GERPE\ONEDRIVE\GER-PER 2016\DOCUMENTS\KENNYNEUTRON\2021\NRF24L01_GYRO_SCOREBOARD\NRF_GYRO_RECIEVER\NRF_GYRO_RECIEVER_20210416\NRF_GYRO_REICIEVERV0.ASM 169 : Register in operand not in bank 0.  Ensure that bank bits are correct.
Message[302] C:\USERS\GERPE\ONEDRIVE\GER-PER 2016\DOCUMENTS\KENNYNEUTRON\2021\NRF24L01_GYRO_SCOREBOARD\NRF_GYRO_RECIEVER\NRF_GYRO_RECIEVER_20210416\NRF_GYRO_REICIEVERV0.ASM 172 : Register in operand not in bank 0.  Ensure that bank bits are correct.
Warning[205] C:\USERS\GERPE\ONEDRIVE\GER-PER 2016\DOCUMENTS\KENNYNEUTRON\2021\NRF24L01_GYRO_SCOREBOARD\NRF_GYRO_RECIEVER\NRF_GYRO_RECIEVER_20210416\NRF_GYRO_REICIEVERV0.ASM 185 : Found directive in column 1. (BANKSEL)
Message[302] C:\USERS\GERPE\ONEDRIVE\GER-PER 2016\DOCUMENTS\KENNYNEUTRON\2021\NRF24L01_GYRO_SCOREBOARD\NRF_GYRO_RECIEVER\NRF_GYRO_RECIEVER_20210416\NRF_GYRO_REICIEVERV0.ASM 187 : Register in operand not in bank 0.  Ensure that bank bits are correct.
Message[302] C:\USERS\GERPE\ONEDRIVE\GER-PER 2016\DOCUMENTS\KENNYNEUTRON\2021\NRF24L01_GYRO_SCOREBOARD\NRF_GYRO_RECIEVER\NRF_GYRO_RECIEVER_20210416\NRF_GYRO_REICIEVERV0.ASM 188 : Register in operand not in bank 0.  Ensure that bank bits are correct.
Warning[205] C:\USERS\GERPE\ONEDRIVE\GER-PER 2016\DOCUMENTS\KENNYNEUTRON\2021\NRF24L01_GYRO_SCOREBOARD\NRF_GYRO_RECIEVER\NRF_GYRO_RECIEVER_20210416\NRF_GYRO_REICIEVERV0.ASM 190 : Found directive in column 1. (BANKSEL)
Message[306] C:\USERS\GERPE\ONEDRIVE\GER-PER 2016\DOCUMENTS\KENNYNEUTRON\2021\NRF24L01_GYRO_SCOREBOARD\NRF_GYRO_RECIEVER\NRF_GYRO_RECIEVER_20210416\NRF_GYRO_REICIEVERV0.ASM 225 : Crossing page boundary -- ensure page bits are set.
Message[306] C:\USERS\GERPE\ONEDRIVE\GER-PER 2016\DOCUMENTS\KENNYNEUTRON\2021\NRF24L01_GYRO_SCOREBOARD\NRF_GYRO_RECIEVER\NRF_GYRO_RECIEVER_20210416\NRF_GYRO_REICIEVERV0.ASM 228 : Crossing page boundary -- ensure page bits are set.
Warning[203] C:\USERS\GERPE\ONEDRIVE\GER-PER 2016\DOCUMENTS\KENNYNEUTRON\2021\NRF24L01_GYRO_SCOREBOARD\NRF_GYRO_RECIEVER\NRF_GYRO_RECIEVER_20210416\NRF_GYRO_REICIEVERV0.ASM 237 : Found opcode in column 1. (GOTO)
Message[306] C:\USERS\GERPE\ONEDRIVE\GER-PER 2016\DOCUMENTS\KENNYNEUTRON\2021\NRF24L01_GYRO_SCOREBOARD\NRF_GYRO_RECIEVER\NRF_GYRO_RECIEVER_20210416\NRF_GYRO_REICIEVERV0.ASM 252 : Crossing page boundary -- ensure page bits are set.
Message[302] C:\USERS\GERPE\ONEDRIVE\GER-PER 2016\DOCUMENTS\KENNYNEUTRON\2021\NRF24L01_GYRO_SCOREBOARD\NRF_GYRO_RECIEVER\NRF_GYRO_RECIEVER_20210416\NRF_GYRO_REICIEVERV0.ASM 256 : Register in operand not in bank 0.  Ensure that bank bits are correct.
Message[306] C:\USERS\GERPE\ONEDRIVE\GER-PER 2016\DOCUMENTS\KENNYNEUTRON\2021\NRF24L01_GYRO_SCOREBOARD\NRF_GYRO_RECIEVER\NRF_GYRO_RECIEVER_20210416\NRF_GYRO_REICIEVERV0.ASM 268 : Crossing page boundary -- ensure page bits are set.
Message[306] C:\USERS\GERPE\ONEDRIVE\GER-PER 2016\DOCUMENTS\KENNYNEUTRON\2021\NRF24L01_GYRO_SCOREBOARD\NRF_GYRO_RECIEVER\NRF_GYRO_RECIEVER_20210416\NRF_GYRO_REICIEVERV0.ASM 269 : Crossing page boundary -- ensure page bits are set.
Message[306] C:\USERS\GERPE\ONEDRIVE\GER-PER 2016\DOCUMENTS\KENNYNEUTRON\2021\NRF24L01_GYRO_SCOREBOARD\NRF_GYRO_RECIEVER\NRF_GYRO_RECIEVER_20210416\NRF_GYRO_REICIEVERV0.ASM 271 : Crossing page boundary -- ensure page bits are set.
Message[306] C:\USERS\GERPE\ONEDRIVE\GER-PER 2016\DOCUMENTS\KENNYNEUTRON\2021\NRF24L01_GYRO_SCOREBOARD\NRF_GYRO_RECIEVER\NRF_GYRO_RECIEVER_20210416\NRF_GYRO_REICIEVERV0.ASM 272 : Crossing page boundary -- ensure page bits are set.
Message[306] C:\USERS\GERPE\ONEDRIVE\GER-PER 2016\DOCUMENTS\KENNYNEUTRON\2021\NRF24L01_GYRO_SCOREBOARD\NRF_GYRO_RECIEVER\NRF_GYRO_RECIEVER_20210416\NRF_GYRO_REICIEVERV0.ASM 274 : Crossing page boundary -- ensure page bits are set.
Message[306] C:\USERS\GERPE\ONEDRIVE\GER-PER 2016\DOCUMENTS\KENNYNEUTRON\2021\NRF24L01_GYRO_SCOREBOARD\NRF_GYRO_RECIEVER\NRF_GYRO_RECIEVER_20210416\NRF_GYRO_REICIEVERV0.ASM 275 : Crossing page boundary -- ensure page bits are set.
Message[302] C:\USERS\GERPE\ONEDRIVE\GER-PER 2016\DOCUMENTS\KENNYNEUTRON\2021\NRF24L01_GYRO_SCOREBOARD\NRF_GYRO_RECIEVER\NRF_GYRO_RECIEVER_20210416\NRF_GYRO_REICIEVERV0.ASM 283 : Register in operand not in bank 0.  Ensure that bank bits are correct.
Message[305] C:\USERS\GERPE\ONEDRIVE\GER-PER 2016\DOCUMENTS\KENNYNEUTRON\2021\NRF24L01_GYRO_SCOREBOARD\NRF_GYRO_RECIEVER\NRF_GYRO_RECIEVER_20210416\NRF_GYRO_REICIEVERV0.ASM 296 : Using default destination of 1 (file).
Message[305] C:\USERS\GERPE\ONEDRIVE\GER-PER 2016\DOCUMENTS\KENNYNEUTRON\2021\NRF24L01_GYRO_SCOREBOARD\NRF_GYRO_RECIEVER\NRF_GYRO_RECIEVER_20210416\NRF_GYRO_REICIEVERV0.ASM 302 : Using default destination of 1 (file).
Message[302] C:\USERS\GERPE\ONEDRIVE\GER-PER 2016\DOCUMENTS\KENNYNEUTRON\2021\NRF24L01_GYRO_SCOREBOARD\NRF_GYRO_RECIEVER\NRF_GYRO_RECIEVER_20210416\NRF_GYRO_REICIEVERV0.ASM 401 : Register in operand not in bank 0.  Ensure that bank bits are correct.
Warning[203] C:\USERS\GERPE\ONEDRIVE\GER-PER 2016\DOCUMENTS\KENNYNEUTRON\2021\NRF24L01_GYRO_SCOREBOARD\NRF_GYRO_RECIEVER\NRF_GYRO_RECIEVER_20210416\NRF_GYRO_REICIEVERV0.ASM 403 : Found opcode in column 1. (GOTO)
Warning[203] C:\USERS\GERPE\ONEDRIVE\GER-PER 2016\DOCUMENTS\KENNYNEUTRON\2021\NRF24L01_GYRO_SCOREBOARD\NRF_GYRO_RECIEVER\NRF_GYRO_RECIEVER_20210416\NRF_GYRO_REICIEVERV0.ASM 446 : Found opcode in column 1. (RETURN)
Warning[203] C:\USERS\GERPE\ONEDRIVE\GER-PER 2016\DOCUMENTS\KENNYNEUTRON\2021\NRF24L01_GYRO_SCOREBOARD\NRF_GYRO_RECIEVER\NRF_GYRO_RECIEVER_20210416\NRF_GYRO_REICIEVERV0.ASM 467 : Found opcode in column 1. (RETURN)
Warning[203] C:\USERS\GERPE\ONEDRIVE\GER-PER 2016\DOCUMENTS\KENNYNEUTRON\2021\NRF24L01_GYRO_SCOREBOARD\NRF_GYRO_RECIEVER\NRF_GYRO_RECIEVER_20210416\NRF_GYRO_REICIEVERV0.ASM 488 : Found opcode in column 1. (RETURN)
Warning[203] C:\USERS\GERPE\ONEDRIVE\GER-PER 2016\DOCUMENTS\KENNYNEUTRON\2021\NRF24L01_GYRO_SCOREBOARD\NRF_GYRO_RECIEVER\NRF_GYRO_RECIEVER_20210416\NRF_GYRO_REICIEVERV0.ASM 509 : Found opcode in column 1. (RETURN)
Warning[203] C:\USERS\GERPE\ONEDRIVE\GER-PER 2016\DOCUMENTS\KENNYNEUTRON\2021\NRF24L01_GYRO_SCOREBOARD\NRF_GYRO_RECIEVER\NRF_GYRO_RECIEVER_20210416\NRF_GYRO_REICIEVERV0.ASM 530 : Found opcode in column 1. (RETURN)
Warning[203] C:\USERS\GERPE\ONEDRIVE\GER-PER 2016\DOCUMENTS\KENNYNEUTRON\2021\NRF24L01_GYRO_SCOREBOARD\NRF_GYRO_RECIEVER\NRF_GYRO_RECIEVER_20210416\NRF_GYRO_REICIEVERV0.ASM 551 : Found opcode in column 1. (RETURN)
Warning[203] C:\USERS\GERPE\ONEDRIVE\GER-PER 2016\DOCUMENTS\KENNYNEUTRON\2021\NRF24L01_GYRO_SCOREBOARD\NRF_GYRO_RECIEVER\NRF_GYRO_RECIEVER_20210416\NRF_GYRO_REICIEVERV0.ASM 572 : Found opcode in column 1. (RETURN)
Warning[203] C:\USERS\GERPE\ONEDRIVE\GER-PER 2016\DOCUMENTS\KENNYNEUTRON\2021\NRF24L01_GYRO_SCOREBOARD\NRF_GYRO_RECIEVER\NRF_GYRO_RECIEVER_20210416\NRF_GYRO_REICIEVERV0.ASM 603 : Found opcode in column 1. (RETURN)
Warning[203] C:\USERS\GERPE\ONEDRIVE\GER-PER 2016\DOCUMENTS\KENNYNEUTRON\2021\NRF24L01_GYRO_SCOREBOARD\NRF_GYRO_RECIEVER\NRF_GYRO_RECIEVER_20210416\NRF_GYRO_REICIEVERV0.ASM 640 : Found opcode in column 1. (RETURN)
Warning[203] C:\USERS\GERPE\ONEDRIVE\GER-PER 2016\DOCUMENTS\KENNYNEUTRON\2021\NRF24L01_GYRO_SCOREBOARD\NRF_GYRO_RECIEVER\NRF_GYRO_RECIEVER_20210416\NRF_GYRO_REICIEVERV0.ASM 676 : Found opcode in column 1. (RETURN)
Warning[203] C:\USERS\GERPE\ONEDRIVE\GER-PER 2016\DOCUMENTS\KENNYNEUTRON\2021\NRF24L01_GYRO_SCOREBOARD\NRF_GYRO_RECIEVER\NRF_GYRO_RECIEVER_20210416\NRF_GYRO_REICIEVERV0.ASM 714 : Found opcode in column 1. (RETURN)
Warning[203] C:\USERS\GERPE\ONEDRIVE\GER-PER 2016\DOCUMENTS\KENNYNEUTRON\2021\NRF24L01_GYRO_SCOREBOARD\NRF_GYRO_RECIEVER\NRF_GYRO_RECIEVER_20210416\NRF_GYRO_REICIEVERV0.ASM 755 : Found opcode in column 1. (RETURN)
Message[306] C:\USERS\GERPE\ONEDRIVE\GER-PER 2016\DOCUMENTS\KENNYNEUTRON\2021\NRF24L01_GYRO_SCOREBOARD\NRF_GYRO_RECIEVER\NRF_GYRO_RECIEVER_20210416\NRF_GYRO_REICIEVERV0.ASM 798 : Crossing page boundary -- ensure page bits are set.
Message[306] C:\USERS\GERPE\ONEDRIVE\GER-PER 2016\DOCUMENTS\KENNYNEUTRON\2021\NRF24L01_GYRO_SCOREBOARD\NRF_GYRO_RECIEVER\NRF_GYRO_RECIEVER_20210416\NRF_GYRO_REICIEVERV0.ASM 800 : Crossing page boundary -- ensure page bits are set.
Warning[203] C:\USERS\GERPE\ONEDRIVE\GER-PER 2016\DOCUMENTS\KENNYNEUTRON\2021\NRF24L01_GYRO_SCOREBOARD\NRF_GYRO_RECIEVER\NRF_GYRO_RECIEVER_20210416\NRF_GYRO_REICIEVERV0.ASM 805 : Found opcode in column 1. (RETURN)
Warning[203] C:\USERS\GERPE\ONEDRIVE\GER-PER 2016\DOCUMENTS\KENNYNEUTRON\2021\NRF24L01_GYRO_SCOREBOARD\NRF_GYRO_RECIEVER\NRF_GYRO_RECIEVER_20210416\NRF_GYRO_REICIEVERV0.ASM 850 : Found opcode in column 1. (RETURN)
Warning[203] C:\USERS\GERPE\ONEDRIVE\GER-PER 2016\DOCUMENTS\KENNYNEUTRON\2021\NRF24L01_GYRO_SCOREBOARD\NRF_GYRO_RECIEVER\NRF_GYRO_RECIEVER_20210416\NRF_GYRO_REICIEVERV0.ASM 864 : Found opcode in column 1. (RETURN)
Warning[203] C:\USERS\GERPE\ONEDRIVE\GER-PER 2016\DOCUMENTS\KENNYNEUTRON\2021\NRF24L01_GYRO_SCOREBOARD\NRF_GYRO_RECIEVER\NRF_GYRO_RECIEVER_20210416\NRF_GYRO_REICIEVERV0.ASM 884 : Found opcode in column 1. (RETURN)
Warning[203] C:\USERS\GERPE\ONEDRIVE\GER-PER 2016\DOCUMENTS\KENNYNEUTRON\2021\NRF24L01_GYRO_SCOREBOARD\NRF_GYRO_RECIEVER\NRF_GYRO_RECIEVER_20210416\NRF_GYRO_REICIEVERV0.ASM 892 : Found opcode in column 1. (RETURN)
Warning[203] C:\USERS\GERPE\ONEDRIVE\GER-PER 2016\DOCUMENTS\KENNYNEUTRON\2021\NRF24L01_GYRO_SCOREBOARD\NRF_GYRO_RECIEVER\NRF_GYRO_RECIEVER_20210416\NRF_GYRO_REICIEVERV0.ASM 906 : Found opcode in column 1. (RETURN)
Warning[205] C:\USERS\GERPE\ONEDRIVE\GER-PER 2016\DOCUMENTS\KENNYNEUTRON\2021\NRF24L01_GYRO_SCOREBOARD\NRF_GYRO_RECIEVER\NRF_GYRO_RECIEVER_20210416\NRF_GYRO_REICIEVERV0.ASM 947 : Found directive in column 1. (ORG)
Warning[203] C:\USERS\GERPE\ONEDRIVE\GER-PER 2016\DOCUMENTS\KENNYNEUTRON\2021\NRF24L01_GYRO_SCOREBOARD\NRF_GYRO_RECIEVER\NRF_GYRO_RECIEVER_20210416\NRF_GYRO_REICIEVERV0.ASM 953 : Found opcode in column 1. (RETURN)
Warning[203] C:\USERS\GERPE\ONEDRIVE\GER-PER 2016\DOCUMENTS\KENNYNEUTRON\2021\NRF24L01_GYRO_SCOREBOARD\NRF_GYRO_RECIEVER\NRF_GYRO_RECIEVER_20210416\NRF_GYRO_REICIEVERV0.ASM 961 : Found opcode in column 1. (RETURN)
Warning[205] C:\USERS\GERPE\ONEDRIVE\GER-PER 2016\DOCUMENTS\KENNYNEUTRON\2021\NRF24L01_GYRO_SCOREBOARD\NRF_GYRO_RECIEVER\NRF_GYRO_RECIEVER_20210416\NRF_GYRO_REICIEVERV0.ASM 969 : Found directive in column 1. (ORG)
Message[305] C:\USERS\GERPE\ONEDRIVE\GER-PER 2016\DOCUMENTS\KENNYNEUTRON\2021\NRF24L01_GYRO_SCOREBOARD\NRF_GYRO_RECIEVER\NRF_GYRO_RECIEVER_20210416\NRF_GYRO_REICIEVERV0.ASM 993 : Using default destination of 1 (file).
Warning[203] C:\USERS\GERPE\ONEDRIVE\GER-PER 2016\DOCUMENTS\KENNYNEUTRON\2021\NRF24L01_GYRO_SCOREBOARD\NRF_GYRO_RECIEVER\NRF_GYRO_RECIEVER_20210416\NRF_GYRO_REICIEVERV0.ASM 1030 : Found opcode in column 1. (RETURN)
Warning[203] C:\USERS\GERPE\ONEDRIVE\GER-PER 2016\DOCUMENTS\KENNYNEUTRON\2021\NRF24L01_GYRO_SCOREBOARD\NRF_GYRO_RECIEVER\NRF_GYRO_RECIEVER_20210416\NRF_GYRO_REICIEVERV0.ASM 1062 : Found opcode in column 1. (RETURN)
Warning[203] C:\USERS\GERPE\ONEDRIVE\GER-PER 2016\DOCUMENTS\KENNYNEUTRON\2021\NRF24L01_GYRO_SCOREBOARD\NRF_GYRO_RECIEVER\NRF_GYRO_RECIEVER_20210416\NRF_GYRO_REICIEVERV0.ASM 1076 : Found opcode in column 1. (RETURN)
Message[305] C:\USERS\GERPE\ONEDRIVE\GER-PER 2016\DOCUMENTS\KENNYNEUTRON\2021\NRF24L01_GYRO_SCOREBOARD\NRF_GYRO_RECIEVER\NRF_GYRO_RECIEVER_20210416\NRF_GYRO_REICIEVERV0.ASM 1098 : Using default destination of 1 (file).
Warning[203] C:\USERS\GERPE\ONEDRIVE\GER-PER 2016\DOCUMENTS\KENNYNEUTRON\2021\NRF24L01_GYRO_SCOREBOARD\NRF_GYRO_RECIEVER\NRF_GYRO_RECIEVER_20210416\NRF_GYRO_REICIEVERV0.ASM 1102 : Found opcode in column 1. (RETURN)
Warning[203] C:\USERS\GERPE\ONEDRIVE\GER-PER 2016\DOCUMENTS\KENNYNEUTRON\2021\NRF24L01_GYRO_SCOREBOARD\NRF_GYRO_RECIEVER\NRF_GYRO_RECIEVER_20210416\NRF_GYRO_REICIEVERV0.ASM 1113 : Found opcode in column 1. (RETURN)
Warning[203] C:\USERS\GERPE\ONEDRIVE\GER-PER 2016\DOCUMENTS\KENNYNEUTRON\2021\NRF24L01_GYRO_SCOREBOARD\NRF_GYRO_RECIEVER\NRF_GYRO_RECIEVER_20210416\NRF_GYRO_REICIEVERV0.ASM 1124 : Found opcode in column 1. (RETURN)
Warning[203] C:\USERS\GERPE\ONEDRIVE\GER-PER 2016\DOCUMENTS\KENNYNEUTRON\2021\NRF24L01_GYRO_SCOREBOARD\NRF_GYRO_RECIEVER\NRF_GYRO_RECIEVER_20210416\NRF_GYRO_REICIEVERV0.ASM 1147 : Found opcode in column 1. (RETURN)
Warning[203] C:\USERS\GERPE\ONEDRIVE\GER-PER 2016\DOCUMENTS\KENNYNEUTRON\2021\NRF24L01_GYRO_SCOREBOARD\NRF_GYRO_RECIEVER\NRF_GYRO_RECIEVER_20210416\NRF_GYRO_REICIEVERV0.ASM 1232 : Found opcode in column 1. (RETURN)
Warning[203] C:\USERS\GERPE\ONEDRIVE\GER-PER 2016\DOCUMENTS\KENNYNEUTRON\2021\NRF24L01_GYRO_SCOREBOARD\NRF_GYRO_RECIEVER\NRF_GYRO_RECIEVER_20210416\NRF_GYRO_REICIEVERV0.ASM 1264 : Found opcode in column 1. (RETURN)
Warning[203] C:\USERS\GERPE\ONEDRIVE\GER-PER 2016\DOCUMENTS\KENNYNEUTRON\2021\NRF24L01_GYRO_SCOREBOARD\NRF_GYRO_RECIEVER\NRF_GYRO_RECIEVER_20210416\NRF_GYRO_REICIEVERV0.ASM 1295 : Found opcode in column 1. (RETURN)
Warning[203] C:\USERS\GERPE\ONEDRIVE\GER-PER 2016\DOCUMENTS\KENNYNEUTRON\2021\NRF24L01_GYRO_SCOREBOARD\NRF_GYRO_RECIEVER\NRF_GYRO_RECIEVER_20210416\NRF_GYRO_REICIEVERV0.ASM 1314 : Found opcode in column 1. (RETURN)
Warning[203] C:\USERS\GERPE\ONEDRIVE\GER-PER 2016\DOCUMENTS\KENNYNEUTRON\2021\NRF24L01_GYRO_SCOREBOARD\NRF_GYRO_RECIEVER\NRF_GYRO_RECIEVER_20210416\NRF_GYRO_REICIEVERV0.ASM 1332 : Found opcode in column 1. (RETURN)
Message[305] C:\USERS\GERPE\ONEDRIVE\GER-PER 2016\DOCUMENTS\KENNYNEUTRON\2021\NRF24L01_GYRO_SCOREBOARD\NRF_GYRO_RECIEVER\NRF_GYRO_RECIEVER_20210416\NRF_GYRO_REICIEVERV0.ASM 1342 : Using default destination of 1 (file).
Warning[203] C:\USERS\GERPE\ONEDRIVE\GER-PER 2016\DOCUMENTS\KENNYNEUTRON\2021\NRF24L01_GYRO_SCOREBOARD\NRF_GYRO_RECIEVER\NRF_GYRO_RECIEVER_20210416\NRF_GYRO_REICIEVERV0.ASM 1355 : Found opcode in column 1. (NOP)
Warning[203] C:\USERS\GERPE\ONEDRIVE\GER-PER 2016\DOCUMENTS\KENNYNEUTRON\2021\NRF24L01_GYRO_SCOREBOARD\NRF_GYRO_RECIEVER\NRF_GYRO_RECIEVER_20210416\NRF_GYRO_REICIEVERV0.ASM 1365 : Found opcode in column 1. (RETURN)
Message[305] C:\USERS\GERPE\ONEDRIVE\GER-PER 2016\DOCUMENTS\KENNYNEUTRON\2021\NRF24L01_GYRO_SCOREBOARD\NRF_GYRO_RECIEVER\NRF_GYRO_RECIEVER_20210416\NRF_GYRO_REICIEVERV0.ASM 1391 : Using default destination of 1 (file).
Warning[203] C:\USERS\GERPE\ONEDRIVE\GER-PER 2016\DOCUMENTS\KENNYNEUTRON\2021\NRF24L01_GYRO_SCOREBOARD\NRF_GYRO_RECIEVER\NRF_GYRO_RECIEVER_20210416\NRF_GYRO_REICIEVERV0.ASM 1403 : Found opcode in column 1. (RETURN)
Warning[203] C:\USERS\GERPE\ONEDRIVE\GER-PER 2016\DOCUMENTS\KENNYNEUTRON\2021\NRF24L01_GYRO_SCOREBOARD\NRF_GYRO_RECIEVER\NRF_GYRO_RECIEVER_20210416\NRF_GYRO_REICIEVERV0.ASM 1426 : Found opcode in column 1. (RETURN)
Warning[203] C:\USERS\GERPE\ONEDRIVE\GER-PER 2016\DOCUMENTS\KENNYNEUTRON\2021\NRF24L01_GYRO_SCOREBOARD\NRF_GYRO_RECIEVER\NRF_GYRO_RECIEVER_20210416\NRF_GYRO_REICIEVERV0.ASM 1443 : Found opcode in column 1. (RETURN)
Warning[203] C:\USERS\GERPE\ONEDRIVE\GER-PER 2016\DOCUMENTS\KENNYNEUTRON\2021\NRF24L01_GYRO_SCOREBOARD\NRF_GYRO_RECIEVER\NRF_GYRO_RECIEVER_20210416\NRF_GYRO_REICIEVERV0.ASM 1455 : Found opcode in column 1. (RETURN)
