Warning[205] C:\USERS\GERPE\ONEDRIVE\GER-PER 2016\DOCUMENTS\KENNYNEUTRON\2020\NRF24L01 ASM\NRF24L01_LIBKN.INC 37 : Found directive in column 1. (CBLOCK)
Warning[205] C:\USERS\GERPE\ONEDRIVE\GER-PER 2016\DOCUMENTS\KENNYNEUTRON\2020\NRF24L01 ASM\NRF24L01_LIBKN.INC 83 : Found directive in column 1. (ENDC)
Warning[205] C:\USERS\GERPE\ONEDRIVE\GER-PER 2016\DOCUMENTS\KENNYNEUTRON\2020\NRF24L01 ASM\NRF24L01_LIBKN.INC 87 : Found directive in column 1. (ORG)
Error[113]   C:\USERS\GERPE\ONEDRIVE\GER-PER 2016\DOCUMENTS\KENNYNEUTRON\2020\NRF24L01 ASM\NRF24L01_LIBKN.INC 91 : Symbol not previously defined (PCLATH)
Error[113]   C:\USERS\GERPE\ONEDRIVE\GER-PER 2016\DOCUMENTS\KENNYNEUTRON\2020\NRF24L01 ASM\NRF24L01_LIBKN.INC 95 : Symbol not previously defined (PCLATH)
Warning[203] C:\USERS\GERPE\ONEDRIVE\GER-PER 2016\DOCUMENTS\KENNYNEUTRON\2020\NRF24L01 ASM\NRF24L01_LIBKN.INC 96 : Found opcode in column 1. (RETURN)
Error[113]   C:\USERS\GERPE\ONEDRIVE\GER-PER 2016\DOCUMENTS\KENNYNEUTRON\2020\NRF24L01 ASM\NRF24L01_LIBKN.INC 100 : Symbol not previously defined (PCLATH)
Error[113]   C:\USERS\GERPE\ONEDRIVE\GER-PER 2016\DOCUMENTS\KENNYNEUTRON\2020\NRF24L01 ASM\NRF24L01_LIBKN.INC 103 : Symbol not previously defined (PCLATH)
Warning[203] C:\USERS\GERPE\ONEDRIVE\GER-PER 2016\DOCUMENTS\KENNYNEUTRON\2020\NRF24L01 ASM\NRF24L01_LIBKN.INC 104 : Found opcode in column 1. (RETURN)
Error[113]   C:\USERS\GERPE\ONEDRIVE\GER-PER 2016\DOCUMENTS\KENNYNEUTRON\2020\NRF24L01 ASM\NRF24L01_LIBKN.INC 109 : Symbol not previously defined (PCLATH)
Error[113]   C:\USERS\GERPE\ONEDRIVE\GER-PER 2016\DOCUMENTS\KENNYNEUTRON\2020\NRF24L01 ASM\NRF24L01_LIBKN.INC 112 : Symbol not previously defined (PCLATH)
Warning[203] C:\USERS\GERPE\ONEDRIVE\GER-PER 2016\DOCUMENTS\KENNYNEUTRON\2020\NRF24L01 ASM\NRF24L01_LIBKN.INC 113 : Found opcode in column 1. (RETURN)
Error[113]   C:\USERS\GERPE\ONEDRIVE\GER-PER 2016\DOCUMENTS\KENNYNEUTRON\2020\NRF24L01 ASM\NRF24L01_LIBKN.INC 117 : Symbol not previously defined (PCLATH)
Error[113]   C:\USERS\GERPE\ONEDRIVE\GER-PER 2016\DOCUMENTS\KENNYNEUTRON\2020\NRF24L01 ASM\NRF24L01_LIBKN.INC 120 : Symbol not previously defined (PCLATH)
Warning[203] C:\USERS\GERPE\ONEDRIVE\GER-PER 2016\DOCUMENTS\KENNYNEUTRON\2020\NRF24L01 ASM\NRF24L01_LIBKN.INC 121 : Found opcode in column 1. (RETURN)
Warning[205] C:\USERS\GERPE\ONEDRIVE\GER-PER 2016\DOCUMENTS\KENNYNEUTRON\2020\NRF24L01 ASM\NRF24L01_LIBKN.INC 129 : Found directive in column 1. (ORG)
Error[113]   C:\USERS\GERPE\ONEDRIVE\GER-PER 2016\DOCUMENTS\KENNYNEUTRON\2020\NRF24L01 ASM\NRF24L01_LIBKN.INC 137 : Symbol not previously defined (PORTC)
Error[113]   C:\USERS\GERPE\ONEDRIVE\GER-PER 2016\DOCUMENTS\KENNYNEUTRON\2020\NRF24L01 ASM\NRF24L01_LIBKN.INC 144 : Symbol not previously defined (FSR)
Error[113]   C:\USERS\GERPE\ONEDRIVE\GER-PER 2016\DOCUMENTS\KENNYNEUTRON\2020\NRF24L01 ASM\NRF24L01_LIBKN.INC 148 : Symbol not previously defined (INDF)
Message[305] C:\USERS\GERPE\ONEDRIVE\GER-PER 2016\DOCUMENTS\KENNYNEUTRON\2020\NRF24L01 ASM\NRF24L01_LIBKN.INC 152 : Using default destination of 1 (file).
Error[113]   C:\USERS\GERPE\ONEDRIVE\GER-PER 2016\DOCUMENTS\KENNYNEUTRON\2020\NRF24L01 ASM\NRF24L01_LIBKN.INC 152 : Symbol not previously defined (FSR)
Error[113]   C:\USERS\GERPE\ONEDRIVE\GER-PER 2016\DOCUMENTS\KENNYNEUTRON\2020\NRF24L01 ASM\NRF24L01_LIBKN.INC 157 : Symbol not previously defined (PORTC)
Error[113]   C:\USERS\GERPE\ONEDRIVE\GER-PER 2016\DOCUMENTS\KENNYNEUTRON\2020\NRF24L01 ASM\NRF24L01_LIBKN.INC 162 : Symbol not previously defined (PORTC)
Error[113]   C:\USERS\GERPE\ONEDRIVE\GER-PER 2016\DOCUMENTS\KENNYNEUTRON\2020\NRF24L01 ASM\NRF24L01_LIBKN.INC 168 : Symbol not previously defined (PORTC)
Error[113]   C:\USERS\GERPE\ONEDRIVE\GER-PER 2016\DOCUMENTS\KENNYNEUTRON\2020\NRF24L01 ASM\NRF24L01_LIBKN.INC 176 : Symbol not previously defined (PORTC)
Error[113]   C:\USERS\GERPE\ONEDRIVE\GER-PER 2016\DOCUMENTS\KENNYNEUTRON\2020\NRF24L01 ASM\NRF24L01_LIBKN.INC 180 : Symbol not previously defined (PORTC)
Warning[203] C:\USERS\GERPE\ONEDRIVE\GER-PER 2016\DOCUMENTS\KENNYNEUTRON\2020\NRF24L01 ASM\NRF24L01_LIBKN.INC 189 : Found opcode in column 1. (RETURN)
Error[113]   C:\USERS\GERPE\ONEDRIVE\GER-PER 2016\DOCUMENTS\KENNYNEUTRON\2020\NRF24L01 ASM\NRF24L01_LIBKN.INC 209 : Symbol not previously defined (PORTC)
Error[113]   C:\USERS\GERPE\ONEDRIVE\GER-PER 2016\DOCUMENTS\KENNYNEUTRON\2020\NRF24L01 ASM\NRF24L01_LIBKN.INC 220 : Symbol not previously defined (PORTC)
Warning[203] C:\USERS\GERPE\ONEDRIVE\GER-PER 2016\DOCUMENTS\KENNYNEUTRON\2020\NRF24L01 ASM\NRF24L01_LIBKN.INC 221 : Found opcode in column 1. (RETURN)
Warning[203] C:\USERS\GERPE\ONEDRIVE\GER-PER 2016\DOCUMENTS\KENNYNEUTRON\2020\NRF24L01 ASM\NRF24L01_LIBKN.INC 235 : Found opcode in column 1. (RETURN)
Error[113]   C:\USERS\GERPE\ONEDRIVE\GER-PER 2016\DOCUMENTS\KENNYNEUTRON\2020\NRF24L01 ASM\NRF24L01_LIBKN.INC 244 : Symbol not previously defined (FSR)
Error[113]   C:\USERS\GERPE\ONEDRIVE\GER-PER 2016\DOCUMENTS\KENNYNEUTRON\2020\NRF24L01 ASM\NRF24L01_LIBKN.INC 248 : Symbol not previously defined (PORTC)
Error[113]   C:\USERS\GERPE\ONEDRIVE\GER-PER 2016\DOCUMENTS\KENNYNEUTRON\2020\NRF24L01 ASM\NRF24L01_LIBKN.INC 256 : Symbol not previously defined (INDF)
Message[305] C:\USERS\GERPE\ONEDRIVE\GER-PER 2016\DOCUMENTS\KENNYNEUTRON\2020\NRF24L01 ASM\NRF24L01_LIBKN.INC 257 : Using default destination of 1 (file).
Error[113]   C:\USERS\GERPE\ONEDRIVE\GER-PER 2016\DOCUMENTS\KENNYNEUTRON\2020\NRF24L01 ASM\NRF24L01_LIBKN.INC 257 : Symbol not previously defined (FSR)
Warning[203] C:\USERS\GERPE\ONEDRIVE\GER-PER 2016\DOCUMENTS\KENNYNEUTRON\2020\NRF24L01 ASM\NRF24L01_LIBKN.INC 261 : Found opcode in column 1. (RETURN)
Warning[203] C:\USERS\GERPE\ONEDRIVE\GER-PER 2016\DOCUMENTS\KENNYNEUTRON\2020\NRF24L01 ASM\NRF24L01_LIBKN.INC 272 : Found opcode in column 1. (RETURN)
Warning[203] C:\USERS\GERPE\ONEDRIVE\GER-PER 2016\DOCUMENTS\KENNYNEUTRON\2020\NRF24L01 ASM\NRF24L01_LIBKN.INC 283 : Found opcode in column 1. (RETURN)
Error[113]   C:\USERS\GERPE\ONEDRIVE\GER-PER 2016\DOCUMENTS\KENNYNEUTRON\2020\NRF24L01 ASM\NRF24L01_LIBKN.INC 290 : Symbol not previously defined (PORTC)
Error[113]   C:\USERS\GERPE\ONEDRIVE\GER-PER 2016\DOCUMENTS\KENNYNEUTRON\2020\NRF24L01 ASM\NRF24L01_LIBKN.INC 294 : Symbol not previously defined (PORTC)
Error[113]   C:\USERS\GERPE\ONEDRIVE\GER-PER 2016\DOCUMENTS\KENNYNEUTRON\2020\NRF24L01 ASM\NRF24L01_LIBKN.INC 300 : Symbol not previously defined (PORTC)
Error[113]   C:\USERS\GERPE\ONEDRIVE\GER-PER 2016\DOCUMENTS\KENNYNEUTRON\2020\NRF24L01 ASM\NRF24L01_LIBKN.INC 305 : Symbol not previously defined (PORTC)
Warning[203] C:\USERS\GERPE\ONEDRIVE\GER-PER 2016\DOCUMENTS\KENNYNEUTRON\2020\NRF24L01 ASM\NRF24L01_LIBKN.INC 306 : Found opcode in column 1. (RETURN)
Error[113]   C:\USERS\GERPE\ONEDRIVE\GER-PER 2016\DOCUMENTS\KENNYNEUTRON\2020\NRF24L01 ASM\NRF24L01_LIBKN.INC 312 : Symbol not previously defined (PORTC)
Error[113]   C:\USERS\GERPE\ONEDRIVE\GER-PER 2016\DOCUMENTS\KENNYNEUTRON\2020\NRF24L01 ASM\NRF24L01_LIBKN.INC 313 : Symbol not previously defined (PORTC)
Error[113]   C:\USERS\GERPE\ONEDRIVE\GER-PER 2016\DOCUMENTS\KENNYNEUTRON\2020\NRF24L01 ASM\NRF24L01_LIBKN.INC 314 : Symbol not previously defined (PORTB)
Error[113]   C:\USERS\GERPE\ONEDRIVE\GER-PER 2016\DOCUMENTS\KENNYNEUTRON\2020\NRF24L01 ASM\NRF24L01_LIBKN.INC 315 : Symbol not previously defined (PORTC)
Error[113]   C:\USERS\GERPE\ONEDRIVE\GER-PER 2016\DOCUMENTS\KENNYNEUTRON\2020\NRF24L01 ASM\NRF24L01_LIBKN.INC 324 : Symbol not previously defined (PORTC)
Warning[203] C:\USERS\GERPE\ONEDRIVE\GER-PER 2016\DOCUMENTS\KENNYNEUTRON\2020\NRF24L01 ASM\NRF24L01_LIBKN.INC 325 : Found opcode in column 1. (RETURN)
Error[113]   C:\USERS\GERPE\ONEDRIVE\GER-PER 2016\DOCUMENTS\KENNYNEUTRON\2020\NRF24L01 ASM\NRF24L01_LIBKN.INC 329 : Symbol not previously defined (PORTC)
Error[113]   C:\USERS\GERPE\ONEDRIVE\GER-PER 2016\DOCUMENTS\KENNYNEUTRON\2020\NRF24L01 ASM\NRF24L01_LIBKN.INC 330 : Symbol not previously defined (PORTC)
Error[113]   C:\USERS\GERPE\ONEDRIVE\GER-PER 2016\DOCUMENTS\KENNYNEUTRON\2020\NRF24L01 ASM\NRF24L01_LIBKN.INC 331 : Symbol not previously defined (PORTB)
Error[113]   C:\USERS\GERPE\ONEDRIVE\GER-PER 2016\DOCUMENTS\KENNYNEUTRON\2020\NRF24L01 ASM\NRF24L01_LIBKN.INC 332 : Symbol not previously defined (PORTC)
Error[113]   C:\USERS\GERPE\ONEDRIVE\GER-PER 2016\DOCUMENTS\KENNYNEUTRON\2020\NRF24L01 ASM\NRF24L01_LIBKN.INC 341 : Symbol not previously defined (PORTC)
Warning[203] C:\USERS\GERPE\ONEDRIVE\GER-PER 2016\DOCUMENTS\KENNYNEUTRON\2020\NRF24L01 ASM\NRF24L01_LIBKN.INC 342 : Found opcode in column 1. (RETURN)
Warning[203] C:\USERS\GERPE\ONEDRIVE\GER-PER 2016\DOCUMENTS\KENNYNEUTRON\2020\NRF24L01 ASM\NRF24L01_LIBKN.INC 421 : Found opcode in column 1. (RETURN)
Error[113]   C:\USERS\GERPE\ONEDRIVE\GER-PER 2016\DOCUMENTS\KENNYNEUTRON\2020\NRF24L01 ASM\NRF24L01_LIBKN.INC 426 : Symbol not previously defined (PORTC)
Error[113]   C:\USERS\GERPE\ONEDRIVE\GER-PER 2016\DOCUMENTS\KENNYNEUTRON\2020\NRF24L01 ASM\NRF24L01_LIBKN.INC 452 : Symbol not previously defined (PORTC)
Warning[203] C:\USERS\GERPE\ONEDRIVE\GER-PER 2016\DOCUMENTS\KENNYNEUTRON\2020\NRF24L01 ASM\NRF24L01_LIBKN.INC 453 : Found opcode in column 1. (RETURN)
Error[113]   C:\USERS\GERPE\ONEDRIVE\GER-PER 2016\DOCUMENTS\KENNYNEUTRON\2020\NRF24L01 ASM\NRF24L01_LIBKN.INC 458 : Symbol not previously defined (PORTC)
Error[113]   C:\USERS\GERPE\ONEDRIVE\GER-PER 2016\DOCUMENTS\KENNYNEUTRON\2020\NRF24L01 ASM\NRF24L01_LIBKN.INC 483 : Symbol not previously defined (PORTC)
Warning[203] C:\USERS\GERPE\ONEDRIVE\GER-PER 2016\DOCUMENTS\KENNYNEUTRON\2020\NRF24L01 ASM\NRF24L01_LIBKN.INC 484 : Found opcode in column 1. (RETURN)
Error[113]   C:\USERS\GERPE\ONEDRIVE\GER-PER 2016\DOCUMENTS\KENNYNEUTRON\2020\NRF24L01 ASM\NRF24L01_LIBKN.INC 489 : Symbol not previously defined (PORTC)
Error[113]   C:\USERS\GERPE\ONEDRIVE\GER-PER 2016\DOCUMENTS\KENNYNEUTRON\2020\NRF24L01 ASM\NRF24L01_LIBKN.INC 502 : Symbol not previously defined (PORTC)
Warning[203] C:\USERS\GERPE\ONEDRIVE\GER-PER 2016\DOCUMENTS\KENNYNEUTRON\2020\NRF24L01 ASM\NRF24L01_LIBKN.INC 503 : Found opcode in column 1. (RETURN)
Error[113]   C:\USERS\GERPE\ONEDRIVE\GER-PER 2016\DOCUMENTS\KENNYNEUTRON\2020\NRF24L01 ASM\NRF24L01_LIBKN.INC 509 : Symbol not previously defined (PORTC)
Error[113]   C:\USERS\GERPE\ONEDRIVE\GER-PER 2016\DOCUMENTS\KENNYNEUTRON\2020\NRF24L01 ASM\NRF24L01_LIBKN.INC 519 : Symbol not previously defined (PORTC)
Warning[203] C:\USERS\GERPE\ONEDRIVE\GER-PER 2016\DOCUMENTS\KENNYNEUTRON\2020\NRF24L01 ASM\NRF24L01_LIBKN.INC 521 : Found opcode in column 1. (RETURN)
Message[305] C:\USERS\GERPE\ONEDRIVE\GER-PER 2016\DOCUMENTS\KENNYNEUTRON\2020\NRF24L01 ASM\NRF24L01_LIBKN.INC 531 : Using default destination of 1 (file).
Error[113]   C:\USERS\GERPE\ONEDRIVE\GER-PER 2016\DOCUMENTS\KENNYNEUTRON\2020\NRF24L01 ASM\NRF24L01_LIBKN.INC 533 : Symbol not previously defined (STATUS)
Error[113]   C:\USERS\GERPE\ONEDRIVE\GER-PER 2016\DOCUMENTS\KENNYNEUTRON\2020\NRF24L01 ASM\NRF24L01_LIBKN.INC 533 : Symbol not previously defined (C)
Error[113]   C:\USERS\GERPE\ONEDRIVE\GER-PER 2016\DOCUMENTS\KENNYNEUTRON\2020\NRF24L01 ASM\NRF24L01_LIBKN.INC 538 : Symbol not previously defined (PORTC)
Error[113]   C:\USERS\GERPE\ONEDRIVE\GER-PER 2016\DOCUMENTS\KENNYNEUTRON\2020\NRF24L01 ASM\NRF24L01_LIBKN.INC 542 : Symbol not previously defined (PORTC)
Warning[203] C:\USERS\GERPE\ONEDRIVE\GER-PER 2016\DOCUMENTS\KENNYNEUTRON\2020\NRF24L01 ASM\NRF24L01_LIBKN.INC 544 : Found opcode in column 1. (NOP)
Error[113]   C:\USERS\GERPE\ONEDRIVE\GER-PER 2016\DOCUMENTS\KENNYNEUTRON\2020\NRF24L01 ASM\NRF24L01_LIBKN.INC 547 : Symbol not previously defined (PORTB)
Error[113]   C:\USERS\GERPE\ONEDRIVE\GER-PER 2016\DOCUMENTS\KENNYNEUTRON\2020\NRF24L01 ASM\NRF24L01_LIBKN.INC 548 : Symbol not previously defined (PORTB)
Error[113]   C:\USERS\GERPE\ONEDRIVE\GER-PER 2016\DOCUMENTS\KENNYNEUTRON\2020\NRF24L01 ASM\NRF24L01_LIBKN.INC 553 : Symbol not previously defined (PORTB)
Warning[203] C:\USERS\GERPE\ONEDRIVE\GER-PER 2016\DOCUMENTS\KENNYNEUTRON\2020\NRF24L01 ASM\NRF24L01_LIBKN.INC 554 : Found opcode in column 1. (RETURN)
Error[113]   C:\USERS\GERPE\ONEDRIVE\GER-PER 2016\DOCUMENTS\KENNYNEUTRON\2020\NRF24L01 ASM\NRF24L01_LIBKN.INC 567 : Symbol not previously defined (PORTB)
Message[305] C:\USERS\GERPE\ONEDRIVE\GER-PER 2016\DOCUMENTS\KENNYNEUTRON\2020\NRF24L01 ASM\NRF24L01_LIBKN.INC 580 : Using default destination of 1 (file).
Error[113]   C:\USERS\GERPE\ONEDRIVE\GER-PER 2016\DOCUMENTS\KENNYNEUTRON\2020\NRF24L01 ASM\NRF24L01_LIBKN.INC 582 : Symbol not previously defined (PORTB)
Error[113]   C:\USERS\GERPE\ONEDRIVE\GER-PER 2016\DOCUMENTS\KENNYNEUTRON\2020\NRF24L01 ASM\NRF24L01_LIBKN.INC 583 : Symbol not previously defined (PORTB)
Error[113]   C:\USERS\GERPE\ONEDRIVE\GER-PER 2016\DOCUMENTS\KENNYNEUTRON\2020\NRF24L01 ASM\NRF24L01_LIBKN.INC 591 : Symbol not previously defined (PORTB)
Warning[203] C:\USERS\GERPE\ONEDRIVE\GER-PER 2016\DOCUMENTS\KENNYNEUTRON\2020\NRF24L01 ASM\NRF24L01_LIBKN.INC 592 : Found opcode in column 1. (RETURN)
Warning[203] C:\USERS\GERPE\ONEDRIVE\GER-PER 2016\DOCUMENTS\KENNYNEUTRON\2020\NRF24L01 ASM\NRF24L01_LIBKN.INC 615 : Found opcode in column 1. (RETURN)
Warning[203] C:\USERS\GERPE\ONEDRIVE\GER-PER 2016\DOCUMENTS\KENNYNEUTRON\2020\NRF24L01 ASM\NRF24L01_LIBKN.INC 632 : Found opcode in column 1. (RETURN)
Warning[203] C:\USERS\GERPE\ONEDRIVE\GER-PER 2016\DOCUMENTS\KENNYNEUTRON\2020\NRF24L01 ASM\NRF24L01_LIBKN.INC 644 : Found opcode in column 1. (RETURN)
Error[129]   C:\USERS\GERPE\ONEDRIVE\GER-PER 2016\DOCUMENTS\KENNYNEUTRON\2020\NRF24L01 ASM\NRF24L01_LIBKN.INC 654 : Expected (END)
