Warning[205] C:\USERS\GERPE\ONEDRIVE\GER-PER 2016\DOCUMENTS\KENNYNEUTRON\2020\NRF24L01 ASM\NRF24L01_LIBKN.INC 37 : Found directive in column 1. (CBLOCK)
Warning[205] C:\USERS\GERPE\ONEDRIVE\GER-PER 2016\DOCUMENTS\KENNYNEUTRON\2020\NRF24L01 ASM\NRF24L01_LIBKN.INC 83 : Found directive in column 1. (ENDC)
Warning[205] C:\USERS\GERPE\ONEDRIVE\GER-PER 2016\DOCUMENTS\KENNYNEUTRON\2020\NRF24L01 ASM\NRF24L01_LIBKN.INC 87 : Found directive in column 1. (ORG)
Message[306] C:\USERS\GERPE\ONEDRIVE\GER-PER 2016\DOCUMENTS\KENNYNEUTRON\2020\NRF24L01 ASM\NRF24L01_LIBKN.INC 93 : Crossing page boundary -- ensure page bits are set.
Warning[203] C:\USERS\GERPE\ONEDRIVE\GER-PER 2016\DOCUMENTS\KENNYNEUTRON\2020\NRF24L01 ASM\NRF24L01_LIBKN.INC 96 : Found opcode in column 1. (RETURN)
Message[306] C:\USERS\GERPE\ONEDRIVE\GER-PER 2016\DOCUMENTS\KENNYNEUTRON\2020\NRF24L01 ASM\NRF24L01_LIBKN.INC 101 : Crossing page boundary -- ensure page bits are set.
Warning[203] C:\USERS\GERPE\ONEDRIVE\GER-PER 2016\DOCUMENTS\KENNYNEUTRON\2020\NRF24L01 ASM\NRF24L01_LIBKN.INC 104 : Found opcode in column 1. (RETURN)
Message[306] C:\USERS\GERPE\ONEDRIVE\GER-PER 2016\DOCUMENTS\KENNYNEUTRON\2020\NRF24L01 ASM\NRF24L01_LIBKN.INC 110 : Crossing page boundary -- ensure page bits are set.
Warning[203] C:\USERS\GERPE\ONEDRIVE\GER-PER 2016\DOCUMENTS\KENNYNEUTRON\2020\NRF24L01 ASM\NRF24L01_LIBKN.INC 113 : Found opcode in column 1. (RETURN)
Message[306] C:\USERS\GERPE\ONEDRIVE\GER-PER 2016\DOCUMENTS\KENNYNEUTRON\2020\NRF24L01 ASM\NRF24L01_LIBKN.INC 118 : Crossing page boundary -- ensure page bits are set.
Warning[203] C:\USERS\GERPE\ONEDRIVE\GER-PER 2016\DOCUMENTS\KENNYNEUTRON\2020\NRF24L01 ASM\NRF24L01_LIBKN.INC 121 : Found opcode in column 1. (RETURN)
Warning[205] C:\USERS\GERPE\ONEDRIVE\GER-PER 2016\DOCUMENTS\KENNYNEUTRON\2020\NRF24L01 ASM\NRF24L01_LIBKN.INC 129 : Found directive in column 1. (ORG)
Message[305] C:\USERS\GERPE\ONEDRIVE\GER-PER 2016\DOCUMENTS\KENNYNEUTRON\2020\NRF24L01 ASM\NRF24L01_LIBKN.INC 152 : Using default destination of 1 (file).
Warning[203] C:\USERS\GERPE\ONEDRIVE\GER-PER 2016\DOCUMENTS\KENNYNEUTRON\2020\NRF24L01 ASM\NRF24L01_LIBKN.INC 189 : Found opcode in column 1. (RETURN)
Warning[203] C:\USERS\GERPE\ONEDRIVE\GER-PER 2016\DOCUMENTS\KENNYNEUTRON\2020\NRF24L01 ASM\NRF24L01_LIBKN.INC 221 : Found opcode in column 1. (RETURN)
Warning[203] C:\USERS\GERPE\ONEDRIVE\GER-PER 2016\DOCUMENTS\KENNYNEUTRON\2020\NRF24L01 ASM\NRF24L01_LIBKN.INC 235 : Found opcode in column 1. (RETURN)
Message[305] C:\USERS\GERPE\ONEDRIVE\GER-PER 2016\DOCUMENTS\KENNYNEUTRON\2020\NRF24L01 ASM\NRF24L01_LIBKN.INC 257 : Using default destination of 1 (file).
Warning[203] C:\USERS\GERPE\ONEDRIVE\GER-PER 2016\DOCUMENTS\KENNYNEUTRON\2020\NRF24L01 ASM\NRF24L01_LIBKN.INC 261 : Found opcode in column 1. (RETURN)
Warning[203] C:\USERS\GERPE\ONEDRIVE\GER-PER 2016\DOCUMENTS\KENNYNEUTRON\2020\NRF24L01 ASM\NRF24L01_LIBKN.INC 272 : Found opcode in column 1. (RETURN)
Warning[203] C:\USERS\GERPE\ONEDRIVE\GER-PER 2016\DOCUMENTS\KENNYNEUTRON\2020\NRF24L01 ASM\NRF24L01_LIBKN.INC 283 : Found opcode in column 1. (RETURN)
Warning[203] C:\USERS\GERPE\ONEDRIVE\GER-PER 2016\DOCUMENTS\KENNYNEUTRON\2020\NRF24L01 ASM\NRF24L01_LIBKN.INC 306 : Found opcode in column 1. (RETURN)
Warning[203] C:\USERS\GERPE\ONEDRIVE\GER-PER 2016\DOCUMENTS\KENNYNEUTRON\2020\NRF24L01 ASM\NRF24L01_LIBKN.INC 325 : Found opcode in column 1. (RETURN)
Warning[203] C:\USERS\GERPE\ONEDRIVE\GER-PER 2016\DOCUMENTS\KENNYNEUTRON\2020\NRF24L01 ASM\NRF24L01_LIBKN.INC 342 : Found opcode in column 1. (RETURN)
Warning[203] C:\USERS\GERPE\ONEDRIVE\GER-PER 2016\DOCUMENTS\KENNYNEUTRON\2020\NRF24L01 ASM\NRF24L01_LIBKN.INC 421 : Found opcode in column 1. (RETURN)
Warning[203] C:\USERS\GERPE\ONEDRIVE\GER-PER 2016\DOCUMENTS\KENNYNEUTRON\2020\NRF24L01 ASM\NRF24L01_LIBKN.INC 453 : Found opcode in column 1. (RETURN)
Warning[203] C:\USERS\GERPE\ONEDRIVE\GER-PER 2016\DOCUMENTS\KENNYNEUTRON\2020\NRF24L01 ASM\NRF24L01_LIBKN.INC 484 : Found opcode in column 1. (RETURN)
Warning[203] C:\USERS\GERPE\ONEDRIVE\GER-PER 2016\DOCUMENTS\KENNYNEUTRON\2020\NRF24L01 ASM\NRF24L01_LIBKN.INC 503 : Found opcode in column 1. (RETURN)
Warning[203] C:\USERS\GERPE\ONEDRIVE\GER-PER 2016\DOCUMENTS\KENNYNEUTRON\2020\NRF24L01 ASM\NRF24L01_LIBKN.INC 521 : Found opcode in column 1. (RETURN)
Message[305] C:\USERS\GERPE\ONEDRIVE\GER-PER 2016\DOCUMENTS\KENNYNEUTRON\2020\NRF24L01 ASM\NRF24L01_LIBKN.INC 531 : Using default destination of 1 (file).
Warning[203] C:\USERS\GERPE\ONEDRIVE\GER-PER 2016\DOCUMENTS\KENNYNEUTRON\2020\NRF24L01 ASM\NRF24L01_LIBKN.INC 544 : Found opcode in column 1. (NOP)
Warning[203] C:\USERS\GERPE\ONEDRIVE\GER-PER 2016\DOCUMENTS\KENNYNEUTRON\2020\NRF24L01 ASM\NRF24L01_LIBKN.INC 554 : Found opcode in column 1. (RETURN)
Message[305] C:\USERS\GERPE\ONEDRIVE\GER-PER 2016\DOCUMENTS\KENNYNEUTRON\2020\NRF24L01 ASM\NRF24L01_LIBKN.INC 580 : Using default destination of 1 (file).
Warning[203] C:\USERS\GERPE\ONEDRIVE\GER-PER 2016\DOCUMENTS\KENNYNEUTRON\2020\NRF24L01 ASM\NRF24L01_LIBKN.INC 592 : Found opcode in column 1. (RETURN)
Warning[203] C:\USERS\GERPE\ONEDRIVE\GER-PER 2016\DOCUMENTS\KENNYNEUTRON\2020\NRF24L01 ASM\NRF24L01_LIBKN.INC 615 : Found opcode in column 1. (RETURN)
Warning[203] C:\USERS\GERPE\ONEDRIVE\GER-PER 2016\DOCUMENTS\KENNYNEUTRON\2020\NRF24L01 ASM\NRF24L01_LIBKN.INC 632 : Found opcode in column 1. (RETURN)
Warning[203] C:\USERS\GERPE\ONEDRIVE\GER-PER 2016\DOCUMENTS\KENNYNEUTRON\2020\NRF24L01 ASM\NRF24L01_LIBKN.INC 644 : Found opcode in column 1. (RETURN)
Warning[205] C:\USERS\GERPE\ONEDRIVE\GER-PER 2016\DOCUMENTS\KENNYNEUTRON\2020\NRF24L01 ASM\NRF24L01_PIC16F690_V0.ASM 46 : Found directive in column 1. (CBLOCK)
Warning[205] C:\USERS\GERPE\ONEDRIVE\GER-PER 2016\DOCUMENTS\KENNYNEUTRON\2020\NRF24L01 ASM\NRF24L01_PIC16F690_V0.ASM 60 : Found directive in column 1. (ENDC)
Message[302] C:\USERS\GERPE\ONEDRIVE\GER-PER 2016\DOCUMENTS\KENNYNEUTRON\2020\NRF24L01 ASM\NRF24L01_PIC16F690_V0.ASM 87 : Register in operand not in bank 0.  Ensure that bank bits are correct.
Message[302] C:\USERS\GERPE\ONEDRIVE\GER-PER 2016\DOCUMENTS\KENNYNEUTRON\2020\NRF24L01 ASM\NRF24L01_PIC16F690_V0.ASM 88 : Register in operand not in bank 0.  Ensure that bank bits are correct.
Message[302] C:\USERS\GERPE\ONEDRIVE\GER-PER 2016\DOCUMENTS\KENNYNEUTRON\2020\NRF24L01 ASM\NRF24L01_PIC16F690_V0.ASM 93 : Register in operand not in bank 0.  Ensure that bank bits are correct.
Message[302] C:\USERS\GERPE\ONEDRIVE\GER-PER 2016\DOCUMENTS\KENNYNEUTRON\2020\NRF24L01 ASM\NRF24L01_PIC16F690_V0.ASM 96 : Register in operand not in bank 0.  Ensure that bank bits are correct.
Message[302] C:\USERS\GERPE\ONEDRIVE\GER-PER 2016\DOCUMENTS\KENNYNEUTRON\2020\NRF24L01 ASM\NRF24L01_PIC16F690_V0.ASM 99 : Register in operand not in bank 0.  Ensure that bank bits are correct.
Warning[205] C:\USERS\GERPE\ONEDRIVE\GER-PER 2016\DOCUMENTS\KENNYNEUTRON\2020\NRF24L01 ASM\NRF24L01_PIC16F690_V0.ASM 111 : Found directive in column 1. (BANKSEL)
Warning[205] C:\USERS\GERPE\ONEDRIVE\GER-PER 2016\DOCUMENTS\KENNYNEUTRON\2020\NRF24L01 ASM\NRF24L01_PIC16F690_V0.ASM 173 : Found directive in column 1. (BANKSEL)
Message[305] C:\USERS\GERPE\ONEDRIVE\GER-PER 2016\DOCUMENTS\KENNYNEUTRON\2020\NRF24L01 ASM\NRF24L01_PIC16F690_V0.ASM 177 : Using default destination of 1 (file).
Warning[203] C:\USERS\GERPE\ONEDRIVE\GER-PER 2016\DOCUMENTS\KENNYNEUTRON\2020\NRF24L01 ASM\NRF24L01_PIC16F690_V0.ASM 191 : Found opcode in column 1. (GOTO)
Warning[203] C:\USERS\GERPE\ONEDRIVE\GER-PER 2016\DOCUMENTS\KENNYNEUTRON\2020\NRF24L01 ASM\NRF24L01_PIC16F690_V0.ASM 198 : Found opcode in column 1. (GOTO)
Warning[205] C:\USERS\GERPE\ONEDRIVE\GER-PER 2016\DOCUMENTS\KENNYNEUTRON\2020\NRF24L01 ASM\NRF24L01_PIC16F690_V0.ASM 230 : Found directive in column 1. (BANKSEL)
Message[305] C:\USERS\GERPE\ONEDRIVE\GER-PER 2016\DOCUMENTS\KENNYNEUTRON\2020\NRF24L01 ASM\NRF24L01_PIC16F690_V0.ASM 249 : Using default destination of 1 (file).
Warning[203] C:\USERS\GERPE\ONEDRIVE\GER-PER 2016\DOCUMENTS\KENNYNEUTRON\2020\NRF24L01 ASM\NRF24L01_PIC16F690_V0.ASM 265 : Found opcode in column 1. (GOTO)
Warning[203] C:\USERS\GERPE\ONEDRIVE\GER-PER 2016\DOCUMENTS\KENNYNEUTRON\2020\NRF24L01 ASM\NRF24L01_PIC16F690_V0.ASM 268 : Found opcode in column 1. (GOTO)
Message[302] C:\USERS\GERPE\ONEDRIVE\GER-PER 2016\DOCUMENTS\KENNYNEUTRON\2020\NRF24L01 ASM\NRF24L01_PIC16F690_V0.ASM 278 : Register in operand not in bank 0.  Ensure that bank bits are correct.
Warning[203] C:\USERS\GERPE\ONEDRIVE\GER-PER 2016\DOCUMENTS\KENNYNEUTRON\2020\NRF24L01 ASM\NRF24L01_PIC16F690_V0.ASM 282 : Found opcode in column 1. (RETURN)
Message[305] C:\USERS\GERPE\ONEDRIVE\GER-PER 2016\DOCUMENTS\KENNYNEUTRON\2020\NRF24L01 ASM\NRF24L01_PIC16F690_V0.ASM 291 : Using default destination of 1 (file).
Message[305] C:\USERS\GERPE\ONEDRIVE\GER-PER 2016\DOCUMENTS\KENNYNEUTRON\2020\NRF24L01 ASM\NRF24L01_PIC16F690_V0.ASM 294 : Using default destination of 1 (file).
Message[305] C:\USERS\GERPE\ONEDRIVE\GER-PER 2016\DOCUMENTS\KENNYNEUTRON\2020\NRF24L01 ASM\NRF24L01_PIC16F690_V0.ASM 318 : Using default destination of 1 (file).
Message[305] C:\USERS\GERPE\ONEDRIVE\GER-PER 2016\DOCUMENTS\KENNYNEUTRON\2020\NRF24L01 ASM\NRF24L01_PIC16F690_V0.ASM 340 : Using default destination of 1 (file).
Message[305] C:\USERS\GERPE\ONEDRIVE\GER-PER 2016\DOCUMENTS\KENNYNEUTRON\2020\NRF24L01 ASM\NRF24L01_PIC16F690_V0.ASM 341 : Using default destination of 1 (file).
Message[305] C:\USERS\GERPE\ONEDRIVE\GER-PER 2016\DOCUMENTS\KENNYNEUTRON\2020\NRF24L01 ASM\NRF24L01_PIC16F690_V0.ASM 344 : Using default destination of 1 (file).
Message[305] C:\USERS\GERPE\ONEDRIVE\GER-PER 2016\DOCUMENTS\KENNYNEUTRON\2020\NRF24L01 ASM\NRF24L01_PIC16F690_V0.ASM 351 : Using default destination of 1 (file).
Warning[203] C:\USERS\GERPE\ONEDRIVE\GER-PER 2016\DOCUMENTS\KENNYNEUTRON\2020\NRF24L01 ASM\NRF24L01_PIC16F690_V0.ASM 441 : Found opcode in column 1. (RETURN)
Warning[205] C:\USERS\GERPE\ONEDRIVE\GER-PER 2016\DOCUMENTS\KENNYNEUTRON\2020\NRF24L01 ASM\NRF24L01_PIC16F690_V0.ASM 445 : Found directive in column 1. (ORG)
Warning[205] C:\USERS\GERPE\ONEDRIVE\GER-PER 2016\DOCUMENTS\KENNYNEUTRON\2020\NRF24L01 ASM\NRF24L01_PIC16F690_V0.ASM 449 : Found directive in column 1. (BANKSEL)
Message[302] C:\USERS\GERPE\ONEDRIVE\GER-PER 2016\DOCUMENTS\KENNYNEUTRON\2020\NRF24L01 ASM\NRF24L01_PIC16F690_V0.ASM 451 : Register in operand not in bank 0.  Ensure that bank bits are correct.
Message[302] C:\USERS\GERPE\ONEDRIVE\GER-PER 2016\DOCUMENTS\KENNYNEUTRON\2020\NRF24L01 ASM\NRF24L01_PIC16F690_V0.ASM 455 : Register in operand not in bank 0.  Ensure that bank bits are correct.
Message[302] C:\USERS\GERPE\ONEDRIVE\GER-PER 2016\DOCUMENTS\KENNYNEUTRON\2020\NRF24L01 ASM\NRF24L01_PIC16F690_V0.ASM 463 : Register in operand not in bank 0.  Ensure that bank bits are correct.
Message[302] C:\USERS\GERPE\ONEDRIVE\GER-PER 2016\DOCUMENTS\KENNYNEUTRON\2020\NRF24L01 ASM\NRF24L01_PIC16F690_V0.ASM 467 : Register in operand not in bank 0.  Ensure that bank bits are correct.
Warning[205] C:\USERS\GERPE\ONEDRIVE\GER-PER 2016\DOCUMENTS\KENNYNEUTRON\2020\NRF24L01 ASM\NRF24L01_PIC16F690_V0.ASM 473 : Found directive in column 1. (BANKSEL)
Warning[203] C:\USERS\GERPE\ONEDRIVE\GER-PER 2016\DOCUMENTS\KENNYNEUTRON\2020\NRF24L01 ASM\NRF24L01_PIC16F690_V0.ASM 482 : Found opcode in column 1. (RETURN)
Message[302] C:\USERS\GERPE\ONEDRIVE\GER-PER 2016\DOCUMENTS\KENNYNEUTRON\2020\NRF24L01 ASM\NRF24L01_PIC16F690_V0.ASM 490 : Register in operand not in bank 0.  Ensure that bank bits are correct.
Message[302] C:\USERS\GERPE\ONEDRIVE\GER-PER 2016\DOCUMENTS\KENNYNEUTRON\2020\NRF24L01 ASM\NRF24L01_PIC16F690_V0.ASM 495 : Register in operand not in bank 0.  Ensure that bank bits are correct.
Warning[203] C:\USERS\GERPE\ONEDRIVE\GER-PER 2016\DOCUMENTS\KENNYNEUTRON\2020\NRF24L01 ASM\NRF24L01_PIC16F690_V0.ASM 508 : Found opcode in column 1. (RETURN)
