MPASM  5.51      20191109_HUB6CPU16F690V1.ASM   11-22-2019  11:27:18         PAGE  1


LOC  OBJECT CODE     LINE SOURCE TEXT
  VALUE

                      00001 ;**********************************************************************
                      00002 ;                                                                     *
                      00003 ;    FILENAME:      20191109_HUB6CPU16F690V1.ASM                      *
                      00004 ;    DATE:              2019.11.09                                        *
                      00005 ;    FILE VERSION:                                                    *
                      00006 ;                                                                     *
                      00007 ;    AUTHOR:        KENNYNEUTRON                                      *
                      00008 ;    COMPANY:       GER-PER ENGINEERING                               *
                      00009 ;                                                                     * 
                      00010 ;                                                                     *
                      00011 ;**********************************************************************
                      00012 ;                                                                     *
                      00013 ;    FILES REQUIRED: P16F690.INC                                      *
                      00014 ;                                                                     *
                      00015 ;**********************************************************************
                      00016 ;                                                                     *
                      00017 ;    NOTES:                                                           *
                      00018 ;                                                                     *
                      00019 ;**********************************************************************
                      00020 
                      00021 
                      00022         LIST            P=16F690                        ; LIST DIRECTIVE TO DEFINE PROCESSOR
                      00023         #INCLUDE        <P16F690.INC>           ; PROCESSOR SPECIFIC VARIABLE DEFINITIONS
                      00001         LIST
                      00002 
                      00003 ;==========================================================================
                      00004 ;  MPASM PIC16F690 processor include
                      00005 ; 
                      00006 ;  (c) Copyright 1999-2013 Microchip Technology, All rights reserved
                      00007 ;==========================================================================
                      00008 
                      00756         LIST
                      00024         
                      00025 
2007   30C2           00026         __CONFIG    _CP_OFF & _CPD_OFF & _BOR_OFF & _PWRTE_ON & _WDT_OFF & _HS_OSC & _MCLRE_OFF & _FCMEN
                            _OFF & _IESO_OFF
                      00027 
                      00028 ; '__CONFIG' DIRECTIVE IS USED TO EMBED CONFIGURATION DATA WITHIN .ASM FILE.
                      00029 ; THE LABELS FOLLOWING THE DIRECTIVE ARE LOCATED IN THE RESPECTIVE .INC FILE.
                      00030 ; SEE RESPECTIVE DATA SHEET FOR ADDITIONAL INFORMATION ON CONFIGURATION WORD.
                      00031 
                      00032 
                      00033 
                      00034 
                      00035 
                      00036 
                      00037 ;***** VARIABLE DEFINITIONS
  0000007D            00038 W_TEMP          EQU     0X7D                    ; VARIABLE USED FOR CONTEXT SAVING
  0000007E            00039 STATUS_TEMP     EQU     0X7E                    ; VARIABLE USED FOR CONTEXT SAVING
  0000007F            00040 PCLATH_TEMP     EQU     0X7F                    ; VARIABLE USED FOR CONTEXT SAVING
                      00041 
                      00042 ;COL_CNT EQU 0x21
                      00043 
MPASM  5.51      20191109_HUB6CPU16F690V1.ASM   11-22-2019  11:27:18         PAGE  2


LOC  OBJECT CODE     LINE SOURCE TEXT
  VALUE

                      00044 
                      00045         ;#DEFINE C0_ON          BSF PORTC,      0       PORTC0=====>HI
                      00046         ;#DEFINE C0_OFF         BCF PORTC,      0       PORTC0=====>LO
                      00047 
                      00048 
                      00049         #DEFINE DAT_0           BCF             PORTC,7
                      00050         #DEFINE DAT_1           BSF             PORTC,7
                      00051 
                      00052         #DEFINE CLK_0           BCF             PORTB,6
                      00053         #DEFINE CLK_1           BSF             PORTB,6
                      00054 
                      00055         #DEFINE CS_0            BCF             PORTC,6
                      00056         #DEFINE CS_1            BSF             PORTC,6
                      00057 
                      00058         #DEFINE BANK0           BANKSEL PORTA
                      00059         #DEFINE BANK1           BANKSEL ADRESL
                      00060         #DEFINE BANK2           BANKSEL ANSELH
                      00061 
                      00062 ;============================   BANK    0       ===========================
Warning[205]: Found directive in column 1. (CBLOCK)
                      00063 CBLOCK 0x20
Warning[210]: Extra ","
  00000020            00064                         DELAYUS, DELAYMS,  MILSEC, SEC,DELAYS,  ;DELAY VARIABLES                
  00000025            00065                         LOOP,DATABUFF
  00000027            00066                         COUNT0
  00000028            00067                         CHAR0
  00000029            00068                         RCV_BIT,RCV_DAT,RCV_TEMP,RCV_FBIT
Warning[205]: Found directive in column 1. (ENDC)
                      00069 ENDC
                      00070 ;======================================================================
                      00071 
                      00072 
                      00073 ;============================   BANK    1       ===========================
Warning[205]: Found directive in column 1. (CBLOCK)
                      00074 CBLOCK 0XA0
                      00075                 
                      00076         
Warning[205]: Found directive in column 1. (ENDC)
                      00077 ENDC
                      00078 ;======================================================================
                      00079 
                      00080 
                      00081 
                      00082 ;============================   BANK    2       ===========================
Warning[205]: Found directive in column 1. (CBLOCK)
                      00083 CBLOCK 0X120
                      00084         
                      00085 
Warning[205]: Found directive in column 1. (ENDC)
                      00086 ENDC
                      00087 ;======================================================================
                      00088 
                      00089 ;**********************************************************************
MPASM  5.51      20191109_HUB6CPU16F690V1.ASM   11-22-2019  11:27:18         PAGE  3


LOC  OBJECT CODE     LINE SOURCE TEXT
  VALUE

0000                  00090         ORG             0X000                   ; PROCESSOR RESET VECTOR
0000   2810           00091         GOTO    INIT                    ;GO TO INITIALIZATION
                      00092 
                      00093 
0004                  00094         ORG             0X004                   ; INTERRUPT VECTOR LOCATION
0004   00FD           00095         MOVWF           W_TEMP                  ; SAVE OFF CURRENT W REGISTER CONTENTS
0005   0803           00096         MOVF            STATUS,W                ; MOVE STATUS REGISTER INTO W REGISTER
0006   00FE           00097         MOVWF           STATUS_TEMP             ; SAVE OFF CONTENTS OF STATUS REGISTER
0007   080A           00098         MOVF            PCLATH,W                ; MOVE PCLATH REGISTER INTO W REGISTER
0008   00FF           00099         MOVWF           PCLATH_TEMP             ; SAVE OFF CONTENTS OF PCLATH REGISTER
                      00100 
                      00101 
                      00102 ; ISR CODE CAN GO HERE OR BE LOCATED AS A CALL SUBROUTINE ELSEWHERE
                      00103 
0009   087F           00104         MOVF            PCLATH_TEMP,W           ; RETRIEVE COPY OF PCLATH REGISTER
000A   008A           00105         MOVWF           PCLATH                  ; RESTORE PRE-ISR PCLATH REGISTER CONTENTS      
000B   087E           00106         MOVF            STATUS_TEMP,W   ; RETRIEVE COPY OF STATUS REGISTER
000C   0083           00107         MOVWF           STATUS                  ; RESTORE PRE-ISR STATUS REGISTER CONTENTS
000D   0EFD           00108         SWAPF           W_TEMP,F
000E   0E7D           00109         SWAPF           W_TEMP,W                ; RESTORE PRE-ISR W REGISTER CONTENTS
000F   0009           00110         RETFIE                                          ; RETURN FROM INTERRUPT
                      00111 
                      00112 
                      00113 
                      00114 ;$$$$$$$$$$$$$$$$$$$$$  INITIALIZE      $$$$$$$$$$$$$$$$$$$$$$$$$$$$$$$$
                      00115 
                      00116 ;DECLARE PORTC AS OUTPUT HERE:
0010                  00117 INIT
Warning[205]: Found directive in column 1. (BANKSEL)
0010   1283 1703      00118 BANKSEL ANSEL
Warning[203]: Found opcode in column 1. (CLRW)
0012   0103           00119 CLRW
Warning[203]: Found opcode in column 1. (MOVWF)
Message[302]: Register in operand not in bank 0.  Ensure that bank bits are correct.
0013   009E           00120 MOVWF   ANSEL
Warning[203]: Found opcode in column 1. (MOVWF)
Message[302]: Register in operand not in bank 0.  Ensure that bank bits are correct.
0014   009F           00121 MOVWF   ANSELH
                      00122 
                      00123 
                      00124 
Warning[205]: Found directive in column 1. (BANKSEL)
0015   1683 1303      00125 BANKSEL TRISC
Warning[203]: Found opcode in column 1. (MOVLW)
0017   3008           00126 MOVLW   B'00001000'
Warning[203]: Found opcode in column 1. (MOVWF)
Message[302]: Register in operand not in bank 0.  Ensure that bank bits are correct.
0018   0087           00127 MOVWF   TRISC
                      00128 
                      00129 
0019   1683 1303      00130         BANKSEL TRISB
Message[302]: Register in operand not in bank 0.  Ensure that bank bits are correct.
001B   0186           00131         CLRF    TRISB
MPASM  5.51      20191109_HUB6CPU16F690V1.ASM   11-22-2019  11:27:18         PAGE  4


LOC  OBJECT CODE     LINE SOURCE TEXT
  VALUE

Message[302]: Register in operand not in bank 0.  Ensure that bank bits are correct.
001C   1686           00132         BSF             TRISB,5
                      00133         
                      00134 
                      00135 
                      00136 
Warning[203]: Found opcode in column 1. (GOTO)
001D   281E           00137 GOTO    MAIN    ; GO TO BEGINNING OF PROGRAM
                      00138 ;$$$$$$$$$$$$$$$$$$$$$$$$$$$$$$$$$$$$$$$$$$$$$$$$$$$$$$$$$$$$$$$$$$$
                      00139 
                      00140 
                      00141 ;#######################        MAIN PROGRAM  ##########################
001E                  00142 MAIN
                      00143 ;
001E   300A           00144         MOVLW   .10
001F   00A7           00145         MOVWF   COUNT0
                      00146 
0020                  00147 MAN0
0020   30AA           00148         MOVLW   0XAA                            ;HEADER
0021   00A6           00149         MOVWF   DATABUFF
0022   2070           00150         CALL    DATA_GPU_SEND
                      00151 
0023   30A0           00152         MOVLW   0XA0                            ;CMD_CURSORX
0024   00A6           00153         MOVWF   DATABUFF
0025   2070           00154         CALL    DATA_GPU_SEND
                      00155 
0026   3001           00156         MOVLW   0X01                            ;CSR_LOW_BYTE
0027   00A6           00157         MOVWF   DATABUFF
0028   2070           00158         CALL    DATA_GPU_SEND
                      00159 
                      00160 
0029   3004           00161         MOVLW   0X04                            ;CSR_HIGH_BYTE
002A   00A6           00162         MOVWF   DATABUFF
002B   2070           00163         CALL    DATA_GPU_SEND
                      00164 
                      00165 
002C   30A1           00166         MOVLW   0XA1                            ;CMD_COLOR
002D   00A6           00167         MOVWF   DATABUFF
002E   2070           00168         CALL    DATA_GPU_SEND
                      00169 
002F   3001           00170         MOVLW   0X01                            ;COLOR_GREEN
0030   00A6           00171         MOVWF   DATABUFF
0031   2070           00172         CALL    DATA_GPU_SEND
                      00173 
0032   30A1           00174         MOVLW   0XA1                            ;CMD_COLOR
0033   00A6           00175         MOVWF   DATABUFF
0034   2070           00176         CALL    DATA_GPU_SEND
                      00177 
                      00178 
                      00179 
0035   3000           00180         MOVLW   0X00                            ;COLOR_RED
0036   00A6           00181         MOVWF   DATABUFF
0037   2070           00182         CALL    DATA_GPU_SEND
MPASM  5.51      20191109_HUB6CPU16F690V1.ASM   11-22-2019  11:27:18         PAGE  5


LOC  OBJECT CODE     LINE SOURCE TEXT
  VALUE

                      00183 
                      00184 
                      00185 
0038   30A1           00186         MOVLW   0XA1                            ;CMD_COLOR
0039   00A6           00187         MOVWF   DATABUFF
003A   2070           00188         CALL    DATA_GPU_SEND
                      00189 
                      00190 
                      00191 
003B   3002           00192         MOVLW   0X02                            ;COLOR_YELLOW
003C   00A6           00193         MOVWF   DATABUFF
003D   2070           00194         CALL    DATA_GPU_SEND
                      00195 
                      00196 
003E   30A1           00197         MOVLW   0XA1                            ;CMD_COLOR
003F   00A6           00198         MOVWF   DATABUFF
0040   2070           00199         CALL    DATA_GPU_SEND
                      00200 
                      00201 
                      00202 
0041   3001           00203         MOVLW   0X01                            ;COLOR_GREEN
0042   00A6           00204         MOVWF   DATABUFF
0043   2070           00205         CALL    DATA_GPU_SEND
                      00206 
                      00207 
0044   30A2           00208         MOVLW   0XA2                            ;CMD_CHAR
0045   00A6           00209         MOVWF   DATABUFF
0046   2070           00210         CALL    DATA_GPU_SEND
                      00211         
                      00212 
                      00213 
0047   082A           00214         MOVFW   RCV_DAT
                      00215 
                      00216 
0048   00A6           00217         MOVWF   DATABUFF
0049   2070           00218         CALL    DATA_GPU_SEND
                      00219 
                      00220 
                      00221 
                      00222 
                      00223 
                      00224 
                      00225 
                      00226 
004A   30A2           00227         MOVLW   0XA2                            ;CMD_CHAR
004B   00A6           00228         MOVWF   DATABUFF
004C   2070           00229         CALL    DATA_GPU_SEND
                      00230         
                      00231 
004D   3034           00232         MOVLW   0X34                            ;CHAR_LOW_E
004E   00A6           00233         MOVWF   DATABUFF
004F   2070           00234         CALL    DATA_GPU_SEND
                      00235 
MPASM  5.51      20191109_HUB6CPU16F690V1.ASM   11-22-2019  11:27:18         PAGE  6


LOC  OBJECT CODE     LINE SOURCE TEXT
  VALUE

                      00236 
                      00237 
0050   30A2           00238         MOVLW   0XA2                            ;CMD_CHAR
0051   00A6           00239         MOVWF   DATABUFF
0052   2070           00240         CALL    DATA_GPU_SEND
                      00241         
                      00242 
0053   303D           00243         MOVLW   0X3D                            ;CHAR_LOW_N
0054   00A6           00244         MOVWF   DATABUFF
0055   2070           00245         CALL    DATA_GPU_SEND
                      00246 
                      00247 
                      00248 
0056   30A2           00249         MOVLW   0XA2                            ;CMD_CHAR
0057   00A6           00250         MOVWF   DATABUFF
0058   2070           00251         CALL    DATA_GPU_SEND
                      00252         
                      00253 
0059   303D           00254         MOVLW   0X3D                            ;CHAR_LOW_N
005A   00A6           00255         MOVWF   DATABUFF
005B   2070           00256         CALL    DATA_GPU_SEND
                      00257 
                      00258 
005C   30A2           00259         MOVLW   0XA2                            ;CMD_CHAR
005D   00A6           00260         MOVWF   DATABUFF
005E   2070           00261         CALL    DATA_GPU_SEND
                      00262         
                      00263 
005F   3048           00264         MOVLW   0X48                            ;CHAR_LOW_Y
0060   00A6           00265         MOVWF   DATABUFF
0061   2070           00266         CALL    DATA_GPU_SEND
                      00267 
                      00268 
                      00269 
                      00270 
                      00271 
                      00272 
0062   30A3           00273         MOVLW   0XA3                    ;CMD_SCROLL
0063   00A6           00274         MOVWF   DATABUFF
0064   2070           00275         CALL    DATA_GPU_SEND
                      00276         
                      00277 
0065   3000           00278         MOVLW   0X00                    ;SCROLL_FALSE
0066   00A6           00279         MOVWF   DATABUFF
0067   2070           00280         CALL    DATA_GPU_SEND
                      00281 
                      00282 
                      00283 
0068   30FE           00284         MOVLW   0XFE                    ;CMD_ENDCOM
0069   00A6           00285         MOVWF   DATABUFF
006A   2070           00286         CALL    DATA_GPU_SEND
                      00287 
006B   30BB           00288         MOVLW   0XBB                    ;FOOTER
MPASM  5.51      20191109_HUB6CPU16F690V1.ASM   11-22-2019  11:27:18         PAGE  7


LOC  OBJECT CODE     LINE SOURCE TEXT
  VALUE

006C   00A6           00289         MOVWF   DATABUFF
006D   2070           00290         CALL    DATA_GPU_SEND
                      00291 
                      00292 ;       DECFSZ  COUNT0
                      00293 ;       GOTO    MAN0
                      00294 
                      00295 
006E   0000           00296         NOP
                      00297 
Warning[203]: Found opcode in column 1. (GOTO)
006F   281E           00298 GOTO    MAIN
                      00299 
                      00300 
                      00301 
                      00302 ;=================== CPU TO GPU COMMUNICATION =================
0070                  00303 DATA_GPU_SEND
                      00304 
Warning[203]: Found opcode in column 1. (BSF)
0070   1707           00305 CS_1
                      00306 
0071   1987           00307                 BTFSC   PORTC,3         ;ACK
0072   2871           00308                 GOTO    $-1
                      00309                 
                      00310 
Warning[203]: Found opcode in column 1. (MOVLW)
0073   3003           00311 MOVLW   3
Warning[203]: Found opcode in column 1. (CALL)
0074   2093           00312 CALL    DELAY_US
                      00313 
Warning[203]: Found opcode in column 1. (BCF)
0075   1387           00314 DAT_0
                      00315 
Warning[203]: Found opcode in column 1. (BCF)
0076   1306           00316 CLK_0
                      00317 
                      00318 
Warning[203]: Found opcode in column 1. (MOVLW)
0077   3008           00319 MOVLW   8
Warning[203]: Found opcode in column 1. (MOVWF)
0078   00A5           00320 MOVWF   LOOP
                      00321 
                      00322 
0079                  00323 MN0
Message[305]: Using default destination of 1 (file).
0079   0DA6           00324                 RLF             DATABUFF
007A   1C03           00325                 BTFSS   STATUS,C
007B   287D           00326                 GOTO    DATIS0
007C   287F           00327                 GOTO    DATIS1
                      00328 
007D                  00329 DATIS0
007D   1387           00330                 DAT_0
007E   2882           00331                 GOTO    MN1
                      00332 
MPASM  5.51      20191109_HUB6CPU16F690V1.ASM   11-22-2019  11:27:18         PAGE  8


LOC  OBJECT CODE     LINE SOURCE TEXT
  VALUE

007F                  00333 DATIS1
007F   1787           00334                 DAT_1
0080   2882           00335                 GOTO    MN1
                      00336 
Warning[203]: Found opcode in column 1. (NOP)
0081   0000           00337 NOP
                      00338 
0082                  00339 MN1
0082   1706           00340                 CLK_1
0083   0000           00341                 NOP
0084   0000           00342                 NOP
0085   0000           00343                 NOP
0086   0000           00344                 NOP
0087   0000           00345                 NOP
0088   0000           00346                 NOP
0089   0000           00347                 NOP
008A   0000           00348                 NOP
008B   1306           00349                 CLK_0
                      00350         
008C   0BA5           00351                 DECFSZ  LOOP,F
008D   2879           00352                 GOTO    MN0
                      00353 
Warning[203]: Found opcode in column 1. (BCF)
008E   1307           00354 CS_0
                      00355 
                      00356 
Warning[203]: Found opcode in column 1. (BSF)
008F   1706           00357 CLK_1
Warning[203]: Found opcode in column 1. (BSF)
0090   1787           00358 DAT_1
                      00359 
0091                  00360 DGS_EXIT
0091   1307           00361                 CS_0
                      00362 ;               MOVLW   3
                      00363 ;               CALL    DELAY_US
                      00364 
                      00365 
Warning[203]: Found opcode in column 1. (RETURN)
0092   0008           00366 RETURN
                      00367 ;====================================================================
                      00368 
                      00369 
                      00370 
                      00371 
                      00372 
                      00373 
                      00374 
                      00375 
                      00376 
                      00377 
                      00378 
                      00379 
                      00380 
MPASM  5.51      20191109_HUB6CPU16F690V1.ASM   11-22-2019  11:27:18         PAGE  9


LOC  OBJECT CODE     LINE SOURCE TEXT
  VALUE

                      00381 ;==========     DELAY USEC =========
0093                  00382 DELAY_US
                      00383 
0093   00A0           00384         MOVWF   DELAYUS
                      00385 
0094                  00386 USEC
                      00387 
0094   0000           00388         NOP
0095   0000           00389         NOP
0096   0000           00390         NOP
0097   0000           00391         NOP
Warning[203]: Found opcode in column 1. (DECFSZ)
0098   0BA0           00392 DECFSZ  DELAYUS,F
                      00393 
Warning[203]: Found opcode in column 1. (GOTO)
0099   2894           00394 GOTO    USEC
                      00395 
Warning[203]: Found opcode in column 1. (RETURN)
009A   0008           00396 RETURN
                      00397 ;=================================
                      00398 
                      00399 
                      00400 
                      00401 ;=========== DELAY ONE MS ========
009B                  00402 DELAY_ONEMS
                      00403 
009B   3005           00404         MOVLW   .5
009C   00A5           00405         MOVWF   LOOP
                      00406 
009D                  00407 MSEC
009D   30C8           00408         MOVLW   .200
009E   2093           00409         CALL    DELAY_US
009F   0BA5           00410         DECFSZ  LOOP,F
00A0   289D           00411         GOTO    MSEC
                      00412 
Warning[203]: Found opcode in column 1. (RETURN)
00A1   0008           00413 RETURN
                      00414 ;==================================
                      00415 
                      00416 
                      00417 ;=========== DELAY MS   ==========
00A2                  00418 DELAY_MS
                      00419         
00A2   00A1           00420         MOVWF   DELAYMS
00A3                  00421 MSEC0
00A3   209B           00422         CALL    DELAY_ONEMS
00A4   0BA1           00423         DECFSZ  DELAYMS,F
00A5   28A3           00424         GOTO    MSEC0
Warning[203]: Found opcode in column 1. (RETURN)
00A6   0008           00425 RETURN
                      00426 ;=================================
                      00427 
                      00428 ;=========== DELAY      ONE     SECOND ===
MPASM  5.51      20191109_HUB6CPU16F690V1.ASM   11-22-2019  11:27:18         PAGE 10


LOC  OBJECT CODE     LINE SOURCE TEXT
  VALUE

00A7                  00429 DELAY_ONESEC
                      00430 
00A7   3005           00431         MOVLW   .5
00A8   00A3           00432         MOVWF   SEC
00A9                  00433 SEC0
00A9   30C8           00434         MOVLW   .200
00AA   20A2           00435         CALL    DELAY_MS
00AB   0BA3           00436         DECFSZ  SEC,F
00AC   28A9           00437         GOTO    SEC0
Warning[203]: Found opcode in column 1. (RETURN)
00AD   0008           00438 RETURN
                      00439 ;=================================
                      00440 
                      00441 ;========== DELAY SEC ============
00AE                  00442 DELAY_SEC
                      00443 
00AE   00A4           00444         MOVWF   DELAYS
00AF                  00445 SEC1
00AF   20A7           00446         CALL    DELAY_ONESEC
00B0   0BA4           00447         DECFSZ  DELAYS,F
00B1   28AF           00448         GOTO    SEC1
Warning[203]: Found opcode in column 1. (RETURN)
00B2   0008           00449 RETURN
                      00450 ;=================================
                      00451 
                      00452 
                      00453 
                      00454 
2100                  00455         ORG     0x2100                          ; data EEPROM location
2100   0001 0002 0003 00456         DE      1,2,3,4                         ; define first four EEPROM locations as 1, 2, 3, and 4
       0004 
                      00457 
                      00458 
                      00459 
                      00460 
                      00461         END                       ; directive 'end of program'
MPASM  5.51      20191109_HUB6CPU16F690V1.ASM   11-22-2019  11:27:18         PAGE 11


SYMBOL TABLE
  LABEL                             VALUE 

ABDEN                             00000000
ABDOVF                            00000007
ADCON0                            0000001F
ADCON1                            0000009F
ADCS0                             00000004
ADCS1                             00000005
ADCS2                             00000006
ADDEN                             00000003
ADFM                              00000007
ADIE                              00000006
ADIF                              00000006
ADON                              00000000
ADRESH                            0000001E
ADRESL                            0000009E
ANS0                              00000000
ANS1                              00000001
ANS10                             00000002
ANS11                             00000003
ANS2                              00000002
ANS3                              00000003
ANS4                              00000004
ANS5                              00000005
ANS6                              00000006
ANS7                              00000007
ANS8                              00000000
ANS9                              00000001
ANSEL                             0000011E
ANSELH                            0000011F
BANK0                             BANKSEL PORTA
BANK1                             BANKSEL ADRESL
BANK2                             BANKSEL ANSELH
BAUDCTL                           0000009B
BF                                00000000
BRG0                              00000000
BRG1                              00000001
BRG10                             00000002
BRG11                             00000003
BRG12                             00000004
BRG13                             00000005
BRG14                             00000006
BRG15                             00000007
BRG16                             00000003
BRG2                              00000002
BRG3                              00000003
BRG4                              00000004
BRG5                              00000005
BRG6                              00000006
BRG7                              00000007
BRG8                              00000000
BRG9                              00000001
BRGH                              00000002
C                                 00000000
C1CH0                             00000000
MPASM  5.51      20191109_HUB6CPU16F690V1.ASM   11-22-2019  11:27:18         PAGE 12


SYMBOL TABLE
  LABEL                             VALUE 

C1CH1                             00000001
C1IE                              00000005
C1IF                              00000005
C1OE                              00000005
C1ON                              00000007
C1OUT                             00000006
C1POL                             00000004
C1R                               00000002
C1SEN                             00000005
C1VREN                            00000007
C2CH0                             00000000
C2CH1                             00000001
C2IE                              00000006
C2IF                              00000006
C2OE                              00000005
C2ON                              00000007
C2OUT                             00000006
C2POL                             00000004
C2R                               00000002
C2REN                             00000004
C2SYNC                            00000000
C2VREN                            00000006
CCP1CON                           00000017
CCP1IE                            00000002
CCP1IF                            00000002
CCP1M0                            00000000
CCP1M1                            00000001
CCP1M2                            00000002
CCP1M3                            00000003
CCPR                              00000015
CCPR1H                            00000016
CCPR1L                            00000015
CHAR0                             00000028
CHS0                              00000002
CHS1                              00000003
CHS2                              00000004
CHS3                              00000005
CKE                               00000006
CKP                               00000004
CLK_0                             BCF             PORTB,6
CLK_1                             BSF             PORTB,6
CM1CON0                           00000119
CM2CON0                           0000011A
CM2CON1                           0000011B
COUNT0                            00000027
CREN                              00000004
CSRC                              00000007
CS_0                              BCF             PORTC,6
CS_1                              BSF             PORTC,6
D                                 00000005
DATABUFF                          00000026
DATA_ADDRESS                      00000005
DATA_GPU_SEND                     00000070
MPASM  5.51      20191109_HUB6CPU16F690V1.ASM   11-22-2019  11:27:18         PAGE 13


SYMBOL TABLE
  LABEL                             VALUE 

DATIS0                            0000007D
DATIS1                            0000007F
DAT_0                             BCF             PORTC,7
DAT_1                             BSF             PORTC,7
DC                                00000001
DC1B0                             00000004
DC1B1                             00000005
DELAYMS                           00000021
DELAYS                            00000024
DELAYUS                           00000020
DELAY_MS                          000000A2
DELAY_ONEMS                       0000009B
DELAY_ONESEC                      000000A7
DELAY_SEC                         000000AE
DELAY_US                          00000093
DGS_EXIT                          00000091
D_A                               00000005
D_NOT_A                           00000005
ECCPAS                            0000001D
ECCPAS0                           00000004
ECCPAS1                           00000005
ECCPAS2                           00000006
ECCPASE                           00000007
EEADR                             0000010D
EEADRH                            0000010F
EECON1                            0000018C
EECON2                            0000018D
EEDAT                             0000010C
EEDATA                            0000010C
EEDATH                            0000010E
EEIE                              00000004
EEIF                              00000004
EEPGD                             00000007
F                                 00000001
FERR                              00000002
FSR                               00000004
GIE                               00000007
GO                                00000001
GO_DONE                           00000001
GO_NOT_DONE                       00000001
HTS                               00000002
I2C_DATA                          00000005
I2C_READ                          00000002
I2C_START                         00000003
I2C_STOP                          00000004
INDF                              00000000
INIT                              00000010
INTCON                            0000000B
INTE                              00000004
INTEDG                            00000006
INTF                              00000001
IOC                               00000096
IOC0                              00000000
MPASM  5.51      20191109_HUB6CPU16F690V1.ASM   11-22-2019  11:27:18         PAGE 14


SYMBOL TABLE
  LABEL                             VALUE 

IOC1                              00000001
IOC2                              00000002
IOC3                              00000003
IOC4                              00000004
IOC5                              00000005
IOCA                              00000096
IOCA0                             00000000
IOCA1                             00000001
IOCA2                             00000002
IOCA3                             00000003
IOCA4                             00000004
IOCA5                             00000005
IOCB                              00000116
IOCB4                             00000004
IOCB5                             00000005
IOCB6                             00000006
IOCB7                             00000007
IRCF0                             00000004
IRCF1                             00000005
IRCF2                             00000006
IRP                               00000007
LOOP                              00000025
LTS                               00000001
MAIN                              0000001E
MAN0                              00000020
MC1OUT                            00000007
MC2OUT                            00000006
MILSEC                            00000022
MN0                               00000079
MN1                               00000082
MSEC                              0000009D
MSEC0                             000000A3
MSK                               00000093
MSK0                              00000000
MSK1                              00000001
MSK2                              00000002
MSK3                              00000003
MSK4                              00000004
MSK5                              00000005
MSK6                              00000006
MSK7                              00000007
NOT_A                             00000005
NOT_ADDRESS                       00000005
NOT_BOR                           00000000
NOT_DONE                          00000001
NOT_PD                            00000003
NOT_POR                           00000001
NOT_RABPU                         00000007
NOT_T1SYNC                        00000002
NOT_TO                            00000004
NOT_W                             00000002
NOT_WRITE                         00000002
OERR                              00000001
MPASM  5.51      20191109_HUB6CPU16F690V1.ASM   11-22-2019  11:27:18         PAGE 15


SYMBOL TABLE
  LABEL                             VALUE 

OPTION_REG                        00000081
OSCCON                            0000008F
OSCTUNE                           00000090
OSFIE                             00000007
OSFIF                             00000007
OSTS                              00000003
P                                 00000004
P1M0                              00000006
P1M1                              00000007
PCL                               00000002
PCLATH                            0000000A
PCLATH_TEMP                       0000007F
PCON                              0000008E
PDC0                              00000000
PDC1                              00000001
PDC2                              00000002
PDC3                              00000003
PDC4                              00000004
PDC5                              00000005
PDC6                              00000006
PEIE                              00000006
PIE1                              0000008C
PIE2                              0000008D
PIR1                              0000000C
PIR2                              0000000D
PORTA                             00000005
PORTB                             00000006
PORTC                             00000007
PR2                               00000092
PRSEN                             00000007
PS0                               00000000
PS1                               00000001
PS2                               00000002
PSA                               00000003
PSSAC0                            00000002
PSSAC1                            00000003
PSSBD0                            00000000
PSSBD1                            00000001
PSTRCON                           0000019D
PULSR                             00000002
PULSS                             00000003
PWM1CON                           0000001C
R                                 00000002
RA0                               00000000
RA1                               00000001
RA2                               00000002
RA3                               00000003
RA4                               00000004
RA5                               00000005
RABIE                             00000003
RABIF                             00000000
RB4                               00000004
RB5                               00000005
MPASM  5.51      20191109_HUB6CPU16F690V1.ASM   11-22-2019  11:27:18         PAGE 16


SYMBOL TABLE
  LABEL                             VALUE 

RB6                               00000006
RB7                               00000007
RC0                               00000000
RC1                               00000001
RC2                               00000002
RC3                               00000003
RC4                               00000004
RC5                               00000005
RC6                               00000006
RC7                               00000007
RCIDL                             00000006
RCIE                              00000005
RCIF                              00000005
RCREG                             0000001A
RCSTA                             00000018
RCV_BIT                           00000029
RCV_DAT                           0000002A
RCV_FBIT                          0000002C
RCV_TEMP                          0000002B
RD                                00000000
READ_WRITE                        00000002
RP0                               00000005
RP1                               00000006
RX9                               00000006
RX9D                              00000000
R_NOT_W                           00000002
R_W                               00000002
S                                 00000003
SBOREN                            00000004
SCKP                              00000004
SCS                               00000000
SEC                               00000023
SEC0                              000000A9
SEC1                              000000AF
SENB                              00000003
SENDB                             00000003
SMP                               00000007
SPBRG                             00000099
SPBRGH                            0000009A
SPEN                              00000007
SR0                               00000006
SR1                               00000007
SRCON                             0000019E
SREN                              00000005
SSPADD                            00000093
SSPBUF                            00000013
SSPCON                            00000014
SSPEN                             00000005
SSPIE                             00000003
SSPIF                             00000003
SSPM0                             00000000
SSPM1                             00000001
SSPM2                             00000002
MPASM  5.51      20191109_HUB6CPU16F690V1.ASM   11-22-2019  11:27:18         PAGE 17


SYMBOL TABLE
  LABEL                             VALUE 

SSPM3                             00000003
SSPMSK                            00000093
SSPOV                             00000006
SSPSTAT                           00000094
STATUS                            00000003
STATUS_TEMP                       0000007E
STRA                              00000000
STRB                              00000001
STRC                              00000002
STRD                              00000003
STRSYNC                           00000004
SWDTEN                            00000000
SYNC                              00000004
T0CS                              00000005
T0IE                              00000005
T0IF                              00000002
T0SE                              00000004
T1CKPS0                           00000004
T1CKPS1                           00000005
T1CON                             00000010
T1GINV                            00000007
T1GSS                             00000001
T1IE                              00000000
T1IF                              00000000
T1OSCEN                           00000003
T2CKPS0                           00000000
T2CKPS1                           00000001
T2CON                             00000012
T2IE                              00000001
T2IF                              00000001
TMR0                              00000001
TMR1                              0000000E
TMR1CS                            00000001
TMR1GE                            00000006
TMR1H                             0000000F
TMR1IE                            00000000
TMR1IF                            00000000
TMR1L                             0000000E
TMR1ON                            00000000
TMR2                              00000011
TMR2IE                            00000001
TMR2IF                            00000001
TMR2ON                            00000002
TOUTPS0                           00000003
TOUTPS1                           00000004
TOUTPS2                           00000005
TOUTPS3                           00000006
TRISA                             00000085
TRISA0                            00000000
TRISA1                            00000001
TRISA2                            00000002
TRISA3                            00000003
TRISA4                            00000004
MPASM  5.51      20191109_HUB6CPU16F690V1.ASM   11-22-2019  11:27:18         PAGE 18


SYMBOL TABLE
  LABEL                             VALUE 

TRISA5                            00000005
TRISB                             00000086
TRISB4                            00000004
TRISB5                            00000005
TRISB6                            00000006
TRISB7                            00000007
TRISC                             00000087
TRISC0                            00000000
TRISC1                            00000001
TRISC2                            00000002
TRISC3                            00000003
TRISC4                            00000004
TRISC5                            00000005
TRISC6                            00000006
TRISC7                            00000007
TRMT                              00000001
TUN0                              00000000
TUN1                              00000001
TUN2                              00000002
TUN3                              00000003
TUN4                              00000004
TX9                               00000006
TX9D                              00000000
TXEN                              00000005
TXIE                              00000004
TXIF                              00000004
TXREG                             00000019
TXSTA                             00000098
UA                                00000001
ULPWUE                            00000005
USEC                              00000094
VCFG                              00000006
VP6EN                             00000004
VR0                               00000000
VR1                               00000001
VR2                               00000002
VR3                               00000003
VRCON                             00000118
VRR                               00000005
W                                 00000000
WCOL                              00000007
WDTCON                            00000097
WDTPS0                            00000001
WDTPS1                            00000002
WDTPS2                            00000003
WDTPS3                            00000004
WPU                               00000095
WPU0                              00000000
WPU1                              00000001
WPU2                              00000002
WPU4                              00000004
WPU5                              00000005
WPUA                              00000095
MPASM  5.51      20191109_HUB6CPU16F690V1.ASM   11-22-2019  11:27:18         PAGE 19


SYMBOL TABLE
  LABEL                             VALUE 

WPUA0                             00000000
WPUA1                             00000001
WPUA2                             00000002
WPUA4                             00000004
WPUA5                             00000005
WPUB                              00000115
WPUB4                             00000004
WPUB5                             00000005
WPUB6                             00000006
WPUB7                             00000007
WR                                00000001
WREN                              00000002
WRERR                             00000003
WUE                               00000001
W_TEMP                            0000007D
Z                                 00000002
_BOD_NSLEEP                       00003EFF
_BOD_OFF                          00003CFF
_BOD_ON                           00003FFF
_BOD_SBODEN                       00003DFF
_BOREN_NSLEEP                     00003EFF
_BOREN_OFF                        00003CFF
_BOREN_ON                         00003FFF
_BOREN_SBODEN                     00003DFF
_BOR_NSLEEP                       00003EFF
_BOR_OFF                          00003CFF
_BOR_ON                           00003FFF
_BOR_SBODEN                       00003DFF
_CONFIG                           00002007
_CPD_OFF                          00003FFF
_CPD_ON                           00003F7F
_CP_OFF                           00003FFF
_CP_ON                            00003FBF
_DEVID1                           00002006
_EC_OSC                           00003FFB
_EXTRC                            00003FFF
_EXTRCIO                          00003FFE
_EXTRC_OSC_CLKOUT                 00003FFF
_EXTRC_OSC_NOCLKOUT               00003FFE
_FCMEN_OFF                        000037FF
_FCMEN_ON                         00003FFF
_FOSC_EC                          00003FFB
_FOSC_EXTRCCLK                    00003FFF
_FOSC_EXTRCIO                     00003FFE
_FOSC_HS                          00003FFA
_FOSC_INTRCCLK                    00003FFD
_FOSC_INTRCIO                     00003FFC
_FOSC_LP                          00003FF8
_FOSC_XT                          00003FF9
_HS_OSC                           00003FFA
_IDLOC0                           00002000
_IDLOC1                           00002001
_IDLOC2                           00002002
MPASM  5.51      20191109_HUB6CPU16F690V1.ASM   11-22-2019  11:27:18         PAGE 20


SYMBOL TABLE
  LABEL                             VALUE 

_IDLOC3                           00002003
_IESO_OFF                         00003BFF
_IESO_ON                          00003FFF
_INTOSC                           00003FFD
_INTOSCIO                         00003FFC
_INTRC_OSC_CLKOUT                 00003FFD
_INTRC_OSC_NOCLKOUT               00003FFC
_LP_OSC                           00003FF8
_MCLRE_OFF                        00003FDF
_MCLRE_ON                         00003FFF
_PWRTE_OFF                        00003FFF
_PWRTE_ON                         00003FEF
_WDTE_OFF                         00003FF7
_WDTE_ON                          00003FFF
_WDT_OFF                          00003FF7
_WDT_ON                           00003FFF
_XT_OSC                           00003FF9
__16F690                          00000001
__DEBUG                           1


MEMORY USAGE MAP ('X' = Used,  '-' = Unused)

0000 : X---XXXXXXXXXXXX XXXXXXXXXXXXXXXX XXXXXXXXXXXXXXXX XXXXXXXXXXXXXXXX
0040 : XXXXXXXXXXXXXXXX XXXXXXXXXXXXXXXX XXXXXXXXXXXXXXXX XXXXXXXXXXXXXXXX
0080 : XXXXXXXXXXXXXXXX XXXXXXXXXXXXXXXX XXXXXXXXXXXXXXXX XXX-------------
2000 : -------X-------- ---------------- ---------------- ----------------
2100 : XXXX------------ ---------------- ---------------- ----------------

All other memory blocks unused.

Program Memory Words Used:   176
Program Memory Words Free:  3920


Errors   :     0
Warnings :    35 reported,     0 suppressed
Messages :     6 reported,     0 suppressed

