Warning[205] C:\USERS\GERPE\ONEDRIVE\GER-PER 2016\DOCUMENTS\KENNYNEUTRON\HUB6\RGMODULE_RTCPROJ\HUB6CPU16F690_RTCCPU\20191109_HUB6CPU16F690V1.ASM 63 : Found directive in column 1. (CBLOCK)
Warning[210] C:\USERS\GERPE\ONEDRIVE\GER-PER 2016\DOCUMENTS\KENNYNEUTRON\HUB6\RGMODULE_RTCPROJ\HUB6CPU16F690_RTCCPU\20191109_HUB6CPU16F690V1.ASM 64 : Extra ","
Warning[205] C:\USERS\GERPE\ONEDRIVE\GER-PER 2016\DOCUMENTS\KENNYNEUTRON\HUB6\RGMODULE_RTCPROJ\HUB6CPU16F690_RTCCPU\20191109_HUB6CPU16F690V1.ASM 69 : Found directive in column 1. (ENDC)
Warning[205] C:\USERS\GERPE\ONEDRIVE\GER-PER 2016\DOCUMENTS\KENNYNEUTRON\HUB6\RGMODULE_RTCPROJ\HUB6CPU16F690_RTCCPU\20191109_HUB6CPU16F690V1.ASM 74 : Found directive in column 1. (CBLOCK)
Warning[205] C:\USERS\GERPE\ONEDRIVE\GER-PER 2016\DOCUMENTS\KENNYNEUTRON\HUB6\RGMODULE_RTCPROJ\HUB6CPU16F690_RTCCPU\20191109_HUB6CPU16F690V1.ASM 77 : Found directive in column 1. (ENDC)
Warning[205] C:\USERS\GERPE\ONEDRIVE\GER-PER 2016\DOCUMENTS\KENNYNEUTRON\HUB6\RGMODULE_RTCPROJ\HUB6CPU16F690_RTCCPU\20191109_HUB6CPU16F690V1.ASM 83 : Found directive in column 1. (CBLOCK)
Warning[205] C:\USERS\GERPE\ONEDRIVE\GER-PER 2016\DOCUMENTS\KENNYNEUTRON\HUB6\RGMODULE_RTCPROJ\HUB6CPU16F690_RTCCPU\20191109_HUB6CPU16F690V1.ASM 86 : Found directive in column 1. (ENDC)
Warning[205] C:\USERS\GERPE\ONEDRIVE\GER-PER 2016\DOCUMENTS\KENNYNEUTRON\HUB6\RGMODULE_RTCPROJ\HUB6CPU16F690_RTCCPU\20191109_HUB6CPU16F690V1.ASM 118 : Found directive in column 1. (BANKSEL)
Warning[203] C:\USERS\GERPE\ONEDRIVE\GER-PER 2016\DOCUMENTS\KENNYNEUTRON\HUB6\RGMODULE_RTCPROJ\HUB6CPU16F690_RTCCPU\20191109_HUB6CPU16F690V1.ASM 119 : Found opcode in column 1. (CLRW)
Warning[203] C:\USERS\GERPE\ONEDRIVE\GER-PER 2016\DOCUMENTS\KENNYNEUTRON\HUB6\RGMODULE_RTCPROJ\HUB6CPU16F690_RTCCPU\20191109_HUB6CPU16F690V1.ASM 120 : Found opcode in column 1. (MOVWF)
Message[302] C:\USERS\GERPE\ONEDRIVE\GER-PER 2016\DOCUMENTS\KENNYNEUTRON\HUB6\RGMODULE_RTCPROJ\HUB6CPU16F690_RTCCPU\20191109_HUB6CPU16F690V1.ASM 120 : Register in operand not in bank 0.  Ensure that bank bits are correct.
Warning[203] C:\USERS\GERPE\ONEDRIVE\GER-PER 2016\DOCUMENTS\KENNYNEUTRON\HUB6\RGMODULE_RTCPROJ\HUB6CPU16F690_RTCCPU\20191109_HUB6CPU16F690V1.ASM 121 : Found opcode in column 1. (MOVWF)
Message[302] C:\USERS\GERPE\ONEDRIVE\GER-PER 2016\DOCUMENTS\KENNYNEUTRON\HUB6\RGMODULE_RTCPROJ\HUB6CPU16F690_RTCCPU\20191109_HUB6CPU16F690V1.ASM 121 : Register in operand not in bank 0.  Ensure that bank bits are correct.
Warning[205] C:\USERS\GERPE\ONEDRIVE\GER-PER 2016\DOCUMENTS\KENNYNEUTRON\HUB6\RGMODULE_RTCPROJ\HUB6CPU16F690_RTCCPU\20191109_HUB6CPU16F690V1.ASM 125 : Found directive in column 1. (BANKSEL)
Warning[203] C:\USERS\GERPE\ONEDRIVE\GER-PER 2016\DOCUMENTS\KENNYNEUTRON\HUB6\RGMODULE_RTCPROJ\HUB6CPU16F690_RTCCPU\20191109_HUB6CPU16F690V1.ASM 126 : Found opcode in column 1. (MOVLW)
Warning[203] C:\USERS\GERPE\ONEDRIVE\GER-PER 2016\DOCUMENTS\KENNYNEUTRON\HUB6\RGMODULE_RTCPROJ\HUB6CPU16F690_RTCCPU\20191109_HUB6CPU16F690V1.ASM 127 : Found opcode in column 1. (MOVWF)
Message[302] C:\USERS\GERPE\ONEDRIVE\GER-PER 2016\DOCUMENTS\KENNYNEUTRON\HUB6\RGMODULE_RTCPROJ\HUB6CPU16F690_RTCCPU\20191109_HUB6CPU16F690V1.ASM 127 : Register in operand not in bank 0.  Ensure that bank bits are correct.
Message[302] C:\USERS\GERPE\ONEDRIVE\GER-PER 2016\DOCUMENTS\KENNYNEUTRON\HUB6\RGMODULE_RTCPROJ\HUB6CPU16F690_RTCCPU\20191109_HUB6CPU16F690V1.ASM 131 : Register in operand not in bank 0.  Ensure that bank bits are correct.
Message[302] C:\USERS\GERPE\ONEDRIVE\GER-PER 2016\DOCUMENTS\KENNYNEUTRON\HUB6\RGMODULE_RTCPROJ\HUB6CPU16F690_RTCCPU\20191109_HUB6CPU16F690V1.ASM 132 : Register in operand not in bank 0.  Ensure that bank bits are correct.
Warning[203] C:\USERS\GERPE\ONEDRIVE\GER-PER 2016\DOCUMENTS\KENNYNEUTRON\HUB6\RGMODULE_RTCPROJ\HUB6CPU16F690_RTCCPU\20191109_HUB6CPU16F690V1.ASM 137 : Found opcode in column 1. (GOTO)
Warning[203] C:\USERS\GERPE\ONEDRIVE\GER-PER 2016\DOCUMENTS\KENNYNEUTRON\HUB6\RGMODULE_RTCPROJ\HUB6CPU16F690_RTCCPU\20191109_HUB6CPU16F690V1.ASM 298 : Found opcode in column 1. (GOTO)
Warning[203] C:\USERS\GERPE\ONEDRIVE\GER-PER 2016\DOCUMENTS\KENNYNEUTRON\HUB6\RGMODULE_RTCPROJ\HUB6CPU16F690_RTCCPU\20191109_HUB6CPU16F690V1.ASM 305 : Found opcode in column 1. (BSF)
Warning[203] C:\USERS\GERPE\ONEDRIVE\GER-PER 2016\DOCUMENTS\KENNYNEUTRON\HUB6\RGMODULE_RTCPROJ\HUB6CPU16F690_RTCCPU\20191109_HUB6CPU16F690V1.ASM 311 : Found opcode in column 1. (MOVLW)
Warning[203] C:\USERS\GERPE\ONEDRIVE\GER-PER 2016\DOCUMENTS\KENNYNEUTRON\HUB6\RGMODULE_RTCPROJ\HUB6CPU16F690_RTCCPU\20191109_HUB6CPU16F690V1.ASM 312 : Found opcode in column 1. (CALL)
Warning[203] C:\USERS\GERPE\ONEDRIVE\GER-PER 2016\DOCUMENTS\KENNYNEUTRON\HUB6\RGMODULE_RTCPROJ\HUB6CPU16F690_RTCCPU\20191109_HUB6CPU16F690V1.ASM 314 : Found opcode in column 1. (BCF)
Warning[203] C:\USERS\GERPE\ONEDRIVE\GER-PER 2016\DOCUMENTS\KENNYNEUTRON\HUB6\RGMODULE_RTCPROJ\HUB6CPU16F690_RTCCPU\20191109_HUB6CPU16F690V1.ASM 316 : Found opcode in column 1. (BCF)
Warning[203] C:\USERS\GERPE\ONEDRIVE\GER-PER 2016\DOCUMENTS\KENNYNEUTRON\HUB6\RGMODULE_RTCPROJ\HUB6CPU16F690_RTCCPU\20191109_HUB6CPU16F690V1.ASM 319 : Found opcode in column 1. (MOVLW)
Warning[203] C:\USERS\GERPE\ONEDRIVE\GER-PER 2016\DOCUMENTS\KENNYNEUTRON\HUB6\RGMODULE_RTCPROJ\HUB6CPU16F690_RTCCPU\20191109_HUB6CPU16F690V1.ASM 320 : Found opcode in column 1. (MOVWF)
Message[305] C:\USERS\GERPE\ONEDRIVE\GER-PER 2016\DOCUMENTS\KENNYNEUTRON\HUB6\RGMODULE_RTCPROJ\HUB6CPU16F690_RTCCPU\20191109_HUB6CPU16F690V1.ASM 324 : Using default destination of 1 (file).
Warning[203] C:\USERS\GERPE\ONEDRIVE\GER-PER 2016\DOCUMENTS\KENNYNEUTRON\HUB6\RGMODULE_RTCPROJ\HUB6CPU16F690_RTCCPU\20191109_HUB6CPU16F690V1.ASM 337 : Found opcode in column 1. (NOP)
Warning[203] C:\USERS\GERPE\ONEDRIVE\GER-PER 2016\DOCUMENTS\KENNYNEUTRON\HUB6\RGMODULE_RTCPROJ\HUB6CPU16F690_RTCCPU\20191109_HUB6CPU16F690V1.ASM 354 : Found opcode in column 1. (BCF)
Warning[203] C:\USERS\GERPE\ONEDRIVE\GER-PER 2016\DOCUMENTS\KENNYNEUTRON\HUB6\RGMODULE_RTCPROJ\HUB6CPU16F690_RTCCPU\20191109_HUB6CPU16F690V1.ASM 357 : Found opcode in column 1. (BSF)
Warning[203] C:\USERS\GERPE\ONEDRIVE\GER-PER 2016\DOCUMENTS\KENNYNEUTRON\HUB6\RGMODULE_RTCPROJ\HUB6CPU16F690_RTCCPU\20191109_HUB6CPU16F690V1.ASM 358 : Found opcode in column 1. (BSF)
Warning[203] C:\USERS\GERPE\ONEDRIVE\GER-PER 2016\DOCUMENTS\KENNYNEUTRON\HUB6\RGMODULE_RTCPROJ\HUB6CPU16F690_RTCCPU\20191109_HUB6CPU16F690V1.ASM 366 : Found opcode in column 1. (RETURN)
Warning[203] C:\USERS\GERPE\ONEDRIVE\GER-PER 2016\DOCUMENTS\KENNYNEUTRON\HUB6\RGMODULE_RTCPROJ\HUB6CPU16F690_RTCCPU\20191109_HUB6CPU16F690V1.ASM 392 : Found opcode in column 1. (DECFSZ)
Warning[203] C:\USERS\GERPE\ONEDRIVE\GER-PER 2016\DOCUMENTS\KENNYNEUTRON\HUB6\RGMODULE_RTCPROJ\HUB6CPU16F690_RTCCPU\20191109_HUB6CPU16F690V1.ASM 394 : Found opcode in column 1. (GOTO)
Warning[203] C:\USERS\GERPE\ONEDRIVE\GER-PER 2016\DOCUMENTS\KENNYNEUTRON\HUB6\RGMODULE_RTCPROJ\HUB6CPU16F690_RTCCPU\20191109_HUB6CPU16F690V1.ASM 396 : Found opcode in column 1. (RETURN)
Warning[203] C:\USERS\GERPE\ONEDRIVE\GER-PER 2016\DOCUMENTS\KENNYNEUTRON\HUB6\RGMODULE_RTCPROJ\HUB6CPU16F690_RTCCPU\20191109_HUB6CPU16F690V1.ASM 413 : Found opcode in column 1. (RETURN)
Warning[203] C:\USERS\GERPE\ONEDRIVE\GER-PER 2016\DOCUMENTS\KENNYNEUTRON\HUB6\RGMODULE_RTCPROJ\HUB6CPU16F690_RTCCPU\20191109_HUB6CPU16F690V1.ASM 425 : Found opcode in column 1. (RETURN)
Warning[203] C:\USERS\GERPE\ONEDRIVE\GER-PER 2016\DOCUMENTS\KENNYNEUTRON\HUB6\RGMODULE_RTCPROJ\HUB6CPU16F690_RTCCPU\20191109_HUB6CPU16F690V1.ASM 438 : Found opcode in column 1. (RETURN)
Warning[203] C:\USERS\GERPE\ONEDRIVE\GER-PER 2016\DOCUMENTS\KENNYNEUTRON\HUB6\RGMODULE_RTCPROJ\HUB6CPU16F690_RTCCPU\20191109_HUB6CPU16F690V1.ASM 449 : Found opcode in column 1. (RETURN)
