Warning[205] C:\USERS\GERPE\ONEDRIVE\GER-PER 2016\DOCUMENTS\KENNYNEUTRON\HUB6\RGMODULE_RTCPROJ\HUB6CPU16F690_RTCCPU\20191109_HUB6CPU16F690V1_RTCCPU.ASM 63 : Found directive in column 1. (CBLOCK)
Warning[210] C:\USERS\GERPE\ONEDRIVE\GER-PER 2016\DOCUMENTS\KENNYNEUTRON\HUB6\RGMODULE_RTCPROJ\HUB6CPU16F690_RTCCPU\20191109_HUB6CPU16F690V1_RTCCPU.ASM 64 : Extra ","
Warning[205] C:\USERS\GERPE\ONEDRIVE\GER-PER 2016\DOCUMENTS\KENNYNEUTRON\HUB6\RGMODULE_RTCPROJ\HUB6CPU16F690_RTCCPU\20191109_HUB6CPU16F690V1_RTCCPU.ASM 69 : Found directive in column 1. (ENDC)
Warning[205] C:\USERS\GERPE\ONEDRIVE\GER-PER 2016\DOCUMENTS\KENNYNEUTRON\HUB6\RGMODULE_RTCPROJ\HUB6CPU16F690_RTCCPU\20191109_HUB6CPU16F690V1_RTCCPU.ASM 74 : Found directive in column 1. (CBLOCK)
Warning[205] C:\USERS\GERPE\ONEDRIVE\GER-PER 2016\DOCUMENTS\KENNYNEUTRON\HUB6\RGMODULE_RTCPROJ\HUB6CPU16F690_RTCCPU\20191109_HUB6CPU16F690V1_RTCCPU.ASM 77 : Found directive in column 1. (ENDC)
Warning[205] C:\USERS\GERPE\ONEDRIVE\GER-PER 2016\DOCUMENTS\KENNYNEUTRON\HUB6\RGMODULE_RTCPROJ\HUB6CPU16F690_RTCCPU\20191109_HUB6CPU16F690V1_RTCCPU.ASM 83 : Found directive in column 1. (CBLOCK)
Warning[205] C:\USERS\GERPE\ONEDRIVE\GER-PER 2016\DOCUMENTS\KENNYNEUTRON\HUB6\RGMODULE_RTCPROJ\HUB6CPU16F690_RTCCPU\20191109_HUB6CPU16F690V1_RTCCPU.ASM 86 : Found directive in column 1. (ENDC)
Warning[205] C:\USERS\GERPE\ONEDRIVE\GER-PER 2016\DOCUMENTS\KENNYNEUTRON\HUB6\RGMODULE_RTCPROJ\HUB6CPU16F690_RTCCPU\20191109_HUB6CPU16F690V1_RTCCPU.ASM 118 : Found directive in column 1. (BANKSEL)
Warning[203] C:\USERS\GERPE\ONEDRIVE\GER-PER 2016\DOCUMENTS\KENNYNEUTRON\HUB6\RGMODULE_RTCPROJ\HUB6CPU16F690_RTCCPU\20191109_HUB6CPU16F690V1_RTCCPU.ASM 119 : Found opcode in column 1. (CLRW)
Warning[203] C:\USERS\GERPE\ONEDRIVE\GER-PER 2016\DOCUMENTS\KENNYNEUTRON\HUB6\RGMODULE_RTCPROJ\HUB6CPU16F690_RTCCPU\20191109_HUB6CPU16F690V1_RTCCPU.ASM 120 : Found opcode in column 1. (MOVWF)
Message[302] C:\USERS\GERPE\ONEDRIVE\GER-PER 2016\DOCUMENTS\KENNYNEUTRON\HUB6\RGMODULE_RTCPROJ\HUB6CPU16F690_RTCCPU\20191109_HUB6CPU16F690V1_RTCCPU.ASM 120 : Register in operand not in bank 0.  Ensure that bank bits are correct.
Warning[203] C:\USERS\GERPE\ONEDRIVE\GER-PER 2016\DOCUMENTS\KENNYNEUTRON\HUB6\RGMODULE_RTCPROJ\HUB6CPU16F690_RTCCPU\20191109_HUB6CPU16F690V1_RTCCPU.ASM 121 : Found opcode in column 1. (MOVWF)
Message[302] C:\USERS\GERPE\ONEDRIVE\GER-PER 2016\DOCUMENTS\KENNYNEUTRON\HUB6\RGMODULE_RTCPROJ\HUB6CPU16F690_RTCCPU\20191109_HUB6CPU16F690V1_RTCCPU.ASM 121 : Register in operand not in bank 0.  Ensure that bank bits are correct.
Warning[205] C:\USERS\GERPE\ONEDRIVE\GER-PER 2016\DOCUMENTS\KENNYNEUTRON\HUB6\RGMODULE_RTCPROJ\HUB6CPU16F690_RTCCPU\20191109_HUB6CPU16F690V1_RTCCPU.ASM 125 : Found directive in column 1. (BANKSEL)
Warning[203] C:\USERS\GERPE\ONEDRIVE\GER-PER 2016\DOCUMENTS\KENNYNEUTRON\HUB6\RGMODULE_RTCPROJ\HUB6CPU16F690_RTCCPU\20191109_HUB6CPU16F690V1_RTCCPU.ASM 126 : Found opcode in column 1. (MOVLW)
Warning[203] C:\USERS\GERPE\ONEDRIVE\GER-PER 2016\DOCUMENTS\KENNYNEUTRON\HUB6\RGMODULE_RTCPROJ\HUB6CPU16F690_RTCCPU\20191109_HUB6CPU16F690V1_RTCCPU.ASM 127 : Found opcode in column 1. (MOVWF)
Message[302] C:\USERS\GERPE\ONEDRIVE\GER-PER 2016\DOCUMENTS\KENNYNEUTRON\HUB6\RGMODULE_RTCPROJ\HUB6CPU16F690_RTCCPU\20191109_HUB6CPU16F690V1_RTCCPU.ASM 127 : Register in operand not in bank 0.  Ensure that bank bits are correct.
Message[302] C:\USERS\GERPE\ONEDRIVE\GER-PER 2016\DOCUMENTS\KENNYNEUTRON\HUB6\RGMODULE_RTCPROJ\HUB6CPU16F690_RTCCPU\20191109_HUB6CPU16F690V1_RTCCPU.ASM 131 : Register in operand not in bank 0.  Ensure that bank bits are correct.
Message[302] C:\USERS\GERPE\ONEDRIVE\GER-PER 2016\DOCUMENTS\KENNYNEUTRON\HUB6\RGMODULE_RTCPROJ\HUB6CPU16F690_RTCCPU\20191109_HUB6CPU16F690V1_RTCCPU.ASM 132 : Register in operand not in bank 0.  Ensure that bank bits are correct.
Warning[205] C:\USERS\GERPE\ONEDRIVE\GER-PER 2016\DOCUMENTS\KENNYNEUTRON\HUB6\RGMODULE_RTCPROJ\HUB6CPU16F690_RTCCPU\20191109_HUB6CPU16F690V1_RTCCPU.ASM 135 : Found directive in column 1. (BANKSEL)
Warning[203] C:\USERS\GERPE\ONEDRIVE\GER-PER 2016\DOCUMENTS\KENNYNEUTRON\HUB6\RGMODULE_RTCPROJ\HUB6CPU16F690_RTCCPU\20191109_HUB6CPU16F690V1_RTCCPU.ASM 136 : Found opcode in column 1. (BCF)
Warning[203] C:\USERS\GERPE\ONEDRIVE\GER-PER 2016\DOCUMENTS\KENNYNEUTRON\HUB6\RGMODULE_RTCPROJ\HUB6CPU16F690_RTCCPU\20191109_HUB6CPU16F690V1_RTCCPU.ASM 142 : Found opcode in column 1. (GOTO)
Warning[203] C:\USERS\GERPE\ONEDRIVE\GER-PER 2016\DOCUMENTS\KENNYNEUTRON\HUB6\RGMODULE_RTCPROJ\HUB6CPU16F690_RTCCPU\20191109_HUB6CPU16F690V1_RTCCPU.ASM 148 : Found opcode in column 1. (BCF)
Warning[203] C:\USERS\GERPE\ONEDRIVE\GER-PER 2016\DOCUMENTS\KENNYNEUTRON\HUB6\RGMODULE_RTCPROJ\HUB6CPU16F690_RTCCPU\20191109_HUB6CPU16F690V1_RTCCPU.ASM 149 : Found opcode in column 1. (CALL)
Warning[203] C:\USERS\GERPE\ONEDRIVE\GER-PER 2016\DOCUMENTS\KENNYNEUTRON\HUB6\RGMODULE_RTCPROJ\HUB6CPU16F690_RTCCPU\20191109_HUB6CPU16F690V1_RTCCPU.ASM 150 : Found opcode in column 1. (CALL)
Warning[203] C:\USERS\GERPE\ONEDRIVE\GER-PER 2016\DOCUMENTS\KENNYNEUTRON\HUB6\RGMODULE_RTCPROJ\HUB6CPU16F690_RTCCPU\20191109_HUB6CPU16F690V1_RTCCPU.ASM 152 : Found opcode in column 1. (BSF)
Warning[203] C:\USERS\GERPE\ONEDRIVE\GER-PER 2016\DOCUMENTS\KENNYNEUTRON\HUB6\RGMODULE_RTCPROJ\HUB6CPU16F690_RTCCPU\20191109_HUB6CPU16F690V1_RTCCPU.ASM 153 : Found opcode in column 1. (CALL)
Warning[203] C:\USERS\GERPE\ONEDRIVE\GER-PER 2016\DOCUMENTS\KENNYNEUTRON\HUB6\RGMODULE_RTCPROJ\HUB6CPU16F690_RTCCPU\20191109_HUB6CPU16F690V1_RTCCPU.ASM 154 : Found opcode in column 1. (CALL)
Warning[203] C:\USERS\GERPE\ONEDRIVE\GER-PER 2016\DOCUMENTS\KENNYNEUTRON\HUB6\RGMODULE_RTCPROJ\HUB6CPU16F690_RTCCPU\20191109_HUB6CPU16F690V1_RTCCPU.ASM 158 : Found opcode in column 1. (GOTO)
Warning[203] C:\USERS\GERPE\ONEDRIVE\GER-PER 2016\DOCUMENTS\KENNYNEUTRON\HUB6\RGMODULE_RTCPROJ\HUB6CPU16F690_RTCCPU\20191109_HUB6CPU16F690V1_RTCCPU.ASM 165 : Found opcode in column 1. (BSF)
Warning[203] C:\USERS\GERPE\ONEDRIVE\GER-PER 2016\DOCUMENTS\KENNYNEUTRON\HUB6\RGMODULE_RTCPROJ\HUB6CPU16F690_RTCCPU\20191109_HUB6CPU16F690V1_RTCCPU.ASM 172 : Found opcode in column 1. (BCF)
Warning[203] C:\USERS\GERPE\ONEDRIVE\GER-PER 2016\DOCUMENTS\KENNYNEUTRON\HUB6\RGMODULE_RTCPROJ\HUB6CPU16F690_RTCCPU\20191109_HUB6CPU16F690V1_RTCCPU.ASM 174 : Found opcode in column 1. (BCF)
Warning[203] C:\USERS\GERPE\ONEDRIVE\GER-PER 2016\DOCUMENTS\KENNYNEUTRON\HUB6\RGMODULE_RTCPROJ\HUB6CPU16F690_RTCCPU\20191109_HUB6CPU16F690V1_RTCCPU.ASM 177 : Found opcode in column 1. (MOVLW)
Warning[203] C:\USERS\GERPE\ONEDRIVE\GER-PER 2016\DOCUMENTS\KENNYNEUTRON\HUB6\RGMODULE_RTCPROJ\HUB6CPU16F690_RTCCPU\20191109_HUB6CPU16F690V1_RTCCPU.ASM 178 : Found opcode in column 1. (MOVWF)
Message[305] C:\USERS\GERPE\ONEDRIVE\GER-PER 2016\DOCUMENTS\KENNYNEUTRON\HUB6\RGMODULE_RTCPROJ\HUB6CPU16F690_RTCCPU\20191109_HUB6CPU16F690V1_RTCCPU.ASM 182 : Using default destination of 1 (file).
Warning[203] C:\USERS\GERPE\ONEDRIVE\GER-PER 2016\DOCUMENTS\KENNYNEUTRON\HUB6\RGMODULE_RTCPROJ\HUB6CPU16F690_RTCCPU\20191109_HUB6CPU16F690V1_RTCCPU.ASM 195 : Found opcode in column 1. (NOP)
Warning[203] C:\USERS\GERPE\ONEDRIVE\GER-PER 2016\DOCUMENTS\KENNYNEUTRON\HUB6\RGMODULE_RTCPROJ\HUB6CPU16F690_RTCCPU\20191109_HUB6CPU16F690V1_RTCCPU.ASM 207 : Found opcode in column 1. (BCF)
Warning[203] C:\USERS\GERPE\ONEDRIVE\GER-PER 2016\DOCUMENTS\KENNYNEUTRON\HUB6\RGMODULE_RTCPROJ\HUB6CPU16F690_RTCCPU\20191109_HUB6CPU16F690V1_RTCCPU.ASM 210 : Found opcode in column 1. (BSF)
Warning[203] C:\USERS\GERPE\ONEDRIVE\GER-PER 2016\DOCUMENTS\KENNYNEUTRON\HUB6\RGMODULE_RTCPROJ\HUB6CPU16F690_RTCCPU\20191109_HUB6CPU16F690V1_RTCCPU.ASM 211 : Found opcode in column 1. (BSF)
Warning[203] C:\USERS\GERPE\ONEDRIVE\GER-PER 2016\DOCUMENTS\KENNYNEUTRON\HUB6\RGMODULE_RTCPROJ\HUB6CPU16F690_RTCCPU\20191109_HUB6CPU16F690V1_RTCCPU.ASM 217 : Found opcode in column 1. (RETURN)
Warning[203] C:\USERS\GERPE\ONEDRIVE\GER-PER 2016\DOCUMENTS\KENNYNEUTRON\HUB6\RGMODULE_RTCPROJ\HUB6CPU16F690_RTCCPU\20191109_HUB6CPU16F690V1_RTCCPU.ASM 233 : Found opcode in column 1. (DECFSZ)
Warning[203] C:\USERS\GERPE\ONEDRIVE\GER-PER 2016\DOCUMENTS\KENNYNEUTRON\HUB6\RGMODULE_RTCPROJ\HUB6CPU16F690_RTCCPU\20191109_HUB6CPU16F690V1_RTCCPU.ASM 235 : Found opcode in column 1. (GOTO)
Warning[203] C:\USERS\GERPE\ONEDRIVE\GER-PER 2016\DOCUMENTS\KENNYNEUTRON\HUB6\RGMODULE_RTCPROJ\HUB6CPU16F690_RTCCPU\20191109_HUB6CPU16F690V1_RTCCPU.ASM 237 : Found opcode in column 1. (RETURN)
Warning[203] C:\USERS\GERPE\ONEDRIVE\GER-PER 2016\DOCUMENTS\KENNYNEUTRON\HUB6\RGMODULE_RTCPROJ\HUB6CPU16F690_RTCCPU\20191109_HUB6CPU16F690V1_RTCCPU.ASM 254 : Found opcode in column 1. (RETURN)
Warning[203] C:\USERS\GERPE\ONEDRIVE\GER-PER 2016\DOCUMENTS\KENNYNEUTRON\HUB6\RGMODULE_RTCPROJ\HUB6CPU16F690_RTCCPU\20191109_HUB6CPU16F690V1_RTCCPU.ASM 266 : Found opcode in column 1. (RETURN)
Warning[203] C:\USERS\GERPE\ONEDRIVE\GER-PER 2016\DOCUMENTS\KENNYNEUTRON\HUB6\RGMODULE_RTCPROJ\HUB6CPU16F690_RTCCPU\20191109_HUB6CPU16F690V1_RTCCPU.ASM 279 : Found opcode in column 1. (RETURN)
Warning[203] C:\USERS\GERPE\ONEDRIVE\GER-PER 2016\DOCUMENTS\KENNYNEUTRON\HUB6\RGMODULE_RTCPROJ\HUB6CPU16F690_RTCCPU\20191109_HUB6CPU16F690V1_RTCCPU.ASM 290 : Found opcode in column 1. (RETURN)
Warning[203] C:\USERS\GERPE\ONEDRIVE\GER-PER 2016\DOCUMENTS\KENNYNEUTRON\HUB6\RGMODULE_RTCPROJ\HUB6CPU16F690_RTCCPU\20191109_HUB6CPU16F690V1_RTCCPU.ASM 347 : Found opcode in column 1. (NOP)
Warning[203] C:\USERS\GERPE\ONEDRIVE\GER-PER 2016\DOCUMENTS\KENNYNEUTRON\HUB6\RGMODULE_RTCPROJ\HUB6CPU16F690_RTCCPU\20191109_HUB6CPU16F690V1_RTCCPU.ASM 411 : Found opcode in column 1. (RETURN)
Message[305] C:\USERS\GERPE\ONEDRIVE\GER-PER 2016\DOCUMENTS\KENNYNEUTRON\HUB6\RGMODULE_RTCPROJ\HUB6CPU16F690_RTCCPU\20191109_HUB6CPU16F690V1_RTCCPU.ASM 511 : Using default destination of 1 (file).
Warning[203] C:\USERS\GERPE\ONEDRIVE\GER-PER 2016\DOCUMENTS\KENNYNEUTRON\HUB6\RGMODULE_RTCPROJ\HUB6CPU16F690_RTCCPU\20191109_HUB6CPU16F690V1_RTCCPU.ASM 514 : Found opcode in column 1. (RETURN)
