Warning[205] C:\USERS\GERPE\ONEDRIVE\GER-PER 2016\DOCUMENTS\KENNYNEUTRON\2020\ANALOGTODIGITAL\ADC_10_9V2_2020\RGB_PATTERNS.INC 2 : Found directive in column 1. (ORG)
Message[305] C:\USERS\GERPE\ONEDRIVE\GER-PER 2016\DOCUMENTS\KENNYNEUTRON\2020\ANALOGTODIGITAL\ADC_10_9V2_2020\RGB_PATTERNS.INC 25 : Using default destination of 1 (file).
Message[305] C:\USERS\GERPE\ONEDRIVE\GER-PER 2016\DOCUMENTS\KENNYNEUTRON\2020\ANALOGTODIGITAL\ADC_10_9V2_2020\RGB_PATTERNS.INC 45 : Using default destination of 1 (file).
Message[305] C:\USERS\GERPE\ONEDRIVE\GER-PER 2016\DOCUMENTS\KENNYNEUTRON\2020\ANALOGTODIGITAL\ADC_10_9V2_2020\RGB_PATTERNS.INC 66 : Using default destination of 1 (file).
Message[305] C:\USERS\GERPE\ONEDRIVE\GER-PER 2016\DOCUMENTS\KENNYNEUTRON\2020\ANALOGTODIGITAL\ADC_10_9V2_2020\RGB_PATTERNS.INC 86 : Using default destination of 1 (file).
Message[305] C:\USERS\GERPE\ONEDRIVE\GER-PER 2016\DOCUMENTS\KENNYNEUTRON\2020\ANALOGTODIGITAL\ADC_10_9V2_2020\RGB_PATTERNS.INC 107 : Using default destination of 1 (file).
Warning[203] C:\USERS\GERPE\ONEDRIVE\GER-PER 2016\DOCUMENTS\KENNYNEUTRON\2020\ANALOGTODIGITAL\ADC_10_9V2_2020\RGB_PATTERNS.INC 133 : Found opcode in column 1. (RETURN)
Message[305] C:\USERS\GERPE\ONEDRIVE\GER-PER 2016\DOCUMENTS\KENNYNEUTRON\2020\ANALOGTODIGITAL\ADC_10_9V2_2020\RGB_PATTERNS.INC 163 : Using default destination of 1 (file).
Message[305] C:\USERS\GERPE\ONEDRIVE\GER-PER 2016\DOCUMENTS\KENNYNEUTRON\2020\ANALOGTODIGITAL\ADC_10_9V2_2020\RGB_PATTERNS.INC 164 : Using default destination of 1 (file).
Message[305] C:\USERS\GERPE\ONEDRIVE\GER-PER 2016\DOCUMENTS\KENNYNEUTRON\2020\ANALOGTODIGITAL\ADC_10_9V2_2020\RGB_PATTERNS.INC 191 : Using default destination of 1 (file).
Message[305] C:\USERS\GERPE\ONEDRIVE\GER-PER 2016\DOCUMENTS\KENNYNEUTRON\2020\ANALOGTODIGITAL\ADC_10_9V2_2020\RGB_PATTERNS.INC 192 : Using default destination of 1 (file).
Message[305] C:\USERS\GERPE\ONEDRIVE\GER-PER 2016\DOCUMENTS\KENNYNEUTRON\2020\ANALOGTODIGITAL\ADC_10_9V2_2020\RGB_PATTERNS.INC 220 : Using default destination of 1 (file).
Message[305] C:\USERS\GERPE\ONEDRIVE\GER-PER 2016\DOCUMENTS\KENNYNEUTRON\2020\ANALOGTODIGITAL\ADC_10_9V2_2020\RGB_PATTERNS.INC 221 : Using default destination of 1 (file).
Message[305] C:\USERS\GERPE\ONEDRIVE\GER-PER 2016\DOCUMENTS\KENNYNEUTRON\2020\ANALOGTODIGITAL\ADC_10_9V2_2020\RGB_PATTERNS.INC 255 : Using default destination of 1 (file).
Message[305] C:\USERS\GERPE\ONEDRIVE\GER-PER 2016\DOCUMENTS\KENNYNEUTRON\2020\ANALOGTODIGITAL\ADC_10_9V2_2020\RGB_PATTERNS.INC 256 : Using default destination of 1 (file).
Message[305] C:\USERS\GERPE\ONEDRIVE\GER-PER 2016\DOCUMENTS\KENNYNEUTRON\2020\ANALOGTODIGITAL\ADC_10_9V2_2020\RGB_PATTERNS.INC 284 : Using default destination of 1 (file).
Message[305] C:\USERS\GERPE\ONEDRIVE\GER-PER 2016\DOCUMENTS\KENNYNEUTRON\2020\ANALOGTODIGITAL\ADC_10_9V2_2020\RGB_PATTERNS.INC 285 : Using default destination of 1 (file).
Message[305] C:\USERS\GERPE\ONEDRIVE\GER-PER 2016\DOCUMENTS\KENNYNEUTRON\2020\ANALOGTODIGITAL\ADC_10_9V2_2020\RGB_PATTERNS.INC 312 : Using default destination of 1 (file).
Message[305] C:\USERS\GERPE\ONEDRIVE\GER-PER 2016\DOCUMENTS\KENNYNEUTRON\2020\ANALOGTODIGITAL\ADC_10_9V2_2020\RGB_PATTERNS.INC 313 : Using default destination of 1 (file).
Message[305] C:\USERS\GERPE\ONEDRIVE\GER-PER 2016\DOCUMENTS\KENNYNEUTRON\2020\ANALOGTODIGITAL\ADC_10_9V2_2020\RGB_PATTERNS.INC 336 : Using default destination of 1 (file).
Warning[203] C:\USERS\GERPE\ONEDRIVE\GER-PER 2016\DOCUMENTS\KENNYNEUTRON\2020\ANALOGTODIGITAL\ADC_10_9V2_2020\RGB_PATTERNS.INC 343 : Found opcode in column 1. (RETURN)
Warning[203] C:\USERS\GERPE\ONEDRIVE\GER-PER 2016\DOCUMENTS\KENNYNEUTRON\2020\ANALOGTODIGITAL\ADC_10_9V2_2020\RGB_PATTERNS.INC 362 : Found opcode in column 1. (RETURN)
Warning[203] C:\USERS\GERPE\ONEDRIVE\GER-PER 2016\DOCUMENTS\KENNYNEUTRON\2020\ANALOGTODIGITAL\ADC_10_9V2_2020\RGB_PATTERNS.INC 382 : Found opcode in column 1. (RETURN)
Warning[205] C:\USERS\GERPE\ONEDRIVE\GER-PER 2016\DOCUMENTS\KENNYNEUTRON\2020\ANALOGTODIGITAL\ADC_10_9V2_2020\RGB_PATTERNS.INC 385 : Found directive in column 1. (ORG)
Warning[203] C:\USERS\GERPE\ONEDRIVE\GER-PER 2016\DOCUMENTS\KENNYNEUTRON\2020\ANALOGTODIGITAL\ADC_10_9V2_2020\RGB_PATTERNS.INC 513 : Found opcode in column 1. (RETURN)
Warning[203] C:\USERS\GERPE\ONEDRIVE\GER-PER 2016\DOCUMENTS\KENNYNEUTRON\2020\ANALOGTODIGITAL\ADC_10_9V2_2020\RGB_PATTERNS.INC 545 : Found opcode in column 1. (RETURN)
Warning[205] C:\USERS\GERPE\ONEDRIVE\GER-PER 2016\DOCUMENTS\KENNYNEUTRON\2020\ANALOGTODIGITAL\ADC_10_9V2_2020\ADC_10_8_2020.ASM 17 : Found directive in column 1. (__CONFIG)
Warning[205] C:\USERS\GERPE\ONEDRIVE\GER-PER 2016\DOCUMENTS\KENNYNEUTRON\2020\ANALOGTODIGITAL\ADC_10_9V2_2020\ADC_10_8_2020.ASM 49 : Found directive in column 1. (CBLOCK)
Warning[210] C:\USERS\GERPE\ONEDRIVE\GER-PER 2016\DOCUMENTS\KENNYNEUTRON\2020\ANALOGTODIGITAL\ADC_10_9V2_2020\ADC_10_8_2020.ASM 52 : Extra ","
Warning[205] C:\USERS\GERPE\ONEDRIVE\GER-PER 2016\DOCUMENTS\KENNYNEUTRON\2020\ANALOGTODIGITAL\ADC_10_9V2_2020\ADC_10_8_2020.ASM 79 : Found directive in column 1. (ENDC)
Message[302] C:\USERS\GERPE\ONEDRIVE\GER-PER 2016\DOCUMENTS\KENNYNEUTRON\2020\ANALOGTODIGITAL\ADC_10_9V2_2020\ADC_10_8_2020.ASM 119 : Register in operand not in bank 0.  Ensure that bank bits are correct.
Message[302] C:\USERS\GERPE\ONEDRIVE\GER-PER 2016\DOCUMENTS\KENNYNEUTRON\2020\ANALOGTODIGITAL\ADC_10_9V2_2020\ADC_10_8_2020.ASM 120 : Register in operand not in bank 0.  Ensure that bank bits are correct.
Message[302] C:\USERS\GERPE\ONEDRIVE\GER-PER 2016\DOCUMENTS\KENNYNEUTRON\2020\ANALOGTODIGITAL\ADC_10_9V2_2020\ADC_10_8_2020.ASM 121 : Register in operand not in bank 0.  Ensure that bank bits are correct.
Message[302] C:\USERS\GERPE\ONEDRIVE\GER-PER 2016\DOCUMENTS\KENNYNEUTRON\2020\ANALOGTODIGITAL\ADC_10_9V2_2020\ADC_10_8_2020.ASM 122 : Register in operand not in bank 0.  Ensure that bank bits are correct.
Message[302] C:\USERS\GERPE\ONEDRIVE\GER-PER 2016\DOCUMENTS\KENNYNEUTRON\2020\ANALOGTODIGITAL\ADC_10_9V2_2020\ADC_10_8_2020.ASM 123 : Register in operand not in bank 0.  Ensure that bank bits are correct.
Message[302] C:\USERS\GERPE\ONEDRIVE\GER-PER 2016\DOCUMENTS\KENNYNEUTRON\2020\ANALOGTODIGITAL\ADC_10_9V2_2020\ADC_10_8_2020.ASM 128 : Register in operand not in bank 0.  Ensure that bank bits are correct.
Message[302] C:\USERS\GERPE\ONEDRIVE\GER-PER 2016\DOCUMENTS\KENNYNEUTRON\2020\ANALOGTODIGITAL\ADC_10_9V2_2020\ADC_10_8_2020.ASM 131 : Register in operand not in bank 0.  Ensure that bank bits are correct.
Message[302] C:\USERS\GERPE\ONEDRIVE\GER-PER 2016\DOCUMENTS\KENNYNEUTRON\2020\ANALOGTODIGITAL\ADC_10_9V2_2020\ADC_10_8_2020.ASM 134 : Register in operand not in bank 0.  Ensure that bank bits are correct.
Warning[203] C:\USERS\GERPE\ONEDRIVE\GER-PER 2016\DOCUMENTS\KENNYNEUTRON\2020\ANALOGTODIGITAL\ADC_10_9V2_2020\ADC_10_8_2020.ASM 149 : Found opcode in column 1. (GOTO)
Warning[203] C:\USERS\GERPE\ONEDRIVE\GER-PER 2016\DOCUMENTS\KENNYNEUTRON\2020\ANALOGTODIGITAL\ADC_10_9V2_2020\ADC_10_8_2020.ASM 159 : Found opcode in column 1. (GOTO)
Warning[203] C:\USERS\GERPE\ONEDRIVE\GER-PER 2016\DOCUMENTS\KENNYNEUTRON\2020\ANALOGTODIGITAL\ADC_10_9V2_2020\ADC_10_8_2020.ASM 209 : Found opcode in column 1. (RETURN)
Warning[203] C:\USERS\GERPE\ONEDRIVE\GER-PER 2016\DOCUMENTS\KENNYNEUTRON\2020\ANALOGTODIGITAL\ADC_10_9V2_2020\ADC_10_8_2020.ASM 241 : Found opcode in column 1. (RETURN)
Warning[203] C:\USERS\GERPE\ONEDRIVE\GER-PER 2016\DOCUMENTS\KENNYNEUTRON\2020\ANALOGTODIGITAL\ADC_10_9V2_2020\ADC_10_8_2020.ASM 273 : Found opcode in column 1. (RETURN)
Warning[203] C:\USERS\GERPE\ONEDRIVE\GER-PER 2016\DOCUMENTS\KENNYNEUTRON\2020\ANALOGTODIGITAL\ADC_10_9V2_2020\ADC_10_8_2020.ASM 291 : Found opcode in column 1. (DECFSZ)
Warning[203] C:\USERS\GERPE\ONEDRIVE\GER-PER 2016\DOCUMENTS\KENNYNEUTRON\2020\ANALOGTODIGITAL\ADC_10_9V2_2020\ADC_10_8_2020.ASM 293 : Found opcode in column 1. (GOTO)
Warning[203] C:\USERS\GERPE\ONEDRIVE\GER-PER 2016\DOCUMENTS\KENNYNEUTRON\2020\ANALOGTODIGITAL\ADC_10_9V2_2020\ADC_10_8_2020.ASM 295 : Found opcode in column 1. (RETURN)
Warning[203] C:\USERS\GERPE\ONEDRIVE\GER-PER 2016\DOCUMENTS\KENNYNEUTRON\2020\ANALOGTODIGITAL\ADC_10_9V2_2020\ADC_10_8_2020.ASM 312 : Found opcode in column 1. (RETURN)
Warning[203] C:\USERS\GERPE\ONEDRIVE\GER-PER 2016\DOCUMENTS\KENNYNEUTRON\2020\ANALOGTODIGITAL\ADC_10_9V2_2020\ADC_10_8_2020.ASM 324 : Found opcode in column 1. (RETURN)
Warning[203] C:\USERS\GERPE\ONEDRIVE\GER-PER 2016\DOCUMENTS\KENNYNEUTRON\2020\ANALOGTODIGITAL\ADC_10_9V2_2020\ADC_10_8_2020.ASM 376 : Found opcode in column 1. (RETURN)
